[2024-08-22T04:42:20.080+0000] {processor.py:186} INFO - Started process (PID=36) to work on /home/airflow/.local/lib/python3.12/site-packages/airflow/example_dags/example_dataset_alias_with_no_taskflow.py
[2024-08-22T04:42:20.081+0000] {processor.py:914} INFO - Processing file /home/airflow/.local/lib/python3.12/site-packages/airflow/example_dags/example_dataset_alias_with_no_taskflow.py for tasks to queue
[2024-08-22T04:42:20.085+0000] {logging_mixin.py:190} INFO - [2024-08-22T04:42:20.085+0000] {dagbag.py:587} INFO - Filling up the DagBag from /home/airflow/.local/lib/python3.12/site-packages/airflow/example_dags/example_dataset_alias_with_no_taskflow.py
[2024-08-22T04:42:21.176+0000] {processor.py:925} INFO - DAG(s) 'dataset_s3_bucket_consumer_with_no_taskflow', 'dataset_s3_bucket_producer_with_no_taskflow', 'dataset_alias_example_alias_consumer_with_no_taskflow', 'dataset_alias_example_alias_producer_with_no_taskflow' retrieved from /home/airflow/.local/lib/python3.12/site-packages/airflow/example_dags/example_dataset_alias_with_no_taskflow.py
[2024-08-22T04:42:21.313+0000] {logging_mixin.py:190} INFO - [2024-08-22T04:42:21.312+0000] {override.py:1858} INFO - Created Permission View: can delete on DAG:dataset_s3_bucket_consumer_with_no_taskflow
[2024-08-22T04:42:21.331+0000] {logging_mixin.py:190} INFO - [2024-08-22T04:42:21.331+0000] {override.py:1858} INFO - Created Permission View: can read on DAG:dataset_s3_bucket_consumer_with_no_taskflow
[2024-08-22T04:42:21.341+0000] {logging_mixin.py:190} INFO - [2024-08-22T04:42:21.340+0000] {override.py:1858} INFO - Created Permission View: can edit on DAG:dataset_s3_bucket_consumer_with_no_taskflow
[2024-08-22T04:42:21.364+0000] {logging_mixin.py:190} INFO - [2024-08-22T04:42:21.363+0000] {override.py:1858} INFO - Created Permission View: can delete on DAG:dataset_s3_bucket_producer_with_no_taskflow
[2024-08-22T04:42:21.376+0000] {logging_mixin.py:190} INFO - [2024-08-22T04:42:21.376+0000] {override.py:1858} INFO - Created Permission View: can read on DAG:dataset_s3_bucket_producer_with_no_taskflow
[2024-08-22T04:42:21.413+0000] {logging_mixin.py:190} INFO - [2024-08-22T04:42:21.412+0000] {override.py:1858} INFO - Created Permission View: can edit on DAG:dataset_s3_bucket_producer_with_no_taskflow
[2024-08-22T04:42:21.440+0000] {logging_mixin.py:190} INFO - [2024-08-22T04:42:21.440+0000] {override.py:1858} INFO - Created Permission View: can delete on DAG:dataset_alias_example_alias_consumer_with_no_taskflow
[2024-08-22T04:42:21.455+0000] {logging_mixin.py:190} INFO - [2024-08-22T04:42:21.454+0000] {override.py:1858} INFO - Created Permission View: can read on DAG:dataset_alias_example_alias_consumer_with_no_taskflow
[2024-08-22T04:42:21.470+0000] {logging_mixin.py:190} INFO - [2024-08-22T04:42:21.470+0000] {override.py:1858} INFO - Created Permission View: can edit on DAG:dataset_alias_example_alias_consumer_with_no_taskflow
[2024-08-22T04:42:21.505+0000] {logging_mixin.py:190} INFO - [2024-08-22T04:42:21.505+0000] {override.py:1858} INFO - Created Permission View: can delete on DAG:dataset_alias_example_alias_producer_with_no_taskflow
[2024-08-22T04:42:21.521+0000] {logging_mixin.py:190} INFO - [2024-08-22T04:42:21.520+0000] {override.py:1858} INFO - Created Permission View: can read on DAG:dataset_alias_example_alias_producer_with_no_taskflow
[2024-08-22T04:42:21.541+0000] {logging_mixin.py:190} INFO - [2024-08-22T04:42:21.541+0000] {override.py:1858} INFO - Created Permission View: can edit on DAG:dataset_alias_example_alias_producer_with_no_taskflow
[2024-08-22T04:42:21.542+0000] {logging_mixin.py:190} INFO - [2024-08-22T04:42:21.541+0000] {dag.py:3211} INFO - Sync 4 DAGs
[2024-08-22T04:42:21.591+0000] {logging_mixin.py:190} INFO - [2024-08-22T04:42:21.591+0000] {dag.py:3234} INFO - Creating ORM DAG for dataset_s3_bucket_consumer_with_no_taskflow
[2024-08-22T04:42:21.596+0000] {logging_mixin.py:190} INFO - [2024-08-22T04:42:21.596+0000] {dag.py:3234} INFO - Creating ORM DAG for dataset_s3_bucket_producer_with_no_taskflow
[2024-08-22T04:42:21.597+0000] {logging_mixin.py:190} INFO - [2024-08-22T04:42:21.597+0000] {dag.py:3234} INFO - Creating ORM DAG for dataset_alias_example_alias_producer_with_no_taskflow
[2024-08-22T04:42:21.598+0000] {logging_mixin.py:190} INFO - [2024-08-22T04:42:21.598+0000] {dag.py:3234} INFO - Creating ORM DAG for dataset_alias_example_alias_consumer_with_no_taskflow
[2024-08-22T04:42:21.633+0000] {logging_mixin.py:190} INFO - [2024-08-22T04:42:21.633+0000] {dag.py:4138} INFO - Setting next_dagrun for dataset_alias_example_alias_consumer_with_no_taskflow to None, run_after=None
[2024-08-22T04:42:21.634+0000] {logging_mixin.py:190} INFO - [2024-08-22T04:42:21.634+0000] {dag.py:4138} INFO - Setting next_dagrun for dataset_alias_example_alias_producer_with_no_taskflow to None, run_after=None
[2024-08-22T04:42:21.635+0000] {logging_mixin.py:190} INFO - [2024-08-22T04:42:21.635+0000] {dag.py:4138} INFO - Setting next_dagrun for dataset_s3_bucket_consumer_with_no_taskflow to None, run_after=None
[2024-08-22T04:42:21.641+0000] {logging_mixin.py:190} INFO - [2024-08-22T04:42:21.639+0000] {dag.py:4138} INFO - Setting next_dagrun for dataset_s3_bucket_producer_with_no_taskflow to None, run_after=None
[2024-08-22T04:42:21.738+0000] {processor.py:208} INFO - Processing /home/airflow/.local/lib/python3.12/site-packages/airflow/example_dags/example_dataset_alias_with_no_taskflow.py took 1.670 seconds
[2024-08-22T04:42:52.472+0000] {processor.py:186} INFO - Started process (PID=101) to work on /home/airflow/.local/lib/python3.12/site-packages/airflow/example_dags/example_dataset_alias_with_no_taskflow.py
[2024-08-22T04:42:52.479+0000] {processor.py:914} INFO - Processing file /home/airflow/.local/lib/python3.12/site-packages/airflow/example_dags/example_dataset_alias_with_no_taskflow.py for tasks to queue
[2024-08-22T04:42:52.482+0000] {logging_mixin.py:190} INFO - [2024-08-22T04:42:52.481+0000] {dagbag.py:587} INFO - Filling up the DagBag from /home/airflow/.local/lib/python3.12/site-packages/airflow/example_dags/example_dataset_alias_with_no_taskflow.py
[2024-08-22T04:42:52.653+0000] {processor.py:925} INFO - DAG(s) 'dataset_s3_bucket_producer_with_no_taskflow', 'dataset_alias_example_alias_consumer_with_no_taskflow', 'dataset_alias_example_alias_producer_with_no_taskflow', 'dataset_s3_bucket_consumer_with_no_taskflow' retrieved from /home/airflow/.local/lib/python3.12/site-packages/airflow/example_dags/example_dataset_alias_with_no_taskflow.py
[2024-08-22T04:42:52.679+0000] {logging_mixin.py:190} INFO - [2024-08-22T04:42:52.679+0000] {dag.py:3211} INFO - Sync 4 DAGs
[2024-08-22T04:42:52.708+0000] {logging_mixin.py:190} INFO - [2024-08-22T04:42:52.708+0000] {dag.py:4138} INFO - Setting next_dagrun for dataset_alias_example_alias_consumer_with_no_taskflow to None, run_after=None
[2024-08-22T04:42:52.711+0000] {logging_mixin.py:190} INFO - [2024-08-22T04:42:52.711+0000] {dag.py:4138} INFO - Setting next_dagrun for dataset_alias_example_alias_producer_with_no_taskflow to None, run_after=None
[2024-08-22T04:42:52.713+0000] {logging_mixin.py:190} INFO - [2024-08-22T04:42:52.712+0000] {dag.py:4138} INFO - Setting next_dagrun for dataset_s3_bucket_consumer_with_no_taskflow to None, run_after=None
[2024-08-22T04:42:52.714+0000] {logging_mixin.py:190} INFO - [2024-08-22T04:42:52.714+0000] {dag.py:4138} INFO - Setting next_dagrun for dataset_s3_bucket_producer_with_no_taskflow to None, run_after=None
[2024-08-22T04:42:52.779+0000] {processor.py:208} INFO - Processing /home/airflow/.local/lib/python3.12/site-packages/airflow/example_dags/example_dataset_alias_with_no_taskflow.py took 0.313 seconds
[2024-08-22T04:43:23.399+0000] {processor.py:186} INFO - Started process (PID=164) to work on /home/airflow/.local/lib/python3.12/site-packages/airflow/example_dags/example_dataset_alias_with_no_taskflow.py
[2024-08-22T04:43:23.441+0000] {processor.py:914} INFO - Processing file /home/airflow/.local/lib/python3.12/site-packages/airflow/example_dags/example_dataset_alias_with_no_taskflow.py for tasks to queue
[2024-08-22T04:43:23.444+0000] {logging_mixin.py:190} INFO - [2024-08-22T04:43:23.443+0000] {dagbag.py:587} INFO - Filling up the DagBag from /home/airflow/.local/lib/python3.12/site-packages/airflow/example_dags/example_dataset_alias_with_no_taskflow.py
[2024-08-22T04:43:23.634+0000] {processor.py:925} INFO - DAG(s) 'dataset_alias_example_alias_producer_with_no_taskflow', 'dataset_s3_bucket_consumer_with_no_taskflow', 'dataset_s3_bucket_producer_with_no_taskflow', 'dataset_alias_example_alias_consumer_with_no_taskflow' retrieved from /home/airflow/.local/lib/python3.12/site-packages/airflow/example_dags/example_dataset_alias_with_no_taskflow.py
[2024-08-22T04:43:23.666+0000] {logging_mixin.py:190} INFO - [2024-08-22T04:43:23.666+0000] {dag.py:3211} INFO - Sync 4 DAGs
[2024-08-22T04:43:23.700+0000] {logging_mixin.py:190} INFO - [2024-08-22T04:43:23.700+0000] {dag.py:4138} INFO - Setting next_dagrun for dataset_alias_example_alias_consumer_with_no_taskflow to None, run_after=None
[2024-08-22T04:43:23.704+0000] {logging_mixin.py:190} INFO - [2024-08-22T04:43:23.704+0000] {dag.py:4138} INFO - Setting next_dagrun for dataset_alias_example_alias_producer_with_no_taskflow to None, run_after=None
[2024-08-22T04:43:23.706+0000] {logging_mixin.py:190} INFO - [2024-08-22T04:43:23.706+0000] {dag.py:4138} INFO - Setting next_dagrun for dataset_s3_bucket_consumer_with_no_taskflow to None, run_after=None
[2024-08-22T04:43:23.708+0000] {logging_mixin.py:190} INFO - [2024-08-22T04:43:23.708+0000] {dag.py:4138} INFO - Setting next_dagrun for dataset_s3_bucket_producer_with_no_taskflow to None, run_after=None
[2024-08-22T04:43:23.741+0000] {processor.py:208} INFO - Processing /home/airflow/.local/lib/python3.12/site-packages/airflow/example_dags/example_dataset_alias_with_no_taskflow.py took 0.349 seconds
[2024-08-22T04:43:53.859+0000] {processor.py:186} INFO - Started process (PID=227) to work on /home/airflow/.local/lib/python3.12/site-packages/airflow/example_dags/example_dataset_alias_with_no_taskflow.py
[2024-08-22T04:43:53.860+0000] {processor.py:914} INFO - Processing file /home/airflow/.local/lib/python3.12/site-packages/airflow/example_dags/example_dataset_alias_with_no_taskflow.py for tasks to queue
[2024-08-22T04:43:53.862+0000] {logging_mixin.py:190} INFO - [2024-08-22T04:43:53.862+0000] {dagbag.py:587} INFO - Filling up the DagBag from /home/airflow/.local/lib/python3.12/site-packages/airflow/example_dags/example_dataset_alias_with_no_taskflow.py
[2024-08-22T04:43:54.044+0000] {processor.py:925} INFO - DAG(s) 'dataset_s3_bucket_consumer_with_no_taskflow', 'dataset_s3_bucket_producer_with_no_taskflow', 'dataset_alias_example_alias_consumer_with_no_taskflow', 'dataset_alias_example_alias_producer_with_no_taskflow' retrieved from /home/airflow/.local/lib/python3.12/site-packages/airflow/example_dags/example_dataset_alias_with_no_taskflow.py
[2024-08-22T04:43:54.074+0000] {logging_mixin.py:190} INFO - [2024-08-22T04:43:54.074+0000] {dag.py:3211} INFO - Sync 4 DAGs
[2024-08-22T04:43:54.101+0000] {logging_mixin.py:190} INFO - [2024-08-22T04:43:54.101+0000] {dag.py:4138} INFO - Setting next_dagrun for dataset_alias_example_alias_consumer_with_no_taskflow to None, run_after=None
[2024-08-22T04:43:54.105+0000] {logging_mixin.py:190} INFO - [2024-08-22T04:43:54.104+0000] {dag.py:4138} INFO - Setting next_dagrun for dataset_alias_example_alias_producer_with_no_taskflow to None, run_after=None
[2024-08-22T04:43:54.106+0000] {logging_mixin.py:190} INFO - [2024-08-22T04:43:54.106+0000] {dag.py:4138} INFO - Setting next_dagrun for dataset_s3_bucket_consumer_with_no_taskflow to None, run_after=None
[2024-08-22T04:43:54.108+0000] {logging_mixin.py:190} INFO - [2024-08-22T04:43:54.107+0000] {dag.py:4138} INFO - Setting next_dagrun for dataset_s3_bucket_producer_with_no_taskflow to None, run_after=None
[2024-08-22T04:43:54.180+0000] {processor.py:208} INFO - Processing /home/airflow/.local/lib/python3.12/site-packages/airflow/example_dags/example_dataset_alias_with_no_taskflow.py took 0.327 seconds
[2024-08-22T04:44:24.930+0000] {processor.py:186} INFO - Started process (PID=290) to work on /home/airflow/.local/lib/python3.12/site-packages/airflow/example_dags/example_dataset_alias_with_no_taskflow.py
[2024-08-22T04:44:24.958+0000] {processor.py:914} INFO - Processing file /home/airflow/.local/lib/python3.12/site-packages/airflow/example_dags/example_dataset_alias_with_no_taskflow.py for tasks to queue
[2024-08-22T04:44:24.960+0000] {logging_mixin.py:190} INFO - [2024-08-22T04:44:24.960+0000] {dagbag.py:587} INFO - Filling up the DagBag from /home/airflow/.local/lib/python3.12/site-packages/airflow/example_dags/example_dataset_alias_with_no_taskflow.py
[2024-08-22T04:44:25.145+0000] {processor.py:925} INFO - DAG(s) 'dataset_s3_bucket_producer_with_no_taskflow', 'dataset_alias_example_alias_producer_with_no_taskflow', 'dataset_s3_bucket_consumer_with_no_taskflow', 'dataset_alias_example_alias_consumer_with_no_taskflow' retrieved from /home/airflow/.local/lib/python3.12/site-packages/airflow/example_dags/example_dataset_alias_with_no_taskflow.py
[2024-08-22T04:44:25.173+0000] {logging_mixin.py:190} INFO - [2024-08-22T04:44:25.173+0000] {dag.py:3211} INFO - Sync 4 DAGs
[2024-08-22T04:44:25.208+0000] {logging_mixin.py:190} INFO - [2024-08-22T04:44:25.208+0000] {dag.py:4138} INFO - Setting next_dagrun for dataset_alias_example_alias_consumer_with_no_taskflow to None, run_after=None
[2024-08-22T04:44:25.212+0000] {logging_mixin.py:190} INFO - [2024-08-22T04:44:25.212+0000] {dag.py:4138} INFO - Setting next_dagrun for dataset_alias_example_alias_producer_with_no_taskflow to None, run_after=None
[2024-08-22T04:44:25.215+0000] {logging_mixin.py:190} INFO - [2024-08-22T04:44:25.215+0000] {dag.py:4138} INFO - Setting next_dagrun for dataset_s3_bucket_consumer_with_no_taskflow to None, run_after=None
[2024-08-22T04:44:25.217+0000] {logging_mixin.py:190} INFO - [2024-08-22T04:44:25.217+0000] {dag.py:4138} INFO - Setting next_dagrun for dataset_s3_bucket_producer_with_no_taskflow to None, run_after=None
[2024-08-22T04:44:25.299+0000] {processor.py:208} INFO - Processing /home/airflow/.local/lib/python3.12/site-packages/airflow/example_dags/example_dataset_alias_with_no_taskflow.py took 0.377 seconds
[2024-08-22T04:44:55.536+0000] {processor.py:186} INFO - Started process (PID=353) to work on /home/airflow/.local/lib/python3.12/site-packages/airflow/example_dags/example_dataset_alias_with_no_taskflow.py
[2024-08-22T04:44:55.537+0000] {processor.py:914} INFO - Processing file /home/airflow/.local/lib/python3.12/site-packages/airflow/example_dags/example_dataset_alias_with_no_taskflow.py for tasks to queue
[2024-08-22T04:44:55.539+0000] {logging_mixin.py:190} INFO - [2024-08-22T04:44:55.539+0000] {dagbag.py:587} INFO - Filling up the DagBag from /home/airflow/.local/lib/python3.12/site-packages/airflow/example_dags/example_dataset_alias_with_no_taskflow.py
[2024-08-22T04:44:55.734+0000] {processor.py:925} INFO - DAG(s) 'dataset_s3_bucket_consumer_with_no_taskflow', 'dataset_s3_bucket_producer_with_no_taskflow', 'dataset_alias_example_alias_producer_with_no_taskflow', 'dataset_alias_example_alias_consumer_with_no_taskflow' retrieved from /home/airflow/.local/lib/python3.12/site-packages/airflow/example_dags/example_dataset_alias_with_no_taskflow.py
[2024-08-22T04:44:55.767+0000] {logging_mixin.py:190} INFO - [2024-08-22T04:44:55.767+0000] {dag.py:3211} INFO - Sync 4 DAGs
[2024-08-22T04:44:55.801+0000] {logging_mixin.py:190} INFO - [2024-08-22T04:44:55.800+0000] {dag.py:4138} INFO - Setting next_dagrun for dataset_alias_example_alias_consumer_with_no_taskflow to None, run_after=None
[2024-08-22T04:44:55.804+0000] {logging_mixin.py:190} INFO - [2024-08-22T04:44:55.804+0000] {dag.py:4138} INFO - Setting next_dagrun for dataset_alias_example_alias_producer_with_no_taskflow to None, run_after=None
[2024-08-22T04:44:55.806+0000] {logging_mixin.py:190} INFO - [2024-08-22T04:44:55.806+0000] {dag.py:4138} INFO - Setting next_dagrun for dataset_s3_bucket_consumer_with_no_taskflow to None, run_after=None
[2024-08-22T04:44:55.808+0000] {logging_mixin.py:190} INFO - [2024-08-22T04:44:55.807+0000] {dag.py:4138} INFO - Setting next_dagrun for dataset_s3_bucket_producer_with_no_taskflow to None, run_after=None
[2024-08-22T04:44:55.870+0000] {processor.py:208} INFO - Processing /home/airflow/.local/lib/python3.12/site-packages/airflow/example_dags/example_dataset_alias_with_no_taskflow.py took 0.341 seconds
[2024-08-22T04:45:26.262+0000] {processor.py:186} INFO - Started process (PID=416) to work on /home/airflow/.local/lib/python3.12/site-packages/airflow/example_dags/example_dataset_alias_with_no_taskflow.py
[2024-08-22T04:45:26.300+0000] {processor.py:914} INFO - Processing file /home/airflow/.local/lib/python3.12/site-packages/airflow/example_dags/example_dataset_alias_with_no_taskflow.py for tasks to queue
[2024-08-22T04:45:26.303+0000] {logging_mixin.py:190} INFO - [2024-08-22T04:45:26.303+0000] {dagbag.py:587} INFO - Filling up the DagBag from /home/airflow/.local/lib/python3.12/site-packages/airflow/example_dags/example_dataset_alias_with_no_taskflow.py
[2024-08-22T04:45:26.483+0000] {processor.py:925} INFO - DAG(s) 'dataset_alias_example_alias_consumer_with_no_taskflow', 'dataset_s3_bucket_producer_with_no_taskflow', 'dataset_alias_example_alias_producer_with_no_taskflow', 'dataset_s3_bucket_consumer_with_no_taskflow' retrieved from /home/airflow/.local/lib/python3.12/site-packages/airflow/example_dags/example_dataset_alias_with_no_taskflow.py
[2024-08-22T04:45:26.509+0000] {logging_mixin.py:190} INFO - [2024-08-22T04:45:26.509+0000] {dag.py:3211} INFO - Sync 4 DAGs
[2024-08-22T04:45:26.545+0000] {logging_mixin.py:190} INFO - [2024-08-22T04:45:26.545+0000] {dag.py:4138} INFO - Setting next_dagrun for dataset_alias_example_alias_consumer_with_no_taskflow to None, run_after=None
[2024-08-22T04:45:26.549+0000] {logging_mixin.py:190} INFO - [2024-08-22T04:45:26.549+0000] {dag.py:4138} INFO - Setting next_dagrun for dataset_alias_example_alias_producer_with_no_taskflow to None, run_after=None
[2024-08-22T04:45:26.552+0000] {logging_mixin.py:190} INFO - [2024-08-22T04:45:26.552+0000] {dag.py:4138} INFO - Setting next_dagrun for dataset_s3_bucket_consumer_with_no_taskflow to None, run_after=None
[2024-08-22T04:45:26.554+0000] {logging_mixin.py:190} INFO - [2024-08-22T04:45:26.554+0000] {dag.py:4138} INFO - Setting next_dagrun for dataset_s3_bucket_producer_with_no_taskflow to None, run_after=None
[2024-08-22T04:45:26.629+0000] {processor.py:208} INFO - Processing /home/airflow/.local/lib/python3.12/site-packages/airflow/example_dags/example_dataset_alias_with_no_taskflow.py took 0.377 seconds
[2024-08-22T04:45:56.762+0000] {processor.py:186} INFO - Started process (PID=478) to work on /home/airflow/.local/lib/python3.12/site-packages/airflow/example_dags/example_dataset_alias_with_no_taskflow.py
[2024-08-22T04:45:56.765+0000] {processor.py:914} INFO - Processing file /home/airflow/.local/lib/python3.12/site-packages/airflow/example_dags/example_dataset_alias_with_no_taskflow.py for tasks to queue
[2024-08-22T04:45:56.768+0000] {logging_mixin.py:190} INFO - [2024-08-22T04:45:56.767+0000] {dagbag.py:587} INFO - Filling up the DagBag from /home/airflow/.local/lib/python3.12/site-packages/airflow/example_dags/example_dataset_alias_with_no_taskflow.py
[2024-08-22T04:45:57.171+0000] {processor.py:925} INFO - DAG(s) 'dataset_alias_example_alias_consumer_with_no_taskflow', 'dataset_alias_example_alias_producer_with_no_taskflow', 'dataset_s3_bucket_producer_with_no_taskflow', 'dataset_s3_bucket_consumer_with_no_taskflow' retrieved from /home/airflow/.local/lib/python3.12/site-packages/airflow/example_dags/example_dataset_alias_with_no_taskflow.py
[2024-08-22T04:45:57.236+0000] {logging_mixin.py:190} INFO - [2024-08-22T04:45:57.236+0000] {dag.py:3211} INFO - Sync 4 DAGs
[2024-08-22T04:45:57.287+0000] {logging_mixin.py:190} INFO - [2024-08-22T04:45:57.287+0000] {dag.py:4138} INFO - Setting next_dagrun for dataset_alias_example_alias_consumer_with_no_taskflow to None, run_after=None
[2024-08-22T04:45:57.294+0000] {logging_mixin.py:190} INFO - [2024-08-22T04:45:57.293+0000] {dag.py:4138} INFO - Setting next_dagrun for dataset_alias_example_alias_producer_with_no_taskflow to None, run_after=None
[2024-08-22T04:45:57.297+0000] {logging_mixin.py:190} INFO - [2024-08-22T04:45:57.297+0000] {dag.py:4138} INFO - Setting next_dagrun for dataset_s3_bucket_consumer_with_no_taskflow to None, run_after=None
[2024-08-22T04:45:57.298+0000] {logging_mixin.py:190} INFO - [2024-08-22T04:45:57.298+0000] {dag.py:4138} INFO - Setting next_dagrun for dataset_s3_bucket_producer_with_no_taskflow to None, run_after=None
[2024-08-22T04:45:57.343+0000] {processor.py:208} INFO - Processing /home/airflow/.local/lib/python3.12/site-packages/airflow/example_dags/example_dataset_alias_with_no_taskflow.py took 0.597 seconds
[2024-08-22T04:46:27.773+0000] {processor.py:186} INFO - Started process (PID=541) to work on /home/airflow/.local/lib/python3.12/site-packages/airflow/example_dags/example_dataset_alias_with_no_taskflow.py
[2024-08-22T04:46:27.781+0000] {processor.py:914} INFO - Processing file /home/airflow/.local/lib/python3.12/site-packages/airflow/example_dags/example_dataset_alias_with_no_taskflow.py for tasks to queue
[2024-08-22T04:46:27.783+0000] {logging_mixin.py:190} INFO - [2024-08-22T04:46:27.783+0000] {dagbag.py:587} INFO - Filling up the DagBag from /home/airflow/.local/lib/python3.12/site-packages/airflow/example_dags/example_dataset_alias_with_no_taskflow.py
[2024-08-22T04:46:27.964+0000] {processor.py:925} INFO - DAG(s) 'dataset_s3_bucket_producer_with_no_taskflow', 'dataset_s3_bucket_consumer_with_no_taskflow', 'dataset_alias_example_alias_producer_with_no_taskflow', 'dataset_alias_example_alias_consumer_with_no_taskflow' retrieved from /home/airflow/.local/lib/python3.12/site-packages/airflow/example_dags/example_dataset_alias_with_no_taskflow.py
[2024-08-22T04:46:27.995+0000] {logging_mixin.py:190} INFO - [2024-08-22T04:46:27.995+0000] {dag.py:3211} INFO - Sync 4 DAGs
[2024-08-22T04:46:28.029+0000] {logging_mixin.py:190} INFO - [2024-08-22T04:46:28.029+0000] {dag.py:4138} INFO - Setting next_dagrun for dataset_alias_example_alias_consumer_with_no_taskflow to None, run_after=None
[2024-08-22T04:46:28.032+0000] {logging_mixin.py:190} INFO - [2024-08-22T04:46:28.032+0000] {dag.py:4138} INFO - Setting next_dagrun for dataset_alias_example_alias_producer_with_no_taskflow to None, run_after=None
[2024-08-22T04:46:28.034+0000] {logging_mixin.py:190} INFO - [2024-08-22T04:46:28.034+0000] {dag.py:4138} INFO - Setting next_dagrun for dataset_s3_bucket_consumer_with_no_taskflow to None, run_after=None
[2024-08-22T04:46:28.036+0000] {logging_mixin.py:190} INFO - [2024-08-22T04:46:28.035+0000] {dag.py:4138} INFO - Setting next_dagrun for dataset_s3_bucket_producer_with_no_taskflow to None, run_after=None
[2024-08-22T04:46:28.084+0000] {processor.py:208} INFO - Processing /home/airflow/.local/lib/python3.12/site-packages/airflow/example_dags/example_dataset_alias_with_no_taskflow.py took 0.318 seconds
[2024-08-22T04:46:58.251+0000] {processor.py:186} INFO - Started process (PID=619) to work on /home/airflow/.local/lib/python3.12/site-packages/airflow/example_dags/example_dataset_alias_with_no_taskflow.py
[2024-08-22T04:46:58.252+0000] {processor.py:914} INFO - Processing file /home/airflow/.local/lib/python3.12/site-packages/airflow/example_dags/example_dataset_alias_with_no_taskflow.py for tasks to queue
[2024-08-22T04:46:58.264+0000] {logging_mixin.py:190} INFO - [2024-08-22T04:46:58.263+0000] {dagbag.py:587} INFO - Filling up the DagBag from /home/airflow/.local/lib/python3.12/site-packages/airflow/example_dags/example_dataset_alias_with_no_taskflow.py
[2024-08-22T04:46:58.755+0000] {processor.py:925} INFO - DAG(s) 'dataset_s3_bucket_producer_with_no_taskflow', 'dataset_s3_bucket_consumer_with_no_taskflow', 'dataset_alias_example_alias_consumer_with_no_taskflow', 'dataset_alias_example_alias_producer_with_no_taskflow' retrieved from /home/airflow/.local/lib/python3.12/site-packages/airflow/example_dags/example_dataset_alias_with_no_taskflow.py
[2024-08-22T04:46:58.798+0000] {logging_mixin.py:190} INFO - [2024-08-22T04:46:58.797+0000] {dag.py:3211} INFO - Sync 4 DAGs
[2024-08-22T04:46:58.841+0000] {logging_mixin.py:190} INFO - [2024-08-22T04:46:58.840+0000] {dag.py:4138} INFO - Setting next_dagrun for dataset_alias_example_alias_consumer_with_no_taskflow to None, run_after=None
[2024-08-22T04:46:58.844+0000] {logging_mixin.py:190} INFO - [2024-08-22T04:46:58.844+0000] {dag.py:4138} INFO - Setting next_dagrun for dataset_alias_example_alias_producer_with_no_taskflow to None, run_after=None
[2024-08-22T04:46:58.847+0000] {logging_mixin.py:190} INFO - [2024-08-22T04:46:58.846+0000] {dag.py:4138} INFO - Setting next_dagrun for dataset_s3_bucket_consumer_with_no_taskflow to None, run_after=None
[2024-08-22T04:46:58.850+0000] {logging_mixin.py:190} INFO - [2024-08-22T04:46:58.850+0000] {dag.py:4138} INFO - Setting next_dagrun for dataset_s3_bucket_producer_with_no_taskflow to None, run_after=None
[2024-08-22T04:46:58.890+0000] {processor.py:208} INFO - Processing /home/airflow/.local/lib/python3.12/site-packages/airflow/example_dags/example_dataset_alias_with_no_taskflow.py took 0.658 seconds
[2024-08-22T04:47:29.528+0000] {processor.py:186} INFO - Started process (PID=682) to work on /home/airflow/.local/lib/python3.12/site-packages/airflow/example_dags/example_dataset_alias_with_no_taskflow.py
[2024-08-22T04:47:29.531+0000] {processor.py:914} INFO - Processing file /home/airflow/.local/lib/python3.12/site-packages/airflow/example_dags/example_dataset_alias_with_no_taskflow.py for tasks to queue
[2024-08-22T04:47:29.533+0000] {logging_mixin.py:190} INFO - [2024-08-22T04:47:29.533+0000] {dagbag.py:587} INFO - Filling up the DagBag from /home/airflow/.local/lib/python3.12/site-packages/airflow/example_dags/example_dataset_alias_with_no_taskflow.py
[2024-08-22T04:47:30.010+0000] {processor.py:925} INFO - DAG(s) 'dataset_s3_bucket_producer_with_no_taskflow', 'dataset_alias_example_alias_consumer_with_no_taskflow', 'dataset_s3_bucket_consumer_with_no_taskflow', 'dataset_alias_example_alias_producer_with_no_taskflow' retrieved from /home/airflow/.local/lib/python3.12/site-packages/airflow/example_dags/example_dataset_alias_with_no_taskflow.py
[2024-08-22T04:47:30.181+0000] {logging_mixin.py:190} INFO - [2024-08-22T04:47:30.181+0000] {dag.py:3211} INFO - Sync 4 DAGs
[2024-08-22T04:47:30.404+0000] {logging_mixin.py:190} INFO - [2024-08-22T04:47:30.404+0000] {dag.py:4138} INFO - Setting next_dagrun for dataset_alias_example_alias_consumer_with_no_taskflow to None, run_after=None
[2024-08-22T04:47:30.448+0000] {logging_mixin.py:190} INFO - [2024-08-22T04:47:30.448+0000] {dag.py:4138} INFO - Setting next_dagrun for dataset_alias_example_alias_producer_with_no_taskflow to None, run_after=None
[2024-08-22T04:47:30.460+0000] {logging_mixin.py:190} INFO - [2024-08-22T04:47:30.460+0000] {dag.py:4138} INFO - Setting next_dagrun for dataset_s3_bucket_consumer_with_no_taskflow to None, run_after=None
[2024-08-22T04:47:30.471+0000] {logging_mixin.py:190} INFO - [2024-08-22T04:47:30.470+0000] {dag.py:4138} INFO - Setting next_dagrun for dataset_s3_bucket_producer_with_no_taskflow to None, run_after=None
[2024-08-22T04:47:30.663+0000] {processor.py:208} INFO - Processing /home/airflow/.local/lib/python3.12/site-packages/airflow/example_dags/example_dataset_alias_with_no_taskflow.py took 1.141 seconds
[2024-08-22T04:48:01.343+0000] {processor.py:186} INFO - Started process (PID=745) to work on /home/airflow/.local/lib/python3.12/site-packages/airflow/example_dags/example_dataset_alias_with_no_taskflow.py
[2024-08-22T04:48:01.371+0000] {processor.py:914} INFO - Processing file /home/airflow/.local/lib/python3.12/site-packages/airflow/example_dags/example_dataset_alias_with_no_taskflow.py for tasks to queue
[2024-08-22T04:48:01.375+0000] {logging_mixin.py:190} INFO - [2024-08-22T04:48:01.375+0000] {dagbag.py:587} INFO - Filling up the DagBag from /home/airflow/.local/lib/python3.12/site-packages/airflow/example_dags/example_dataset_alias_with_no_taskflow.py
[2024-08-22T04:48:01.569+0000] {processor.py:925} INFO - DAG(s) 'dataset_s3_bucket_producer_with_no_taskflow', 'dataset_alias_example_alias_producer_with_no_taskflow', 'dataset_alias_example_alias_consumer_with_no_taskflow', 'dataset_s3_bucket_consumer_with_no_taskflow' retrieved from /home/airflow/.local/lib/python3.12/site-packages/airflow/example_dags/example_dataset_alias_with_no_taskflow.py
[2024-08-22T04:48:01.604+0000] {logging_mixin.py:190} INFO - [2024-08-22T04:48:01.603+0000] {dag.py:3211} INFO - Sync 4 DAGs
[2024-08-22T04:48:01.640+0000] {logging_mixin.py:190} INFO - [2024-08-22T04:48:01.640+0000] {dag.py:4138} INFO - Setting next_dagrun for dataset_alias_example_alias_consumer_with_no_taskflow to None, run_after=None
[2024-08-22T04:48:01.644+0000] {logging_mixin.py:190} INFO - [2024-08-22T04:48:01.643+0000] {dag.py:4138} INFO - Setting next_dagrun for dataset_alias_example_alias_producer_with_no_taskflow to None, run_after=None
[2024-08-22T04:48:01.646+0000] {logging_mixin.py:190} INFO - [2024-08-22T04:48:01.645+0000] {dag.py:4138} INFO - Setting next_dagrun for dataset_s3_bucket_consumer_with_no_taskflow to None, run_after=None
[2024-08-22T04:48:01.647+0000] {logging_mixin.py:190} INFO - [2024-08-22T04:48:01.647+0000] {dag.py:4138} INFO - Setting next_dagrun for dataset_s3_bucket_producer_with_no_taskflow to None, run_after=None
[2024-08-22T04:48:01.697+0000] {processor.py:208} INFO - Processing /home/airflow/.local/lib/python3.12/site-packages/airflow/example_dags/example_dataset_alias_with_no_taskflow.py took 0.360 seconds
[2024-08-22T04:48:32.287+0000] {processor.py:186} INFO - Started process (PID=808) to work on /home/airflow/.local/lib/python3.12/site-packages/airflow/example_dags/example_dataset_alias_with_no_taskflow.py
[2024-08-22T04:48:32.315+0000] {processor.py:914} INFO - Processing file /home/airflow/.local/lib/python3.12/site-packages/airflow/example_dags/example_dataset_alias_with_no_taskflow.py for tasks to queue
[2024-08-22T04:48:32.318+0000] {logging_mixin.py:190} INFO - [2024-08-22T04:48:32.318+0000] {dagbag.py:587} INFO - Filling up the DagBag from /home/airflow/.local/lib/python3.12/site-packages/airflow/example_dags/example_dataset_alias_with_no_taskflow.py
[2024-08-22T04:48:32.521+0000] {processor.py:925} INFO - DAG(s) 'dataset_alias_example_alias_producer_with_no_taskflow', 'dataset_alias_example_alias_consumer_with_no_taskflow', 'dataset_s3_bucket_consumer_with_no_taskflow', 'dataset_s3_bucket_producer_with_no_taskflow' retrieved from /home/airflow/.local/lib/python3.12/site-packages/airflow/example_dags/example_dataset_alias_with_no_taskflow.py
[2024-08-22T04:48:32.549+0000] {logging_mixin.py:190} INFO - [2024-08-22T04:48:32.548+0000] {dag.py:3211} INFO - Sync 4 DAGs
[2024-08-22T04:48:32.580+0000] {logging_mixin.py:190} INFO - [2024-08-22T04:48:32.580+0000] {dag.py:4138} INFO - Setting next_dagrun for dataset_alias_example_alias_consumer_with_no_taskflow to None, run_after=None
[2024-08-22T04:48:32.584+0000] {logging_mixin.py:190} INFO - [2024-08-22T04:48:32.584+0000] {dag.py:4138} INFO - Setting next_dagrun for dataset_alias_example_alias_producer_with_no_taskflow to None, run_after=None
[2024-08-22T04:48:32.586+0000] {logging_mixin.py:190} INFO - [2024-08-22T04:48:32.586+0000] {dag.py:4138} INFO - Setting next_dagrun for dataset_s3_bucket_consumer_with_no_taskflow to None, run_after=None
[2024-08-22T04:48:32.588+0000] {logging_mixin.py:190} INFO - [2024-08-22T04:48:32.587+0000] {dag.py:4138} INFO - Setting next_dagrun for dataset_s3_bucket_producer_with_no_taskflow to None, run_after=None
[2024-08-22T04:48:32.616+0000] {processor.py:208} INFO - Processing /home/airflow/.local/lib/python3.12/site-packages/airflow/example_dags/example_dataset_alias_with_no_taskflow.py took 0.338 seconds
[2024-08-22T04:49:02.771+0000] {processor.py:186} INFO - Started process (PID=871) to work on /home/airflow/.local/lib/python3.12/site-packages/airflow/example_dags/example_dataset_alias_with_no_taskflow.py
[2024-08-22T04:49:02.772+0000] {processor.py:914} INFO - Processing file /home/airflow/.local/lib/python3.12/site-packages/airflow/example_dags/example_dataset_alias_with_no_taskflow.py for tasks to queue
[2024-08-22T04:49:02.774+0000] {logging_mixin.py:190} INFO - [2024-08-22T04:49:02.774+0000] {dagbag.py:587} INFO - Filling up the DagBag from /home/airflow/.local/lib/python3.12/site-packages/airflow/example_dags/example_dataset_alias_with_no_taskflow.py
[2024-08-22T04:49:02.954+0000] {processor.py:925} INFO - DAG(s) 'dataset_alias_example_alias_producer_with_no_taskflow', 'dataset_alias_example_alias_consumer_with_no_taskflow', 'dataset_s3_bucket_consumer_with_no_taskflow', 'dataset_s3_bucket_producer_with_no_taskflow' retrieved from /home/airflow/.local/lib/python3.12/site-packages/airflow/example_dags/example_dataset_alias_with_no_taskflow.py
[2024-08-22T04:49:02.982+0000] {logging_mixin.py:190} INFO - [2024-08-22T04:49:02.982+0000] {dag.py:3211} INFO - Sync 4 DAGs
[2024-08-22T04:49:03.007+0000] {logging_mixin.py:190} INFO - [2024-08-22T04:49:03.007+0000] {dag.py:4138} INFO - Setting next_dagrun for dataset_alias_example_alias_consumer_with_no_taskflow to None, run_after=None
[2024-08-22T04:49:03.011+0000] {logging_mixin.py:190} INFO - [2024-08-22T04:49:03.010+0000] {dag.py:4138} INFO - Setting next_dagrun for dataset_alias_example_alias_producer_with_no_taskflow to None, run_after=None
[2024-08-22T04:49:03.012+0000] {logging_mixin.py:190} INFO - [2024-08-22T04:49:03.012+0000] {dag.py:4138} INFO - Setting next_dagrun for dataset_s3_bucket_consumer_with_no_taskflow to None, run_after=None
[2024-08-22T04:49:03.014+0000] {logging_mixin.py:190} INFO - [2024-08-22T04:49:03.013+0000] {dag.py:4138} INFO - Setting next_dagrun for dataset_s3_bucket_producer_with_no_taskflow to None, run_after=None
[2024-08-22T04:49:03.078+0000] {processor.py:208} INFO - Processing /home/airflow/.local/lib/python3.12/site-packages/airflow/example_dags/example_dataset_alias_with_no_taskflow.py took 0.317 seconds
