[2024-08-22T04:42:27.015+0000] {processor.py:186} INFO - Started process (PID=72) to work on /home/airflow/.local/lib/python3.12/site-packages/airflow/example_dags/example_sla_dag.py
[2024-08-22T04:42:27.016+0000] {processor.py:914} INFO - Processing file /home/airflow/.local/lib/python3.12/site-packages/airflow/example_dags/example_sla_dag.py for tasks to queue
[2024-08-22T04:42:27.018+0000] {logging_mixin.py:190} INFO - [2024-08-22T04:42:27.017+0000] {dagbag.py:587} INFO - Filling up the DagBag from /home/airflow/.local/lib/python3.12/site-packages/airflow/example_dags/example_sla_dag.py
[2024-08-22T04:42:27.029+0000] {processor.py:925} INFO - DAG(s) 'example_sla_dag' retrieved from /home/airflow/.local/lib/python3.12/site-packages/airflow/example_dags/example_sla_dag.py
[2024-08-22T04:42:27.154+0000] {logging_mixin.py:190} INFO - [2024-08-22T04:42:27.153+0000] {override.py:1858} INFO - Created Permission View: can delete on DAG:example_sla_dag
[2024-08-22T04:42:27.173+0000] {logging_mixin.py:190} INFO - [2024-08-22T04:42:27.173+0000] {override.py:1858} INFO - Created Permission View: can read on DAG:example_sla_dag
[2024-08-22T04:42:27.185+0000] {logging_mixin.py:190} INFO - [2024-08-22T04:42:27.184+0000] {override.py:1858} INFO - Created Permission View: can edit on DAG:example_sla_dag
[2024-08-22T04:42:27.185+0000] {logging_mixin.py:190} INFO - [2024-08-22T04:42:27.185+0000] {dag.py:3211} INFO - Sync 1 DAGs
[2024-08-22T04:42:27.205+0000] {logging_mixin.py:190} INFO - [2024-08-22T04:42:27.204+0000] {dag.py:3234} INFO - Creating ORM DAG for example_sla_dag
[2024-08-22T04:42:27.224+0000] {logging_mixin.py:190} INFO - [2024-08-22T04:42:27.224+0000] {dag.py:4138} INFO - Setting next_dagrun for example_sla_dag to 2024-08-22 04:40:00+00:00, run_after=2024-08-22 04:42:00+00:00
[2024-08-22T04:42:27.247+0000] {processor.py:208} INFO - Processing /home/airflow/.local/lib/python3.12/site-packages/airflow/example_dags/example_sla_dag.py took 0.237 seconds
[2024-08-22T04:42:58.017+0000] {processor.py:186} INFO - Started process (PID=135) to work on /home/airflow/.local/lib/python3.12/site-packages/airflow/example_dags/example_sla_dag.py
[2024-08-22T04:42:58.018+0000] {processor.py:914} INFO - Processing file /home/airflow/.local/lib/python3.12/site-packages/airflow/example_dags/example_sla_dag.py for tasks to queue
[2024-08-22T04:42:58.021+0000] {logging_mixin.py:190} INFO - [2024-08-22T04:42:58.020+0000] {dagbag.py:587} INFO - Filling up the DagBag from /home/airflow/.local/lib/python3.12/site-packages/airflow/example_dags/example_sla_dag.py
[2024-08-22T04:42:58.031+0000] {processor.py:925} INFO - DAG(s) 'example_sla_dag' retrieved from /home/airflow/.local/lib/python3.12/site-packages/airflow/example_dags/example_sla_dag.py
[2024-08-22T04:42:58.056+0000] {logging_mixin.py:190} INFO - [2024-08-22T04:42:58.055+0000] {dag.py:3211} INFO - Sync 1 DAGs
[2024-08-22T04:42:58.090+0000] {logging_mixin.py:190} INFO - [2024-08-22T04:42:58.090+0000] {dag.py:4138} INFO - Setting next_dagrun for example_sla_dag to 2024-08-22 04:40:00+00:00, run_after=2024-08-22 04:42:00+00:00
[2024-08-22T04:42:58.112+0000] {processor.py:208} INFO - Processing /home/airflow/.local/lib/python3.12/site-packages/airflow/example_dags/example_sla_dag.py took 0.101 seconds
[2024-08-22T04:43:29.156+0000] {processor.py:186} INFO - Started process (PID=198) to work on /home/airflow/.local/lib/python3.12/site-packages/airflow/example_dags/example_sla_dag.py
[2024-08-22T04:43:29.158+0000] {processor.py:914} INFO - Processing file /home/airflow/.local/lib/python3.12/site-packages/airflow/example_dags/example_sla_dag.py for tasks to queue
[2024-08-22T04:43:29.160+0000] {logging_mixin.py:190} INFO - [2024-08-22T04:43:29.159+0000] {dagbag.py:587} INFO - Filling up the DagBag from /home/airflow/.local/lib/python3.12/site-packages/airflow/example_dags/example_sla_dag.py
[2024-08-22T04:43:29.170+0000] {processor.py:925} INFO - DAG(s) 'example_sla_dag' retrieved from /home/airflow/.local/lib/python3.12/site-packages/airflow/example_dags/example_sla_dag.py
[2024-08-22T04:43:29.191+0000] {logging_mixin.py:190} INFO - [2024-08-22T04:43:29.191+0000] {dag.py:3211} INFO - Sync 1 DAGs
[2024-08-22T04:43:29.222+0000] {logging_mixin.py:190} INFO - [2024-08-22T04:43:29.221+0000] {dag.py:4138} INFO - Setting next_dagrun for example_sla_dag to 2024-08-22 04:40:00+00:00, run_after=2024-08-22 04:42:00+00:00
[2024-08-22T04:43:29.297+0000] {processor.py:208} INFO - Processing /home/airflow/.local/lib/python3.12/site-packages/airflow/example_dags/example_sla_dag.py took 0.147 seconds
[2024-08-22T04:43:59.660+0000] {processor.py:186} INFO - Started process (PID=260) to work on /home/airflow/.local/lib/python3.12/site-packages/airflow/example_dags/example_sla_dag.py
[2024-08-22T04:43:59.661+0000] {processor.py:914} INFO - Processing file /home/airflow/.local/lib/python3.12/site-packages/airflow/example_dags/example_sla_dag.py for tasks to queue
[2024-08-22T04:43:59.664+0000] {logging_mixin.py:190} INFO - [2024-08-22T04:43:59.664+0000] {dagbag.py:587} INFO - Filling up the DagBag from /home/airflow/.local/lib/python3.12/site-packages/airflow/example_dags/example_sla_dag.py
[2024-08-22T04:43:59.676+0000] {processor.py:925} INFO - DAG(s) 'example_sla_dag' retrieved from /home/airflow/.local/lib/python3.12/site-packages/airflow/example_dags/example_sla_dag.py
[2024-08-22T04:43:59.698+0000] {logging_mixin.py:190} INFO - [2024-08-22T04:43:59.698+0000] {dag.py:3211} INFO - Sync 1 DAGs
[2024-08-22T04:43:59.733+0000] {logging_mixin.py:190} INFO - [2024-08-22T04:43:59.732+0000] {dag.py:4138} INFO - Setting next_dagrun for example_sla_dag to 2024-08-22 04:40:00+00:00, run_after=2024-08-22 04:42:00+00:00
[2024-08-22T04:43:59.777+0000] {processor.py:208} INFO - Processing /home/airflow/.local/lib/python3.12/site-packages/airflow/example_dags/example_sla_dag.py took 0.125 seconds
[2024-08-22T04:44:30.135+0000] {processor.py:186} INFO - Started process (PID=323) to work on /home/airflow/.local/lib/python3.12/site-packages/airflow/example_dags/example_sla_dag.py
[2024-08-22T04:44:30.160+0000] {processor.py:914} INFO - Processing file /home/airflow/.local/lib/python3.12/site-packages/airflow/example_dags/example_sla_dag.py for tasks to queue
[2024-08-22T04:44:30.162+0000] {logging_mixin.py:190} INFO - [2024-08-22T04:44:30.162+0000] {dagbag.py:587} INFO - Filling up the DagBag from /home/airflow/.local/lib/python3.12/site-packages/airflow/example_dags/example_sla_dag.py
[2024-08-22T04:44:30.174+0000] {processor.py:925} INFO - DAG(s) 'example_sla_dag' retrieved from /home/airflow/.local/lib/python3.12/site-packages/airflow/example_dags/example_sla_dag.py
[2024-08-22T04:44:30.196+0000] {logging_mixin.py:190} INFO - [2024-08-22T04:44:30.196+0000] {dag.py:3211} INFO - Sync 1 DAGs
[2024-08-22T04:44:30.231+0000] {logging_mixin.py:190} INFO - [2024-08-22T04:44:30.231+0000] {dag.py:4138} INFO - Setting next_dagrun for example_sla_dag to 2024-08-22 04:42:00+00:00, run_after=2024-08-22 04:44:00+00:00
[2024-08-22T04:44:30.291+0000] {processor.py:208} INFO - Processing /home/airflow/.local/lib/python3.12/site-packages/airflow/example_dags/example_sla_dag.py took 0.162 seconds
[2024-08-22T04:45:00.436+0000] {processor.py:186} INFO - Started process (PID=386) to work on /home/airflow/.local/lib/python3.12/site-packages/airflow/example_dags/example_sla_dag.py
[2024-08-22T04:45:00.437+0000] {processor.py:914} INFO - Processing file /home/airflow/.local/lib/python3.12/site-packages/airflow/example_dags/example_sla_dag.py for tasks to queue
[2024-08-22T04:45:00.440+0000] {logging_mixin.py:190} INFO - [2024-08-22T04:45:00.440+0000] {dagbag.py:587} INFO - Filling up the DagBag from /home/airflow/.local/lib/python3.12/site-packages/airflow/example_dags/example_sla_dag.py
[2024-08-22T04:45:00.456+0000] {processor.py:925} INFO - DAG(s) 'example_sla_dag' retrieved from /home/airflow/.local/lib/python3.12/site-packages/airflow/example_dags/example_sla_dag.py
[2024-08-22T04:45:00.482+0000] {logging_mixin.py:190} INFO - [2024-08-22T04:45:00.482+0000] {dag.py:3211} INFO - Sync 1 DAGs
[2024-08-22T04:45:00.512+0000] {logging_mixin.py:190} INFO - [2024-08-22T04:45:00.511+0000] {dag.py:4138} INFO - Setting next_dagrun for example_sla_dag to 2024-08-22 04:42:00+00:00, run_after=2024-08-22 04:44:00+00:00
[2024-08-22T04:45:00.568+0000] {processor.py:208} INFO - Processing /home/airflow/.local/lib/python3.12/site-packages/airflow/example_dags/example_sla_dag.py took 0.138 seconds
[2024-08-22T04:45:31.464+0000] {processor.py:186} INFO - Started process (PID=449) to work on /home/airflow/.local/lib/python3.12/site-packages/airflow/example_dags/example_sla_dag.py
[2024-08-22T04:45:31.465+0000] {processor.py:914} INFO - Processing file /home/airflow/.local/lib/python3.12/site-packages/airflow/example_dags/example_sla_dag.py for tasks to queue
[2024-08-22T04:45:31.468+0000] {logging_mixin.py:190} INFO - [2024-08-22T04:45:31.468+0000] {dagbag.py:587} INFO - Filling up the DagBag from /home/airflow/.local/lib/python3.12/site-packages/airflow/example_dags/example_sla_dag.py
[2024-08-22T04:45:31.480+0000] {processor.py:925} INFO - DAG(s) 'example_sla_dag' retrieved from /home/airflow/.local/lib/python3.12/site-packages/airflow/example_dags/example_sla_dag.py
[2024-08-22T04:45:31.502+0000] {logging_mixin.py:190} INFO - [2024-08-22T04:45:31.502+0000] {dag.py:3211} INFO - Sync 1 DAGs
[2024-08-22T04:45:31.536+0000] {logging_mixin.py:190} INFO - [2024-08-22T04:45:31.536+0000] {dag.py:4138} INFO - Setting next_dagrun for example_sla_dag to 2024-08-22 04:42:00+00:00, run_after=2024-08-22 04:44:00+00:00
[2024-08-22T04:45:31.563+0000] {processor.py:208} INFO - Processing /home/airflow/.local/lib/python3.12/site-packages/airflow/example_dags/example_sla_dag.py took 0.107 seconds
[2024-08-22T04:46:01.798+0000] {processor.py:186} INFO - Started process (PID=511) to work on /home/airflow/.local/lib/python3.12/site-packages/airflow/example_dags/example_sla_dag.py
[2024-08-22T04:46:01.803+0000] {processor.py:914} INFO - Processing file /home/airflow/.local/lib/python3.12/site-packages/airflow/example_dags/example_sla_dag.py for tasks to queue
[2024-08-22T04:46:01.806+0000] {logging_mixin.py:190} INFO - [2024-08-22T04:46:01.805+0000] {dagbag.py:587} INFO - Filling up the DagBag from /home/airflow/.local/lib/python3.12/site-packages/airflow/example_dags/example_sla_dag.py
[2024-08-22T04:46:01.816+0000] {processor.py:925} INFO - DAG(s) 'example_sla_dag' retrieved from /home/airflow/.local/lib/python3.12/site-packages/airflow/example_dags/example_sla_dag.py
[2024-08-22T04:46:01.840+0000] {logging_mixin.py:190} INFO - [2024-08-22T04:46:01.839+0000] {dag.py:3211} INFO - Sync 1 DAGs
[2024-08-22T04:46:01.869+0000] {logging_mixin.py:190} INFO - [2024-08-22T04:46:01.869+0000] {dag.py:4138} INFO - Setting next_dagrun for example_sla_dag to 2024-08-22 04:44:00+00:00, run_after=2024-08-22 04:46:00+00:00
[2024-08-22T04:46:01.893+0000] {processor.py:208} INFO - Processing /home/airflow/.local/lib/python3.12/site-packages/airflow/example_dags/example_sla_dag.py took 0.105 seconds
[2024-08-22T04:46:32.299+0000] {processor.py:186} INFO - Started process (PID=574) to work on /home/airflow/.local/lib/python3.12/site-packages/airflow/example_dags/example_sla_dag.py
[2024-08-22T04:46:32.300+0000] {processor.py:914} INFO - Processing file /home/airflow/.local/lib/python3.12/site-packages/airflow/example_dags/example_sla_dag.py for tasks to queue
[2024-08-22T04:46:32.302+0000] {logging_mixin.py:190} INFO - [2024-08-22T04:46:32.301+0000] {dagbag.py:587} INFO - Filling up the DagBag from /home/airflow/.local/lib/python3.12/site-packages/airflow/example_dags/example_sla_dag.py
[2024-08-22T04:46:32.312+0000] {processor.py:925} INFO - DAG(s) 'example_sla_dag' retrieved from /home/airflow/.local/lib/python3.12/site-packages/airflow/example_dags/example_sla_dag.py
[2024-08-22T04:46:32.336+0000] {logging_mixin.py:190} INFO - [2024-08-22T04:46:32.335+0000] {dag.py:3211} INFO - Sync 1 DAGs
[2024-08-22T04:46:32.367+0000] {logging_mixin.py:190} INFO - [2024-08-22T04:46:32.367+0000] {dag.py:4138} INFO - Setting next_dagrun for example_sla_dag to 2024-08-22 04:44:00+00:00, run_after=2024-08-22 04:46:00+00:00
[2024-08-22T04:46:32.398+0000] {processor.py:208} INFO - Processing /home/airflow/.local/lib/python3.12/site-packages/airflow/example_dags/example_sla_dag.py took 0.107 seconds
[2024-08-22T04:47:03.269+0000] {processor.py:186} INFO - Started process (PID=652) to work on /home/airflow/.local/lib/python3.12/site-packages/airflow/example_dags/example_sla_dag.py
[2024-08-22T04:47:03.281+0000] {processor.py:914} INFO - Processing file /home/airflow/.local/lib/python3.12/site-packages/airflow/example_dags/example_sla_dag.py for tasks to queue
[2024-08-22T04:47:03.284+0000] {logging_mixin.py:190} INFO - [2024-08-22T04:47:03.284+0000] {dagbag.py:587} INFO - Filling up the DagBag from /home/airflow/.local/lib/python3.12/site-packages/airflow/example_dags/example_sla_dag.py
[2024-08-22T04:47:03.300+0000] {processor.py:925} INFO - DAG(s) 'example_sla_dag' retrieved from /home/airflow/.local/lib/python3.12/site-packages/airflow/example_dags/example_sla_dag.py
[2024-08-22T04:47:03.332+0000] {logging_mixin.py:190} INFO - [2024-08-22T04:47:03.332+0000] {dag.py:3211} INFO - Sync 1 DAGs
[2024-08-22T04:47:03.371+0000] {logging_mixin.py:190} INFO - [2024-08-22T04:47:03.371+0000] {dag.py:4138} INFO - Setting next_dagrun for example_sla_dag to 2024-08-22 04:44:00+00:00, run_after=2024-08-22 04:46:00+00:00
[2024-08-22T04:47:03.399+0000] {processor.py:208} INFO - Processing /home/airflow/.local/lib/python3.12/site-packages/airflow/example_dags/example_sla_dag.py took 0.137 seconds
[2024-08-22T04:47:38.237+0000] {processor.py:186} INFO - Started process (PID=715) to work on /home/airflow/.local/lib/python3.12/site-packages/airflow/example_dags/example_sla_dag.py
[2024-08-22T04:47:38.238+0000] {processor.py:914} INFO - Processing file /home/airflow/.local/lib/python3.12/site-packages/airflow/example_dags/example_sla_dag.py for tasks to queue
[2024-08-22T04:47:38.241+0000] {logging_mixin.py:190} INFO - [2024-08-22T04:47:38.240+0000] {dagbag.py:587} INFO - Filling up the DagBag from /home/airflow/.local/lib/python3.12/site-packages/airflow/example_dags/example_sla_dag.py
[2024-08-22T04:47:38.252+0000] {processor.py:925} INFO - DAG(s) 'example_sla_dag' retrieved from /home/airflow/.local/lib/python3.12/site-packages/airflow/example_dags/example_sla_dag.py
[2024-08-22T04:47:38.276+0000] {logging_mixin.py:190} INFO - [2024-08-22T04:47:38.276+0000] {dag.py:3211} INFO - Sync 1 DAGs
[2024-08-22T04:47:38.313+0000] {logging_mixin.py:190} INFO - [2024-08-22T04:47:38.312+0000] {dag.py:4138} INFO - Setting next_dagrun for example_sla_dag to 2024-08-22 04:44:00+00:00, run_after=2024-08-22 04:46:00+00:00
[2024-08-22T04:47:38.361+0000] {processor.py:208} INFO - Processing /home/airflow/.local/lib/python3.12/site-packages/airflow/example_dags/example_sla_dag.py took 0.132 seconds
[2024-08-22T04:48:08.527+0000] {processor.py:186} INFO - Started process (PID=778) to work on /home/airflow/.local/lib/python3.12/site-packages/airflow/example_dags/example_sla_dag.py
[2024-08-22T04:48:08.528+0000] {processor.py:914} INFO - Processing file /home/airflow/.local/lib/python3.12/site-packages/airflow/example_dags/example_sla_dag.py for tasks to queue
[2024-08-22T04:48:08.530+0000] {logging_mixin.py:190} INFO - [2024-08-22T04:48:08.530+0000] {dagbag.py:587} INFO - Filling up the DagBag from /home/airflow/.local/lib/python3.12/site-packages/airflow/example_dags/example_sla_dag.py
[2024-08-22T04:48:08.543+0000] {processor.py:925} INFO - DAG(s) 'example_sla_dag' retrieved from /home/airflow/.local/lib/python3.12/site-packages/airflow/example_dags/example_sla_dag.py
[2024-08-22T04:48:08.575+0000] {logging_mixin.py:190} INFO - [2024-08-22T04:48:08.574+0000] {dag.py:3211} INFO - Sync 1 DAGs
[2024-08-22T04:48:08.612+0000] {logging_mixin.py:190} INFO - [2024-08-22T04:48:08.611+0000] {dag.py:4138} INFO - Setting next_dagrun for example_sla_dag to 2024-08-22 04:46:00+00:00, run_after=2024-08-22 04:48:00+00:00
[2024-08-22T04:48:08.643+0000] {processor.py:208} INFO - Processing /home/airflow/.local/lib/python3.12/site-packages/airflow/example_dags/example_sla_dag.py took 0.124 seconds
[2024-08-22T04:48:39.472+0000] {processor.py:186} INFO - Started process (PID=841) to work on /home/airflow/.local/lib/python3.12/site-packages/airflow/example_dags/example_sla_dag.py
[2024-08-22T04:48:39.473+0000] {processor.py:914} INFO - Processing file /home/airflow/.local/lib/python3.12/site-packages/airflow/example_dags/example_sla_dag.py for tasks to queue
[2024-08-22T04:48:39.476+0000] {logging_mixin.py:190} INFO - [2024-08-22T04:48:39.476+0000] {dagbag.py:587} INFO - Filling up the DagBag from /home/airflow/.local/lib/python3.12/site-packages/airflow/example_dags/example_sla_dag.py
[2024-08-22T04:48:39.487+0000] {processor.py:925} INFO - DAG(s) 'example_sla_dag' retrieved from /home/airflow/.local/lib/python3.12/site-packages/airflow/example_dags/example_sla_dag.py
[2024-08-22T04:48:39.510+0000] {logging_mixin.py:190} INFO - [2024-08-22T04:48:39.509+0000] {dag.py:3211} INFO - Sync 1 DAGs
[2024-08-22T04:48:39.539+0000] {logging_mixin.py:190} INFO - [2024-08-22T04:48:39.539+0000] {dag.py:4138} INFO - Setting next_dagrun for example_sla_dag to 2024-08-22 04:46:00+00:00, run_after=2024-08-22 04:48:00+00:00
[2024-08-22T04:48:39.573+0000] {processor.py:208} INFO - Processing /home/airflow/.local/lib/python3.12/site-packages/airflow/example_dags/example_sla_dag.py took 0.108 seconds
[2024-08-22T04:49:10.040+0000] {processor.py:186} INFO - Started process (PID=904) to work on /home/airflow/.local/lib/python3.12/site-packages/airflow/example_dags/example_sla_dag.py
[2024-08-22T04:49:10.073+0000] {processor.py:914} INFO - Processing file /home/airflow/.local/lib/python3.12/site-packages/airflow/example_dags/example_sla_dag.py for tasks to queue
[2024-08-22T04:49:10.077+0000] {logging_mixin.py:190} INFO - [2024-08-22T04:49:10.076+0000] {dagbag.py:587} INFO - Filling up the DagBag from /home/airflow/.local/lib/python3.12/site-packages/airflow/example_dags/example_sla_dag.py
[2024-08-22T04:49:10.091+0000] {processor.py:925} INFO - DAG(s) 'example_sla_dag' retrieved from /home/airflow/.local/lib/python3.12/site-packages/airflow/example_dags/example_sla_dag.py
[2024-08-22T04:49:10.113+0000] {logging_mixin.py:190} INFO - [2024-08-22T04:49:10.113+0000] {dag.py:3211} INFO - Sync 1 DAGs
[2024-08-22T04:49:10.142+0000] {logging_mixin.py:190} INFO - [2024-08-22T04:49:10.142+0000] {dag.py:4138} INFO - Setting next_dagrun for example_sla_dag to 2024-08-22 04:46:00+00:00, run_after=2024-08-22 04:48:00+00:00
[2024-08-22T04:49:10.195+0000] {processor.py:208} INFO - Processing /home/airflow/.local/lib/python3.12/site-packages/airflow/example_dags/example_sla_dag.py took 0.163 seconds
