[2024-08-22T04:42:28.649+0000] {processor.py:186} INFO - Started process (PID=79) to work on /home/airflow/.local/lib/python3.12/site-packages/airflow/example_dags/example_branch_python_dop_operator_3.py
[2024-08-22T04:42:28.649+0000] {processor.py:914} INFO - Processing file /home/airflow/.local/lib/python3.12/site-packages/airflow/example_dags/example_branch_python_dop_operator_3.py for tasks to queue
[2024-08-22T04:42:28.652+0000] {logging_mixin.py:190} INFO - [2024-08-22T04:42:28.651+0000] {dagbag.py:587} INFO - Filling up the DagBag from /home/airflow/.local/lib/python3.12/site-packages/airflow/example_dags/example_branch_python_dop_operator_3.py
[2024-08-22T04:42:28.662+0000] {processor.py:925} INFO - DAG(s) 'example_branch_dop_operator_v3' retrieved from /home/airflow/.local/lib/python3.12/site-packages/airflow/example_dags/example_branch_python_dop_operator_3.py
[2024-08-22T04:42:28.804+0000] {logging_mixin.py:190} INFO - [2024-08-22T04:42:28.803+0000] {override.py:1858} INFO - Created Permission View: can delete on DAG:example_branch_dop_operator_v3
[2024-08-22T04:42:28.821+0000] {logging_mixin.py:190} INFO - [2024-08-22T04:42:28.821+0000] {override.py:1858} INFO - Created Permission View: can read on DAG:example_branch_dop_operator_v3
[2024-08-22T04:42:28.831+0000] {logging_mixin.py:190} INFO - [2024-08-22T04:42:28.830+0000] {override.py:1858} INFO - Created Permission View: can edit on DAG:example_branch_dop_operator_v3
[2024-08-22T04:42:28.832+0000] {logging_mixin.py:190} INFO - [2024-08-22T04:42:28.831+0000] {dag.py:3211} INFO - Sync 1 DAGs
[2024-08-22T04:42:28.849+0000] {logging_mixin.py:190} INFO - [2024-08-22T04:42:28.848+0000] {dag.py:3234} INFO - Creating ORM DAG for example_branch_dop_operator_v3
[2024-08-22T04:42:28.864+0000] {logging_mixin.py:190} INFO - [2024-08-22T04:42:28.864+0000] {dag.py:4138} INFO - Setting next_dagrun for example_branch_dop_operator_v3 to 2024-08-22 04:41:00+00:00, run_after=2024-08-22 04:42:00+00:00
[2024-08-22T04:42:28.890+0000] {processor.py:208} INFO - Processing /home/airflow/.local/lib/python3.12/site-packages/airflow/example_dags/example_branch_python_dop_operator_3.py took 0.248 seconds
[2024-08-22T04:42:58.977+0000] {processor.py:186} INFO - Started process (PID=142) to work on /home/airflow/.local/lib/python3.12/site-packages/airflow/example_dags/example_branch_python_dop_operator_3.py
[2024-08-22T04:42:58.978+0000] {processor.py:914} INFO - Processing file /home/airflow/.local/lib/python3.12/site-packages/airflow/example_dags/example_branch_python_dop_operator_3.py for tasks to queue
[2024-08-22T04:42:58.980+0000] {logging_mixin.py:190} INFO - [2024-08-22T04:42:58.980+0000] {dagbag.py:587} INFO - Filling up the DagBag from /home/airflow/.local/lib/python3.12/site-packages/airflow/example_dags/example_branch_python_dop_operator_3.py
[2024-08-22T04:42:58.990+0000] {processor.py:925} INFO - DAG(s) 'example_branch_dop_operator_v3' retrieved from /home/airflow/.local/lib/python3.12/site-packages/airflow/example_dags/example_branch_python_dop_operator_3.py
[2024-08-22T04:42:59.012+0000] {logging_mixin.py:190} INFO - [2024-08-22T04:42:59.012+0000] {dag.py:3211} INFO - Sync 1 DAGs
[2024-08-22T04:42:59.045+0000] {logging_mixin.py:190} INFO - [2024-08-22T04:42:59.044+0000] {dag.py:4138} INFO - Setting next_dagrun for example_branch_dop_operator_v3 to 2024-08-22 04:41:00+00:00, run_after=2024-08-22 04:42:00+00:00
[2024-08-22T04:42:59.068+0000] {processor.py:208} INFO - Processing /home/airflow/.local/lib/python3.12/site-packages/airflow/example_dags/example_branch_python_dop_operator_3.py took 0.097 seconds
[2024-08-22T04:43:30.110+0000] {processor.py:186} INFO - Started process (PID=205) to work on /home/airflow/.local/lib/python3.12/site-packages/airflow/example_dags/example_branch_python_dop_operator_3.py
[2024-08-22T04:43:30.111+0000] {processor.py:914} INFO - Processing file /home/airflow/.local/lib/python3.12/site-packages/airflow/example_dags/example_branch_python_dop_operator_3.py for tasks to queue
[2024-08-22T04:43:30.114+0000] {logging_mixin.py:190} INFO - [2024-08-22T04:43:30.114+0000] {dagbag.py:587} INFO - Filling up the DagBag from /home/airflow/.local/lib/python3.12/site-packages/airflow/example_dags/example_branch_python_dop_operator_3.py
[2024-08-22T04:43:30.125+0000] {processor.py:925} INFO - DAG(s) 'example_branch_dop_operator_v3' retrieved from /home/airflow/.local/lib/python3.12/site-packages/airflow/example_dags/example_branch_python_dop_operator_3.py
[2024-08-22T04:43:30.148+0000] {logging_mixin.py:190} INFO - [2024-08-22T04:43:30.147+0000] {dag.py:3211} INFO - Sync 1 DAGs
[2024-08-22T04:43:30.179+0000] {logging_mixin.py:190} INFO - [2024-08-22T04:43:30.179+0000] {dag.py:4138} INFO - Setting next_dagrun for example_branch_dop_operator_v3 to 2024-08-22 04:42:00+00:00, run_after=2024-08-22 04:43:00+00:00
[2024-08-22T04:43:30.243+0000] {processor.py:208} INFO - Processing /home/airflow/.local/lib/python3.12/site-packages/airflow/example_dags/example_branch_python_dop_operator_3.py took 0.138 seconds
[2024-08-22T04:44:00.480+0000] {processor.py:186} INFO - Started process (PID=267) to work on /home/airflow/.local/lib/python3.12/site-packages/airflow/example_dags/example_branch_python_dop_operator_3.py
[2024-08-22T04:44:00.480+0000] {processor.py:914} INFO - Processing file /home/airflow/.local/lib/python3.12/site-packages/airflow/example_dags/example_branch_python_dop_operator_3.py for tasks to queue
[2024-08-22T04:44:00.483+0000] {logging_mixin.py:190} INFO - [2024-08-22T04:44:00.482+0000] {dagbag.py:587} INFO - Filling up the DagBag from /home/airflow/.local/lib/python3.12/site-packages/airflow/example_dags/example_branch_python_dop_operator_3.py
[2024-08-22T04:44:00.496+0000] {processor.py:925} INFO - DAG(s) 'example_branch_dop_operator_v3' retrieved from /home/airflow/.local/lib/python3.12/site-packages/airflow/example_dags/example_branch_python_dop_operator_3.py
[2024-08-22T04:44:00.524+0000] {logging_mixin.py:190} INFO - [2024-08-22T04:44:00.524+0000] {dag.py:3211} INFO - Sync 1 DAGs
[2024-08-22T04:44:00.561+0000] {logging_mixin.py:190} INFO - [2024-08-22T04:44:00.561+0000] {dag.py:4138} INFO - Setting next_dagrun for example_branch_dop_operator_v3 to 2024-08-22 04:43:00+00:00, run_after=2024-08-22 04:44:00+00:00
[2024-08-22T04:44:00.595+0000] {processor.py:208} INFO - Processing /home/airflow/.local/lib/python3.12/site-packages/airflow/example_dags/example_branch_python_dop_operator_3.py took 0.124 seconds
[2024-08-22T04:44:31.150+0000] {processor.py:186} INFO - Started process (PID=330) to work on /home/airflow/.local/lib/python3.12/site-packages/airflow/example_dags/example_branch_python_dop_operator_3.py
[2024-08-22T04:44:31.151+0000] {processor.py:914} INFO - Processing file /home/airflow/.local/lib/python3.12/site-packages/airflow/example_dags/example_branch_python_dop_operator_3.py for tasks to queue
[2024-08-22T04:44:31.153+0000] {logging_mixin.py:190} INFO - [2024-08-22T04:44:31.153+0000] {dagbag.py:587} INFO - Filling up the DagBag from /home/airflow/.local/lib/python3.12/site-packages/airflow/example_dags/example_branch_python_dop_operator_3.py
[2024-08-22T04:44:31.163+0000] {processor.py:925} INFO - DAG(s) 'example_branch_dop_operator_v3' retrieved from /home/airflow/.local/lib/python3.12/site-packages/airflow/example_dags/example_branch_python_dop_operator_3.py
[2024-08-22T04:44:31.189+0000] {logging_mixin.py:190} INFO - [2024-08-22T04:44:31.188+0000] {dag.py:3211} INFO - Sync 1 DAGs
[2024-08-22T04:44:31.223+0000] {logging_mixin.py:190} INFO - [2024-08-22T04:44:31.223+0000] {dag.py:4138} INFO - Setting next_dagrun for example_branch_dop_operator_v3 to 2024-08-22 04:43:00+00:00, run_after=2024-08-22 04:44:00+00:00
[2024-08-22T04:44:31.251+0000] {processor.py:208} INFO - Processing /home/airflow/.local/lib/python3.12/site-packages/airflow/example_dags/example_branch_python_dop_operator_3.py took 0.108 seconds
[2024-08-22T04:45:02.204+0000] {processor.py:186} INFO - Started process (PID=393) to work on /home/airflow/.local/lib/python3.12/site-packages/airflow/example_dags/example_branch_python_dop_operator_3.py
[2024-08-22T04:45:02.206+0000] {processor.py:914} INFO - Processing file /home/airflow/.local/lib/python3.12/site-packages/airflow/example_dags/example_branch_python_dop_operator_3.py for tasks to queue
[2024-08-22T04:45:02.208+0000] {logging_mixin.py:190} INFO - [2024-08-22T04:45:02.208+0000] {dagbag.py:587} INFO - Filling up the DagBag from /home/airflow/.local/lib/python3.12/site-packages/airflow/example_dags/example_branch_python_dop_operator_3.py
[2024-08-22T04:45:02.221+0000] {processor.py:925} INFO - DAG(s) 'example_branch_dop_operator_v3' retrieved from /home/airflow/.local/lib/python3.12/site-packages/airflow/example_dags/example_branch_python_dop_operator_3.py
[2024-08-22T04:45:02.249+0000] {logging_mixin.py:190} INFO - [2024-08-22T04:45:02.249+0000] {dag.py:3211} INFO - Sync 1 DAGs
[2024-08-22T04:45:02.281+0000] {logging_mixin.py:190} INFO - [2024-08-22T04:45:02.281+0000] {dag.py:4138} INFO - Setting next_dagrun for example_branch_dop_operator_v3 to 2024-08-22 04:44:00+00:00, run_after=2024-08-22 04:45:00+00:00
[2024-08-22T04:45:02.305+0000] {processor.py:208} INFO - Processing /home/airflow/.local/lib/python3.12/site-packages/airflow/example_dags/example_branch_python_dop_operator_3.py took 0.109 seconds
[2024-08-22T04:45:33.903+0000] {processor.py:186} INFO - Started process (PID=456) to work on /home/airflow/.local/lib/python3.12/site-packages/airflow/example_dags/example_branch_python_dop_operator_3.py
[2024-08-22T04:45:33.905+0000] {processor.py:914} INFO - Processing file /home/airflow/.local/lib/python3.12/site-packages/airflow/example_dags/example_branch_python_dop_operator_3.py for tasks to queue
[2024-08-22T04:45:33.910+0000] {logging_mixin.py:190} INFO - [2024-08-22T04:45:33.907+0000] {dagbag.py:587} INFO - Filling up the DagBag from /home/airflow/.local/lib/python3.12/site-packages/airflow/example_dags/example_branch_python_dop_operator_3.py
[2024-08-22T04:45:33.936+0000] {processor.py:925} INFO - DAG(s) 'example_branch_dop_operator_v3' retrieved from /home/airflow/.local/lib/python3.12/site-packages/airflow/example_dags/example_branch_python_dop_operator_3.py
[2024-08-22T04:45:33.974+0000] {logging_mixin.py:190} INFO - [2024-08-22T04:45:33.974+0000] {dag.py:3211} INFO - Sync 1 DAGs
[2024-08-22T04:45:34.023+0000] {logging_mixin.py:190} INFO - [2024-08-22T04:45:34.023+0000] {dag.py:4138} INFO - Setting next_dagrun for example_branch_dop_operator_v3 to 2024-08-22 04:44:00+00:00, run_after=2024-08-22 04:45:00+00:00
[2024-08-22T04:45:34.053+0000] {processor.py:208} INFO - Processing /home/airflow/.local/lib/python3.12/site-packages/airflow/example_dags/example_branch_python_dop_operator_3.py took 0.172 seconds
[2024-08-22T04:46:04.421+0000] {processor.py:186} INFO - Started process (PID=518) to work on /home/airflow/.local/lib/python3.12/site-packages/airflow/example_dags/example_branch_python_dop_operator_3.py
[2024-08-22T04:46:04.423+0000] {processor.py:914} INFO - Processing file /home/airflow/.local/lib/python3.12/site-packages/airflow/example_dags/example_branch_python_dop_operator_3.py for tasks to queue
[2024-08-22T04:46:04.425+0000] {logging_mixin.py:190} INFO - [2024-08-22T04:46:04.425+0000] {dagbag.py:587} INFO - Filling up the DagBag from /home/airflow/.local/lib/python3.12/site-packages/airflow/example_dags/example_branch_python_dop_operator_3.py
[2024-08-22T04:46:04.436+0000] {processor.py:925} INFO - DAG(s) 'example_branch_dop_operator_v3' retrieved from /home/airflow/.local/lib/python3.12/site-packages/airflow/example_dags/example_branch_python_dop_operator_3.py
[2024-08-22T04:46:04.464+0000] {logging_mixin.py:190} INFO - [2024-08-22T04:46:04.464+0000] {dag.py:3211} INFO - Sync 1 DAGs
[2024-08-22T04:46:04.498+0000] {logging_mixin.py:190} INFO - [2024-08-22T04:46:04.497+0000] {dag.py:4138} INFO - Setting next_dagrun for example_branch_dop_operator_v3 to 2024-08-22 04:45:00+00:00, run_after=2024-08-22 04:46:00+00:00
[2024-08-22T04:46:04.530+0000] {processor.py:208} INFO - Processing /home/airflow/.local/lib/python3.12/site-packages/airflow/example_dags/example_branch_python_dop_operator_3.py took 0.116 seconds
[2024-08-22T04:46:34.908+0000] {processor.py:186} INFO - Started process (PID=581) to work on /home/airflow/.local/lib/python3.12/site-packages/airflow/example_dags/example_branch_python_dop_operator_3.py
[2024-08-22T04:46:34.909+0000] {processor.py:914} INFO - Processing file /home/airflow/.local/lib/python3.12/site-packages/airflow/example_dags/example_branch_python_dop_operator_3.py for tasks to queue
[2024-08-22T04:46:34.911+0000] {logging_mixin.py:190} INFO - [2024-08-22T04:46:34.911+0000] {dagbag.py:587} INFO - Filling up the DagBag from /home/airflow/.local/lib/python3.12/site-packages/airflow/example_dags/example_branch_python_dop_operator_3.py
[2024-08-22T04:46:34.924+0000] {processor.py:925} INFO - DAG(s) 'example_branch_dop_operator_v3' retrieved from /home/airflow/.local/lib/python3.12/site-packages/airflow/example_dags/example_branch_python_dop_operator_3.py
[2024-08-22T04:46:34.951+0000] {logging_mixin.py:190} INFO - [2024-08-22T04:46:34.950+0000] {dag.py:3211} INFO - Sync 1 DAGs
[2024-08-22T04:46:34.983+0000] {logging_mixin.py:190} INFO - [2024-08-22T04:46:34.982+0000] {dag.py:4138} INFO - Setting next_dagrun for example_branch_dop_operator_v3 to 2024-08-22 04:45:00+00:00, run_after=2024-08-22 04:46:00+00:00
[2024-08-22T04:46:35.009+0000] {processor.py:208} INFO - Processing /home/airflow/.local/lib/python3.12/site-packages/airflow/example_dags/example_branch_python_dop_operator_3.py took 0.109 seconds
[2024-08-22T04:47:06.659+0000] {processor.py:186} INFO - Started process (PID=659) to work on /home/airflow/.local/lib/python3.12/site-packages/airflow/example_dags/example_branch_python_dop_operator_3.py
[2024-08-22T04:47:06.661+0000] {processor.py:914} INFO - Processing file /home/airflow/.local/lib/python3.12/site-packages/airflow/example_dags/example_branch_python_dop_operator_3.py for tasks to queue
[2024-08-22T04:47:06.665+0000] {logging_mixin.py:190} INFO - [2024-08-22T04:47:06.663+0000] {dagbag.py:587} INFO - Filling up the DagBag from /home/airflow/.local/lib/python3.12/site-packages/airflow/example_dags/example_branch_python_dop_operator_3.py
[2024-08-22T04:47:06.677+0000] {processor.py:925} INFO - DAG(s) 'example_branch_dop_operator_v3' retrieved from /home/airflow/.local/lib/python3.12/site-packages/airflow/example_dags/example_branch_python_dop_operator_3.py
[2024-08-22T04:47:06.705+0000] {logging_mixin.py:190} INFO - [2024-08-22T04:47:06.705+0000] {dag.py:3211} INFO - Sync 1 DAGs
[2024-08-22T04:47:06.742+0000] {logging_mixin.py:190} INFO - [2024-08-22T04:47:06.741+0000] {dag.py:4138} INFO - Setting next_dagrun for example_branch_dop_operator_v3 to 2024-08-22 04:46:00+00:00, run_after=2024-08-22 04:47:00+00:00
[2024-08-22T04:47:06.767+0000] {processor.py:208} INFO - Processing /home/airflow/.local/lib/python3.12/site-packages/airflow/example_dags/example_branch_python_dop_operator_3.py took 0.121 seconds
[2024-08-22T04:47:39.069+0000] {processor.py:186} INFO - Started process (PID=722) to work on /home/airflow/.local/lib/python3.12/site-packages/airflow/example_dags/example_branch_python_dop_operator_3.py
[2024-08-22T04:47:39.070+0000] {processor.py:914} INFO - Processing file /home/airflow/.local/lib/python3.12/site-packages/airflow/example_dags/example_branch_python_dop_operator_3.py for tasks to queue
[2024-08-22T04:47:39.072+0000] {logging_mixin.py:190} INFO - [2024-08-22T04:47:39.072+0000] {dagbag.py:587} INFO - Filling up the DagBag from /home/airflow/.local/lib/python3.12/site-packages/airflow/example_dags/example_branch_python_dop_operator_3.py
[2024-08-22T04:47:39.084+0000] {processor.py:925} INFO - DAG(s) 'example_branch_dop_operator_v3' retrieved from /home/airflow/.local/lib/python3.12/site-packages/airflow/example_dags/example_branch_python_dop_operator_3.py
[2024-08-22T04:47:39.109+0000] {logging_mixin.py:190} INFO - [2024-08-22T04:47:39.109+0000] {dag.py:3211} INFO - Sync 1 DAGs
[2024-08-22T04:47:39.150+0000] {logging_mixin.py:190} INFO - [2024-08-22T04:47:39.149+0000] {dag.py:4138} INFO - Setting next_dagrun for example_branch_dop_operator_v3 to 2024-08-22 04:46:00+00:00, run_after=2024-08-22 04:47:00+00:00
[2024-08-22T04:47:39.197+0000] {processor.py:208} INFO - Processing /home/airflow/.local/lib/python3.12/site-packages/airflow/example_dags/example_branch_python_dop_operator_3.py took 0.134 seconds
[2024-08-22T04:48:10.235+0000] {processor.py:186} INFO - Started process (PID=785) to work on /home/airflow/.local/lib/python3.12/site-packages/airflow/example_dags/example_branch_python_dop_operator_3.py
[2024-08-22T04:48:10.236+0000] {processor.py:914} INFO - Processing file /home/airflow/.local/lib/python3.12/site-packages/airflow/example_dags/example_branch_python_dop_operator_3.py for tasks to queue
[2024-08-22T04:48:10.238+0000] {logging_mixin.py:190} INFO - [2024-08-22T04:48:10.238+0000] {dagbag.py:587} INFO - Filling up the DagBag from /home/airflow/.local/lib/python3.12/site-packages/airflow/example_dags/example_branch_python_dop_operator_3.py
[2024-08-22T04:48:10.248+0000] {processor.py:925} INFO - DAG(s) 'example_branch_dop_operator_v3' retrieved from /home/airflow/.local/lib/python3.12/site-packages/airflow/example_dags/example_branch_python_dop_operator_3.py
[2024-08-22T04:48:10.273+0000] {logging_mixin.py:190} INFO - [2024-08-22T04:48:10.273+0000] {dag.py:3211} INFO - Sync 1 DAGs
[2024-08-22T04:48:10.315+0000] {logging_mixin.py:190} INFO - [2024-08-22T04:48:10.314+0000] {dag.py:4138} INFO - Setting next_dagrun for example_branch_dop_operator_v3 to 2024-08-22 04:47:00+00:00, run_after=2024-08-22 04:48:00+00:00
[2024-08-22T04:48:10.342+0000] {processor.py:208} INFO - Processing /home/airflow/.local/lib/python3.12/site-packages/airflow/example_dags/example_branch_python_dop_operator_3.py took 0.114 seconds
[2024-08-22T04:48:41.174+0000] {processor.py:186} INFO - Started process (PID=848) to work on /home/airflow/.local/lib/python3.12/site-packages/airflow/example_dags/example_branch_python_dop_operator_3.py
[2024-08-22T04:48:41.174+0000] {processor.py:914} INFO - Processing file /home/airflow/.local/lib/python3.12/site-packages/airflow/example_dags/example_branch_python_dop_operator_3.py for tasks to queue
[2024-08-22T04:48:41.176+0000] {logging_mixin.py:190} INFO - [2024-08-22T04:48:41.176+0000] {dagbag.py:587} INFO - Filling up the DagBag from /home/airflow/.local/lib/python3.12/site-packages/airflow/example_dags/example_branch_python_dop_operator_3.py
[2024-08-22T04:48:41.186+0000] {processor.py:925} INFO - DAG(s) 'example_branch_dop_operator_v3' retrieved from /home/airflow/.local/lib/python3.12/site-packages/airflow/example_dags/example_branch_python_dop_operator_3.py
[2024-08-22T04:48:41.212+0000] {logging_mixin.py:190} INFO - [2024-08-22T04:48:41.212+0000] {dag.py:3211} INFO - Sync 1 DAGs
[2024-08-22T04:48:41.249+0000] {logging_mixin.py:190} INFO - [2024-08-22T04:48:41.249+0000] {dag.py:4138} INFO - Setting next_dagrun for example_branch_dop_operator_v3 to 2024-08-22 04:47:00+00:00, run_after=2024-08-22 04:48:00+00:00
[2024-08-22T04:48:41.286+0000] {processor.py:208} INFO - Processing /home/airflow/.local/lib/python3.12/site-packages/airflow/example_dags/example_branch_python_dop_operator_3.py took 0.120 seconds
[2024-08-22T04:49:11.835+0000] {processor.py:186} INFO - Started process (PID=911) to work on /home/airflow/.local/lib/python3.12/site-packages/airflow/example_dags/example_branch_python_dop_operator_3.py
[2024-08-22T04:49:11.836+0000] {processor.py:914} INFO - Processing file /home/airflow/.local/lib/python3.12/site-packages/airflow/example_dags/example_branch_python_dop_operator_3.py for tasks to queue
[2024-08-22T04:49:11.839+0000] {logging_mixin.py:190} INFO - [2024-08-22T04:49:11.839+0000] {dagbag.py:587} INFO - Filling up the DagBag from /home/airflow/.local/lib/python3.12/site-packages/airflow/example_dags/example_branch_python_dop_operator_3.py
[2024-08-22T04:49:11.852+0000] {processor.py:925} INFO - DAG(s) 'example_branch_dop_operator_v3' retrieved from /home/airflow/.local/lib/python3.12/site-packages/airflow/example_dags/example_branch_python_dop_operator_3.py
[2024-08-22T04:49:11.876+0000] {logging_mixin.py:190} INFO - [2024-08-22T04:49:11.876+0000] {dag.py:3211} INFO - Sync 1 DAGs
[2024-08-22T04:49:11.914+0000] {logging_mixin.py:190} INFO - [2024-08-22T04:49:11.914+0000] {dag.py:4138} INFO - Setting next_dagrun for example_branch_dop_operator_v3 to 2024-08-22 04:48:00+00:00, run_after=2024-08-22 04:49:00+00:00
[2024-08-22T04:49:11.982+0000] {processor.py:208} INFO - Processing /home/airflow/.local/lib/python3.12/site-packages/airflow/example_dags/example_branch_python_dop_operator_3.py took 0.153 seconds
