[2024-08-22T04:42:28.947+0000] {processor.py:186} INFO - Started process (PID=82) to work on /home/airflow/.local/lib/python3.12/site-packages/airflow/example_dags/example_sensor_decorator.py
[2024-08-22T04:42:28.947+0000] {processor.py:914} INFO - Processing file /home/airflow/.local/lib/python3.12/site-packages/airflow/example_dags/example_sensor_decorator.py for tasks to queue
[2024-08-22T04:42:28.950+0000] {logging_mixin.py:190} INFO - [2024-08-22T04:42:28.949+0000] {dagbag.py:587} INFO - Filling up the DagBag from /home/airflow/.local/lib/python3.12/site-packages/airflow/example_dags/example_sensor_decorator.py
[2024-08-22T04:42:28.958+0000] {processor.py:925} INFO - DAG(s) 'example_sensor_decorator' retrieved from /home/airflow/.local/lib/python3.12/site-packages/airflow/example_dags/example_sensor_decorator.py
[2024-08-22T04:42:29.088+0000] {logging_mixin.py:190} INFO - [2024-08-22T04:42:29.087+0000] {override.py:1858} INFO - Created Permission View: can delete on DAG:example_sensor_decorator
[2024-08-22T04:42:29.101+0000] {logging_mixin.py:190} INFO - [2024-08-22T04:42:29.100+0000] {override.py:1858} INFO - Created Permission View: can read on DAG:example_sensor_decorator
[2024-08-22T04:42:29.111+0000] {logging_mixin.py:190} INFO - [2024-08-22T04:42:29.111+0000] {override.py:1858} INFO - Created Permission View: can edit on DAG:example_sensor_decorator
[2024-08-22T04:42:29.112+0000] {logging_mixin.py:190} INFO - [2024-08-22T04:42:29.112+0000] {dag.py:3211} INFO - Sync 1 DAGs
[2024-08-22T04:42:29.131+0000] {logging_mixin.py:190} INFO - [2024-08-22T04:42:29.130+0000] {dag.py:3234} INFO - Creating ORM DAG for example_sensor_decorator
[2024-08-22T04:42:29.131+0000] {logging_mixin.py:190} INFO - [2024-08-22T04:42:29.131+0000] {dag.py:4138} INFO - Setting next_dagrun for example_sensor_decorator to None, run_after=None
[2024-08-22T04:42:29.158+0000] {processor.py:208} INFO - Processing /home/airflow/.local/lib/python3.12/site-packages/airflow/example_dags/example_sensor_decorator.py took 0.218 seconds
[2024-08-22T04:42:59.257+0000] {processor.py:186} INFO - Started process (PID=145) to work on /home/airflow/.local/lib/python3.12/site-packages/airflow/example_dags/example_sensor_decorator.py
[2024-08-22T04:42:59.258+0000] {processor.py:914} INFO - Processing file /home/airflow/.local/lib/python3.12/site-packages/airflow/example_dags/example_sensor_decorator.py for tasks to queue
[2024-08-22T04:42:59.260+0000] {logging_mixin.py:190} INFO - [2024-08-22T04:42:59.260+0000] {dagbag.py:587} INFO - Filling up the DagBag from /home/airflow/.local/lib/python3.12/site-packages/airflow/example_dags/example_sensor_decorator.py
[2024-08-22T04:42:59.269+0000] {processor.py:925} INFO - DAG(s) 'example_sensor_decorator' retrieved from /home/airflow/.local/lib/python3.12/site-packages/airflow/example_dags/example_sensor_decorator.py
[2024-08-22T04:42:59.293+0000] {logging_mixin.py:190} INFO - [2024-08-22T04:42:59.293+0000] {dag.py:3211} INFO - Sync 1 DAGs
[2024-08-22T04:42:59.313+0000] {logging_mixin.py:190} INFO - [2024-08-22T04:42:59.313+0000] {dag.py:4138} INFO - Setting next_dagrun for example_sensor_decorator to None, run_after=None
[2024-08-22T04:42:59.386+0000] {processor.py:208} INFO - Processing /home/airflow/.local/lib/python3.12/site-packages/airflow/example_dags/example_sensor_decorator.py took 0.139 seconds
[2024-08-22T04:43:30.448+0000] {processor.py:186} INFO - Started process (PID=208) to work on /home/airflow/.local/lib/python3.12/site-packages/airflow/example_dags/example_sensor_decorator.py
[2024-08-22T04:43:30.450+0000] {processor.py:914} INFO - Processing file /home/airflow/.local/lib/python3.12/site-packages/airflow/example_dags/example_sensor_decorator.py for tasks to queue
[2024-08-22T04:43:30.453+0000] {logging_mixin.py:190} INFO - [2024-08-22T04:43:30.452+0000] {dagbag.py:587} INFO - Filling up the DagBag from /home/airflow/.local/lib/python3.12/site-packages/airflow/example_dags/example_sensor_decorator.py
[2024-08-22T04:43:30.465+0000] {processor.py:925} INFO - DAG(s) 'example_sensor_decorator' retrieved from /home/airflow/.local/lib/python3.12/site-packages/airflow/example_dags/example_sensor_decorator.py
[2024-08-22T04:43:30.488+0000] {logging_mixin.py:190} INFO - [2024-08-22T04:43:30.488+0000] {dag.py:3211} INFO - Sync 1 DAGs
[2024-08-22T04:43:30.505+0000] {logging_mixin.py:190} INFO - [2024-08-22T04:43:30.505+0000] {dag.py:4138} INFO - Setting next_dagrun for example_sensor_decorator to None, run_after=None
[2024-08-22T04:43:30.573+0000] {processor.py:208} INFO - Processing /home/airflow/.local/lib/python3.12/site-packages/airflow/example_dags/example_sensor_decorator.py took 0.132 seconds
[2024-08-22T04:44:00.793+0000] {processor.py:186} INFO - Started process (PID=270) to work on /home/airflow/.local/lib/python3.12/site-packages/airflow/example_dags/example_sensor_decorator.py
[2024-08-22T04:44:00.794+0000] {processor.py:914} INFO - Processing file /home/airflow/.local/lib/python3.12/site-packages/airflow/example_dags/example_sensor_decorator.py for tasks to queue
[2024-08-22T04:44:00.797+0000] {logging_mixin.py:190} INFO - [2024-08-22T04:44:00.796+0000] {dagbag.py:587} INFO - Filling up the DagBag from /home/airflow/.local/lib/python3.12/site-packages/airflow/example_dags/example_sensor_decorator.py
[2024-08-22T04:44:00.810+0000] {processor.py:925} INFO - DAG(s) 'example_sensor_decorator' retrieved from /home/airflow/.local/lib/python3.12/site-packages/airflow/example_dags/example_sensor_decorator.py
[2024-08-22T04:44:00.846+0000] {logging_mixin.py:190} INFO - [2024-08-22T04:44:00.845+0000] {dag.py:3211} INFO - Sync 1 DAGs
[2024-08-22T04:44:00.888+0000] {logging_mixin.py:190} INFO - [2024-08-22T04:44:00.887+0000] {dag.py:4138} INFO - Setting next_dagrun for example_sensor_decorator to None, run_after=None
[2024-08-22T04:44:00.921+0000] {processor.py:208} INFO - Processing /home/airflow/.local/lib/python3.12/site-packages/airflow/example_dags/example_sensor_decorator.py took 0.136 seconds
[2024-08-22T04:44:31.450+0000] {processor.py:186} INFO - Started process (PID=333) to work on /home/airflow/.local/lib/python3.12/site-packages/airflow/example_dags/example_sensor_decorator.py
[2024-08-22T04:44:31.453+0000] {processor.py:914} INFO - Processing file /home/airflow/.local/lib/python3.12/site-packages/airflow/example_dags/example_sensor_decorator.py for tasks to queue
[2024-08-22T04:44:31.455+0000] {logging_mixin.py:190} INFO - [2024-08-22T04:44:31.454+0000] {dagbag.py:587} INFO - Filling up the DagBag from /home/airflow/.local/lib/python3.12/site-packages/airflow/example_dags/example_sensor_decorator.py
[2024-08-22T04:44:31.464+0000] {processor.py:925} INFO - DAG(s) 'example_sensor_decorator' retrieved from /home/airflow/.local/lib/python3.12/site-packages/airflow/example_dags/example_sensor_decorator.py
[2024-08-22T04:44:31.490+0000] {logging_mixin.py:190} INFO - [2024-08-22T04:44:31.489+0000] {dag.py:3211} INFO - Sync 1 DAGs
[2024-08-22T04:44:31.508+0000] {logging_mixin.py:190} INFO - [2024-08-22T04:44:31.508+0000] {dag.py:4138} INFO - Setting next_dagrun for example_sensor_decorator to None, run_after=None
[2024-08-22T04:44:31.566+0000] {processor.py:208} INFO - Processing /home/airflow/.local/lib/python3.12/site-packages/airflow/example_dags/example_sensor_decorator.py took 0.123 seconds
[2024-08-22T04:45:02.344+0000] {processor.py:186} INFO - Started process (PID=395) to work on /home/airflow/.local/lib/python3.12/site-packages/airflow/example_dags/example_sensor_decorator.py
[2024-08-22T04:45:02.345+0000] {processor.py:914} INFO - Processing file /home/airflow/.local/lib/python3.12/site-packages/airflow/example_dags/example_sensor_decorator.py for tasks to queue
[2024-08-22T04:45:02.347+0000] {logging_mixin.py:190} INFO - [2024-08-22T04:45:02.347+0000] {dagbag.py:587} INFO - Filling up the DagBag from /home/airflow/.local/lib/python3.12/site-packages/airflow/example_dags/example_sensor_decorator.py
[2024-08-22T04:45:02.355+0000] {processor.py:925} INFO - DAG(s) 'example_sensor_decorator' retrieved from /home/airflow/.local/lib/python3.12/site-packages/airflow/example_dags/example_sensor_decorator.py
[2024-08-22T04:45:02.378+0000] {logging_mixin.py:190} INFO - [2024-08-22T04:45:02.378+0000] {dag.py:3211} INFO - Sync 1 DAGs
[2024-08-22T04:45:02.396+0000] {logging_mixin.py:190} INFO - [2024-08-22T04:45:02.395+0000] {dag.py:4138} INFO - Setting next_dagrun for example_sensor_decorator to None, run_after=None
[2024-08-22T04:45:02.423+0000] {processor.py:208} INFO - Processing /home/airflow/.local/lib/python3.12/site-packages/airflow/example_dags/example_sensor_decorator.py took 0.086 seconds
[2024-08-22T04:45:34.099+0000] {processor.py:186} INFO - Started process (PID=458) to work on /home/airflow/.local/lib/python3.12/site-packages/airflow/example_dags/example_sensor_decorator.py
[2024-08-22T04:45:34.132+0000] {processor.py:914} INFO - Processing file /home/airflow/.local/lib/python3.12/site-packages/airflow/example_dags/example_sensor_decorator.py for tasks to queue
[2024-08-22T04:45:34.139+0000] {logging_mixin.py:190} INFO - [2024-08-22T04:45:34.135+0000] {dagbag.py:587} INFO - Filling up the DagBag from /home/airflow/.local/lib/python3.12/site-packages/airflow/example_dags/example_sensor_decorator.py
[2024-08-22T04:45:34.158+0000] {processor.py:925} INFO - DAG(s) 'example_sensor_decorator' retrieved from /home/airflow/.local/lib/python3.12/site-packages/airflow/example_dags/example_sensor_decorator.py
[2024-08-22T04:45:34.211+0000] {logging_mixin.py:190} INFO - [2024-08-22T04:45:34.210+0000] {dag.py:3211} INFO - Sync 1 DAGs
[2024-08-22T04:45:34.244+0000] {logging_mixin.py:190} INFO - [2024-08-22T04:45:34.239+0000] {dag.py:4138} INFO - Setting next_dagrun for example_sensor_decorator to None, run_after=None
[2024-08-22T04:45:34.285+0000] {processor.py:208} INFO - Processing /home/airflow/.local/lib/python3.12/site-packages/airflow/example_dags/example_sensor_decorator.py took 0.193 seconds
[2024-08-22T04:46:04.566+0000] {processor.py:186} INFO - Started process (PID=520) to work on /home/airflow/.local/lib/python3.12/site-packages/airflow/example_dags/example_sensor_decorator.py
[2024-08-22T04:46:04.567+0000] {processor.py:914} INFO - Processing file /home/airflow/.local/lib/python3.12/site-packages/airflow/example_dags/example_sensor_decorator.py for tasks to queue
[2024-08-22T04:46:04.570+0000] {logging_mixin.py:190} INFO - [2024-08-22T04:46:04.569+0000] {dagbag.py:587} INFO - Filling up the DagBag from /home/airflow/.local/lib/python3.12/site-packages/airflow/example_dags/example_sensor_decorator.py
[2024-08-22T04:46:04.578+0000] {processor.py:925} INFO - DAG(s) 'example_sensor_decorator' retrieved from /home/airflow/.local/lib/python3.12/site-packages/airflow/example_dags/example_sensor_decorator.py
[2024-08-22T04:46:04.602+0000] {logging_mixin.py:190} INFO - [2024-08-22T04:46:04.602+0000] {dag.py:3211} INFO - Sync 1 DAGs
[2024-08-22T04:46:04.620+0000] {logging_mixin.py:190} INFO - [2024-08-22T04:46:04.620+0000] {dag.py:4138} INFO - Setting next_dagrun for example_sensor_decorator to None, run_after=None
[2024-08-22T04:46:04.661+0000] {processor.py:208} INFO - Processing /home/airflow/.local/lib/python3.12/site-packages/airflow/example_dags/example_sensor_decorator.py took 0.101 seconds
[2024-08-22T04:46:35.156+0000] {processor.py:186} INFO - Started process (PID=584) to work on /home/airflow/.local/lib/python3.12/site-packages/airflow/example_dags/example_sensor_decorator.py
[2024-08-22T04:46:35.157+0000] {processor.py:914} INFO - Processing file /home/airflow/.local/lib/python3.12/site-packages/airflow/example_dags/example_sensor_decorator.py for tasks to queue
[2024-08-22T04:46:35.159+0000] {logging_mixin.py:190} INFO - [2024-08-22T04:46:35.158+0000] {dagbag.py:587} INFO - Filling up the DagBag from /home/airflow/.local/lib/python3.12/site-packages/airflow/example_dags/example_sensor_decorator.py
[2024-08-22T04:46:35.167+0000] {processor.py:925} INFO - DAG(s) 'example_sensor_decorator' retrieved from /home/airflow/.local/lib/python3.12/site-packages/airflow/example_dags/example_sensor_decorator.py
[2024-08-22T04:46:35.190+0000] {logging_mixin.py:190} INFO - [2024-08-22T04:46:35.190+0000] {dag.py:3211} INFO - Sync 1 DAGs
[2024-08-22T04:46:35.207+0000] {logging_mixin.py:190} INFO - [2024-08-22T04:46:35.207+0000] {dag.py:4138} INFO - Setting next_dagrun for example_sensor_decorator to None, run_after=None
[2024-08-22T04:46:35.230+0000] {processor.py:208} INFO - Processing /home/airflow/.local/lib/python3.12/site-packages/airflow/example_dags/example_sensor_decorator.py took 0.084 seconds
[2024-08-22T04:47:06.963+0000] {processor.py:186} INFO - Started process (PID=662) to work on /home/airflow/.local/lib/python3.12/site-packages/airflow/example_dags/example_sensor_decorator.py
[2024-08-22T04:47:06.964+0000] {processor.py:914} INFO - Processing file /home/airflow/.local/lib/python3.12/site-packages/airflow/example_dags/example_sensor_decorator.py for tasks to queue
[2024-08-22T04:47:06.966+0000] {logging_mixin.py:190} INFO - [2024-08-22T04:47:06.966+0000] {dagbag.py:587} INFO - Filling up the DagBag from /home/airflow/.local/lib/python3.12/site-packages/airflow/example_dags/example_sensor_decorator.py
[2024-08-22T04:47:06.977+0000] {processor.py:925} INFO - DAG(s) 'example_sensor_decorator' retrieved from /home/airflow/.local/lib/python3.12/site-packages/airflow/example_dags/example_sensor_decorator.py
[2024-08-22T04:47:07.003+0000] {logging_mixin.py:190} INFO - [2024-08-22T04:47:07.003+0000] {dag.py:3211} INFO - Sync 1 DAGs
[2024-08-22T04:47:07.024+0000] {logging_mixin.py:190} INFO - [2024-08-22T04:47:07.024+0000] {dag.py:4138} INFO - Setting next_dagrun for example_sensor_decorator to None, run_after=None
[2024-08-22T04:47:07.051+0000] {processor.py:208} INFO - Processing /home/airflow/.local/lib/python3.12/site-packages/airflow/example_dags/example_sensor_decorator.py took 0.097 seconds
[2024-08-22T04:47:39.380+0000] {processor.py:186} INFO - Started process (PID=725) to work on /home/airflow/.local/lib/python3.12/site-packages/airflow/example_dags/example_sensor_decorator.py
[2024-08-22T04:47:39.381+0000] {processor.py:914} INFO - Processing file /home/airflow/.local/lib/python3.12/site-packages/airflow/example_dags/example_sensor_decorator.py for tasks to queue
[2024-08-22T04:47:39.383+0000] {logging_mixin.py:190} INFO - [2024-08-22T04:47:39.383+0000] {dagbag.py:587} INFO - Filling up the DagBag from /home/airflow/.local/lib/python3.12/site-packages/airflow/example_dags/example_sensor_decorator.py
[2024-08-22T04:47:39.392+0000] {processor.py:925} INFO - DAG(s) 'example_sensor_decorator' retrieved from /home/airflow/.local/lib/python3.12/site-packages/airflow/example_dags/example_sensor_decorator.py
[2024-08-22T04:47:39.419+0000] {logging_mixin.py:190} INFO - [2024-08-22T04:47:39.419+0000] {dag.py:3211} INFO - Sync 1 DAGs
[2024-08-22T04:47:39.442+0000] {logging_mixin.py:190} INFO - [2024-08-22T04:47:39.441+0000] {dag.py:4138} INFO - Setting next_dagrun for example_sensor_decorator to None, run_after=None
[2024-08-22T04:47:39.495+0000] {processor.py:208} INFO - Processing /home/airflow/.local/lib/python3.12/site-packages/airflow/example_dags/example_sensor_decorator.py took 0.121 seconds
[2024-08-22T04:48:10.472+0000] {processor.py:186} INFO - Started process (PID=788) to work on /home/airflow/.local/lib/python3.12/site-packages/airflow/example_dags/example_sensor_decorator.py
[2024-08-22T04:48:10.473+0000] {processor.py:914} INFO - Processing file /home/airflow/.local/lib/python3.12/site-packages/airflow/example_dags/example_sensor_decorator.py for tasks to queue
[2024-08-22T04:48:10.476+0000] {logging_mixin.py:190} INFO - [2024-08-22T04:48:10.475+0000] {dagbag.py:587} INFO - Filling up the DagBag from /home/airflow/.local/lib/python3.12/site-packages/airflow/example_dags/example_sensor_decorator.py
[2024-08-22T04:48:10.488+0000] {processor.py:925} INFO - DAG(s) 'example_sensor_decorator' retrieved from /home/airflow/.local/lib/python3.12/site-packages/airflow/example_dags/example_sensor_decorator.py
[2024-08-22T04:48:10.514+0000] {logging_mixin.py:190} INFO - [2024-08-22T04:48:10.514+0000] {dag.py:3211} INFO - Sync 1 DAGs
[2024-08-22T04:48:10.534+0000] {logging_mixin.py:190} INFO - [2024-08-22T04:48:10.534+0000] {dag.py:4138} INFO - Setting next_dagrun for example_sensor_decorator to None, run_after=None
[2024-08-22T04:48:10.561+0000] {processor.py:208} INFO - Processing /home/airflow/.local/lib/python3.12/site-packages/airflow/example_dags/example_sensor_decorator.py took 0.097 seconds
[2024-08-22T04:48:41.499+0000] {processor.py:186} INFO - Started process (PID=851) to work on /home/airflow/.local/lib/python3.12/site-packages/airflow/example_dags/example_sensor_decorator.py
[2024-08-22T04:48:41.500+0000] {processor.py:914} INFO - Processing file /home/airflow/.local/lib/python3.12/site-packages/airflow/example_dags/example_sensor_decorator.py for tasks to queue
[2024-08-22T04:48:41.502+0000] {logging_mixin.py:190} INFO - [2024-08-22T04:48:41.502+0000] {dagbag.py:587} INFO - Filling up the DagBag from /home/airflow/.local/lib/python3.12/site-packages/airflow/example_dags/example_sensor_decorator.py
[2024-08-22T04:48:41.511+0000] {processor.py:925} INFO - DAG(s) 'example_sensor_decorator' retrieved from /home/airflow/.local/lib/python3.12/site-packages/airflow/example_dags/example_sensor_decorator.py
[2024-08-22T04:48:41.534+0000] {logging_mixin.py:190} INFO - [2024-08-22T04:48:41.533+0000] {dag.py:3211} INFO - Sync 1 DAGs
[2024-08-22T04:48:41.554+0000] {logging_mixin.py:190} INFO - [2024-08-22T04:48:41.553+0000] {dag.py:4138} INFO - Setting next_dagrun for example_sensor_decorator to None, run_after=None
[2024-08-22T04:48:41.620+0000] {processor.py:208} INFO - Processing /home/airflow/.local/lib/python3.12/site-packages/airflow/example_dags/example_sensor_decorator.py took 0.127 seconds
[2024-08-22T04:49:12.183+0000] {processor.py:186} INFO - Started process (PID=914) to work on /home/airflow/.local/lib/python3.12/site-packages/airflow/example_dags/example_sensor_decorator.py
[2024-08-22T04:49:12.184+0000] {processor.py:914} INFO - Processing file /home/airflow/.local/lib/python3.12/site-packages/airflow/example_dags/example_sensor_decorator.py for tasks to queue
[2024-08-22T04:49:12.187+0000] {logging_mixin.py:190} INFO - [2024-08-22T04:49:12.186+0000] {dagbag.py:587} INFO - Filling up the DagBag from /home/airflow/.local/lib/python3.12/site-packages/airflow/example_dags/example_sensor_decorator.py
[2024-08-22T04:49:12.196+0000] {processor.py:925} INFO - DAG(s) 'example_sensor_decorator' retrieved from /home/airflow/.local/lib/python3.12/site-packages/airflow/example_dags/example_sensor_decorator.py
[2024-08-22T04:49:12.218+0000] {logging_mixin.py:190} INFO - [2024-08-22T04:49:12.218+0000] {dag.py:3211} INFO - Sync 1 DAGs
[2024-08-22T04:49:12.245+0000] {logging_mixin.py:190} INFO - [2024-08-22T04:49:12.244+0000] {dag.py:4138} INFO - Setting next_dagrun for example_sensor_decorator to None, run_after=None
[2024-08-22T04:49:12.273+0000] {processor.py:208} INFO - Processing /home/airflow/.local/lib/python3.12/site-packages/airflow/example_dags/example_sensor_decorator.py took 0.096 seconds
