[2024-08-22T04:42:24.919+0000] {processor.py:186} INFO - Started process (PID=56) to work on /home/airflow/.local/lib/python3.12/site-packages/airflow/example_dags/example_sensors.py
[2024-08-22T04:42:24.920+0000] {processor.py:914} INFO - Processing file /home/airflow/.local/lib/python3.12/site-packages/airflow/example_dags/example_sensors.py for tasks to queue
[2024-08-22T04:42:24.922+0000] {logging_mixin.py:190} INFO - [2024-08-22T04:42:24.922+0000] {dagbag.py:587} INFO - Filling up the DagBag from /home/airflow/.local/lib/python3.12/site-packages/airflow/example_dags/example_sensors.py
[2024-08-22T04:42:24.937+0000] {processor.py:925} INFO - DAG(s) 'example_sensors' retrieved from /home/airflow/.local/lib/python3.12/site-packages/airflow/example_dags/example_sensors.py
[2024-08-22T04:42:25.076+0000] {logging_mixin.py:190} INFO - [2024-08-22T04:42:25.075+0000] {override.py:1858} INFO - Created Permission View: can delete on DAG:example_sensors
[2024-08-22T04:42:25.092+0000] {logging_mixin.py:190} INFO - [2024-08-22T04:42:25.092+0000] {override.py:1858} INFO - Created Permission View: can read on DAG:example_sensors
[2024-08-22T04:42:25.105+0000] {logging_mixin.py:190} INFO - [2024-08-22T04:42:25.105+0000] {override.py:1858} INFO - Created Permission View: can edit on DAG:example_sensors
[2024-08-22T04:42:25.107+0000] {logging_mixin.py:190} INFO - [2024-08-22T04:42:25.107+0000] {dag.py:3211} INFO - Sync 1 DAGs
[2024-08-22T04:42:25.124+0000] {logging_mixin.py:190} INFO - [2024-08-22T04:42:25.124+0000] {dag.py:3234} INFO - Creating ORM DAG for example_sensors
[2024-08-22T04:42:25.125+0000] {logging_mixin.py:190} INFO - [2024-08-22T04:42:25.125+0000] {dag.py:4138} INFO - Setting next_dagrun for example_sensors to None, run_after=None
[2024-08-22T04:42:25.148+0000] {processor.py:208} INFO - Processing /home/airflow/.local/lib/python3.12/site-packages/airflow/example_dags/example_sensors.py took 0.235 seconds
[2024-08-22T04:42:55.719+0000] {processor.py:186} INFO - Started process (PID=119) to work on /home/airflow/.local/lib/python3.12/site-packages/airflow/example_dags/example_sensors.py
[2024-08-22T04:42:55.720+0000] {processor.py:914} INFO - Processing file /home/airflow/.local/lib/python3.12/site-packages/airflow/example_dags/example_sensors.py for tasks to queue
[2024-08-22T04:42:55.723+0000] {logging_mixin.py:190} INFO - [2024-08-22T04:42:55.722+0000] {dagbag.py:587} INFO - Filling up the DagBag from /home/airflow/.local/lib/python3.12/site-packages/airflow/example_dags/example_sensors.py
[2024-08-22T04:42:55.735+0000] {processor.py:925} INFO - DAG(s) 'example_sensors' retrieved from /home/airflow/.local/lib/python3.12/site-packages/airflow/example_dags/example_sensors.py
[2024-08-22T04:42:55.765+0000] {logging_mixin.py:190} INFO - [2024-08-22T04:42:55.765+0000] {dag.py:3211} INFO - Sync 1 DAGs
[2024-08-22T04:42:55.784+0000] {logging_mixin.py:190} INFO - [2024-08-22T04:42:55.784+0000] {dag.py:4138} INFO - Setting next_dagrun for example_sensors to None, run_after=None
[2024-08-22T04:42:55.849+0000] {processor.py:208} INFO - Processing /home/airflow/.local/lib/python3.12/site-packages/airflow/example_dags/example_sensors.py took 0.136 seconds
[2024-08-22T04:43:26.541+0000] {processor.py:186} INFO - Started process (PID=182) to work on /home/airflow/.local/lib/python3.12/site-packages/airflow/example_dags/example_sensors.py
[2024-08-22T04:43:26.542+0000] {processor.py:914} INFO - Processing file /home/airflow/.local/lib/python3.12/site-packages/airflow/example_dags/example_sensors.py for tasks to queue
[2024-08-22T04:43:26.545+0000] {logging_mixin.py:190} INFO - [2024-08-22T04:43:26.544+0000] {dagbag.py:587} INFO - Filling up the DagBag from /home/airflow/.local/lib/python3.12/site-packages/airflow/example_dags/example_sensors.py
[2024-08-22T04:43:26.558+0000] {processor.py:925} INFO - DAG(s) 'example_sensors' retrieved from /home/airflow/.local/lib/python3.12/site-packages/airflow/example_dags/example_sensors.py
[2024-08-22T04:43:26.592+0000] {logging_mixin.py:190} INFO - [2024-08-22T04:43:26.591+0000] {dag.py:3211} INFO - Sync 1 DAGs
[2024-08-22T04:43:26.611+0000] {logging_mixin.py:190} INFO - [2024-08-22T04:43:26.611+0000] {dag.py:4138} INFO - Setting next_dagrun for example_sensors to None, run_after=None
[2024-08-22T04:43:26.635+0000] {processor.py:208} INFO - Processing /home/airflow/.local/lib/python3.12/site-packages/airflow/example_dags/example_sensors.py took 0.101 seconds
[2024-08-22T04:43:57.176+0000] {processor.py:186} INFO - Started process (PID=244) to work on /home/airflow/.local/lib/python3.12/site-packages/airflow/example_dags/example_sensors.py
[2024-08-22T04:43:57.177+0000] {processor.py:914} INFO - Processing file /home/airflow/.local/lib/python3.12/site-packages/airflow/example_dags/example_sensors.py for tasks to queue
[2024-08-22T04:43:57.182+0000] {logging_mixin.py:190} INFO - [2024-08-22T04:43:57.182+0000] {dagbag.py:587} INFO - Filling up the DagBag from /home/airflow/.local/lib/python3.12/site-packages/airflow/example_dags/example_sensors.py
[2024-08-22T04:43:57.198+0000] {processor.py:925} INFO - DAG(s) 'example_sensors' retrieved from /home/airflow/.local/lib/python3.12/site-packages/airflow/example_dags/example_sensors.py
[2024-08-22T04:43:57.282+0000] {logging_mixin.py:190} INFO - [2024-08-22T04:43:57.282+0000] {dag.py:3211} INFO - Sync 1 DAGs
[2024-08-22T04:43:57.310+0000] {logging_mixin.py:190} INFO - [2024-08-22T04:43:57.309+0000] {dag.py:4138} INFO - Setting next_dagrun for example_sensors to None, run_after=None
[2024-08-22T04:43:57.353+0000] {processor.py:208} INFO - Processing /home/airflow/.local/lib/python3.12/site-packages/airflow/example_dags/example_sensors.py took 0.184 seconds
[2024-08-22T04:44:27.733+0000] {processor.py:186} INFO - Started process (PID=307) to work on /home/airflow/.local/lib/python3.12/site-packages/airflow/example_dags/example_sensors.py
[2024-08-22T04:44:27.734+0000] {processor.py:914} INFO - Processing file /home/airflow/.local/lib/python3.12/site-packages/airflow/example_dags/example_sensors.py for tasks to queue
[2024-08-22T04:44:27.736+0000] {logging_mixin.py:190} INFO - [2024-08-22T04:44:27.735+0000] {dagbag.py:587} INFO - Filling up the DagBag from /home/airflow/.local/lib/python3.12/site-packages/airflow/example_dags/example_sensors.py
[2024-08-22T04:44:27.747+0000] {processor.py:925} INFO - DAG(s) 'example_sensors' retrieved from /home/airflow/.local/lib/python3.12/site-packages/airflow/example_dags/example_sensors.py
[2024-08-22T04:44:27.778+0000] {logging_mixin.py:190} INFO - [2024-08-22T04:44:27.777+0000] {dag.py:3211} INFO - Sync 1 DAGs
[2024-08-22T04:44:27.794+0000] {logging_mixin.py:190} INFO - [2024-08-22T04:44:27.794+0000] {dag.py:4138} INFO - Setting next_dagrun for example_sensors to None, run_after=None
[2024-08-22T04:44:27.821+0000] {processor.py:208} INFO - Processing /home/airflow/.local/lib/python3.12/site-packages/airflow/example_dags/example_sensors.py took 0.095 seconds
[2024-08-22T04:44:58.206+0000] {processor.py:186} INFO - Started process (PID=370) to work on /home/airflow/.local/lib/python3.12/site-packages/airflow/example_dags/example_sensors.py
[2024-08-22T04:44:58.207+0000] {processor.py:914} INFO - Processing file /home/airflow/.local/lib/python3.12/site-packages/airflow/example_dags/example_sensors.py for tasks to queue
[2024-08-22T04:44:58.209+0000] {logging_mixin.py:190} INFO - [2024-08-22T04:44:58.208+0000] {dagbag.py:587} INFO - Filling up the DagBag from /home/airflow/.local/lib/python3.12/site-packages/airflow/example_dags/example_sensors.py
[2024-08-22T04:44:58.222+0000] {processor.py:925} INFO - DAG(s) 'example_sensors' retrieved from /home/airflow/.local/lib/python3.12/site-packages/airflow/example_dags/example_sensors.py
[2024-08-22T04:44:58.256+0000] {logging_mixin.py:190} INFO - [2024-08-22T04:44:58.256+0000] {dag.py:3211} INFO - Sync 1 DAGs
[2024-08-22T04:44:58.275+0000] {logging_mixin.py:190} INFO - [2024-08-22T04:44:58.275+0000] {dag.py:4138} INFO - Setting next_dagrun for example_sensors to None, run_after=None
[2024-08-22T04:44:58.300+0000] {processor.py:208} INFO - Processing /home/airflow/.local/lib/python3.12/site-packages/airflow/example_dags/example_sensors.py took 0.103 seconds
[2024-08-22T04:45:29.011+0000] {processor.py:186} INFO - Started process (PID=433) to work on /home/airflow/.local/lib/python3.12/site-packages/airflow/example_dags/example_sensors.py
[2024-08-22T04:45:29.013+0000] {processor.py:914} INFO - Processing file /home/airflow/.local/lib/python3.12/site-packages/airflow/example_dags/example_sensors.py for tasks to queue
[2024-08-22T04:45:29.015+0000] {logging_mixin.py:190} INFO - [2024-08-22T04:45:29.014+0000] {dagbag.py:587} INFO - Filling up the DagBag from /home/airflow/.local/lib/python3.12/site-packages/airflow/example_dags/example_sensors.py
[2024-08-22T04:45:29.027+0000] {processor.py:925} INFO - DAG(s) 'example_sensors' retrieved from /home/airflow/.local/lib/python3.12/site-packages/airflow/example_dags/example_sensors.py
[2024-08-22T04:45:29.057+0000] {logging_mixin.py:190} INFO - [2024-08-22T04:45:29.057+0000] {dag.py:3211} INFO - Sync 1 DAGs
[2024-08-22T04:45:29.076+0000] {logging_mixin.py:190} INFO - [2024-08-22T04:45:29.076+0000] {dag.py:4138} INFO - Setting next_dagrun for example_sensors to None, run_after=None
[2024-08-22T04:45:29.101+0000] {processor.py:208} INFO - Processing /home/airflow/.local/lib/python3.12/site-packages/airflow/example_dags/example_sensors.py took 0.096 seconds
[2024-08-22T04:45:59.571+0000] {processor.py:186} INFO - Started process (PID=495) to work on /home/airflow/.local/lib/python3.12/site-packages/airflow/example_dags/example_sensors.py
[2024-08-22T04:45:59.572+0000] {processor.py:914} INFO - Processing file /home/airflow/.local/lib/python3.12/site-packages/airflow/example_dags/example_sensors.py for tasks to queue
[2024-08-22T04:45:59.574+0000] {logging_mixin.py:190} INFO - [2024-08-22T04:45:59.573+0000] {dagbag.py:587} INFO - Filling up the DagBag from /home/airflow/.local/lib/python3.12/site-packages/airflow/example_dags/example_sensors.py
[2024-08-22T04:45:59.585+0000] {processor.py:925} INFO - DAG(s) 'example_sensors' retrieved from /home/airflow/.local/lib/python3.12/site-packages/airflow/example_dags/example_sensors.py
[2024-08-22T04:45:59.621+0000] {logging_mixin.py:190} INFO - [2024-08-22T04:45:59.621+0000] {dag.py:3211} INFO - Sync 1 DAGs
[2024-08-22T04:45:59.639+0000] {logging_mixin.py:190} INFO - [2024-08-22T04:45:59.639+0000] {dag.py:4138} INFO - Setting next_dagrun for example_sensors to None, run_after=None
[2024-08-22T04:45:59.663+0000] {processor.py:208} INFO - Processing /home/airflow/.local/lib/python3.12/site-packages/airflow/example_dags/example_sensors.py took 0.098 seconds
[2024-08-22T04:46:30.158+0000] {processor.py:186} INFO - Started process (PID=558) to work on /home/airflow/.local/lib/python3.12/site-packages/airflow/example_dags/example_sensors.py
[2024-08-22T04:46:30.159+0000] {processor.py:914} INFO - Processing file /home/airflow/.local/lib/python3.12/site-packages/airflow/example_dags/example_sensors.py for tasks to queue
[2024-08-22T04:46:30.161+0000] {logging_mixin.py:190} INFO - [2024-08-22T04:46:30.160+0000] {dagbag.py:587} INFO - Filling up the DagBag from /home/airflow/.local/lib/python3.12/site-packages/airflow/example_dags/example_sensors.py
[2024-08-22T04:46:30.171+0000] {processor.py:925} INFO - DAG(s) 'example_sensors' retrieved from /home/airflow/.local/lib/python3.12/site-packages/airflow/example_dags/example_sensors.py
[2024-08-22T04:46:30.200+0000] {logging_mixin.py:190} INFO - [2024-08-22T04:46:30.199+0000] {dag.py:3211} INFO - Sync 1 DAGs
[2024-08-22T04:46:30.217+0000] {logging_mixin.py:190} INFO - [2024-08-22T04:46:30.217+0000] {dag.py:4138} INFO - Setting next_dagrun for example_sensors to None, run_after=None
[2024-08-22T04:46:30.238+0000] {processor.py:208} INFO - Processing /home/airflow/.local/lib/python3.12/site-packages/airflow/example_dags/example_sensors.py took 0.086 seconds
[2024-08-22T04:47:01.071+0000] {processor.py:186} INFO - Started process (PID=636) to work on /home/airflow/.local/lib/python3.12/site-packages/airflow/example_dags/example_sensors.py
[2024-08-22T04:47:01.082+0000] {processor.py:914} INFO - Processing file /home/airflow/.local/lib/python3.12/site-packages/airflow/example_dags/example_sensors.py for tasks to queue
[2024-08-22T04:47:01.087+0000] {logging_mixin.py:190} INFO - [2024-08-22T04:47:01.084+0000] {dagbag.py:587} INFO - Filling up the DagBag from /home/airflow/.local/lib/python3.12/site-packages/airflow/example_dags/example_sensors.py
[2024-08-22T04:47:01.109+0000] {processor.py:925} INFO - DAG(s) 'example_sensors' retrieved from /home/airflow/.local/lib/python3.12/site-packages/airflow/example_dags/example_sensors.py
[2024-08-22T04:47:01.168+0000] {logging_mixin.py:190} INFO - [2024-08-22T04:47:01.167+0000] {dag.py:3211} INFO - Sync 1 DAGs
[2024-08-22T04:47:01.193+0000] {logging_mixin.py:190} INFO - [2024-08-22T04:47:01.193+0000] {dag.py:4138} INFO - Setting next_dagrun for example_sensors to None, run_after=None
[2024-08-22T04:47:01.244+0000] {processor.py:208} INFO - Processing /home/airflow/.local/lib/python3.12/site-packages/airflow/example_dags/example_sensors.py took 0.182 seconds
[2024-08-22T04:47:35.107+0000] {processor.py:186} INFO - Started process (PID=699) to work on /home/airflow/.local/lib/python3.12/site-packages/airflow/example_dags/example_sensors.py
[2024-08-22T04:47:35.116+0000] {processor.py:914} INFO - Processing file /home/airflow/.local/lib/python3.12/site-packages/airflow/example_dags/example_sensors.py for tasks to queue
[2024-08-22T04:47:35.128+0000] {logging_mixin.py:190} INFO - [2024-08-22T04:47:35.127+0000] {dagbag.py:587} INFO - Filling up the DagBag from /home/airflow/.local/lib/python3.12/site-packages/airflow/example_dags/example_sensors.py
[2024-08-22T04:47:35.187+0000] {processor.py:925} INFO - DAG(s) 'example_sensors' retrieved from /home/airflow/.local/lib/python3.12/site-packages/airflow/example_dags/example_sensors.py
[2024-08-22T04:47:35.277+0000] {logging_mixin.py:190} INFO - [2024-08-22T04:47:35.277+0000] {dag.py:3211} INFO - Sync 1 DAGs
[2024-08-22T04:47:35.335+0000] {logging_mixin.py:190} INFO - [2024-08-22T04:47:35.335+0000] {dag.py:4138} INFO - Setting next_dagrun for example_sensors to None, run_after=None
[2024-08-22T04:47:35.404+0000] {processor.py:208} INFO - Processing /home/airflow/.local/lib/python3.12/site-packages/airflow/example_dags/example_sensors.py took 0.312 seconds
[2024-08-22T04:48:06.091+0000] {processor.py:186} INFO - Started process (PID=762) to work on /home/airflow/.local/lib/python3.12/site-packages/airflow/example_dags/example_sensors.py
[2024-08-22T04:48:06.093+0000] {processor.py:914} INFO - Processing file /home/airflow/.local/lib/python3.12/site-packages/airflow/example_dags/example_sensors.py for tasks to queue
[2024-08-22T04:48:06.096+0000] {logging_mixin.py:190} INFO - [2024-08-22T04:48:06.095+0000] {dagbag.py:587} INFO - Filling up the DagBag from /home/airflow/.local/lib/python3.12/site-packages/airflow/example_dags/example_sensors.py
[2024-08-22T04:48:06.111+0000] {processor.py:925} INFO - DAG(s) 'example_sensors' retrieved from /home/airflow/.local/lib/python3.12/site-packages/airflow/example_dags/example_sensors.py
[2024-08-22T04:48:06.152+0000] {logging_mixin.py:190} INFO - [2024-08-22T04:48:06.151+0000] {dag.py:3211} INFO - Sync 1 DAGs
[2024-08-22T04:48:06.172+0000] {logging_mixin.py:190} INFO - [2024-08-22T04:48:06.172+0000] {dag.py:4138} INFO - Setting next_dagrun for example_sensors to None, run_after=None
[2024-08-22T04:48:06.198+0000] {processor.py:208} INFO - Processing /home/airflow/.local/lib/python3.12/site-packages/airflow/example_dags/example_sensors.py took 0.116 seconds
[2024-08-22T04:48:36.809+0000] {processor.py:186} INFO - Started process (PID=825) to work on /home/airflow/.local/lib/python3.12/site-packages/airflow/example_dags/example_sensors.py
[2024-08-22T04:48:36.810+0000] {processor.py:914} INFO - Processing file /home/airflow/.local/lib/python3.12/site-packages/airflow/example_dags/example_sensors.py for tasks to queue
[2024-08-22T04:48:36.813+0000] {logging_mixin.py:190} INFO - [2024-08-22T04:48:36.812+0000] {dagbag.py:587} INFO - Filling up the DagBag from /home/airflow/.local/lib/python3.12/site-packages/airflow/example_dags/example_sensors.py
[2024-08-22T04:48:36.825+0000] {processor.py:925} INFO - DAG(s) 'example_sensors' retrieved from /home/airflow/.local/lib/python3.12/site-packages/airflow/example_dags/example_sensors.py
[2024-08-22T04:48:36.860+0000] {logging_mixin.py:190} INFO - [2024-08-22T04:48:36.860+0000] {dag.py:3211} INFO - Sync 1 DAGs
[2024-08-22T04:48:36.880+0000] {logging_mixin.py:190} INFO - [2024-08-22T04:48:36.880+0000] {dag.py:4138} INFO - Setting next_dagrun for example_sensors to None, run_after=None
[2024-08-22T04:48:36.907+0000] {processor.py:208} INFO - Processing /home/airflow/.local/lib/python3.12/site-packages/airflow/example_dags/example_sensors.py took 0.106 seconds
[2024-08-22T04:49:07.514+0000] {processor.py:186} INFO - Started process (PID=888) to work on /home/airflow/.local/lib/python3.12/site-packages/airflow/example_dags/example_sensors.py
[2024-08-22T04:49:07.515+0000] {processor.py:914} INFO - Processing file /home/airflow/.local/lib/python3.12/site-packages/airflow/example_dags/example_sensors.py for tasks to queue
[2024-08-22T04:49:07.517+0000] {logging_mixin.py:190} INFO - [2024-08-22T04:49:07.517+0000] {dagbag.py:587} INFO - Filling up the DagBag from /home/airflow/.local/lib/python3.12/site-packages/airflow/example_dags/example_sensors.py
[2024-08-22T04:49:07.530+0000] {processor.py:925} INFO - DAG(s) 'example_sensors' retrieved from /home/airflow/.local/lib/python3.12/site-packages/airflow/example_dags/example_sensors.py
[2024-08-22T04:49:07.563+0000] {logging_mixin.py:190} INFO - [2024-08-22T04:49:07.563+0000] {dag.py:3211} INFO - Sync 1 DAGs
[2024-08-22T04:49:07.583+0000] {logging_mixin.py:190} INFO - [2024-08-22T04:49:07.583+0000] {dag.py:4138} INFO - Setting next_dagrun for example_sensors to None, run_after=None
[2024-08-22T04:49:07.609+0000] {processor.py:208} INFO - Processing /home/airflow/.local/lib/python3.12/site-packages/airflow/example_dags/example_sensors.py took 0.101 seconds
