[2024-08-22T04:42:20.159+0000] {processor.py:186} INFO - Started process (PID=37) to work on /home/airflow/.local/lib/python3.12/site-packages/airflow/example_dags/example_task_group_decorator.py
[2024-08-22T04:42:20.159+0000] {processor.py:914} INFO - Processing file /home/airflow/.local/lib/python3.12/site-packages/airflow/example_dags/example_task_group_decorator.py for tasks to queue
[2024-08-22T04:42:20.162+0000] {logging_mixin.py:190} INFO - [2024-08-22T04:42:20.162+0000] {dagbag.py:587} INFO - Filling up the DagBag from /home/airflow/.local/lib/python3.12/site-packages/airflow/example_dags/example_task_group_decorator.py
[2024-08-22T04:42:20.201+0000] {processor.py:925} INFO - DAG(s) 'example_task_group_decorator' retrieved from /home/airflow/.local/lib/python3.12/site-packages/airflow/example_dags/example_task_group_decorator.py
[2024-08-22T04:42:20.574+0000] {logging_mixin.py:190} INFO - [2024-08-22T04:42:20.573+0000] {override.py:1858} INFO - Created Permission View: can delete on DAG:example_task_group_decorator
[2024-08-22T04:42:20.599+0000] {logging_mixin.py:190} INFO - [2024-08-22T04:42:20.599+0000] {override.py:1858} INFO - Created Permission View: can read on DAG:example_task_group_decorator
[2024-08-22T04:42:20.612+0000] {logging_mixin.py:190} INFO - [2024-08-22T04:42:20.612+0000] {override.py:1858} INFO - Created Permission View: can edit on DAG:example_task_group_decorator
[2024-08-22T04:42:20.612+0000] {logging_mixin.py:190} INFO - [2024-08-22T04:42:20.612+0000] {dag.py:3211} INFO - Sync 1 DAGs
[2024-08-22T04:42:20.640+0000] {logging_mixin.py:190} INFO - [2024-08-22T04:42:20.640+0000] {dag.py:3234} INFO - Creating ORM DAG for example_task_group_decorator
[2024-08-22T04:42:20.661+0000] {logging_mixin.py:190} INFO - [2024-08-22T04:42:20.660+0000] {dag.py:4138} INFO - Setting next_dagrun for example_task_group_decorator to 2024-08-21 00:00:00+00:00, run_after=2024-08-22 00:00:00+00:00
[2024-08-22T04:42:20.692+0000] {processor.py:208} INFO - Processing /home/airflow/.local/lib/python3.12/site-packages/airflow/example_dags/example_task_group_decorator.py took 0.540 seconds
[2024-08-22T04:42:51.302+0000] {processor.py:186} INFO - Started process (PID=99) to work on /home/airflow/.local/lib/python3.12/site-packages/airflow/example_dags/example_task_group_decorator.py
[2024-08-22T04:42:51.335+0000] {processor.py:914} INFO - Processing file /home/airflow/.local/lib/python3.12/site-packages/airflow/example_dags/example_task_group_decorator.py for tasks to queue
[2024-08-22T04:42:51.338+0000] {logging_mixin.py:190} INFO - [2024-08-22T04:42:51.338+0000] {dagbag.py:587} INFO - Filling up the DagBag from /home/airflow/.local/lib/python3.12/site-packages/airflow/example_dags/example_task_group_decorator.py
[2024-08-22T04:42:51.365+0000] {processor.py:925} INFO - DAG(s) 'example_task_group_decorator' retrieved from /home/airflow/.local/lib/python3.12/site-packages/airflow/example_dags/example_task_group_decorator.py
[2024-08-22T04:42:51.398+0000] {logging_mixin.py:190} INFO - [2024-08-22T04:42:51.398+0000] {dag.py:3211} INFO - Sync 1 DAGs
[2024-08-22T04:42:51.426+0000] {logging_mixin.py:190} INFO - [2024-08-22T04:42:51.426+0000] {dag.py:4138} INFO - Setting next_dagrun for example_task_group_decorator to 2024-08-21 00:00:00+00:00, run_after=2024-08-22 00:00:00+00:00
[2024-08-22T04:42:51.451+0000] {processor.py:208} INFO - Processing /home/airflow/.local/lib/python3.12/site-packages/airflow/example_dags/example_task_group_decorator.py took 0.159 seconds
[2024-08-22T04:43:22.213+0000] {processor.py:186} INFO - Started process (PID=162) to work on /home/airflow/.local/lib/python3.12/site-packages/airflow/example_dags/example_task_group_decorator.py
[2024-08-22T04:43:22.255+0000] {processor.py:914} INFO - Processing file /home/airflow/.local/lib/python3.12/site-packages/airflow/example_dags/example_task_group_decorator.py for tasks to queue
[2024-08-22T04:43:22.259+0000] {logging_mixin.py:190} INFO - [2024-08-22T04:43:22.258+0000] {dagbag.py:587} INFO - Filling up the DagBag from /home/airflow/.local/lib/python3.12/site-packages/airflow/example_dags/example_task_group_decorator.py
[2024-08-22T04:43:22.290+0000] {processor.py:925} INFO - DAG(s) 'example_task_group_decorator' retrieved from /home/airflow/.local/lib/python3.12/site-packages/airflow/example_dags/example_task_group_decorator.py
[2024-08-22T04:43:22.322+0000] {logging_mixin.py:190} INFO - [2024-08-22T04:43:22.322+0000] {dag.py:3211} INFO - Sync 1 DAGs
[2024-08-22T04:43:22.351+0000] {logging_mixin.py:190} INFO - [2024-08-22T04:43:22.351+0000] {dag.py:4138} INFO - Setting next_dagrun for example_task_group_decorator to 2024-08-21 00:00:00+00:00, run_after=2024-08-22 00:00:00+00:00
[2024-08-22T04:43:22.372+0000] {processor.py:208} INFO - Processing /home/airflow/.local/lib/python3.12/site-packages/airflow/example_dags/example_task_group_decorator.py took 0.168 seconds
[2024-08-22T04:43:52.536+0000] {processor.py:186} INFO - Started process (PID=224) to work on /home/airflow/.local/lib/python3.12/site-packages/airflow/example_dags/example_task_group_decorator.py
[2024-08-22T04:43:52.538+0000] {processor.py:914} INFO - Processing file /home/airflow/.local/lib/python3.12/site-packages/airflow/example_dags/example_task_group_decorator.py for tasks to queue
[2024-08-22T04:43:52.540+0000] {logging_mixin.py:190} INFO - [2024-08-22T04:43:52.540+0000] {dagbag.py:587} INFO - Filling up the DagBag from /home/airflow/.local/lib/python3.12/site-packages/airflow/example_dags/example_task_group_decorator.py
[2024-08-22T04:43:52.562+0000] {processor.py:925} INFO - DAG(s) 'example_task_group_decorator' retrieved from /home/airflow/.local/lib/python3.12/site-packages/airflow/example_dags/example_task_group_decorator.py
[2024-08-22T04:43:52.595+0000] {logging_mixin.py:190} INFO - [2024-08-22T04:43:52.594+0000] {dag.py:3211} INFO - Sync 1 DAGs
[2024-08-22T04:43:52.622+0000] {logging_mixin.py:190} INFO - [2024-08-22T04:43:52.621+0000] {dag.py:4138} INFO - Setting next_dagrun for example_task_group_decorator to 2024-08-21 00:00:00+00:00, run_after=2024-08-22 00:00:00+00:00
[2024-08-22T04:43:52.642+0000] {processor.py:208} INFO - Processing /home/airflow/.local/lib/python3.12/site-packages/airflow/example_dags/example_task_group_decorator.py took 0.115 seconds
[2024-08-22T04:44:22.727+0000] {processor.py:186} INFO - Started process (PID=287) to work on /home/airflow/.local/lib/python3.12/site-packages/airflow/example_dags/example_task_group_decorator.py
[2024-08-22T04:44:22.755+0000] {processor.py:914} INFO - Processing file /home/airflow/.local/lib/python3.12/site-packages/airflow/example_dags/example_task_group_decorator.py for tasks to queue
[2024-08-22T04:44:22.758+0000] {logging_mixin.py:190} INFO - [2024-08-22T04:44:22.758+0000] {dagbag.py:587} INFO - Filling up the DagBag from /home/airflow/.local/lib/python3.12/site-packages/airflow/example_dags/example_task_group_decorator.py
[2024-08-22T04:44:22.786+0000] {processor.py:925} INFO - DAG(s) 'example_task_group_decorator' retrieved from /home/airflow/.local/lib/python3.12/site-packages/airflow/example_dags/example_task_group_decorator.py
[2024-08-22T04:44:22.818+0000] {logging_mixin.py:190} INFO - [2024-08-22T04:44:22.818+0000] {dag.py:3211} INFO - Sync 1 DAGs
[2024-08-22T04:44:22.850+0000] {logging_mixin.py:190} INFO - [2024-08-22T04:44:22.850+0000] {dag.py:4138} INFO - Setting next_dagrun for example_task_group_decorator to 2024-08-21 00:00:00+00:00, run_after=2024-08-22 00:00:00+00:00
[2024-08-22T04:44:22.874+0000] {processor.py:208} INFO - Processing /home/airflow/.local/lib/python3.12/site-packages/airflow/example_dags/example_task_group_decorator.py took 0.157 seconds
[2024-08-22T04:44:53.318+0000] {processor.py:186} INFO - Started process (PID=350) to work on /home/airflow/.local/lib/python3.12/site-packages/airflow/example_dags/example_task_group_decorator.py
[2024-08-22T04:44:53.319+0000] {processor.py:914} INFO - Processing file /home/airflow/.local/lib/python3.12/site-packages/airflow/example_dags/example_task_group_decorator.py for tasks to queue
[2024-08-22T04:44:53.322+0000] {logging_mixin.py:190} INFO - [2024-08-22T04:44:53.322+0000] {dagbag.py:587} INFO - Filling up the DagBag from /home/airflow/.local/lib/python3.12/site-packages/airflow/example_dags/example_task_group_decorator.py
[2024-08-22T04:44:53.343+0000] {processor.py:925} INFO - DAG(s) 'example_task_group_decorator' retrieved from /home/airflow/.local/lib/python3.12/site-packages/airflow/example_dags/example_task_group_decorator.py
[2024-08-22T04:44:53.375+0000] {logging_mixin.py:190} INFO - [2024-08-22T04:44:53.375+0000] {dag.py:3211} INFO - Sync 1 DAGs
[2024-08-22T04:44:53.407+0000] {logging_mixin.py:190} INFO - [2024-08-22T04:44:53.407+0000] {dag.py:4138} INFO - Setting next_dagrun for example_task_group_decorator to 2024-08-21 00:00:00+00:00, run_after=2024-08-22 00:00:00+00:00
[2024-08-22T04:44:53.478+0000] {processor.py:208} INFO - Processing /home/airflow/.local/lib/python3.12/site-packages/airflow/example_dags/example_task_group_decorator.py took 0.166 seconds
[2024-08-22T04:45:24.061+0000] {processor.py:186} INFO - Started process (PID=413) to work on /home/airflow/.local/lib/python3.12/site-packages/airflow/example_dags/example_task_group_decorator.py
[2024-08-22T04:45:24.099+0000] {processor.py:914} INFO - Processing file /home/airflow/.local/lib/python3.12/site-packages/airflow/example_dags/example_task_group_decorator.py for tasks to queue
[2024-08-22T04:45:24.102+0000] {logging_mixin.py:190} INFO - [2024-08-22T04:45:24.101+0000] {dagbag.py:587} INFO - Filling up the DagBag from /home/airflow/.local/lib/python3.12/site-packages/airflow/example_dags/example_task_group_decorator.py
[2024-08-22T04:45:24.122+0000] {processor.py:925} INFO - DAG(s) 'example_task_group_decorator' retrieved from /home/airflow/.local/lib/python3.12/site-packages/airflow/example_dags/example_task_group_decorator.py
[2024-08-22T04:45:24.152+0000] {logging_mixin.py:190} INFO - [2024-08-22T04:45:24.151+0000] {dag.py:3211} INFO - Sync 1 DAGs
[2024-08-22T04:45:24.182+0000] {logging_mixin.py:190} INFO - [2024-08-22T04:45:24.182+0000] {dag.py:4138} INFO - Setting next_dagrun for example_task_group_decorator to 2024-08-21 00:00:00+00:00, run_after=2024-08-22 00:00:00+00:00
[2024-08-22T04:45:24.208+0000] {processor.py:208} INFO - Processing /home/airflow/.local/lib/python3.12/site-packages/airflow/example_dags/example_task_group_decorator.py took 0.153 seconds
[2024-08-22T04:45:54.495+0000] {processor.py:186} INFO - Started process (PID=475) to work on /home/airflow/.local/lib/python3.12/site-packages/airflow/example_dags/example_task_group_decorator.py
[2024-08-22T04:45:54.499+0000] {processor.py:914} INFO - Processing file /home/airflow/.local/lib/python3.12/site-packages/airflow/example_dags/example_task_group_decorator.py for tasks to queue
[2024-08-22T04:45:54.503+0000] {logging_mixin.py:190} INFO - [2024-08-22T04:45:54.503+0000] {dagbag.py:587} INFO - Filling up the DagBag from /home/airflow/.local/lib/python3.12/site-packages/airflow/example_dags/example_task_group_decorator.py
[2024-08-22T04:45:54.532+0000] {processor.py:925} INFO - DAG(s) 'example_task_group_decorator' retrieved from /home/airflow/.local/lib/python3.12/site-packages/airflow/example_dags/example_task_group_decorator.py
[2024-08-22T04:45:54.566+0000] {logging_mixin.py:190} INFO - [2024-08-22T04:45:54.566+0000] {dag.py:3211} INFO - Sync 1 DAGs
[2024-08-22T04:45:54.599+0000] {logging_mixin.py:190} INFO - [2024-08-22T04:45:54.598+0000] {dag.py:4138} INFO - Setting next_dagrun for example_task_group_decorator to 2024-08-21 00:00:00+00:00, run_after=2024-08-22 00:00:00+00:00
[2024-08-22T04:45:54.633+0000] {processor.py:208} INFO - Processing /home/airflow/.local/lib/python3.12/site-packages/airflow/example_dags/example_task_group_decorator.py took 0.150 seconds
[2024-08-22T04:46:25.580+0000] {processor.py:186} INFO - Started process (PID=538) to work on /home/airflow/.local/lib/python3.12/site-packages/airflow/example_dags/example_task_group_decorator.py
[2024-08-22T04:46:25.588+0000] {processor.py:914} INFO - Processing file /home/airflow/.local/lib/python3.12/site-packages/airflow/example_dags/example_task_group_decorator.py for tasks to queue
[2024-08-22T04:46:25.592+0000] {logging_mixin.py:190} INFO - [2024-08-22T04:46:25.591+0000] {dagbag.py:587} INFO - Filling up the DagBag from /home/airflow/.local/lib/python3.12/site-packages/airflow/example_dags/example_task_group_decorator.py
[2024-08-22T04:46:25.614+0000] {processor.py:925} INFO - DAG(s) 'example_task_group_decorator' retrieved from /home/airflow/.local/lib/python3.12/site-packages/airflow/example_dags/example_task_group_decorator.py
[2024-08-22T04:46:25.650+0000] {logging_mixin.py:190} INFO - [2024-08-22T04:46:25.649+0000] {dag.py:3211} INFO - Sync 1 DAGs
[2024-08-22T04:46:25.684+0000] {logging_mixin.py:190} INFO - [2024-08-22T04:46:25.684+0000] {dag.py:4138} INFO - Setting next_dagrun for example_task_group_decorator to 2024-08-21 00:00:00+00:00, run_after=2024-08-22 00:00:00+00:00
[2024-08-22T04:46:25.713+0000] {processor.py:208} INFO - Processing /home/airflow/.local/lib/python3.12/site-packages/airflow/example_dags/example_task_group_decorator.py took 0.140 seconds
[2024-08-22T04:46:55.972+0000] {processor.py:186} INFO - Started process (PID=616) to work on /home/airflow/.local/lib/python3.12/site-packages/airflow/example_dags/example_task_group_decorator.py
[2024-08-22T04:46:55.972+0000] {processor.py:914} INFO - Processing file /home/airflow/.local/lib/python3.12/site-packages/airflow/example_dags/example_task_group_decorator.py for tasks to queue
[2024-08-22T04:46:55.975+0000] {logging_mixin.py:190} INFO - [2024-08-22T04:46:55.975+0000] {dagbag.py:587} INFO - Filling up the DagBag from /home/airflow/.local/lib/python3.12/site-packages/airflow/example_dags/example_task_group_decorator.py
[2024-08-22T04:46:56.000+0000] {processor.py:925} INFO - DAG(s) 'example_task_group_decorator' retrieved from /home/airflow/.local/lib/python3.12/site-packages/airflow/example_dags/example_task_group_decorator.py
[2024-08-22T04:46:56.043+0000] {logging_mixin.py:190} INFO - [2024-08-22T04:46:56.043+0000] {dag.py:3211} INFO - Sync 1 DAGs
[2024-08-22T04:46:56.093+0000] {logging_mixin.py:190} INFO - [2024-08-22T04:46:56.093+0000] {dag.py:4138} INFO - Setting next_dagrun for example_task_group_decorator to 2024-08-21 00:00:00+00:00, run_after=2024-08-22 00:00:00+00:00
[2024-08-22T04:46:56.140+0000] {processor.py:208} INFO - Processing /home/airflow/.local/lib/python3.12/site-packages/airflow/example_dags/example_task_group_decorator.py took 0.179 seconds
[2024-08-22T04:47:27.131+0000] {processor.py:186} INFO - Started process (PID=679) to work on /home/airflow/.local/lib/python3.12/site-packages/airflow/example_dags/example_task_group_decorator.py
[2024-08-22T04:47:27.132+0000] {processor.py:914} INFO - Processing file /home/airflow/.local/lib/python3.12/site-packages/airflow/example_dags/example_task_group_decorator.py for tasks to queue
[2024-08-22T04:47:27.137+0000] {logging_mixin.py:190} INFO - [2024-08-22T04:47:27.134+0000] {dagbag.py:587} INFO - Filling up the DagBag from /home/airflow/.local/lib/python3.12/site-packages/airflow/example_dags/example_task_group_decorator.py
[2024-08-22T04:47:27.159+0000] {processor.py:925} INFO - DAG(s) 'example_task_group_decorator' retrieved from /home/airflow/.local/lib/python3.12/site-packages/airflow/example_dags/example_task_group_decorator.py
[2024-08-22T04:47:27.217+0000] {logging_mixin.py:190} INFO - [2024-08-22T04:47:27.217+0000] {dag.py:3211} INFO - Sync 1 DAGs
[2024-08-22T04:47:27.264+0000] {logging_mixin.py:190} INFO - [2024-08-22T04:47:27.264+0000] {dag.py:4138} INFO - Setting next_dagrun for example_task_group_decorator to 2024-08-21 00:00:00+00:00, run_after=2024-08-22 00:00:00+00:00
[2024-08-22T04:47:27.329+0000] {processor.py:208} INFO - Processing /home/airflow/.local/lib/python3.12/site-packages/airflow/example_dags/example_task_group_decorator.py took 0.206 seconds
[2024-08-22T04:47:58.166+0000] {processor.py:186} INFO - Started process (PID=742) to work on /home/airflow/.local/lib/python3.12/site-packages/airflow/example_dags/example_task_group_decorator.py
[2024-08-22T04:47:58.170+0000] {processor.py:914} INFO - Processing file /home/airflow/.local/lib/python3.12/site-packages/airflow/example_dags/example_task_group_decorator.py for tasks to queue
[2024-08-22T04:47:58.173+0000] {logging_mixin.py:190} INFO - [2024-08-22T04:47:58.172+0000] {dagbag.py:587} INFO - Filling up the DagBag from /home/airflow/.local/lib/python3.12/site-packages/airflow/example_dags/example_task_group_decorator.py
[2024-08-22T04:47:58.193+0000] {processor.py:925} INFO - DAG(s) 'example_task_group_decorator' retrieved from /home/airflow/.local/lib/python3.12/site-packages/airflow/example_dags/example_task_group_decorator.py
[2024-08-22T04:47:58.227+0000] {logging_mixin.py:190} INFO - [2024-08-22T04:47:58.226+0000] {dag.py:3211} INFO - Sync 1 DAGs
[2024-08-22T04:47:58.260+0000] {logging_mixin.py:190} INFO - [2024-08-22T04:47:58.260+0000] {dag.py:4138} INFO - Setting next_dagrun for example_task_group_decorator to 2024-08-21 00:00:00+00:00, run_after=2024-08-22 00:00:00+00:00
[2024-08-22T04:47:58.285+0000] {processor.py:208} INFO - Processing /home/airflow/.local/lib/python3.12/site-packages/airflow/example_dags/example_task_group_decorator.py took 0.126 seconds
[2024-08-22T04:48:29.082+0000] {processor.py:186} INFO - Started process (PID=805) to work on /home/airflow/.local/lib/python3.12/site-packages/airflow/example_dags/example_task_group_decorator.py
[2024-08-22T04:48:29.110+0000] {processor.py:914} INFO - Processing file /home/airflow/.local/lib/python3.12/site-packages/airflow/example_dags/example_task_group_decorator.py for tasks to queue
[2024-08-22T04:48:29.112+0000] {logging_mixin.py:190} INFO - [2024-08-22T04:48:29.112+0000] {dagbag.py:587} INFO - Filling up the DagBag from /home/airflow/.local/lib/python3.12/site-packages/airflow/example_dags/example_task_group_decorator.py
[2024-08-22T04:48:29.131+0000] {processor.py:925} INFO - DAG(s) 'example_task_group_decorator' retrieved from /home/airflow/.local/lib/python3.12/site-packages/airflow/example_dags/example_task_group_decorator.py
[2024-08-22T04:48:29.161+0000] {logging_mixin.py:190} INFO - [2024-08-22T04:48:29.161+0000] {dag.py:3211} INFO - Sync 1 DAGs
[2024-08-22T04:48:29.189+0000] {logging_mixin.py:190} INFO - [2024-08-22T04:48:29.189+0000] {dag.py:4138} INFO - Setting next_dagrun for example_task_group_decorator to 2024-08-21 00:00:00+00:00, run_after=2024-08-22 00:00:00+00:00
[2024-08-22T04:48:29.216+0000] {processor.py:208} INFO - Processing /home/airflow/.local/lib/python3.12/site-packages/airflow/example_dags/example_task_group_decorator.py took 0.144 seconds
[2024-08-22T04:48:59.413+0000] {processor.py:186} INFO - Started process (PID=868) to work on /home/airflow/.local/lib/python3.12/site-packages/airflow/example_dags/example_task_group_decorator.py
[2024-08-22T04:48:59.414+0000] {processor.py:914} INFO - Processing file /home/airflow/.local/lib/python3.12/site-packages/airflow/example_dags/example_task_group_decorator.py for tasks to queue
[2024-08-22T04:48:59.417+0000] {logging_mixin.py:190} INFO - [2024-08-22T04:48:59.417+0000] {dagbag.py:587} INFO - Filling up the DagBag from /home/airflow/.local/lib/python3.12/site-packages/airflow/example_dags/example_task_group_decorator.py
[2024-08-22T04:48:59.436+0000] {processor.py:925} INFO - DAG(s) 'example_task_group_decorator' retrieved from /home/airflow/.local/lib/python3.12/site-packages/airflow/example_dags/example_task_group_decorator.py
[2024-08-22T04:48:59.471+0000] {logging_mixin.py:190} INFO - [2024-08-22T04:48:59.470+0000] {dag.py:3211} INFO - Sync 1 DAGs
[2024-08-22T04:48:59.504+0000] {logging_mixin.py:190} INFO - [2024-08-22T04:48:59.504+0000] {dag.py:4138} INFO - Setting next_dagrun for example_task_group_decorator to 2024-08-21 00:00:00+00:00, run_after=2024-08-22 00:00:00+00:00
[2024-08-22T04:48:59.563+0000] {processor.py:208} INFO - Processing /home/airflow/.local/lib/python3.12/site-packages/airflow/example_dags/example_task_group_decorator.py took 0.160 seconds
