[2024-08-22T04:42:26.117+0000] {processor.py:186} INFO - Started process (PID=65) to work on /home/airflow/.local/lib/python3.12/site-packages/airflow/example_dags/example_short_circuit_operator.py
[2024-08-22T04:42:26.118+0000] {processor.py:914} INFO - Processing file /home/airflow/.local/lib/python3.12/site-packages/airflow/example_dags/example_short_circuit_operator.py for tasks to queue
[2024-08-22T04:42:26.121+0000] {logging_mixin.py:190} INFO - [2024-08-22T04:42:26.121+0000] {dagbag.py:587} INFO - Filling up the DagBag from /home/airflow/.local/lib/python3.12/site-packages/airflow/example_dags/example_short_circuit_operator.py
[2024-08-22T04:42:26.135+0000] {processor.py:925} INFO - DAG(s) 'example_short_circuit_operator' retrieved from /home/airflow/.local/lib/python3.12/site-packages/airflow/example_dags/example_short_circuit_operator.py
[2024-08-22T04:42:26.270+0000] {logging_mixin.py:190} INFO - [2024-08-22T04:42:26.269+0000] {override.py:1858} INFO - Created Permission View: can delete on DAG:example_short_circuit_operator
[2024-08-22T04:42:26.283+0000] {logging_mixin.py:190} INFO - [2024-08-22T04:42:26.283+0000] {override.py:1858} INFO - Created Permission View: can read on DAG:example_short_circuit_operator
[2024-08-22T04:42:26.295+0000] {logging_mixin.py:190} INFO - [2024-08-22T04:42:26.294+0000] {override.py:1858} INFO - Created Permission View: can edit on DAG:example_short_circuit_operator
[2024-08-22T04:42:26.295+0000] {logging_mixin.py:190} INFO - [2024-08-22T04:42:26.295+0000] {dag.py:3211} INFO - Sync 1 DAGs
[2024-08-22T04:42:26.312+0000] {logging_mixin.py:190} INFO - [2024-08-22T04:42:26.312+0000] {dag.py:3234} INFO - Creating ORM DAG for example_short_circuit_operator
[2024-08-22T04:42:26.326+0000] {logging_mixin.py:190} INFO - [2024-08-22T04:42:26.325+0000] {dag.py:4138} INFO - Setting next_dagrun for example_short_circuit_operator to 2024-08-21 00:00:00+00:00, run_after=2024-08-22 00:00:00+00:00
[2024-08-22T04:42:26.351+0000] {processor.py:208} INFO - Processing /home/airflow/.local/lib/python3.12/site-packages/airflow/example_dags/example_short_circuit_operator.py took 0.241 seconds
[2024-08-22T04:42:56.455+0000] {processor.py:186} INFO - Started process (PID=128) to work on /home/airflow/.local/lib/python3.12/site-packages/airflow/example_dags/example_short_circuit_operator.py
[2024-08-22T04:42:56.460+0000] {processor.py:914} INFO - Processing file /home/airflow/.local/lib/python3.12/site-packages/airflow/example_dags/example_short_circuit_operator.py for tasks to queue
[2024-08-22T04:42:56.462+0000] {logging_mixin.py:190} INFO - [2024-08-22T04:42:56.461+0000] {dagbag.py:587} INFO - Filling up the DagBag from /home/airflow/.local/lib/python3.12/site-packages/airflow/example_dags/example_short_circuit_operator.py
[2024-08-22T04:42:56.472+0000] {processor.py:925} INFO - DAG(s) 'example_short_circuit_operator' retrieved from /home/airflow/.local/lib/python3.12/site-packages/airflow/example_dags/example_short_circuit_operator.py
[2024-08-22T04:42:56.500+0000] {logging_mixin.py:190} INFO - [2024-08-22T04:42:56.500+0000] {dag.py:3211} INFO - Sync 1 DAGs
[2024-08-22T04:42:56.528+0000] {logging_mixin.py:190} INFO - [2024-08-22T04:42:56.527+0000] {dag.py:4138} INFO - Setting next_dagrun for example_short_circuit_operator to 2024-08-21 00:00:00+00:00, run_after=2024-08-22 00:00:00+00:00
[2024-08-22T04:42:56.600+0000] {processor.py:208} INFO - Processing /home/airflow/.local/lib/python3.12/site-packages/airflow/example_dags/example_short_circuit_operator.py took 0.158 seconds
[2024-08-22T04:43:27.523+0000] {processor.py:186} INFO - Started process (PID=191) to work on /home/airflow/.local/lib/python3.12/site-packages/airflow/example_dags/example_short_circuit_operator.py
[2024-08-22T04:43:27.525+0000] {processor.py:914} INFO - Processing file /home/airflow/.local/lib/python3.12/site-packages/airflow/example_dags/example_short_circuit_operator.py for tasks to queue
[2024-08-22T04:43:27.527+0000] {logging_mixin.py:190} INFO - [2024-08-22T04:43:27.526+0000] {dagbag.py:587} INFO - Filling up the DagBag from /home/airflow/.local/lib/python3.12/site-packages/airflow/example_dags/example_short_circuit_operator.py
[2024-08-22T04:43:27.537+0000] {processor.py:925} INFO - DAG(s) 'example_short_circuit_operator' retrieved from /home/airflow/.local/lib/python3.12/site-packages/airflow/example_dags/example_short_circuit_operator.py
[2024-08-22T04:43:27.565+0000] {logging_mixin.py:190} INFO - [2024-08-22T04:43:27.564+0000] {dag.py:3211} INFO - Sync 1 DAGs
[2024-08-22T04:43:27.592+0000] {logging_mixin.py:190} INFO - [2024-08-22T04:43:27.592+0000] {dag.py:4138} INFO - Setting next_dagrun for example_short_circuit_operator to 2024-08-21 00:00:00+00:00, run_after=2024-08-22 00:00:00+00:00
[2024-08-22T04:43:27.659+0000] {processor.py:208} INFO - Processing /home/airflow/.local/lib/python3.12/site-packages/airflow/example_dags/example_short_circuit_operator.py took 0.143 seconds
[2024-08-22T04:43:57.993+0000] {processor.py:186} INFO - Started process (PID=253) to work on /home/airflow/.local/lib/python3.12/site-packages/airflow/example_dags/example_short_circuit_operator.py
[2024-08-22T04:43:57.994+0000] {processor.py:914} INFO - Processing file /home/airflow/.local/lib/python3.12/site-packages/airflow/example_dags/example_short_circuit_operator.py for tasks to queue
[2024-08-22T04:43:57.997+0000] {logging_mixin.py:190} INFO - [2024-08-22T04:43:57.997+0000] {dagbag.py:587} INFO - Filling up the DagBag from /home/airflow/.local/lib/python3.12/site-packages/airflow/example_dags/example_short_circuit_operator.py
[2024-08-22T04:43:58.008+0000] {processor.py:925} INFO - DAG(s) 'example_short_circuit_operator' retrieved from /home/airflow/.local/lib/python3.12/site-packages/airflow/example_dags/example_short_circuit_operator.py
[2024-08-22T04:43:58.034+0000] {logging_mixin.py:190} INFO - [2024-08-22T04:43:58.034+0000] {dag.py:3211} INFO - Sync 1 DAGs
[2024-08-22T04:43:58.071+0000] {logging_mixin.py:190} INFO - [2024-08-22T04:43:58.070+0000] {dag.py:4138} INFO - Setting next_dagrun for example_short_circuit_operator to 2024-08-21 00:00:00+00:00, run_after=2024-08-22 00:00:00+00:00
[2024-08-22T04:43:58.102+0000] {processor.py:208} INFO - Processing /home/airflow/.local/lib/python3.12/site-packages/airflow/example_dags/example_short_circuit_operator.py took 0.116 seconds
[2024-08-22T04:44:28.497+0000] {processor.py:186} INFO - Started process (PID=316) to work on /home/airflow/.local/lib/python3.12/site-packages/airflow/example_dags/example_short_circuit_operator.py
[2024-08-22T04:44:28.498+0000] {processor.py:914} INFO - Processing file /home/airflow/.local/lib/python3.12/site-packages/airflow/example_dags/example_short_circuit_operator.py for tasks to queue
[2024-08-22T04:44:28.500+0000] {logging_mixin.py:190} INFO - [2024-08-22T04:44:28.500+0000] {dagbag.py:587} INFO - Filling up the DagBag from /home/airflow/.local/lib/python3.12/site-packages/airflow/example_dags/example_short_circuit_operator.py
[2024-08-22T04:44:28.509+0000] {processor.py:925} INFO - DAG(s) 'example_short_circuit_operator' retrieved from /home/airflow/.local/lib/python3.12/site-packages/airflow/example_dags/example_short_circuit_operator.py
[2024-08-22T04:44:28.539+0000] {logging_mixin.py:190} INFO - [2024-08-22T04:44:28.538+0000] {dag.py:3211} INFO - Sync 1 DAGs
[2024-08-22T04:44:28.571+0000] {logging_mixin.py:190} INFO - [2024-08-22T04:44:28.571+0000] {dag.py:4138} INFO - Setting next_dagrun for example_short_circuit_operator to 2024-08-21 00:00:00+00:00, run_after=2024-08-22 00:00:00+00:00
[2024-08-22T04:44:28.630+0000] {processor.py:208} INFO - Processing /home/airflow/.local/lib/python3.12/site-packages/airflow/example_dags/example_short_circuit_operator.py took 0.139 seconds
[2024-08-22T04:44:58.803+0000] {processor.py:186} INFO - Started process (PID=379) to work on /home/airflow/.local/lib/python3.12/site-packages/airflow/example_dags/example_short_circuit_operator.py
[2024-08-22T04:44:58.803+0000] {processor.py:914} INFO - Processing file /home/airflow/.local/lib/python3.12/site-packages/airflow/example_dags/example_short_circuit_operator.py for tasks to queue
[2024-08-22T04:44:58.806+0000] {logging_mixin.py:190} INFO - [2024-08-22T04:44:58.805+0000] {dagbag.py:587} INFO - Filling up the DagBag from /home/airflow/.local/lib/python3.12/site-packages/airflow/example_dags/example_short_circuit_operator.py
[2024-08-22T04:44:58.815+0000] {processor.py:925} INFO - DAG(s) 'example_short_circuit_operator' retrieved from /home/airflow/.local/lib/python3.12/site-packages/airflow/example_dags/example_short_circuit_operator.py
[2024-08-22T04:44:58.843+0000] {logging_mixin.py:190} INFO - [2024-08-22T04:44:58.843+0000] {dag.py:3211} INFO - Sync 1 DAGs
[2024-08-22T04:44:58.872+0000] {logging_mixin.py:190} INFO - [2024-08-22T04:44:58.871+0000] {dag.py:4138} INFO - Setting next_dagrun for example_short_circuit_operator to 2024-08-21 00:00:00+00:00, run_after=2024-08-22 00:00:00+00:00
[2024-08-22T04:44:58.896+0000] {processor.py:208} INFO - Processing /home/airflow/.local/lib/python3.12/site-packages/airflow/example_dags/example_short_circuit_operator.py took 0.100 seconds
[2024-08-22T04:45:29.771+0000] {processor.py:186} INFO - Started process (PID=442) to work on /home/airflow/.local/lib/python3.12/site-packages/airflow/example_dags/example_short_circuit_operator.py
[2024-08-22T04:45:29.772+0000] {processor.py:914} INFO - Processing file /home/airflow/.local/lib/python3.12/site-packages/airflow/example_dags/example_short_circuit_operator.py for tasks to queue
[2024-08-22T04:45:29.775+0000] {logging_mixin.py:190} INFO - [2024-08-22T04:45:29.774+0000] {dagbag.py:587} INFO - Filling up the DagBag from /home/airflow/.local/lib/python3.12/site-packages/airflow/example_dags/example_short_circuit_operator.py
[2024-08-22T04:45:29.784+0000] {processor.py:925} INFO - DAG(s) 'example_short_circuit_operator' retrieved from /home/airflow/.local/lib/python3.12/site-packages/airflow/example_dags/example_short_circuit_operator.py
[2024-08-22T04:45:29.809+0000] {logging_mixin.py:190} INFO - [2024-08-22T04:45:29.809+0000] {dag.py:3211} INFO - Sync 1 DAGs
[2024-08-22T04:45:29.834+0000] {logging_mixin.py:190} INFO - [2024-08-22T04:45:29.834+0000] {dag.py:4138} INFO - Setting next_dagrun for example_short_circuit_operator to 2024-08-21 00:00:00+00:00, run_after=2024-08-22 00:00:00+00:00
[2024-08-22T04:45:29.857+0000] {processor.py:208} INFO - Processing /home/airflow/.local/lib/python3.12/site-packages/airflow/example_dags/example_short_circuit_operator.py took 0.092 seconds
[2024-08-22T04:46:00.234+0000] {processor.py:186} INFO - Started process (PID=504) to work on /home/airflow/.local/lib/python3.12/site-packages/airflow/example_dags/example_short_circuit_operator.py
[2024-08-22T04:46:00.235+0000] {processor.py:914} INFO - Processing file /home/airflow/.local/lib/python3.12/site-packages/airflow/example_dags/example_short_circuit_operator.py for tasks to queue
[2024-08-22T04:46:00.237+0000] {logging_mixin.py:190} INFO - [2024-08-22T04:46:00.237+0000] {dagbag.py:587} INFO - Filling up the DagBag from /home/airflow/.local/lib/python3.12/site-packages/airflow/example_dags/example_short_circuit_operator.py
[2024-08-22T04:46:00.247+0000] {processor.py:925} INFO - DAG(s) 'example_short_circuit_operator' retrieved from /home/airflow/.local/lib/python3.12/site-packages/airflow/example_dags/example_short_circuit_operator.py
[2024-08-22T04:46:00.273+0000] {logging_mixin.py:190} INFO - [2024-08-22T04:46:00.273+0000] {dag.py:3211} INFO - Sync 1 DAGs
[2024-08-22T04:46:00.298+0000] {logging_mixin.py:190} INFO - [2024-08-22T04:46:00.298+0000] {dag.py:4138} INFO - Setting next_dagrun for example_short_circuit_operator to 2024-08-21 00:00:00+00:00, run_after=2024-08-22 00:00:00+00:00
[2024-08-22T04:46:00.327+0000] {processor.py:208} INFO - Processing /home/airflow/.local/lib/python3.12/site-packages/airflow/example_dags/example_short_circuit_operator.py took 0.100 seconds
[2024-08-22T04:46:30.726+0000] {processor.py:186} INFO - Started process (PID=567) to work on /home/airflow/.local/lib/python3.12/site-packages/airflow/example_dags/example_short_circuit_operator.py
[2024-08-22T04:46:30.727+0000] {processor.py:914} INFO - Processing file /home/airflow/.local/lib/python3.12/site-packages/airflow/example_dags/example_short_circuit_operator.py for tasks to queue
[2024-08-22T04:46:30.730+0000] {logging_mixin.py:190} INFO - [2024-08-22T04:46:30.729+0000] {dagbag.py:587} INFO - Filling up the DagBag from /home/airflow/.local/lib/python3.12/site-packages/airflow/example_dags/example_short_circuit_operator.py
[2024-08-22T04:46:30.739+0000] {processor.py:925} INFO - DAG(s) 'example_short_circuit_operator' retrieved from /home/airflow/.local/lib/python3.12/site-packages/airflow/example_dags/example_short_circuit_operator.py
[2024-08-22T04:46:30.767+0000] {logging_mixin.py:190} INFO - [2024-08-22T04:46:30.767+0000] {dag.py:3211} INFO - Sync 1 DAGs
[2024-08-22T04:46:30.795+0000] {logging_mixin.py:190} INFO - [2024-08-22T04:46:30.795+0000] {dag.py:4138} INFO - Setting next_dagrun for example_short_circuit_operator to 2024-08-21 00:00:00+00:00, run_after=2024-08-22 00:00:00+00:00
[2024-08-22T04:46:30.820+0000] {processor.py:208} INFO - Processing /home/airflow/.local/lib/python3.12/site-packages/airflow/example_dags/example_short_circuit_operator.py took 0.100 seconds
[2024-08-22T04:47:02.224+0000] {processor.py:186} INFO - Started process (PID=645) to work on /home/airflow/.local/lib/python3.12/site-packages/airflow/example_dags/example_short_circuit_operator.py
[2024-08-22T04:47:02.225+0000] {processor.py:914} INFO - Processing file /home/airflow/.local/lib/python3.12/site-packages/airflow/example_dags/example_short_circuit_operator.py for tasks to queue
[2024-08-22T04:47:02.228+0000] {logging_mixin.py:190} INFO - [2024-08-22T04:47:02.227+0000] {dagbag.py:587} INFO - Filling up the DagBag from /home/airflow/.local/lib/python3.12/site-packages/airflow/example_dags/example_short_circuit_operator.py
[2024-08-22T04:47:02.241+0000] {processor.py:925} INFO - DAG(s) 'example_short_circuit_operator' retrieved from /home/airflow/.local/lib/python3.12/site-packages/airflow/example_dags/example_short_circuit_operator.py
[2024-08-22T04:47:02.298+0000] {logging_mixin.py:190} INFO - [2024-08-22T04:47:02.295+0000] {dag.py:3211} INFO - Sync 1 DAGs
[2024-08-22T04:47:02.359+0000] {logging_mixin.py:190} INFO - [2024-08-22T04:47:02.359+0000] {dag.py:4138} INFO - Setting next_dagrun for example_short_circuit_operator to 2024-08-21 00:00:00+00:00, run_after=2024-08-22 00:00:00+00:00
[2024-08-22T04:47:02.411+0000] {processor.py:208} INFO - Processing /home/airflow/.local/lib/python3.12/site-packages/airflow/example_dags/example_short_circuit_operator.py took 0.195 seconds
[2024-08-22T04:47:37.229+0000] {processor.py:186} INFO - Started process (PID=708) to work on /home/airflow/.local/lib/python3.12/site-packages/airflow/example_dags/example_short_circuit_operator.py
[2024-08-22T04:47:37.231+0000] {processor.py:914} INFO - Processing file /home/airflow/.local/lib/python3.12/site-packages/airflow/example_dags/example_short_circuit_operator.py for tasks to queue
[2024-08-22T04:47:37.233+0000] {logging_mixin.py:190} INFO - [2024-08-22T04:47:37.233+0000] {dagbag.py:587} INFO - Filling up the DagBag from /home/airflow/.local/lib/python3.12/site-packages/airflow/example_dags/example_short_circuit_operator.py
[2024-08-22T04:47:37.248+0000] {processor.py:925} INFO - DAG(s) 'example_short_circuit_operator' retrieved from /home/airflow/.local/lib/python3.12/site-packages/airflow/example_dags/example_short_circuit_operator.py
[2024-08-22T04:47:37.294+0000] {logging_mixin.py:190} INFO - [2024-08-22T04:47:37.293+0000] {dag.py:3211} INFO - Sync 1 DAGs
[2024-08-22T04:47:37.335+0000] {logging_mixin.py:190} INFO - [2024-08-22T04:47:37.335+0000] {dag.py:4138} INFO - Setting next_dagrun for example_short_circuit_operator to 2024-08-21 00:00:00+00:00, run_after=2024-08-22 00:00:00+00:00
[2024-08-22T04:47:37.370+0000] {processor.py:208} INFO - Processing /home/airflow/.local/lib/python3.12/site-packages/airflow/example_dags/example_short_circuit_operator.py took 0.150 seconds
[2024-08-22T04:48:07.857+0000] {processor.py:186} INFO - Started process (PID=771) to work on /home/airflow/.local/lib/python3.12/site-packages/airflow/example_dags/example_short_circuit_operator.py
[2024-08-22T04:48:07.858+0000] {processor.py:914} INFO - Processing file /home/airflow/.local/lib/python3.12/site-packages/airflow/example_dags/example_short_circuit_operator.py for tasks to queue
[2024-08-22T04:48:07.860+0000] {logging_mixin.py:190} INFO - [2024-08-22T04:48:07.859+0000] {dagbag.py:587} INFO - Filling up the DagBag from /home/airflow/.local/lib/python3.12/site-packages/airflow/example_dags/example_short_circuit_operator.py
[2024-08-22T04:48:07.869+0000] {processor.py:925} INFO - DAG(s) 'example_short_circuit_operator' retrieved from /home/airflow/.local/lib/python3.12/site-packages/airflow/example_dags/example_short_circuit_operator.py
[2024-08-22T04:48:07.894+0000] {logging_mixin.py:190} INFO - [2024-08-22T04:48:07.894+0000] {dag.py:3211} INFO - Sync 1 DAGs
[2024-08-22T04:48:07.922+0000] {logging_mixin.py:190} INFO - [2024-08-22T04:48:07.922+0000] {dag.py:4138} INFO - Setting next_dagrun for example_short_circuit_operator to 2024-08-21 00:00:00+00:00, run_after=2024-08-22 00:00:00+00:00
[2024-08-22T04:48:07.946+0000] {processor.py:208} INFO - Processing /home/airflow/.local/lib/python3.12/site-packages/airflow/example_dags/example_short_circuit_operator.py took 0.096 seconds
[2024-08-22T04:48:38.601+0000] {processor.py:186} INFO - Started process (PID=834) to work on /home/airflow/.local/lib/python3.12/site-packages/airflow/example_dags/example_short_circuit_operator.py
[2024-08-22T04:48:38.602+0000] {processor.py:914} INFO - Processing file /home/airflow/.local/lib/python3.12/site-packages/airflow/example_dags/example_short_circuit_operator.py for tasks to queue
[2024-08-22T04:48:38.604+0000] {logging_mixin.py:190} INFO - [2024-08-22T04:48:38.604+0000] {dagbag.py:587} INFO - Filling up the DagBag from /home/airflow/.local/lib/python3.12/site-packages/airflow/example_dags/example_short_circuit_operator.py
[2024-08-22T04:48:38.614+0000] {processor.py:925} INFO - DAG(s) 'example_short_circuit_operator' retrieved from /home/airflow/.local/lib/python3.12/site-packages/airflow/example_dags/example_short_circuit_operator.py
[2024-08-22T04:48:38.643+0000] {logging_mixin.py:190} INFO - [2024-08-22T04:48:38.643+0000] {dag.py:3211} INFO - Sync 1 DAGs
[2024-08-22T04:48:38.673+0000] {logging_mixin.py:190} INFO - [2024-08-22T04:48:38.673+0000] {dag.py:4138} INFO - Setting next_dagrun for example_short_circuit_operator to 2024-08-21 00:00:00+00:00, run_after=2024-08-22 00:00:00+00:00
[2024-08-22T04:48:38.729+0000] {processor.py:208} INFO - Processing /home/airflow/.local/lib/python3.12/site-packages/airflow/example_dags/example_short_circuit_operator.py took 0.135 seconds
[2024-08-22T04:49:09.495+0000] {processor.py:186} INFO - Started process (PID=897) to work on /home/airflow/.local/lib/python3.12/site-packages/airflow/example_dags/example_short_circuit_operator.py
[2024-08-22T04:49:09.496+0000] {processor.py:914} INFO - Processing file /home/airflow/.local/lib/python3.12/site-packages/airflow/example_dags/example_short_circuit_operator.py for tasks to queue
[2024-08-22T04:49:09.498+0000] {logging_mixin.py:190} INFO - [2024-08-22T04:49:09.498+0000] {dagbag.py:587} INFO - Filling up the DagBag from /home/airflow/.local/lib/python3.12/site-packages/airflow/example_dags/example_short_circuit_operator.py
[2024-08-22T04:49:09.507+0000] {processor.py:925} INFO - DAG(s) 'example_short_circuit_operator' retrieved from /home/airflow/.local/lib/python3.12/site-packages/airflow/example_dags/example_short_circuit_operator.py
[2024-08-22T04:49:09.535+0000] {logging_mixin.py:190} INFO - [2024-08-22T04:49:09.535+0000] {dag.py:3211} INFO - Sync 1 DAGs
[2024-08-22T04:49:09.563+0000] {logging_mixin.py:190} INFO - [2024-08-22T04:49:09.562+0000] {dag.py:4138} INFO - Setting next_dagrun for example_short_circuit_operator to 2024-08-21 00:00:00+00:00, run_after=2024-08-22 00:00:00+00:00
[2024-08-22T04:49:09.584+0000] {processor.py:208} INFO - Processing /home/airflow/.local/lib/python3.12/site-packages/airflow/example_dags/example_short_circuit_operator.py took 0.095 seconds
