[2024-08-22T04:42:24.817+0000] {processor.py:186} INFO - Started process (PID=55) to work on /home/airflow/.local/lib/python3.12/site-packages/airflow/example_dags/example_skip_dag.py
[2024-08-22T04:42:24.818+0000] {processor.py:914} INFO - Processing file /home/airflow/.local/lib/python3.12/site-packages/airflow/example_dags/example_skip_dag.py for tasks to queue
[2024-08-22T04:42:24.820+0000] {logging_mixin.py:190} INFO - [2024-08-22T04:42:24.820+0000] {dagbag.py:587} INFO - Filling up the DagBag from /home/airflow/.local/lib/python3.12/site-packages/airflow/example_dags/example_skip_dag.py
[2024-08-22T04:42:24.836+0000] {processor.py:925} INFO - DAG(s) 'example_skip_dag' retrieved from /home/airflow/.local/lib/python3.12/site-packages/airflow/example_dags/example_skip_dag.py
[2024-08-22T04:42:24.977+0000] {logging_mixin.py:190} INFO - [2024-08-22T04:42:24.976+0000] {override.py:1858} INFO - Created Permission View: can delete on DAG:example_skip_dag
[2024-08-22T04:42:24.991+0000] {logging_mixin.py:190} INFO - [2024-08-22T04:42:24.990+0000] {override.py:1858} INFO - Created Permission View: can read on DAG:example_skip_dag
[2024-08-22T04:42:24.999+0000] {logging_mixin.py:190} INFO - [2024-08-22T04:42:24.999+0000] {override.py:1858} INFO - Created Permission View: can edit on DAG:example_skip_dag
[2024-08-22T04:42:25.000+0000] {logging_mixin.py:190} INFO - [2024-08-22T04:42:25.000+0000] {dag.py:3211} INFO - Sync 1 DAGs
[2024-08-22T04:42:25.017+0000] {logging_mixin.py:190} INFO - [2024-08-22T04:42:25.016+0000] {dag.py:3234} INFO - Creating ORM DAG for example_skip_dag
[2024-08-22T04:42:25.029+0000] {logging_mixin.py:190} INFO - [2024-08-22T04:42:25.029+0000] {dag.py:4138} INFO - Setting next_dagrun for example_skip_dag to 2024-08-21 00:00:00+00:00, run_after=2024-08-22 00:00:00+00:00
[2024-08-22T04:42:25.054+0000] {processor.py:208} INFO - Processing /home/airflow/.local/lib/python3.12/site-packages/airflow/example_dags/example_skip_dag.py took 0.244 seconds
[2024-08-22T04:42:55.561+0000] {processor.py:186} INFO - Started process (PID=118) to work on /home/airflow/.local/lib/python3.12/site-packages/airflow/example_dags/example_skip_dag.py
[2024-08-22T04:42:55.562+0000] {processor.py:914} INFO - Processing file /home/airflow/.local/lib/python3.12/site-packages/airflow/example_dags/example_skip_dag.py for tasks to queue
[2024-08-22T04:42:55.564+0000] {logging_mixin.py:190} INFO - [2024-08-22T04:42:55.564+0000] {dagbag.py:587} INFO - Filling up the DagBag from /home/airflow/.local/lib/python3.12/site-packages/airflow/example_dags/example_skip_dag.py
[2024-08-22T04:42:55.572+0000] {processor.py:925} INFO - DAG(s) 'example_skip_dag' retrieved from /home/airflow/.local/lib/python3.12/site-packages/airflow/example_dags/example_skip_dag.py
[2024-08-22T04:42:55.596+0000] {logging_mixin.py:190} INFO - [2024-08-22T04:42:55.596+0000] {dag.py:3211} INFO - Sync 1 DAGs
[2024-08-22T04:42:55.623+0000] {logging_mixin.py:190} INFO - [2024-08-22T04:42:55.623+0000] {dag.py:4138} INFO - Setting next_dagrun for example_skip_dag to 2024-08-21 00:00:00+00:00, run_after=2024-08-22 00:00:00+00:00
[2024-08-22T04:42:55.684+0000] {processor.py:208} INFO - Processing /home/airflow/.local/lib/python3.12/site-packages/airflow/example_dags/example_skip_dag.py took 0.129 seconds
[2024-08-22T04:43:26.445+0000] {processor.py:186} INFO - Started process (PID=181) to work on /home/airflow/.local/lib/python3.12/site-packages/airflow/example_dags/example_skip_dag.py
[2024-08-22T04:43:26.446+0000] {processor.py:914} INFO - Processing file /home/airflow/.local/lib/python3.12/site-packages/airflow/example_dags/example_skip_dag.py for tasks to queue
[2024-08-22T04:43:26.448+0000] {logging_mixin.py:190} INFO - [2024-08-22T04:43:26.448+0000] {dagbag.py:587} INFO - Filling up the DagBag from /home/airflow/.local/lib/python3.12/site-packages/airflow/example_dags/example_skip_dag.py
[2024-08-22T04:43:26.455+0000] {processor.py:925} INFO - DAG(s) 'example_skip_dag' retrieved from /home/airflow/.local/lib/python3.12/site-packages/airflow/example_dags/example_skip_dag.py
[2024-08-22T04:43:26.483+0000] {logging_mixin.py:190} INFO - [2024-08-22T04:43:26.483+0000] {dag.py:3211} INFO - Sync 1 DAGs
[2024-08-22T04:43:26.513+0000] {logging_mixin.py:190} INFO - [2024-08-22T04:43:26.513+0000] {dag.py:4138} INFO - Setting next_dagrun for example_skip_dag to 2024-08-21 00:00:00+00:00, run_after=2024-08-22 00:00:00+00:00
[2024-08-22T04:43:26.534+0000] {processor.py:208} INFO - Processing /home/airflow/.local/lib/python3.12/site-packages/airflow/example_dags/example_skip_dag.py took 0.099 seconds
[2024-08-22T04:43:56.961+0000] {processor.py:186} INFO - Started process (PID=243) to work on /home/airflow/.local/lib/python3.12/site-packages/airflow/example_dags/example_skip_dag.py
[2024-08-22T04:43:57.006+0000] {processor.py:914} INFO - Processing file /home/airflow/.local/lib/python3.12/site-packages/airflow/example_dags/example_skip_dag.py for tasks to queue
[2024-08-22T04:43:57.009+0000] {logging_mixin.py:190} INFO - [2024-08-22T04:43:57.008+0000] {dagbag.py:587} INFO - Filling up the DagBag from /home/airflow/.local/lib/python3.12/site-packages/airflow/example_dags/example_skip_dag.py
[2024-08-22T04:43:57.021+0000] {processor.py:925} INFO - DAG(s) 'example_skip_dag' retrieved from /home/airflow/.local/lib/python3.12/site-packages/airflow/example_dags/example_skip_dag.py
[2024-08-22T04:43:57.055+0000] {logging_mixin.py:190} INFO - [2024-08-22T04:43:57.055+0000] {dag.py:3211} INFO - Sync 1 DAGs
[2024-08-22T04:43:57.102+0000] {logging_mixin.py:190} INFO - [2024-08-22T04:43:57.102+0000] {dag.py:4138} INFO - Setting next_dagrun for example_skip_dag to 2024-08-21 00:00:00+00:00, run_after=2024-08-22 00:00:00+00:00
[2024-08-22T04:43:57.135+0000] {processor.py:208} INFO - Processing /home/airflow/.local/lib/python3.12/site-packages/airflow/example_dags/example_skip_dag.py took 0.180 seconds
[2024-08-22T04:44:27.687+0000] {processor.py:186} INFO - Started process (PID=306) to work on /home/airflow/.local/lib/python3.12/site-packages/airflow/example_dags/example_skip_dag.py
[2024-08-22T04:44:27.688+0000] {processor.py:914} INFO - Processing file /home/airflow/.local/lib/python3.12/site-packages/airflow/example_dags/example_skip_dag.py for tasks to queue
[2024-08-22T04:44:27.690+0000] {logging_mixin.py:190} INFO - [2024-08-22T04:44:27.689+0000] {dagbag.py:587} INFO - Filling up the DagBag from /home/airflow/.local/lib/python3.12/site-packages/airflow/example_dags/example_skip_dag.py
[2024-08-22T04:44:27.697+0000] {processor.py:925} INFO - DAG(s) 'example_skip_dag' retrieved from /home/airflow/.local/lib/python3.12/site-packages/airflow/example_dags/example_skip_dag.py
[2024-08-22T04:44:27.724+0000] {logging_mixin.py:190} INFO - [2024-08-22T04:44:27.724+0000] {dag.py:3211} INFO - Sync 1 DAGs
[2024-08-22T04:44:27.755+0000] {logging_mixin.py:190} INFO - [2024-08-22T04:44:27.755+0000] {dag.py:4138} INFO - Setting next_dagrun for example_skip_dag to 2024-08-21 00:00:00+00:00, run_after=2024-08-22 00:00:00+00:00
[2024-08-22T04:44:27.781+0000] {processor.py:208} INFO - Processing /home/airflow/.local/lib/python3.12/site-packages/airflow/example_dags/example_skip_dag.py took 0.101 seconds
[2024-08-22T04:44:58.191+0000] {processor.py:186} INFO - Started process (PID=369) to work on /home/airflow/.local/lib/python3.12/site-packages/airflow/example_dags/example_skip_dag.py
[2024-08-22T04:44:58.192+0000] {processor.py:914} INFO - Processing file /home/airflow/.local/lib/python3.12/site-packages/airflow/example_dags/example_skip_dag.py for tasks to queue
[2024-08-22T04:44:58.195+0000] {logging_mixin.py:190} INFO - [2024-08-22T04:44:58.194+0000] {dagbag.py:587} INFO - Filling up the DagBag from /home/airflow/.local/lib/python3.12/site-packages/airflow/example_dags/example_skip_dag.py
[2024-08-22T04:44:58.203+0000] {processor.py:925} INFO - DAG(s) 'example_skip_dag' retrieved from /home/airflow/.local/lib/python3.12/site-packages/airflow/example_dags/example_skip_dag.py
[2024-08-22T04:44:58.225+0000] {logging_mixin.py:190} INFO - [2024-08-22T04:44:58.225+0000] {dag.py:3211} INFO - Sync 1 DAGs
[2024-08-22T04:44:58.252+0000] {logging_mixin.py:190} INFO - [2024-08-22T04:44:58.252+0000] {dag.py:4138} INFO - Setting next_dagrun for example_skip_dag to 2024-08-21 00:00:00+00:00, run_after=2024-08-22 00:00:00+00:00
[2024-08-22T04:44:58.275+0000] {processor.py:208} INFO - Processing /home/airflow/.local/lib/python3.12/site-packages/airflow/example_dags/example_skip_dag.py took 0.093 seconds
[2024-08-22T04:45:28.912+0000] {processor.py:186} INFO - Started process (PID=432) to work on /home/airflow/.local/lib/python3.12/site-packages/airflow/example_dags/example_skip_dag.py
[2024-08-22T04:45:28.914+0000] {processor.py:914} INFO - Processing file /home/airflow/.local/lib/python3.12/site-packages/airflow/example_dags/example_skip_dag.py for tasks to queue
[2024-08-22T04:45:28.916+0000] {logging_mixin.py:190} INFO - [2024-08-22T04:45:28.915+0000] {dagbag.py:587} INFO - Filling up the DagBag from /home/airflow/.local/lib/python3.12/site-packages/airflow/example_dags/example_skip_dag.py
[2024-08-22T04:45:28.925+0000] {processor.py:925} INFO - DAG(s) 'example_skip_dag' retrieved from /home/airflow/.local/lib/python3.12/site-packages/airflow/example_dags/example_skip_dag.py
[2024-08-22T04:45:28.949+0000] {logging_mixin.py:190} INFO - [2024-08-22T04:45:28.948+0000] {dag.py:3211} INFO - Sync 1 DAGs
[2024-08-22T04:45:28.983+0000] {logging_mixin.py:190} INFO - [2024-08-22T04:45:28.983+0000] {dag.py:4138} INFO - Setting next_dagrun for example_skip_dag to 2024-08-21 00:00:00+00:00, run_after=2024-08-22 00:00:00+00:00
[2024-08-22T04:45:29.009+0000] {processor.py:208} INFO - Processing /home/airflow/.local/lib/python3.12/site-packages/airflow/example_dags/example_skip_dag.py took 0.104 seconds
[2024-08-22T04:45:59.453+0000] {processor.py:186} INFO - Started process (PID=494) to work on /home/airflow/.local/lib/python3.12/site-packages/airflow/example_dags/example_skip_dag.py
[2024-08-22T04:45:59.454+0000] {processor.py:914} INFO - Processing file /home/airflow/.local/lib/python3.12/site-packages/airflow/example_dags/example_skip_dag.py for tasks to queue
[2024-08-22T04:45:59.457+0000] {logging_mixin.py:190} INFO - [2024-08-22T04:45:59.457+0000] {dagbag.py:587} INFO - Filling up the DagBag from /home/airflow/.local/lib/python3.12/site-packages/airflow/example_dags/example_skip_dag.py
[2024-08-22T04:45:59.466+0000] {processor.py:925} INFO - DAG(s) 'example_skip_dag' retrieved from /home/airflow/.local/lib/python3.12/site-packages/airflow/example_dags/example_skip_dag.py
[2024-08-22T04:45:59.493+0000] {logging_mixin.py:190} INFO - [2024-08-22T04:45:59.493+0000] {dag.py:3211} INFO - Sync 1 DAGs
[2024-08-22T04:45:59.525+0000] {logging_mixin.py:190} INFO - [2024-08-22T04:45:59.525+0000] {dag.py:4138} INFO - Setting next_dagrun for example_skip_dag to 2024-08-21 00:00:00+00:00, run_after=2024-08-22 00:00:00+00:00
[2024-08-22T04:45:59.552+0000] {processor.py:208} INFO - Processing /home/airflow/.local/lib/python3.12/site-packages/airflow/example_dags/example_skip_dag.py took 0.109 seconds
[2024-08-22T04:46:30.106+0000] {processor.py:186} INFO - Started process (PID=557) to work on /home/airflow/.local/lib/python3.12/site-packages/airflow/example_dags/example_skip_dag.py
[2024-08-22T04:46:30.107+0000] {processor.py:914} INFO - Processing file /home/airflow/.local/lib/python3.12/site-packages/airflow/example_dags/example_skip_dag.py for tasks to queue
[2024-08-22T04:46:30.109+0000] {logging_mixin.py:190} INFO - [2024-08-22T04:46:30.108+0000] {dagbag.py:587} INFO - Filling up the DagBag from /home/airflow/.local/lib/python3.12/site-packages/airflow/example_dags/example_skip_dag.py
[2024-08-22T04:46:30.116+0000] {processor.py:925} INFO - DAG(s) 'example_skip_dag' retrieved from /home/airflow/.local/lib/python3.12/site-packages/airflow/example_dags/example_skip_dag.py
[2024-08-22T04:46:30.152+0000] {logging_mixin.py:190} INFO - [2024-08-22T04:46:30.151+0000] {dag.py:3211} INFO - Sync 1 DAGs
[2024-08-22T04:46:30.180+0000] {logging_mixin.py:190} INFO - [2024-08-22T04:46:30.180+0000] {dag.py:4138} INFO - Setting next_dagrun for example_skip_dag to 2024-08-21 00:00:00+00:00, run_after=2024-08-22 00:00:00+00:00
[2024-08-22T04:46:30.204+0000] {processor.py:208} INFO - Processing /home/airflow/.local/lib/python3.12/site-packages/airflow/example_dags/example_skip_dag.py took 0.103 seconds
[2024-08-22T04:47:00.993+0000] {processor.py:186} INFO - Started process (PID=635) to work on /home/airflow/.local/lib/python3.12/site-packages/airflow/example_dags/example_skip_dag.py
[2024-08-22T04:47:01.007+0000] {processor.py:914} INFO - Processing file /home/airflow/.local/lib/python3.12/site-packages/airflow/example_dags/example_skip_dag.py for tasks to queue
[2024-08-22T04:47:01.010+0000] {logging_mixin.py:190} INFO - [2024-08-22T04:47:01.010+0000] {dagbag.py:587} INFO - Filling up the DagBag from /home/airflow/.local/lib/python3.12/site-packages/airflow/example_dags/example_skip_dag.py
[2024-08-22T04:47:01.024+0000] {processor.py:925} INFO - DAG(s) 'example_skip_dag' retrieved from /home/airflow/.local/lib/python3.12/site-packages/airflow/example_dags/example_skip_dag.py
[2024-08-22T04:47:01.056+0000] {logging_mixin.py:190} INFO - [2024-08-22T04:47:01.056+0000] {dag.py:3211} INFO - Sync 1 DAGs
[2024-08-22T04:47:01.098+0000] {logging_mixin.py:190} INFO - [2024-08-22T04:47:01.097+0000] {dag.py:4138} INFO - Setting next_dagrun for example_skip_dag to 2024-08-21 00:00:00+00:00, run_after=2024-08-22 00:00:00+00:00
[2024-08-22T04:47:01.131+0000] {processor.py:208} INFO - Processing /home/airflow/.local/lib/python3.12/site-packages/airflow/example_dags/example_skip_dag.py took 0.148 seconds
[2024-08-22T04:47:35.067+0000] {processor.py:186} INFO - Started process (PID=698) to work on /home/airflow/.local/lib/python3.12/site-packages/airflow/example_dags/example_skip_dag.py
[2024-08-22T04:47:35.072+0000] {processor.py:914} INFO - Processing file /home/airflow/.local/lib/python3.12/site-packages/airflow/example_dags/example_skip_dag.py for tasks to queue
[2024-08-22T04:47:35.081+0000] {logging_mixin.py:190} INFO - [2024-08-22T04:47:35.080+0000] {dagbag.py:587} INFO - Filling up the DagBag from /home/airflow/.local/lib/python3.12/site-packages/airflow/example_dags/example_skip_dag.py
[2024-08-22T04:47:35.127+0000] {processor.py:925} INFO - DAG(s) 'example_skip_dag' retrieved from /home/airflow/.local/lib/python3.12/site-packages/airflow/example_dags/example_skip_dag.py
[2024-08-22T04:47:35.237+0000] {logging_mixin.py:190} INFO - [2024-08-22T04:47:35.236+0000] {dag.py:3211} INFO - Sync 1 DAGs
[2024-08-22T04:47:35.348+0000] {logging_mixin.py:190} INFO - [2024-08-22T04:47:35.348+0000] {dag.py:4138} INFO - Setting next_dagrun for example_skip_dag to 2024-08-21 00:00:00+00:00, run_after=2024-08-22 00:00:00+00:00
[2024-08-22T04:47:35.437+0000] {processor.py:208} INFO - Processing /home/airflow/.local/lib/python3.12/site-packages/airflow/example_dags/example_skip_dag.py took 0.393 seconds
[2024-08-22T04:48:06.079+0000] {processor.py:186} INFO - Started process (PID=761) to work on /home/airflow/.local/lib/python3.12/site-packages/airflow/example_dags/example_skip_dag.py
[2024-08-22T04:48:06.083+0000] {processor.py:914} INFO - Processing file /home/airflow/.local/lib/python3.12/site-packages/airflow/example_dags/example_skip_dag.py for tasks to queue
[2024-08-22T04:48:06.086+0000] {logging_mixin.py:190} INFO - [2024-08-22T04:48:06.086+0000] {dagbag.py:587} INFO - Filling up the DagBag from /home/airflow/.local/lib/python3.12/site-packages/airflow/example_dags/example_skip_dag.py
[2024-08-22T04:48:06.099+0000] {processor.py:925} INFO - DAG(s) 'example_skip_dag' retrieved from /home/airflow/.local/lib/python3.12/site-packages/airflow/example_dags/example_skip_dag.py
[2024-08-22T04:48:06.129+0000] {logging_mixin.py:190} INFO - [2024-08-22T04:48:06.128+0000] {dag.py:3211} INFO - Sync 1 DAGs
[2024-08-22T04:48:06.161+0000] {logging_mixin.py:190} INFO - [2024-08-22T04:48:06.161+0000] {dag.py:4138} INFO - Setting next_dagrun for example_skip_dag to 2024-08-21 00:00:00+00:00, run_after=2024-08-22 00:00:00+00:00
[2024-08-22T04:48:06.193+0000] {processor.py:208} INFO - Processing /home/airflow/.local/lib/python3.12/site-packages/airflow/example_dags/example_skip_dag.py took 0.122 seconds
[2024-08-22T04:48:36.800+0000] {processor.py:186} INFO - Started process (PID=824) to work on /home/airflow/.local/lib/python3.12/site-packages/airflow/example_dags/example_skip_dag.py
[2024-08-22T04:48:36.803+0000] {processor.py:914} INFO - Processing file /home/airflow/.local/lib/python3.12/site-packages/airflow/example_dags/example_skip_dag.py for tasks to queue
[2024-08-22T04:48:36.806+0000] {logging_mixin.py:190} INFO - [2024-08-22T04:48:36.805+0000] {dagbag.py:587} INFO - Filling up the DagBag from /home/airflow/.local/lib/python3.12/site-packages/airflow/example_dags/example_skip_dag.py
[2024-08-22T04:48:36.815+0000] {processor.py:925} INFO - DAG(s) 'example_skip_dag' retrieved from /home/airflow/.local/lib/python3.12/site-packages/airflow/example_dags/example_skip_dag.py
[2024-08-22T04:48:36.841+0000] {logging_mixin.py:190} INFO - [2024-08-22T04:48:36.841+0000] {dag.py:3211} INFO - Sync 1 DAGs
[2024-08-22T04:48:36.869+0000] {logging_mixin.py:190} INFO - [2024-08-22T04:48:36.869+0000] {dag.py:4138} INFO - Setting next_dagrun for example_skip_dag to 2024-08-21 00:00:00+00:00, run_after=2024-08-22 00:00:00+00:00
[2024-08-22T04:48:36.893+0000] {processor.py:208} INFO - Processing /home/airflow/.local/lib/python3.12/site-packages/airflow/example_dags/example_skip_dag.py took 0.102 seconds
[2024-08-22T04:49:07.498+0000] {processor.py:186} INFO - Started process (PID=887) to work on /home/airflow/.local/lib/python3.12/site-packages/airflow/example_dags/example_skip_dag.py
[2024-08-22T04:49:07.499+0000] {processor.py:914} INFO - Processing file /home/airflow/.local/lib/python3.12/site-packages/airflow/example_dags/example_skip_dag.py for tasks to queue
[2024-08-22T04:49:07.502+0000] {logging_mixin.py:190} INFO - [2024-08-22T04:49:07.501+0000] {dagbag.py:587} INFO - Filling up the DagBag from /home/airflow/.local/lib/python3.12/site-packages/airflow/example_dags/example_skip_dag.py
[2024-08-22T04:49:07.511+0000] {processor.py:925} INFO - DAG(s) 'example_skip_dag' retrieved from /home/airflow/.local/lib/python3.12/site-packages/airflow/example_dags/example_skip_dag.py
[2024-08-22T04:49:07.535+0000] {logging_mixin.py:190} INFO - [2024-08-22T04:49:07.535+0000] {dag.py:3211} INFO - Sync 1 DAGs
[2024-08-22T04:49:07.567+0000] {logging_mixin.py:190} INFO - [2024-08-22T04:49:07.567+0000] {dag.py:4138} INFO - Setting next_dagrun for example_skip_dag to 2024-08-21 00:00:00+00:00, run_after=2024-08-22 00:00:00+00:00
[2024-08-22T04:49:07.593+0000] {processor.py:208} INFO - Processing /home/airflow/.local/lib/python3.12/site-packages/airflow/example_dags/example_skip_dag.py took 0.105 seconds
