[2024-08-22T04:42:20.773+0000] {processor.py:186} INFO - Started process (PID=38) to work on /home/airflow/.local/lib/python3.12/site-packages/airflow/example_dags/example_xcom.py
[2024-08-22T04:42:20.775+0000] {processor.py:914} INFO - Processing file /home/airflow/.local/lib/python3.12/site-packages/airflow/example_dags/example_xcom.py for tasks to queue
[2024-08-22T04:42:20.781+0000] {logging_mixin.py:190} INFO - [2024-08-22T04:42:20.777+0000] {dagbag.py:587} INFO - Filling up the DagBag from /home/airflow/.local/lib/python3.12/site-packages/airflow/example_dags/example_xcom.py
[2024-08-22T04:42:20.797+0000] {processor.py:925} INFO - DAG(s) 'example_xcom' retrieved from /home/airflow/.local/lib/python3.12/site-packages/airflow/example_dags/example_xcom.py
[2024-08-22T04:42:21.030+0000] {logging_mixin.py:190} INFO - [2024-08-22T04:42:21.028+0000] {override.py:1858} INFO - Created Permission View: can delete on DAG:example_xcom
[2024-08-22T04:42:21.074+0000] {logging_mixin.py:190} INFO - [2024-08-22T04:42:21.073+0000] {override.py:1858} INFO - Created Permission View: can read on DAG:example_xcom
[2024-08-22T04:42:21.098+0000] {logging_mixin.py:190} INFO - [2024-08-22T04:42:21.097+0000] {override.py:1858} INFO - Created Permission View: can edit on DAG:example_xcom
[2024-08-22T04:42:21.098+0000] {logging_mixin.py:190} INFO - [2024-08-22T04:42:21.098+0000] {dag.py:3211} INFO - Sync 1 DAGs
[2024-08-22T04:42:21.114+0000] {logging_mixin.py:190} INFO - [2024-08-22T04:42:21.113+0000] {dag.py:3234} INFO - Creating ORM DAG for example_xcom
[2024-08-22T04:42:21.134+0000] {logging_mixin.py:190} INFO - [2024-08-22T04:42:21.133+0000] {dag.py:4138} INFO - Setting next_dagrun for example_xcom to 2021-01-01 00:00:00+00:00, run_after=2021-01-01 00:00:00+00:00
[2024-08-22T04:42:21.161+0000] {processor.py:208} INFO - Processing /home/airflow/.local/lib/python3.12/site-packages/airflow/example_dags/example_xcom.py took 0.409 seconds
[2024-08-22T04:42:51.311+0000] {processor.py:186} INFO - Started process (PID=100) to work on /home/airflow/.local/lib/python3.12/site-packages/airflow/example_dags/example_xcom.py
[2024-08-22T04:42:51.335+0000] {processor.py:914} INFO - Processing file /home/airflow/.local/lib/python3.12/site-packages/airflow/example_dags/example_xcom.py for tasks to queue
[2024-08-22T04:42:51.338+0000] {logging_mixin.py:190} INFO - [2024-08-22T04:42:51.337+0000] {dagbag.py:587} INFO - Filling up the DagBag from /home/airflow/.local/lib/python3.12/site-packages/airflow/example_dags/example_xcom.py
[2024-08-22T04:42:51.349+0000] {processor.py:925} INFO - DAG(s) 'example_xcom' retrieved from /home/airflow/.local/lib/python3.12/site-packages/airflow/example_dags/example_xcom.py
[2024-08-22T04:42:51.376+0000] {logging_mixin.py:190} INFO - [2024-08-22T04:42:51.376+0000] {dag.py:3211} INFO - Sync 1 DAGs
[2024-08-22T04:42:51.409+0000] {logging_mixin.py:190} INFO - [2024-08-22T04:42:51.408+0000] {dag.py:4138} INFO - Setting next_dagrun for example_xcom to 2021-01-01 00:00:00+00:00, run_after=2021-01-01 00:00:00+00:00
[2024-08-22T04:42:51.435+0000] {processor.py:208} INFO - Processing /home/airflow/.local/lib/python3.12/site-packages/airflow/example_dags/example_xcom.py took 0.133 seconds
[2024-08-22T04:43:22.227+0000] {processor.py:186} INFO - Started process (PID=163) to work on /home/airflow/.local/lib/python3.12/site-packages/airflow/example_dags/example_xcom.py
[2024-08-22T04:43:22.255+0000] {processor.py:914} INFO - Processing file /home/airflow/.local/lib/python3.12/site-packages/airflow/example_dags/example_xcom.py for tasks to queue
[2024-08-22T04:43:22.259+0000] {logging_mixin.py:190} INFO - [2024-08-22T04:43:22.258+0000] {dagbag.py:587} INFO - Filling up the DagBag from /home/airflow/.local/lib/python3.12/site-packages/airflow/example_dags/example_xcom.py
[2024-08-22T04:43:22.273+0000] {processor.py:925} INFO - DAG(s) 'example_xcom' retrieved from /home/airflow/.local/lib/python3.12/site-packages/airflow/example_dags/example_xcom.py
[2024-08-22T04:43:22.300+0000] {logging_mixin.py:190} INFO - [2024-08-22T04:43:22.299+0000] {dag.py:3211} INFO - Sync 1 DAGs
[2024-08-22T04:43:22.332+0000] {logging_mixin.py:190} INFO - [2024-08-22T04:43:22.332+0000] {dag.py:4138} INFO - Setting next_dagrun for example_xcom to 2021-01-01 00:00:00+00:00, run_after=2021-01-01 00:00:00+00:00
[2024-08-22T04:43:22.360+0000] {processor.py:208} INFO - Processing /home/airflow/.local/lib/python3.12/site-packages/airflow/example_dags/example_xcom.py took 0.143 seconds
[2024-08-22T04:43:52.547+0000] {processor.py:186} INFO - Started process (PID=225) to work on /home/airflow/.local/lib/python3.12/site-packages/airflow/example_dags/example_xcom.py
[2024-08-22T04:43:52.549+0000] {processor.py:914} INFO - Processing file /home/airflow/.local/lib/python3.12/site-packages/airflow/example_dags/example_xcom.py for tasks to queue
[2024-08-22T04:43:52.551+0000] {logging_mixin.py:190} INFO - [2024-08-22T04:43:52.551+0000] {dagbag.py:587} INFO - Filling up the DagBag from /home/airflow/.local/lib/python3.12/site-packages/airflow/example_dags/example_xcom.py
[2024-08-22T04:43:52.561+0000] {processor.py:925} INFO - DAG(s) 'example_xcom' retrieved from /home/airflow/.local/lib/python3.12/site-packages/airflow/example_dags/example_xcom.py
[2024-08-22T04:43:52.590+0000] {logging_mixin.py:190} INFO - [2024-08-22T04:43:52.590+0000] {dag.py:3211} INFO - Sync 1 DAGs
[2024-08-22T04:43:52.617+0000] {logging_mixin.py:190} INFO - [2024-08-22T04:43:52.617+0000] {dag.py:4138} INFO - Setting next_dagrun for example_xcom to 2021-01-01 00:00:00+00:00, run_after=2021-01-01 00:00:00+00:00
[2024-08-22T04:43:52.640+0000] {processor.py:208} INFO - Processing /home/airflow/.local/lib/python3.12/site-packages/airflow/example_dags/example_xcom.py took 0.100 seconds
[2024-08-22T04:44:22.738+0000] {processor.py:186} INFO - Started process (PID=288) to work on /home/airflow/.local/lib/python3.12/site-packages/airflow/example_dags/example_xcom.py
[2024-08-22T04:44:22.755+0000] {processor.py:914} INFO - Processing file /home/airflow/.local/lib/python3.12/site-packages/airflow/example_dags/example_xcom.py for tasks to queue
[2024-08-22T04:44:22.758+0000] {logging_mixin.py:190} INFO - [2024-08-22T04:44:22.757+0000] {dagbag.py:587} INFO - Filling up the DagBag from /home/airflow/.local/lib/python3.12/site-packages/airflow/example_dags/example_xcom.py
[2024-08-22T04:44:22.767+0000] {processor.py:925} INFO - DAG(s) 'example_xcom' retrieved from /home/airflow/.local/lib/python3.12/site-packages/airflow/example_dags/example_xcom.py
[2024-08-22T04:44:22.793+0000] {logging_mixin.py:190} INFO - [2024-08-22T04:44:22.792+0000] {dag.py:3211} INFO - Sync 1 DAGs
[2024-08-22T04:44:22.823+0000] {logging_mixin.py:190} INFO - [2024-08-22T04:44:22.823+0000] {dag.py:4138} INFO - Setting next_dagrun for example_xcom to 2021-01-01 00:00:00+00:00, run_after=2021-01-01 00:00:00+00:00
[2024-08-22T04:44:22.852+0000] {processor.py:208} INFO - Processing /home/airflow/.local/lib/python3.12/site-packages/airflow/example_dags/example_xcom.py took 0.122 seconds
[2024-08-22T04:44:53.335+0000] {processor.py:186} INFO - Started process (PID=351) to work on /home/airflow/.local/lib/python3.12/site-packages/airflow/example_dags/example_xcom.py
[2024-08-22T04:44:53.336+0000] {processor.py:914} INFO - Processing file /home/airflow/.local/lib/python3.12/site-packages/airflow/example_dags/example_xcom.py for tasks to queue
[2024-08-22T04:44:53.338+0000] {logging_mixin.py:190} INFO - [2024-08-22T04:44:53.338+0000] {dagbag.py:587} INFO - Filling up the DagBag from /home/airflow/.local/lib/python3.12/site-packages/airflow/example_dags/example_xcom.py
[2024-08-22T04:44:53.348+0000] {processor.py:925} INFO - DAG(s) 'example_xcom' retrieved from /home/airflow/.local/lib/python3.12/site-packages/airflow/example_dags/example_xcom.py
[2024-08-22T04:44:53.373+0000] {logging_mixin.py:190} INFO - [2024-08-22T04:44:53.373+0000] {dag.py:3211} INFO - Sync 1 DAGs
[2024-08-22T04:44:53.404+0000] {logging_mixin.py:190} INFO - [2024-08-22T04:44:53.404+0000] {dag.py:4138} INFO - Setting next_dagrun for example_xcom to 2021-01-01 00:00:00+00:00, run_after=2021-01-01 00:00:00+00:00
[2024-08-22T04:44:53.464+0000] {processor.py:208} INFO - Processing /home/airflow/.local/lib/python3.12/site-packages/airflow/example_dags/example_xcom.py took 0.137 seconds
[2024-08-22T04:45:24.073+0000] {processor.py:186} INFO - Started process (PID=414) to work on /home/airflow/.local/lib/python3.12/site-packages/airflow/example_dags/example_xcom.py
[2024-08-22T04:45:24.099+0000] {processor.py:914} INFO - Processing file /home/airflow/.local/lib/python3.12/site-packages/airflow/example_dags/example_xcom.py for tasks to queue
[2024-08-22T04:45:24.102+0000] {logging_mixin.py:190} INFO - [2024-08-22T04:45:24.101+0000] {dagbag.py:587} INFO - Filling up the DagBag from /home/airflow/.local/lib/python3.12/site-packages/airflow/example_dags/example_xcom.py
[2024-08-22T04:45:24.118+0000] {processor.py:925} INFO - DAG(s) 'example_xcom' retrieved from /home/airflow/.local/lib/python3.12/site-packages/airflow/example_dags/example_xcom.py
[2024-08-22T04:45:24.145+0000] {logging_mixin.py:190} INFO - [2024-08-22T04:45:24.145+0000] {dag.py:3211} INFO - Sync 1 DAGs
[2024-08-22T04:45:24.178+0000] {logging_mixin.py:190} INFO - [2024-08-22T04:45:24.177+0000] {dag.py:4138} INFO - Setting next_dagrun for example_xcom to 2021-01-01 00:00:00+00:00, run_after=2021-01-01 00:00:00+00:00
[2024-08-22T04:45:24.205+0000] {processor.py:208} INFO - Processing /home/airflow/.local/lib/python3.12/site-packages/airflow/example_dags/example_xcom.py took 0.138 seconds
[2024-08-22T04:45:54.527+0000] {processor.py:186} INFO - Started process (PID=476) to work on /home/airflow/.local/lib/python3.12/site-packages/airflow/example_dags/example_xcom.py
[2024-08-22T04:45:54.530+0000] {processor.py:914} INFO - Processing file /home/airflow/.local/lib/python3.12/site-packages/airflow/example_dags/example_xcom.py for tasks to queue
[2024-08-22T04:45:54.539+0000] {logging_mixin.py:190} INFO - [2024-08-22T04:45:54.539+0000] {dagbag.py:587} INFO - Filling up the DagBag from /home/airflow/.local/lib/python3.12/site-packages/airflow/example_dags/example_xcom.py
[2024-08-22T04:45:54.571+0000] {processor.py:925} INFO - DAG(s) 'example_xcom' retrieved from /home/airflow/.local/lib/python3.12/site-packages/airflow/example_dags/example_xcom.py
[2024-08-22T04:45:54.633+0000] {logging_mixin.py:190} INFO - [2024-08-22T04:45:54.633+0000] {dag.py:3211} INFO - Sync 1 DAGs
[2024-08-22T04:45:54.663+0000] {logging_mixin.py:190} INFO - [2024-08-22T04:45:54.663+0000] {dag.py:4138} INFO - Setting next_dagrun for example_xcom to 2021-01-01 00:00:00+00:00, run_after=2021-01-01 00:00:00+00:00
[2024-08-22T04:45:54.690+0000] {processor.py:208} INFO - Processing /home/airflow/.local/lib/python3.12/site-packages/airflow/example_dags/example_xcom.py took 0.185 seconds
[2024-08-22T04:46:25.594+0000] {processor.py:186} INFO - Started process (PID=539) to work on /home/airflow/.local/lib/python3.12/site-packages/airflow/example_dags/example_xcom.py
[2024-08-22T04:46:25.595+0000] {processor.py:914} INFO - Processing file /home/airflow/.local/lib/python3.12/site-packages/airflow/example_dags/example_xcom.py for tasks to queue
[2024-08-22T04:46:25.598+0000] {logging_mixin.py:190} INFO - [2024-08-22T04:46:25.597+0000] {dagbag.py:587} INFO - Filling up the DagBag from /home/airflow/.local/lib/python3.12/site-packages/airflow/example_dags/example_xcom.py
[2024-08-22T04:46:25.609+0000] {processor.py:925} INFO - DAG(s) 'example_xcom' retrieved from /home/airflow/.local/lib/python3.12/site-packages/airflow/example_dags/example_xcom.py
[2024-08-22T04:46:25.641+0000] {logging_mixin.py:190} INFO - [2024-08-22T04:46:25.641+0000] {dag.py:3211} INFO - Sync 1 DAGs
[2024-08-22T04:46:25.672+0000] {logging_mixin.py:190} INFO - [2024-08-22T04:46:25.672+0000] {dag.py:4138} INFO - Setting next_dagrun for example_xcom to 2021-01-01 00:00:00+00:00, run_after=2021-01-01 00:00:00+00:00
[2024-08-22T04:46:25.701+0000] {processor.py:208} INFO - Processing /home/airflow/.local/lib/python3.12/site-packages/airflow/example_dags/example_xcom.py took 0.114 seconds
[2024-08-22T04:46:55.997+0000] {processor.py:186} INFO - Started process (PID=617) to work on /home/airflow/.local/lib/python3.12/site-packages/airflow/example_dags/example_xcom.py
[2024-08-22T04:46:55.999+0000] {processor.py:914} INFO - Processing file /home/airflow/.local/lib/python3.12/site-packages/airflow/example_dags/example_xcom.py for tasks to queue
[2024-08-22T04:46:56.003+0000] {logging_mixin.py:190} INFO - [2024-08-22T04:46:56.003+0000] {dagbag.py:587} INFO - Filling up the DagBag from /home/airflow/.local/lib/python3.12/site-packages/airflow/example_dags/example_xcom.py
[2024-08-22T04:46:56.016+0000] {processor.py:925} INFO - DAG(s) 'example_xcom' retrieved from /home/airflow/.local/lib/python3.12/site-packages/airflow/example_dags/example_xcom.py
[2024-08-22T04:46:56.060+0000] {logging_mixin.py:190} INFO - [2024-08-22T04:46:56.060+0000] {dag.py:3211} INFO - Sync 1 DAGs
[2024-08-22T04:46:56.107+0000] {logging_mixin.py:190} INFO - [2024-08-22T04:46:56.106+0000] {dag.py:4138} INFO - Setting next_dagrun for example_xcom to 2021-01-01 00:00:00+00:00, run_after=2021-01-01 00:00:00+00:00
[2024-08-22T04:46:56.170+0000] {processor.py:208} INFO - Processing /home/airflow/.local/lib/python3.12/site-packages/airflow/example_dags/example_xcom.py took 0.186 seconds
[2024-08-22T04:47:27.192+0000] {processor.py:186} INFO - Started process (PID=680) to work on /home/airflow/.local/lib/python3.12/site-packages/airflow/example_dags/example_xcom.py
[2024-08-22T04:47:27.202+0000] {processor.py:914} INFO - Processing file /home/airflow/.local/lib/python3.12/site-packages/airflow/example_dags/example_xcom.py for tasks to queue
[2024-08-22T04:47:27.206+0000] {logging_mixin.py:190} INFO - [2024-08-22T04:47:27.206+0000] {dagbag.py:587} INFO - Filling up the DagBag from /home/airflow/.local/lib/python3.12/site-packages/airflow/example_dags/example_xcom.py
[2024-08-22T04:47:27.253+0000] {processor.py:925} INFO - DAG(s) 'example_xcom' retrieved from /home/airflow/.local/lib/python3.12/site-packages/airflow/example_dags/example_xcom.py
[2024-08-22T04:47:27.326+0000] {logging_mixin.py:190} INFO - [2024-08-22T04:47:27.326+0000] {dag.py:3211} INFO - Sync 1 DAGs
[2024-08-22T04:47:27.391+0000] {logging_mixin.py:190} INFO - [2024-08-22T04:47:27.390+0000] {dag.py:4138} INFO - Setting next_dagrun for example_xcom to 2021-01-01 00:00:00+00:00, run_after=2021-01-01 00:00:00+00:00
[2024-08-22T04:47:27.458+0000] {processor.py:208} INFO - Processing /home/airflow/.local/lib/python3.12/site-packages/airflow/example_dags/example_xcom.py took 0.278 seconds
[2024-08-22T04:47:58.179+0000] {processor.py:186} INFO - Started process (PID=743) to work on /home/airflow/.local/lib/python3.12/site-packages/airflow/example_dags/example_xcom.py
[2024-08-22T04:47:58.182+0000] {processor.py:914} INFO - Processing file /home/airflow/.local/lib/python3.12/site-packages/airflow/example_dags/example_xcom.py for tasks to queue
[2024-08-22T04:47:58.185+0000] {logging_mixin.py:190} INFO - [2024-08-22T04:47:58.184+0000] {dagbag.py:587} INFO - Filling up the DagBag from /home/airflow/.local/lib/python3.12/site-packages/airflow/example_dags/example_xcom.py
[2024-08-22T04:47:58.195+0000] {processor.py:925} INFO - DAG(s) 'example_xcom' retrieved from /home/airflow/.local/lib/python3.12/site-packages/airflow/example_dags/example_xcom.py
[2024-08-22T04:47:58.218+0000] {logging_mixin.py:190} INFO - [2024-08-22T04:47:58.218+0000] {dag.py:3211} INFO - Sync 1 DAGs
[2024-08-22T04:47:58.245+0000] {logging_mixin.py:190} INFO - [2024-08-22T04:47:58.245+0000] {dag.py:4138} INFO - Setting next_dagrun for example_xcom to 2021-01-01 00:00:00+00:00, run_after=2021-01-01 00:00:00+00:00
[2024-08-22T04:47:58.272+0000] {processor.py:208} INFO - Processing /home/airflow/.local/lib/python3.12/site-packages/airflow/example_dags/example_xcom.py took 0.100 seconds
[2024-08-22T04:48:29.091+0000] {processor.py:186} INFO - Started process (PID=806) to work on /home/airflow/.local/lib/python3.12/site-packages/airflow/example_dags/example_xcom.py
[2024-08-22T04:48:29.110+0000] {processor.py:914} INFO - Processing file /home/airflow/.local/lib/python3.12/site-packages/airflow/example_dags/example_xcom.py for tasks to queue
[2024-08-22T04:48:29.113+0000] {logging_mixin.py:190} INFO - [2024-08-22T04:48:29.113+0000] {dagbag.py:587} INFO - Filling up the DagBag from /home/airflow/.local/lib/python3.12/site-packages/airflow/example_dags/example_xcom.py
[2024-08-22T04:48:29.130+0000] {processor.py:925} INFO - DAG(s) 'example_xcom' retrieved from /home/airflow/.local/lib/python3.12/site-packages/airflow/example_dags/example_xcom.py
[2024-08-22T04:48:29.157+0000] {logging_mixin.py:190} INFO - [2024-08-22T04:48:29.157+0000] {dag.py:3211} INFO - Sync 1 DAGs
[2024-08-22T04:48:29.187+0000] {logging_mixin.py:190} INFO - [2024-08-22T04:48:29.186+0000] {dag.py:4138} INFO - Setting next_dagrun for example_xcom to 2021-01-01 00:00:00+00:00, run_after=2021-01-01 00:00:00+00:00
[2024-08-22T04:48:29.214+0000] {processor.py:208} INFO - Processing /home/airflow/.local/lib/python3.12/site-packages/airflow/example_dags/example_xcom.py took 0.132 seconds
[2024-08-22T04:48:59.426+0000] {processor.py:186} INFO - Started process (PID=869) to work on /home/airflow/.local/lib/python3.12/site-packages/airflow/example_dags/example_xcom.py
[2024-08-22T04:48:59.427+0000] {processor.py:914} INFO - Processing file /home/airflow/.local/lib/python3.12/site-packages/airflow/example_dags/example_xcom.py for tasks to queue
[2024-08-22T04:48:59.430+0000] {logging_mixin.py:190} INFO - [2024-08-22T04:48:59.429+0000] {dagbag.py:587} INFO - Filling up the DagBag from /home/airflow/.local/lib/python3.12/site-packages/airflow/example_dags/example_xcom.py
[2024-08-22T04:48:59.439+0000] {processor.py:925} INFO - DAG(s) 'example_xcom' retrieved from /home/airflow/.local/lib/python3.12/site-packages/airflow/example_dags/example_xcom.py
[2024-08-22T04:48:59.465+0000] {logging_mixin.py:190} INFO - [2024-08-22T04:48:59.464+0000] {dag.py:3211} INFO - Sync 1 DAGs
[2024-08-22T04:48:59.490+0000] {logging_mixin.py:190} INFO - [2024-08-22T04:48:59.490+0000] {dag.py:4138} INFO - Setting next_dagrun for example_xcom to 2021-01-01 00:00:00+00:00, run_after=2021-01-01 00:00:00+00:00
[2024-08-22T04:48:59.549+0000] {processor.py:208} INFO - Processing /home/airflow/.local/lib/python3.12/site-packages/airflow/example_dags/example_xcom.py took 0.132 seconds
