[2024-08-22T04:42:23.957+0000] {processor.py:186} INFO - Started process (PID=51) to work on /home/airflow/.local/lib/python3.12/site-packages/airflow/example_dags/example_inlet_event_extra.py
[2024-08-22T04:42:23.957+0000] {processor.py:914} INFO - Processing file /home/airflow/.local/lib/python3.12/site-packages/airflow/example_dags/example_inlet_event_extra.py for tasks to queue
[2024-08-22T04:42:23.963+0000] {logging_mixin.py:190} INFO - [2024-08-22T04:42:23.963+0000] {dagbag.py:587} INFO - Filling up the DagBag from /home/airflow/.local/lib/python3.12/site-packages/airflow/example_dags/example_inlet_event_extra.py
[2024-08-22T04:42:24.179+0000] {processor.py:925} INFO - DAG(s) 'read_dataset_event_from_classic', 'read_dataset_event' retrieved from /home/airflow/.local/lib/python3.12/site-packages/airflow/example_dags/example_inlet_event_extra.py
[2024-08-22T04:42:24.337+0000] {logging_mixin.py:190} INFO - [2024-08-22T04:42:24.336+0000] {override.py:1858} INFO - Created Permission View: can delete on DAG:read_dataset_event_from_classic
[2024-08-22T04:42:24.382+0000] {logging_mixin.py:190} INFO - [2024-08-22T04:42:24.381+0000] {override.py:1858} INFO - Created Permission View: can read on DAG:read_dataset_event_from_classic
[2024-08-22T04:42:24.408+0000] {logging_mixin.py:190} INFO - [2024-08-22T04:42:24.407+0000] {override.py:1858} INFO - Created Permission View: can edit on DAG:read_dataset_event_from_classic
[2024-08-22T04:42:24.426+0000] {logging_mixin.py:190} INFO - [2024-08-22T04:42:24.426+0000] {override.py:1858} INFO - Created Permission View: can delete on DAG:read_dataset_event
[2024-08-22T04:42:24.435+0000] {logging_mixin.py:190} INFO - [2024-08-22T04:42:24.435+0000] {override.py:1858} INFO - Created Permission View: can read on DAG:read_dataset_event
[2024-08-22T04:42:24.445+0000] {logging_mixin.py:190} INFO - [2024-08-22T04:42:24.445+0000] {override.py:1858} INFO - Created Permission View: can edit on DAG:read_dataset_event
[2024-08-22T04:42:24.446+0000] {logging_mixin.py:190} INFO - [2024-08-22T04:42:24.446+0000] {dag.py:3211} INFO - Sync 2 DAGs
[2024-08-22T04:42:24.480+0000] {logging_mixin.py:190} INFO - [2024-08-22T04:42:24.480+0000] {dag.py:3234} INFO - Creating ORM DAG for read_dataset_event_from_classic
[2024-08-22T04:42:24.481+0000] {logging_mixin.py:190} INFO - [2024-08-22T04:42:24.481+0000] {dag.py:3234} INFO - Creating ORM DAG for read_dataset_event
[2024-08-22T04:42:24.494+0000] {logging_mixin.py:190} INFO - [2024-08-22T04:42:24.494+0000] {dag.py:4138} INFO - Setting next_dagrun for read_dataset_event to 2024-08-21 00:00:00+00:00, run_after=2024-08-22 00:00:00+00:00
[2024-08-22T04:42:24.497+0000] {logging_mixin.py:190} INFO - [2024-08-22T04:42:24.497+0000] {dag.py:4138} INFO - Setting next_dagrun for read_dataset_event_from_classic to 2024-08-21 00:00:00+00:00, run_after=2024-08-22 00:00:00+00:00
[2024-08-22T04:42:24.518+0000] {processor.py:208} INFO - Processing /home/airflow/.local/lib/python3.12/site-packages/airflow/example_dags/example_inlet_event_extra.py took 0.577 seconds
[2024-08-22T04:42:55.123+0000] {processor.py:186} INFO - Started process (PID=114) to work on /home/airflow/.local/lib/python3.12/site-packages/airflow/example_dags/example_inlet_event_extra.py
[2024-08-22T04:42:55.127+0000] {processor.py:914} INFO - Processing file /home/airflow/.local/lib/python3.12/site-packages/airflow/example_dags/example_inlet_event_extra.py for tasks to queue
[2024-08-22T04:42:55.131+0000] {logging_mixin.py:190} INFO - [2024-08-22T04:42:55.130+0000] {dagbag.py:587} INFO - Filling up the DagBag from /home/airflow/.local/lib/python3.12/site-packages/airflow/example_dags/example_inlet_event_extra.py
[2024-08-22T04:42:55.303+0000] {processor.py:925} INFO - DAG(s) 'read_dataset_event_from_classic', 'read_dataset_event' retrieved from /home/airflow/.local/lib/python3.12/site-packages/airflow/example_dags/example_inlet_event_extra.py
[2024-08-22T04:42:55.330+0000] {logging_mixin.py:190} INFO - [2024-08-22T04:42:55.330+0000] {dag.py:3211} INFO - Sync 2 DAGs
[2024-08-22T04:42:55.377+0000] {logging_mixin.py:190} INFO - [2024-08-22T04:42:55.377+0000] {dag.py:4138} INFO - Setting next_dagrun for read_dataset_event to 2024-08-21 00:00:00+00:00, run_after=2024-08-22 00:00:00+00:00
[2024-08-22T04:42:55.384+0000] {logging_mixin.py:190} INFO - [2024-08-22T04:42:55.383+0000] {dag.py:4138} INFO - Setting next_dagrun for read_dataset_event_from_classic to 2024-08-21 00:00:00+00:00, run_after=2024-08-22 00:00:00+00:00
[2024-08-22T04:42:55.423+0000] {processor.py:208} INFO - Processing /home/airflow/.local/lib/python3.12/site-packages/airflow/example_dags/example_inlet_event_extra.py took 0.308 seconds
[2024-08-22T04:43:25.946+0000] {processor.py:186} INFO - Started process (PID=177) to work on /home/airflow/.local/lib/python3.12/site-packages/airflow/example_dags/example_inlet_event_extra.py
[2024-08-22T04:43:25.976+0000] {processor.py:914} INFO - Processing file /home/airflow/.local/lib/python3.12/site-packages/airflow/example_dags/example_inlet_event_extra.py for tasks to queue
[2024-08-22T04:43:25.980+0000] {logging_mixin.py:190} INFO - [2024-08-22T04:43:25.979+0000] {dagbag.py:587} INFO - Filling up the DagBag from /home/airflow/.local/lib/python3.12/site-packages/airflow/example_dags/example_inlet_event_extra.py
[2024-08-22T04:43:26.141+0000] {processor.py:925} INFO - DAG(s) 'read_dataset_event_from_classic', 'read_dataset_event' retrieved from /home/airflow/.local/lib/python3.12/site-packages/airflow/example_dags/example_inlet_event_extra.py
[2024-08-22T04:43:26.163+0000] {logging_mixin.py:190} INFO - [2024-08-22T04:43:26.163+0000] {dag.py:3211} INFO - Sync 2 DAGs
[2024-08-22T04:43:26.190+0000] {logging_mixin.py:190} INFO - [2024-08-22T04:43:26.190+0000] {dag.py:4138} INFO - Setting next_dagrun for read_dataset_event to 2024-08-21 00:00:00+00:00, run_after=2024-08-22 00:00:00+00:00
[2024-08-22T04:43:26.197+0000] {logging_mixin.py:190} INFO - [2024-08-22T04:43:26.196+0000] {dag.py:4138} INFO - Setting next_dagrun for read_dataset_event_from_classic to 2024-08-21 00:00:00+00:00, run_after=2024-08-22 00:00:00+00:00
[2024-08-22T04:43:26.217+0000] {processor.py:208} INFO - Processing /home/airflow/.local/lib/python3.12/site-packages/airflow/example_dags/example_inlet_event_extra.py took 0.280 seconds
[2024-08-22T04:43:56.343+0000] {processor.py:186} INFO - Started process (PID=239) to work on /home/airflow/.local/lib/python3.12/site-packages/airflow/example_dags/example_inlet_event_extra.py
[2024-08-22T04:43:56.343+0000] {processor.py:914} INFO - Processing file /home/airflow/.local/lib/python3.12/site-packages/airflow/example_dags/example_inlet_event_extra.py for tasks to queue
[2024-08-22T04:43:56.345+0000] {logging_mixin.py:190} INFO - [2024-08-22T04:43:56.345+0000] {dagbag.py:587} INFO - Filling up the DagBag from /home/airflow/.local/lib/python3.12/site-packages/airflow/example_dags/example_inlet_event_extra.py
[2024-08-22T04:43:56.509+0000] {processor.py:925} INFO - DAG(s) 'read_dataset_event_from_classic', 'read_dataset_event' retrieved from /home/airflow/.local/lib/python3.12/site-packages/airflow/example_dags/example_inlet_event_extra.py
[2024-08-22T04:43:56.539+0000] {logging_mixin.py:190} INFO - [2024-08-22T04:43:56.538+0000] {dag.py:3211} INFO - Sync 2 DAGs
[2024-08-22T04:43:56.569+0000] {logging_mixin.py:190} INFO - [2024-08-22T04:43:56.569+0000] {dag.py:4138} INFO - Setting next_dagrun for read_dataset_event to 2024-08-21 00:00:00+00:00, run_after=2024-08-22 00:00:00+00:00
[2024-08-22T04:43:56.576+0000] {logging_mixin.py:190} INFO - [2024-08-22T04:43:56.575+0000] {dag.py:4138} INFO - Setting next_dagrun for read_dataset_event_from_classic to 2024-08-21 00:00:00+00:00, run_after=2024-08-22 00:00:00+00:00
[2024-08-22T04:43:56.599+0000] {processor.py:208} INFO - Processing /home/airflow/.local/lib/python3.12/site-packages/airflow/example_dags/example_inlet_event_extra.py took 0.263 seconds
[2024-08-22T04:44:27.272+0000] {processor.py:186} INFO - Started process (PID=302) to work on /home/airflow/.local/lib/python3.12/site-packages/airflow/example_dags/example_inlet_event_extra.py
[2024-08-22T04:44:27.286+0000] {processor.py:914} INFO - Processing file /home/airflow/.local/lib/python3.12/site-packages/airflow/example_dags/example_inlet_event_extra.py for tasks to queue
[2024-08-22T04:44:27.288+0000] {logging_mixin.py:190} INFO - [2024-08-22T04:44:27.288+0000] {dagbag.py:587} INFO - Filling up the DagBag from /home/airflow/.local/lib/python3.12/site-packages/airflow/example_dags/example_inlet_event_extra.py
[2024-08-22T04:44:27.459+0000] {processor.py:925} INFO - DAG(s) 'read_dataset_event', 'read_dataset_event_from_classic' retrieved from /home/airflow/.local/lib/python3.12/site-packages/airflow/example_dags/example_inlet_event_extra.py
[2024-08-22T04:44:27.488+0000] {logging_mixin.py:190} INFO - [2024-08-22T04:44:27.487+0000] {dag.py:3211} INFO - Sync 2 DAGs
[2024-08-22T04:44:27.528+0000] {logging_mixin.py:190} INFO - [2024-08-22T04:44:27.528+0000] {dag.py:4138} INFO - Setting next_dagrun for read_dataset_event to 2024-08-21 00:00:00+00:00, run_after=2024-08-22 00:00:00+00:00
[2024-08-22T04:44:27.534+0000] {logging_mixin.py:190} INFO - [2024-08-22T04:44:27.534+0000] {dag.py:4138} INFO - Setting next_dagrun for read_dataset_event_from_classic to 2024-08-21 00:00:00+00:00, run_after=2024-08-22 00:00:00+00:00
[2024-08-22T04:44:27.557+0000] {processor.py:208} INFO - Processing /home/airflow/.local/lib/python3.12/site-packages/airflow/example_dags/example_inlet_event_extra.py took 0.294 seconds
[2024-08-22T04:44:57.721+0000] {processor.py:186} INFO - Started process (PID=365) to work on /home/airflow/.local/lib/python3.12/site-packages/airflow/example_dags/example_inlet_event_extra.py
[2024-08-22T04:44:57.722+0000] {processor.py:914} INFO - Processing file /home/airflow/.local/lib/python3.12/site-packages/airflow/example_dags/example_inlet_event_extra.py for tasks to queue
[2024-08-22T04:44:57.725+0000] {logging_mixin.py:190} INFO - [2024-08-22T04:44:57.725+0000] {dagbag.py:587} INFO - Filling up the DagBag from /home/airflow/.local/lib/python3.12/site-packages/airflow/example_dags/example_inlet_event_extra.py
[2024-08-22T04:44:57.892+0000] {processor.py:925} INFO - DAG(s) 'read_dataset_event', 'read_dataset_event_from_classic' retrieved from /home/airflow/.local/lib/python3.12/site-packages/airflow/example_dags/example_inlet_event_extra.py
[2024-08-22T04:44:57.917+0000] {logging_mixin.py:190} INFO - [2024-08-22T04:44:57.916+0000] {dag.py:3211} INFO - Sync 2 DAGs
[2024-08-22T04:44:57.951+0000] {logging_mixin.py:190} INFO - [2024-08-22T04:44:57.951+0000] {dag.py:4138} INFO - Setting next_dagrun for read_dataset_event to 2024-08-21 00:00:00+00:00, run_after=2024-08-22 00:00:00+00:00
[2024-08-22T04:44:57.960+0000] {logging_mixin.py:190} INFO - [2024-08-22T04:44:57.960+0000] {dag.py:4138} INFO - Setting next_dagrun for read_dataset_event_from_classic to 2024-08-21 00:00:00+00:00, run_after=2024-08-22 00:00:00+00:00
[2024-08-22T04:44:58.018+0000] {processor.py:208} INFO - Processing /home/airflow/.local/lib/python3.12/site-packages/airflow/example_dags/example_inlet_event_extra.py took 0.303 seconds
[2024-08-22T04:45:28.481+0000] {processor.py:186} INFO - Started process (PID=428) to work on /home/airflow/.local/lib/python3.12/site-packages/airflow/example_dags/example_inlet_event_extra.py
[2024-08-22T04:45:28.484+0000] {processor.py:914} INFO - Processing file /home/airflow/.local/lib/python3.12/site-packages/airflow/example_dags/example_inlet_event_extra.py for tasks to queue
[2024-08-22T04:45:28.486+0000] {logging_mixin.py:190} INFO - [2024-08-22T04:45:28.486+0000] {dagbag.py:587} INFO - Filling up the DagBag from /home/airflow/.local/lib/python3.12/site-packages/airflow/example_dags/example_inlet_event_extra.py
[2024-08-22T04:45:28.668+0000] {processor.py:925} INFO - DAG(s) 'read_dataset_event', 'read_dataset_event_from_classic' retrieved from /home/airflow/.local/lib/python3.12/site-packages/airflow/example_dags/example_inlet_event_extra.py
[2024-08-22T04:45:28.695+0000] {logging_mixin.py:190} INFO - [2024-08-22T04:45:28.695+0000] {dag.py:3211} INFO - Sync 2 DAGs
[2024-08-22T04:45:28.728+0000] {logging_mixin.py:190} INFO - [2024-08-22T04:45:28.728+0000] {dag.py:4138} INFO - Setting next_dagrun for read_dataset_event to 2024-08-21 00:00:00+00:00, run_after=2024-08-22 00:00:00+00:00
[2024-08-22T04:45:28.735+0000] {logging_mixin.py:190} INFO - [2024-08-22T04:45:28.735+0000] {dag.py:4138} INFO - Setting next_dagrun for read_dataset_event_from_classic to 2024-08-21 00:00:00+00:00, run_after=2024-08-22 00:00:00+00:00
[2024-08-22T04:45:28.760+0000] {processor.py:208} INFO - Processing /home/airflow/.local/lib/python3.12/site-packages/airflow/example_dags/example_inlet_event_extra.py took 0.286 seconds
[2024-08-22T04:45:59.050+0000] {processor.py:186} INFO - Started process (PID=490) to work on /home/airflow/.local/lib/python3.12/site-packages/airflow/example_dags/example_inlet_event_extra.py
[2024-08-22T04:45:59.052+0000] {processor.py:914} INFO - Processing file /home/airflow/.local/lib/python3.12/site-packages/airflow/example_dags/example_inlet_event_extra.py for tasks to queue
[2024-08-22T04:45:59.055+0000] {logging_mixin.py:190} INFO - [2024-08-22T04:45:59.054+0000] {dagbag.py:587} INFO - Filling up the DagBag from /home/airflow/.local/lib/python3.12/site-packages/airflow/example_dags/example_inlet_event_extra.py
[2024-08-22T04:45:59.218+0000] {processor.py:925} INFO - DAG(s) 'read_dataset_event', 'read_dataset_event_from_classic' retrieved from /home/airflow/.local/lib/python3.12/site-packages/airflow/example_dags/example_inlet_event_extra.py
[2024-08-22T04:45:59.243+0000] {logging_mixin.py:190} INFO - [2024-08-22T04:45:59.243+0000] {dag.py:3211} INFO - Sync 2 DAGs
[2024-08-22T04:45:59.272+0000] {logging_mixin.py:190} INFO - [2024-08-22T04:45:59.271+0000] {dag.py:4138} INFO - Setting next_dagrun for read_dataset_event to 2024-08-21 00:00:00+00:00, run_after=2024-08-22 00:00:00+00:00
[2024-08-22T04:45:59.277+0000] {logging_mixin.py:190} INFO - [2024-08-22T04:45:59.277+0000] {dag.py:4138} INFO - Setting next_dagrun for read_dataset_event_from_classic to 2024-08-21 00:00:00+00:00, run_after=2024-08-22 00:00:00+00:00
[2024-08-22T04:45:59.305+0000] {processor.py:208} INFO - Processing /home/airflow/.local/lib/python3.12/site-packages/airflow/example_dags/example_inlet_event_extra.py took 0.261 seconds
[2024-08-22T04:46:29.725+0000] {processor.py:186} INFO - Started process (PID=553) to work on /home/airflow/.local/lib/python3.12/site-packages/airflow/example_dags/example_inlet_event_extra.py
[2024-08-22T04:46:29.726+0000] {processor.py:914} INFO - Processing file /home/airflow/.local/lib/python3.12/site-packages/airflow/example_dags/example_inlet_event_extra.py for tasks to queue
[2024-08-22T04:46:29.728+0000] {logging_mixin.py:190} INFO - [2024-08-22T04:46:29.728+0000] {dagbag.py:587} INFO - Filling up the DagBag from /home/airflow/.local/lib/python3.12/site-packages/airflow/example_dags/example_inlet_event_extra.py
[2024-08-22T04:46:29.904+0000] {processor.py:925} INFO - DAG(s) 'read_dataset_event', 'read_dataset_event_from_classic' retrieved from /home/airflow/.local/lib/python3.12/site-packages/airflow/example_dags/example_inlet_event_extra.py
[2024-08-22T04:46:29.932+0000] {logging_mixin.py:190} INFO - [2024-08-22T04:46:29.931+0000] {dag.py:3211} INFO - Sync 2 DAGs
[2024-08-22T04:46:29.966+0000] {logging_mixin.py:190} INFO - [2024-08-22T04:46:29.966+0000] {dag.py:4138} INFO - Setting next_dagrun for read_dataset_event to 2024-08-21 00:00:00+00:00, run_after=2024-08-22 00:00:00+00:00
[2024-08-22T04:46:29.972+0000] {logging_mixin.py:190} INFO - [2024-08-22T04:46:29.972+0000] {dag.py:4138} INFO - Setting next_dagrun for read_dataset_event_from_classic to 2024-08-21 00:00:00+00:00, run_after=2024-08-22 00:00:00+00:00
[2024-08-22T04:46:29.995+0000] {processor.py:208} INFO - Processing /home/airflow/.local/lib/python3.12/site-packages/airflow/example_dags/example_inlet_event_extra.py took 0.276 seconds
[2024-08-22T04:47:00.344+0000] {processor.py:186} INFO - Started process (PID=631) to work on /home/airflow/.local/lib/python3.12/site-packages/airflow/example_dags/example_inlet_event_extra.py
[2024-08-22T04:47:00.346+0000] {processor.py:914} INFO - Processing file /home/airflow/.local/lib/python3.12/site-packages/airflow/example_dags/example_inlet_event_extra.py for tasks to queue
[2024-08-22T04:47:00.351+0000] {logging_mixin.py:190} INFO - [2024-08-22T04:47:00.350+0000] {dagbag.py:587} INFO - Filling up the DagBag from /home/airflow/.local/lib/python3.12/site-packages/airflow/example_dags/example_inlet_event_extra.py
[2024-08-22T04:47:00.646+0000] {processor.py:925} INFO - DAG(s) 'read_dataset_event_from_classic', 'read_dataset_event' retrieved from /home/airflow/.local/lib/python3.12/site-packages/airflow/example_dags/example_inlet_event_extra.py
[2024-08-22T04:47:00.672+0000] {logging_mixin.py:190} INFO - [2024-08-22T04:47:00.671+0000] {dag.py:3211} INFO - Sync 2 DAGs
[2024-08-22T04:47:00.703+0000] {logging_mixin.py:190} INFO - [2024-08-22T04:47:00.703+0000] {dag.py:4138} INFO - Setting next_dagrun for read_dataset_event to 2024-08-21 00:00:00+00:00, run_after=2024-08-22 00:00:00+00:00
[2024-08-22T04:47:00.709+0000] {logging_mixin.py:190} INFO - [2024-08-22T04:47:00.709+0000] {dag.py:4138} INFO - Setting next_dagrun for read_dataset_event_from_classic to 2024-08-21 00:00:00+00:00, run_after=2024-08-22 00:00:00+00:00
[2024-08-22T04:47:00.744+0000] {processor.py:208} INFO - Processing /home/airflow/.local/lib/python3.12/site-packages/airflow/example_dags/example_inlet_event_extra.py took 0.414 seconds
[2024-08-22T04:47:33.656+0000] {processor.py:186} INFO - Started process (PID=694) to work on /home/airflow/.local/lib/python3.12/site-packages/airflow/example_dags/example_inlet_event_extra.py
[2024-08-22T04:47:33.660+0000] {processor.py:914} INFO - Processing file /home/airflow/.local/lib/python3.12/site-packages/airflow/example_dags/example_inlet_event_extra.py for tasks to queue
[2024-08-22T04:47:33.667+0000] {logging_mixin.py:190} INFO - [2024-08-22T04:47:33.666+0000] {dagbag.py:587} INFO - Filling up the DagBag from /home/airflow/.local/lib/python3.12/site-packages/airflow/example_dags/example_inlet_event_extra.py
[2024-08-22T04:47:34.165+0000] {processor.py:925} INFO - DAG(s) 'read_dataset_event', 'read_dataset_event_from_classic' retrieved from /home/airflow/.local/lib/python3.12/site-packages/airflow/example_dags/example_inlet_event_extra.py
[2024-08-22T04:47:34.249+0000] {logging_mixin.py:190} INFO - [2024-08-22T04:47:34.248+0000] {dag.py:3211} INFO - Sync 2 DAGs
[2024-08-22T04:47:34.324+0000] {logging_mixin.py:190} INFO - [2024-08-22T04:47:34.324+0000] {dag.py:4138} INFO - Setting next_dagrun for read_dataset_event to 2024-08-21 00:00:00+00:00, run_after=2024-08-22 00:00:00+00:00
[2024-08-22T04:47:34.341+0000] {logging_mixin.py:190} INFO - [2024-08-22T04:47:34.341+0000] {dag.py:4138} INFO - Setting next_dagrun for read_dataset_event_from_classic to 2024-08-21 00:00:00+00:00, run_after=2024-08-22 00:00:00+00:00
[2024-08-22T04:47:34.455+0000] {processor.py:208} INFO - Processing /home/airflow/.local/lib/python3.12/site-packages/airflow/example_dags/example_inlet_event_extra.py took 0.823 seconds
[2024-08-22T04:48:04.758+0000] {processor.py:186} INFO - Started process (PID=758) to work on /home/airflow/.local/lib/python3.12/site-packages/airflow/example_dags/example_inlet_event_extra.py
[2024-08-22T04:48:04.783+0000] {processor.py:914} INFO - Processing file /home/airflow/.local/lib/python3.12/site-packages/airflow/example_dags/example_inlet_event_extra.py for tasks to queue
[2024-08-22T04:48:04.786+0000] {logging_mixin.py:190} INFO - [2024-08-22T04:48:04.786+0000] {dagbag.py:587} INFO - Filling up the DagBag from /home/airflow/.local/lib/python3.12/site-packages/airflow/example_dags/example_inlet_event_extra.py
[2024-08-22T04:48:04.945+0000] {processor.py:925} INFO - DAG(s) 'read_dataset_event', 'read_dataset_event_from_classic' retrieved from /home/airflow/.local/lib/python3.12/site-packages/airflow/example_dags/example_inlet_event_extra.py
[2024-08-22T04:48:04.968+0000] {logging_mixin.py:190} INFO - [2024-08-22T04:48:04.968+0000] {dag.py:3211} INFO - Sync 2 DAGs
[2024-08-22T04:48:04.999+0000] {logging_mixin.py:190} INFO - [2024-08-22T04:48:04.998+0000] {dag.py:4138} INFO - Setting next_dagrun for read_dataset_event to 2024-08-21 00:00:00+00:00, run_after=2024-08-22 00:00:00+00:00
[2024-08-22T04:48:05.004+0000] {logging_mixin.py:190} INFO - [2024-08-22T04:48:05.004+0000] {dag.py:4138} INFO - Setting next_dagrun for read_dataset_event_from_classic to 2024-08-21 00:00:00+00:00, run_after=2024-08-22 00:00:00+00:00
[2024-08-22T04:48:05.026+0000] {processor.py:208} INFO - Processing /home/airflow/.local/lib/python3.12/site-packages/airflow/example_dags/example_inlet_event_extra.py took 0.278 seconds
[2024-08-22T04:48:35.466+0000] {processor.py:186} INFO - Started process (PID=820) to work on /home/airflow/.local/lib/python3.12/site-packages/airflow/example_dags/example_inlet_event_extra.py
[2024-08-22T04:48:35.467+0000] {processor.py:914} INFO - Processing file /home/airflow/.local/lib/python3.12/site-packages/airflow/example_dags/example_inlet_event_extra.py for tasks to queue
[2024-08-22T04:48:35.470+0000] {logging_mixin.py:190} INFO - [2024-08-22T04:48:35.469+0000] {dagbag.py:587} INFO - Filling up the DagBag from /home/airflow/.local/lib/python3.12/site-packages/airflow/example_dags/example_inlet_event_extra.py
[2024-08-22T04:48:35.621+0000] {processor.py:925} INFO - DAG(s) 'read_dataset_event_from_classic', 'read_dataset_event' retrieved from /home/airflow/.local/lib/python3.12/site-packages/airflow/example_dags/example_inlet_event_extra.py
[2024-08-22T04:48:35.646+0000] {logging_mixin.py:190} INFO - [2024-08-22T04:48:35.646+0000] {dag.py:3211} INFO - Sync 2 DAGs
[2024-08-22T04:48:35.680+0000] {logging_mixin.py:190} INFO - [2024-08-22T04:48:35.680+0000] {dag.py:4138} INFO - Setting next_dagrun for read_dataset_event to 2024-08-21 00:00:00+00:00, run_after=2024-08-22 00:00:00+00:00
[2024-08-22T04:48:35.688+0000] {logging_mixin.py:190} INFO - [2024-08-22T04:48:35.688+0000] {dag.py:4138} INFO - Setting next_dagrun for read_dataset_event_from_classic to 2024-08-21 00:00:00+00:00, run_after=2024-08-22 00:00:00+00:00
[2024-08-22T04:48:35.712+0000] {processor.py:208} INFO - Processing /home/airflow/.local/lib/python3.12/site-packages/airflow/example_dags/example_inlet_event_extra.py took 0.252 seconds
[2024-08-22T04:49:06.041+0000] {processor.py:186} INFO - Started process (PID=883) to work on /home/airflow/.local/lib/python3.12/site-packages/airflow/example_dags/example_inlet_event_extra.py
[2024-08-22T04:49:06.042+0000] {processor.py:914} INFO - Processing file /home/airflow/.local/lib/python3.12/site-packages/airflow/example_dags/example_inlet_event_extra.py for tasks to queue
[2024-08-22T04:49:06.045+0000] {logging_mixin.py:190} INFO - [2024-08-22T04:49:06.044+0000] {dagbag.py:587} INFO - Filling up the DagBag from /home/airflow/.local/lib/python3.12/site-packages/airflow/example_dags/example_inlet_event_extra.py
[2024-08-22T04:49:06.186+0000] {processor.py:925} INFO - DAG(s) 'read_dataset_event', 'read_dataset_event_from_classic' retrieved from /home/airflow/.local/lib/python3.12/site-packages/airflow/example_dags/example_inlet_event_extra.py
[2024-08-22T04:49:06.212+0000] {logging_mixin.py:190} INFO - [2024-08-22T04:49:06.211+0000] {dag.py:3211} INFO - Sync 2 DAGs
[2024-08-22T04:49:06.245+0000] {logging_mixin.py:190} INFO - [2024-08-22T04:49:06.245+0000] {dag.py:4138} INFO - Setting next_dagrun for read_dataset_event to 2024-08-21 00:00:00+00:00, run_after=2024-08-22 00:00:00+00:00
[2024-08-22T04:49:06.251+0000] {logging_mixin.py:190} INFO - [2024-08-22T04:49:06.251+0000] {dag.py:4138} INFO - Setting next_dagrun for read_dataset_event_from_classic to 2024-08-21 00:00:00+00:00, run_after=2024-08-22 00:00:00+00:00
[2024-08-22T04:49:06.274+0000] {processor.py:208} INFO - Processing /home/airflow/.local/lib/python3.12/site-packages/airflow/example_dags/example_inlet_event_extra.py took 0.242 seconds
