[2024-08-22T04:42:23.838+0000] {processor.py:186} INFO - Started process (PID=50) to work on /home/airflow/.local/lib/python3.12/site-packages/airflow/example_dags/example_params_trigger_ui.py
[2024-08-22T04:42:23.839+0000] {processor.py:914} INFO - Processing file /home/airflow/.local/lib/python3.12/site-packages/airflow/example_dags/example_params_trigger_ui.py for tasks to queue
[2024-08-22T04:42:23.842+0000] {logging_mixin.py:190} INFO - [2024-08-22T04:42:23.841+0000] {dagbag.py:587} INFO - Filling up the DagBag from /home/airflow/.local/lib/python3.12/site-packages/airflow/example_dags/example_params_trigger_ui.py
[2024-08-22T04:42:23.858+0000] {processor.py:925} INFO - DAG(s) 'example_params_trigger_ui' retrieved from /home/airflow/.local/lib/python3.12/site-packages/airflow/example_dags/example_params_trigger_ui.py
[2024-08-22T04:42:24.101+0000] {logging_mixin.py:190} INFO - [2024-08-22T04:42:24.101+0000] {override.py:1858} INFO - Created Permission View: can delete on DAG:example_params_trigger_ui
[2024-08-22T04:42:24.142+0000] {logging_mixin.py:190} INFO - [2024-08-22T04:42:24.142+0000] {override.py:1858} INFO - Created Permission View: can read on DAG:example_params_trigger_ui
[2024-08-22T04:42:24.164+0000] {logging_mixin.py:190} INFO - [2024-08-22T04:42:24.164+0000] {override.py:1858} INFO - Created Permission View: can edit on DAG:example_params_trigger_ui
[2024-08-22T04:42:24.165+0000] {logging_mixin.py:190} INFO - [2024-08-22T04:42:24.164+0000] {dag.py:3211} INFO - Sync 1 DAGs
[2024-08-22T04:42:24.209+0000] {logging_mixin.py:190} INFO - [2024-08-22T04:42:24.209+0000] {dag.py:3234} INFO - Creating ORM DAG for example_params_trigger_ui
[2024-08-22T04:42:24.210+0000] {logging_mixin.py:190} INFO - [2024-08-22T04:42:24.209+0000] {dag.py:4138} INFO - Setting next_dagrun for example_params_trigger_ui to None, run_after=None
[2024-08-22T04:42:24.267+0000] {processor.py:208} INFO - Processing /home/airflow/.local/lib/python3.12/site-packages/airflow/example_dags/example_params_trigger_ui.py took 0.435 seconds
[2024-08-22T04:42:55.112+0000] {processor.py:186} INFO - Started process (PID=113) to work on /home/airflow/.local/lib/python3.12/site-packages/airflow/example_dags/example_params_trigger_ui.py
[2024-08-22T04:42:55.113+0000] {processor.py:914} INFO - Processing file /home/airflow/.local/lib/python3.12/site-packages/airflow/example_dags/example_params_trigger_ui.py for tasks to queue
[2024-08-22T04:42:55.116+0000] {logging_mixin.py:190} INFO - [2024-08-22T04:42:55.116+0000] {dagbag.py:587} INFO - Filling up the DagBag from /home/airflow/.local/lib/python3.12/site-packages/airflow/example_dags/example_params_trigger_ui.py
[2024-08-22T04:42:55.133+0000] {processor.py:925} INFO - DAG(s) 'example_params_trigger_ui' retrieved from /home/airflow/.local/lib/python3.12/site-packages/airflow/example_dags/example_params_trigger_ui.py
[2024-08-22T04:42:55.199+0000] {logging_mixin.py:190} INFO - [2024-08-22T04:42:55.198+0000] {dag.py:3211} INFO - Sync 1 DAGs
[2024-08-22T04:42:55.216+0000] {logging_mixin.py:190} INFO - [2024-08-22T04:42:55.216+0000] {dag.py:4138} INFO - Setting next_dagrun for example_params_trigger_ui to None, run_after=None
[2024-08-22T04:42:55.283+0000] {processor.py:208} INFO - Processing /home/airflow/.local/lib/python3.12/site-packages/airflow/example_dags/example_params_trigger_ui.py took 0.180 seconds
[2024-08-22T04:43:25.934+0000] {processor.py:186} INFO - Started process (PID=176) to work on /home/airflow/.local/lib/python3.12/site-packages/airflow/example_dags/example_params_trigger_ui.py
[2024-08-22T04:43:25.976+0000] {processor.py:914} INFO - Processing file /home/airflow/.local/lib/python3.12/site-packages/airflow/example_dags/example_params_trigger_ui.py for tasks to queue
[2024-08-22T04:43:25.980+0000] {logging_mixin.py:190} INFO - [2024-08-22T04:43:25.979+0000] {dagbag.py:587} INFO - Filling up the DagBag from /home/airflow/.local/lib/python3.12/site-packages/airflow/example_dags/example_params_trigger_ui.py
[2024-08-22T04:43:26.000+0000] {processor.py:925} INFO - DAG(s) 'example_params_trigger_ui' retrieved from /home/airflow/.local/lib/python3.12/site-packages/airflow/example_dags/example_params_trigger_ui.py
[2024-08-22T04:43:26.065+0000] {logging_mixin.py:190} INFO - [2024-08-22T04:43:26.065+0000] {dag.py:3211} INFO - Sync 1 DAGs
[2024-08-22T04:43:26.085+0000] {logging_mixin.py:190} INFO - [2024-08-22T04:43:26.085+0000] {dag.py:4138} INFO - Setting next_dagrun for example_params_trigger_ui to None, run_after=None
[2024-08-22T04:43:26.112+0000] {processor.py:208} INFO - Processing /home/airflow/.local/lib/python3.12/site-packages/airflow/example_dags/example_params_trigger_ui.py took 0.187 seconds
[2024-08-22T04:43:56.182+0000] {processor.py:186} INFO - Started process (PID=238) to work on /home/airflow/.local/lib/python3.12/site-packages/airflow/example_dags/example_params_trigger_ui.py
[2024-08-22T04:43:56.182+0000] {processor.py:914} INFO - Processing file /home/airflow/.local/lib/python3.12/site-packages/airflow/example_dags/example_params_trigger_ui.py for tasks to queue
[2024-08-22T04:43:56.184+0000] {logging_mixin.py:190} INFO - [2024-08-22T04:43:56.184+0000] {dagbag.py:587} INFO - Filling up the DagBag from /home/airflow/.local/lib/python3.12/site-packages/airflow/example_dags/example_params_trigger_ui.py
[2024-08-22T04:43:56.196+0000] {processor.py:925} INFO - DAG(s) 'example_params_trigger_ui' retrieved from /home/airflow/.local/lib/python3.12/site-packages/airflow/example_dags/example_params_trigger_ui.py
[2024-08-22T04:43:56.258+0000] {logging_mixin.py:190} INFO - [2024-08-22T04:43:56.257+0000] {dag.py:3211} INFO - Sync 1 DAGs
[2024-08-22T04:43:56.275+0000] {logging_mixin.py:190} INFO - [2024-08-22T04:43:56.275+0000] {dag.py:4138} INFO - Setting next_dagrun for example_params_trigger_ui to None, run_after=None
[2024-08-22T04:43:56.310+0000] {processor.py:208} INFO - Processing /home/airflow/.local/lib/python3.12/site-packages/airflow/example_dags/example_params_trigger_ui.py took 0.134 seconds
[2024-08-22T04:44:27.255+0000] {processor.py:186} INFO - Started process (PID=301) to work on /home/airflow/.local/lib/python3.12/site-packages/airflow/example_dags/example_params_trigger_ui.py
[2024-08-22T04:44:27.286+0000] {processor.py:914} INFO - Processing file /home/airflow/.local/lib/python3.12/site-packages/airflow/example_dags/example_params_trigger_ui.py for tasks to queue
[2024-08-22T04:44:27.288+0000] {logging_mixin.py:190} INFO - [2024-08-22T04:44:27.288+0000] {dagbag.py:587} INFO - Filling up the DagBag from /home/airflow/.local/lib/python3.12/site-packages/airflow/example_dags/example_params_trigger_ui.py
[2024-08-22T04:44:27.301+0000] {processor.py:925} INFO - DAG(s) 'example_params_trigger_ui' retrieved from /home/airflow/.local/lib/python3.12/site-packages/airflow/example_dags/example_params_trigger_ui.py
[2024-08-22T04:44:27.361+0000] {logging_mixin.py:190} INFO - [2024-08-22T04:44:27.361+0000] {dag.py:3211} INFO - Sync 1 DAGs
[2024-08-22T04:44:27.384+0000] {logging_mixin.py:190} INFO - [2024-08-22T04:44:27.384+0000] {dag.py:4138} INFO - Setting next_dagrun for example_params_trigger_ui to None, run_after=None
[2024-08-22T04:44:27.419+0000] {processor.py:208} INFO - Processing /home/airflow/.local/lib/python3.12/site-packages/airflow/example_dags/example_params_trigger_ui.py took 0.170 seconds
[2024-08-22T04:44:57.544+0000] {processor.py:186} INFO - Started process (PID=364) to work on /home/airflow/.local/lib/python3.12/site-packages/airflow/example_dags/example_params_trigger_ui.py
[2024-08-22T04:44:57.545+0000] {processor.py:914} INFO - Processing file /home/airflow/.local/lib/python3.12/site-packages/airflow/example_dags/example_params_trigger_ui.py for tasks to queue
[2024-08-22T04:44:57.548+0000] {logging_mixin.py:190} INFO - [2024-08-22T04:44:57.547+0000] {dagbag.py:587} INFO - Filling up the DagBag from /home/airflow/.local/lib/python3.12/site-packages/airflow/example_dags/example_params_trigger_ui.py
[2024-08-22T04:44:57.561+0000] {processor.py:925} INFO - DAG(s) 'example_params_trigger_ui' retrieved from /home/airflow/.local/lib/python3.12/site-packages/airflow/example_dags/example_params_trigger_ui.py
[2024-08-22T04:44:57.621+0000] {logging_mixin.py:190} INFO - [2024-08-22T04:44:57.621+0000] {dag.py:3211} INFO - Sync 1 DAGs
[2024-08-22T04:44:57.642+0000] {logging_mixin.py:190} INFO - [2024-08-22T04:44:57.641+0000] {dag.py:4138} INFO - Setting next_dagrun for example_params_trigger_ui to None, run_after=None
[2024-08-22T04:44:57.703+0000] {processor.py:208} INFO - Processing /home/airflow/.local/lib/python3.12/site-packages/airflow/example_dags/example_params_trigger_ui.py took 0.165 seconds
[2024-08-22T04:45:28.470+0000] {processor.py:186} INFO - Started process (PID=427) to work on /home/airflow/.local/lib/python3.12/site-packages/airflow/example_dags/example_params_trigger_ui.py
[2024-08-22T04:45:28.474+0000] {processor.py:914} INFO - Processing file /home/airflow/.local/lib/python3.12/site-packages/airflow/example_dags/example_params_trigger_ui.py for tasks to queue
[2024-08-22T04:45:28.479+0000] {logging_mixin.py:190} INFO - [2024-08-22T04:45:28.479+0000] {dagbag.py:587} INFO - Filling up the DagBag from /home/airflow/.local/lib/python3.12/site-packages/airflow/example_dags/example_params_trigger_ui.py
[2024-08-22T04:45:28.496+0000] {processor.py:925} INFO - DAG(s) 'example_params_trigger_ui' retrieved from /home/airflow/.local/lib/python3.12/site-packages/airflow/example_dags/example_params_trigger_ui.py
[2024-08-22T04:45:28.555+0000] {logging_mixin.py:190} INFO - [2024-08-22T04:45:28.555+0000] {dag.py:3211} INFO - Sync 1 DAGs
[2024-08-22T04:45:28.575+0000] {logging_mixin.py:190} INFO - [2024-08-22T04:45:28.574+0000] {dag.py:4138} INFO - Setting next_dagrun for example_params_trigger_ui to None, run_after=None
[2024-08-22T04:45:28.641+0000] {processor.py:208} INFO - Processing /home/airflow/.local/lib/python3.12/site-packages/airflow/example_dags/example_params_trigger_ui.py took 0.178 seconds
[2024-08-22T04:45:59.042+0000] {processor.py:186} INFO - Started process (PID=489) to work on /home/airflow/.local/lib/python3.12/site-packages/airflow/example_dags/example_params_trigger_ui.py
[2024-08-22T04:45:59.043+0000] {processor.py:914} INFO - Processing file /home/airflow/.local/lib/python3.12/site-packages/airflow/example_dags/example_params_trigger_ui.py for tasks to queue
[2024-08-22T04:45:59.045+0000] {logging_mixin.py:190} INFO - [2024-08-22T04:45:59.045+0000] {dagbag.py:587} INFO - Filling up the DagBag from /home/airflow/.local/lib/python3.12/site-packages/airflow/example_dags/example_params_trigger_ui.py
[2024-08-22T04:45:59.058+0000] {processor.py:925} INFO - DAG(s) 'example_params_trigger_ui' retrieved from /home/airflow/.local/lib/python3.12/site-packages/airflow/example_dags/example_params_trigger_ui.py
[2024-08-22T04:45:59.117+0000] {logging_mixin.py:190} INFO - [2024-08-22T04:45:59.117+0000] {dag.py:3211} INFO - Sync 1 DAGs
[2024-08-22T04:45:59.137+0000] {logging_mixin.py:190} INFO - [2024-08-22T04:45:59.136+0000] {dag.py:4138} INFO - Setting next_dagrun for example_params_trigger_ui to None, run_after=None
[2024-08-22T04:45:59.164+0000] {processor.py:208} INFO - Processing /home/airflow/.local/lib/python3.12/site-packages/airflow/example_dags/example_params_trigger_ui.py took 0.129 seconds
[2024-08-22T04:46:29.716+0000] {processor.py:186} INFO - Started process (PID=552) to work on /home/airflow/.local/lib/python3.12/site-packages/airflow/example_dags/example_params_trigger_ui.py
[2024-08-22T04:46:29.717+0000] {processor.py:914} INFO - Processing file /home/airflow/.local/lib/python3.12/site-packages/airflow/example_dags/example_params_trigger_ui.py for tasks to queue
[2024-08-22T04:46:29.719+0000] {logging_mixin.py:190} INFO - [2024-08-22T04:46:29.719+0000] {dagbag.py:587} INFO - Filling up the DagBag from /home/airflow/.local/lib/python3.12/site-packages/airflow/example_dags/example_params_trigger_ui.py
[2024-08-22T04:46:29.731+0000] {processor.py:925} INFO - DAG(s) 'example_params_trigger_ui' retrieved from /home/airflow/.local/lib/python3.12/site-packages/airflow/example_dags/example_params_trigger_ui.py
[2024-08-22T04:46:29.786+0000] {logging_mixin.py:190} INFO - [2024-08-22T04:46:29.786+0000] {dag.py:3211} INFO - Sync 1 DAGs
[2024-08-22T04:46:29.804+0000] {logging_mixin.py:190} INFO - [2024-08-22T04:46:29.804+0000] {dag.py:4138} INFO - Setting next_dagrun for example_params_trigger_ui to None, run_after=None
[2024-08-22T04:46:29.829+0000] {processor.py:208} INFO - Processing /home/airflow/.local/lib/python3.12/site-packages/airflow/example_dags/example_params_trigger_ui.py took 0.123 seconds
[2024-08-22T04:47:00.303+0000] {processor.py:186} INFO - Started process (PID=630) to work on /home/airflow/.local/lib/python3.12/site-packages/airflow/example_dags/example_params_trigger_ui.py
[2024-08-22T04:47:00.304+0000] {processor.py:914} INFO - Processing file /home/airflow/.local/lib/python3.12/site-packages/airflow/example_dags/example_params_trigger_ui.py for tasks to queue
[2024-08-22T04:47:00.306+0000] {logging_mixin.py:190} INFO - [2024-08-22T04:47:00.306+0000] {dagbag.py:587} INFO - Filling up the DagBag from /home/airflow/.local/lib/python3.12/site-packages/airflow/example_dags/example_params_trigger_ui.py
[2024-08-22T04:47:00.323+0000] {processor.py:925} INFO - DAG(s) 'example_params_trigger_ui' retrieved from /home/airflow/.local/lib/python3.12/site-packages/airflow/example_dags/example_params_trigger_ui.py
[2024-08-22T04:47:00.410+0000] {logging_mixin.py:190} INFO - [2024-08-22T04:47:00.410+0000] {dag.py:3211} INFO - Sync 1 DAGs
[2024-08-22T04:47:00.442+0000] {logging_mixin.py:190} INFO - [2024-08-22T04:47:00.442+0000] {dag.py:4138} INFO - Setting next_dagrun for example_params_trigger_ui to None, run_after=None
[2024-08-22T04:47:00.498+0000] {processor.py:208} INFO - Processing /home/airflow/.local/lib/python3.12/site-packages/airflow/example_dags/example_params_trigger_ui.py took 0.201 seconds
[2024-08-22T04:47:33.085+0000] {processor.py:186} INFO - Started process (PID=693) to work on /home/airflow/.local/lib/python3.12/site-packages/airflow/example_dags/example_params_trigger_ui.py
[2024-08-22T04:47:33.088+0000] {processor.py:914} INFO - Processing file /home/airflow/.local/lib/python3.12/site-packages/airflow/example_dags/example_params_trigger_ui.py for tasks to queue
[2024-08-22T04:47:33.094+0000] {logging_mixin.py:190} INFO - [2024-08-22T04:47:33.093+0000] {dagbag.py:587} INFO - Filling up the DagBag from /home/airflow/.local/lib/python3.12/site-packages/airflow/example_dags/example_params_trigger_ui.py
[2024-08-22T04:47:33.132+0000] {processor.py:925} INFO - DAG(s) 'example_params_trigger_ui' retrieved from /home/airflow/.local/lib/python3.12/site-packages/airflow/example_dags/example_params_trigger_ui.py
[2024-08-22T04:47:33.461+0000] {logging_mixin.py:190} INFO - [2024-08-22T04:47:33.460+0000] {dag.py:3211} INFO - Sync 1 DAGs
[2024-08-22T04:47:33.542+0000] {logging_mixin.py:190} INFO - [2024-08-22T04:47:33.542+0000] {dag.py:4138} INFO - Setting next_dagrun for example_params_trigger_ui to None, run_after=None
[2024-08-22T04:47:33.672+0000] {processor.py:208} INFO - Processing /home/airflow/.local/lib/python3.12/site-packages/airflow/example_dags/example_params_trigger_ui.py took 0.599 seconds
[2024-08-22T04:48:04.448+0000] {processor.py:186} INFO - Started process (PID=756) to work on /home/airflow/.local/lib/python3.12/site-packages/airflow/example_dags/example_params_trigger_ui.py
[2024-08-22T04:48:04.462+0000] {processor.py:914} INFO - Processing file /home/airflow/.local/lib/python3.12/site-packages/airflow/example_dags/example_params_trigger_ui.py for tasks to queue
[2024-08-22T04:48:04.465+0000] {logging_mixin.py:190} INFO - [2024-08-22T04:48:04.464+0000] {dagbag.py:587} INFO - Filling up the DagBag from /home/airflow/.local/lib/python3.12/site-packages/airflow/example_dags/example_params_trigger_ui.py
[2024-08-22T04:48:04.477+0000] {processor.py:925} INFO - DAG(s) 'example_params_trigger_ui' retrieved from /home/airflow/.local/lib/python3.12/site-packages/airflow/example_dags/example_params_trigger_ui.py
[2024-08-22T04:48:04.538+0000] {logging_mixin.py:190} INFO - [2024-08-22T04:48:04.537+0000] {dag.py:3211} INFO - Sync 1 DAGs
[2024-08-22T04:48:04.553+0000] {logging_mixin.py:190} INFO - [2024-08-22T04:48:04.553+0000] {dag.py:4138} INFO - Setting next_dagrun for example_params_trigger_ui to None, run_after=None
[2024-08-22T04:48:04.581+0000] {processor.py:208} INFO - Processing /home/airflow/.local/lib/python3.12/site-packages/airflow/example_dags/example_params_trigger_ui.py took 0.140 seconds
[2024-08-22T04:48:35.302+0000] {processor.py:186} INFO - Started process (PID=819) to work on /home/airflow/.local/lib/python3.12/site-packages/airflow/example_dags/example_params_trigger_ui.py
[2024-08-22T04:48:35.318+0000] {processor.py:914} INFO - Processing file /home/airflow/.local/lib/python3.12/site-packages/airflow/example_dags/example_params_trigger_ui.py for tasks to queue
[2024-08-22T04:48:35.322+0000] {logging_mixin.py:190} INFO - [2024-08-22T04:48:35.321+0000] {dagbag.py:587} INFO - Filling up the DagBag from /home/airflow/.local/lib/python3.12/site-packages/airflow/example_dags/example_params_trigger_ui.py
[2024-08-22T04:48:35.336+0000] {processor.py:925} INFO - DAG(s) 'example_params_trigger_ui' retrieved from /home/airflow/.local/lib/python3.12/site-packages/airflow/example_dags/example_params_trigger_ui.py
[2024-08-22T04:48:35.392+0000] {logging_mixin.py:190} INFO - [2024-08-22T04:48:35.392+0000] {dag.py:3211} INFO - Sync 1 DAGs
[2024-08-22T04:48:35.408+0000] {logging_mixin.py:190} INFO - [2024-08-22T04:48:35.408+0000] {dag.py:4138} INFO - Setting next_dagrun for example_params_trigger_ui to None, run_after=None
[2024-08-22T04:48:35.434+0000] {processor.py:208} INFO - Processing /home/airflow/.local/lib/python3.12/site-packages/airflow/example_dags/example_params_trigger_ui.py took 0.140 seconds
[2024-08-22T04:49:05.864+0000] {processor.py:186} INFO - Started process (PID=882) to work on /home/airflow/.local/lib/python3.12/site-packages/airflow/example_dags/example_params_trigger_ui.py
[2024-08-22T04:49:05.865+0000] {processor.py:914} INFO - Processing file /home/airflow/.local/lib/python3.12/site-packages/airflow/example_dags/example_params_trigger_ui.py for tasks to queue
[2024-08-22T04:49:05.867+0000] {logging_mixin.py:190} INFO - [2024-08-22T04:49:05.867+0000] {dagbag.py:587} INFO - Filling up the DagBag from /home/airflow/.local/lib/python3.12/site-packages/airflow/example_dags/example_params_trigger_ui.py
[2024-08-22T04:49:05.879+0000] {processor.py:925} INFO - DAG(s) 'example_params_trigger_ui' retrieved from /home/airflow/.local/lib/python3.12/site-packages/airflow/example_dags/example_params_trigger_ui.py
[2024-08-22T04:49:05.940+0000] {logging_mixin.py:190} INFO - [2024-08-22T04:49:05.940+0000] {dag.py:3211} INFO - Sync 1 DAGs
[2024-08-22T04:49:05.960+0000] {logging_mixin.py:190} INFO - [2024-08-22T04:49:05.960+0000] {dag.py:4138} INFO - Setting next_dagrun for example_params_trigger_ui to None, run_after=None
[2024-08-22T04:49:06.014+0000] {processor.py:208} INFO - Processing /home/airflow/.local/lib/python3.12/site-packages/airflow/example_dags/example_params_trigger_ui.py took 0.159 seconds
