[2024-08-22T04:42:25.988+0000] {processor.py:186} INFO - Started process (PID=64) to work on /home/airflow/.local/lib/python3.12/site-packages/airflow/example_dags/example_bash_decorator.py
[2024-08-22T04:42:25.989+0000] {processor.py:914} INFO - Processing file /home/airflow/.local/lib/python3.12/site-packages/airflow/example_dags/example_bash_decorator.py for tasks to queue
[2024-08-22T04:42:25.991+0000] {logging_mixin.py:190} INFO - [2024-08-22T04:42:25.991+0000] {dagbag.py:587} INFO - Filling up the DagBag from /home/airflow/.local/lib/python3.12/site-packages/airflow/example_dags/example_bash_decorator.py
[2024-08-22T04:42:26.009+0000] {processor.py:925} INFO - DAG(s) 'example_bash_decorator' retrieved from /home/airflow/.local/lib/python3.12/site-packages/airflow/example_dags/example_bash_decorator.py
[2024-08-22T04:42:26.142+0000] {logging_mixin.py:190} INFO - [2024-08-22T04:42:26.141+0000] {override.py:1858} INFO - Created Permission View: can delete on DAG:example_bash_decorator
[2024-08-22T04:42:26.153+0000] {logging_mixin.py:190} INFO - [2024-08-22T04:42:26.153+0000] {override.py:1858} INFO - Created Permission View: can read on DAG:example_bash_decorator
[2024-08-22T04:42:26.161+0000] {logging_mixin.py:190} INFO - [2024-08-22T04:42:26.161+0000] {override.py:1858} INFO - Created Permission View: can edit on DAG:example_bash_decorator
[2024-08-22T04:42:26.162+0000] {logging_mixin.py:190} INFO - [2024-08-22T04:42:26.162+0000] {dag.py:3211} INFO - Sync 1 DAGs
[2024-08-22T04:42:26.176+0000] {logging_mixin.py:190} INFO - [2024-08-22T04:42:26.176+0000] {dag.py:3234} INFO - Creating ORM DAG for example_bash_decorator
[2024-08-22T04:42:26.177+0000] {logging_mixin.py:190} INFO - [2024-08-22T04:42:26.177+0000] {dag.py:4138} INFO - Setting next_dagrun for example_bash_decorator to None, run_after=None
[2024-08-22T04:42:26.197+0000] {processor.py:208} INFO - Processing /home/airflow/.local/lib/python3.12/site-packages/airflow/example_dags/example_bash_decorator.py took 0.215 seconds
[2024-08-22T04:42:56.358+0000] {processor.py:186} INFO - Started process (PID=127) to work on /home/airflow/.local/lib/python3.12/site-packages/airflow/example_dags/example_bash_decorator.py
[2024-08-22T04:42:56.366+0000] {processor.py:914} INFO - Processing file /home/airflow/.local/lib/python3.12/site-packages/airflow/example_dags/example_bash_decorator.py for tasks to queue
[2024-08-22T04:42:56.368+0000] {logging_mixin.py:190} INFO - [2024-08-22T04:42:56.368+0000] {dagbag.py:587} INFO - Filling up the DagBag from /home/airflow/.local/lib/python3.12/site-packages/airflow/example_dags/example_bash_decorator.py
[2024-08-22T04:42:56.388+0000] {processor.py:925} INFO - DAG(s) 'example_bash_decorator' retrieved from /home/airflow/.local/lib/python3.12/site-packages/airflow/example_dags/example_bash_decorator.py
[2024-08-22T04:42:56.417+0000] {logging_mixin.py:190} INFO - [2024-08-22T04:42:56.417+0000] {dag.py:3211} INFO - Sync 1 DAGs
[2024-08-22T04:42:56.434+0000] {logging_mixin.py:190} INFO - [2024-08-22T04:42:56.434+0000] {dag.py:4138} INFO - Setting next_dagrun for example_bash_decorator to None, run_after=None
[2024-08-22T04:42:56.457+0000] {processor.py:208} INFO - Processing /home/airflow/.local/lib/python3.12/site-packages/airflow/example_dags/example_bash_decorator.py took 0.106 seconds
[2024-08-22T04:43:27.353+0000] {processor.py:186} INFO - Started process (PID=190) to work on /home/airflow/.local/lib/python3.12/site-packages/airflow/example_dags/example_bash_decorator.py
[2024-08-22T04:43:27.355+0000] {processor.py:914} INFO - Processing file /home/airflow/.local/lib/python3.12/site-packages/airflow/example_dags/example_bash_decorator.py for tasks to queue
[2024-08-22T04:43:27.358+0000] {logging_mixin.py:190} INFO - [2024-08-22T04:43:27.357+0000] {dagbag.py:587} INFO - Filling up the DagBag from /home/airflow/.local/lib/python3.12/site-packages/airflow/example_dags/example_bash_decorator.py
[2024-08-22T04:43:27.374+0000] {processor.py:925} INFO - DAG(s) 'example_bash_decorator' retrieved from /home/airflow/.local/lib/python3.12/site-packages/airflow/example_dags/example_bash_decorator.py
[2024-08-22T04:43:27.405+0000] {logging_mixin.py:190} INFO - [2024-08-22T04:43:27.404+0000] {dag.py:3211} INFO - Sync 1 DAGs
[2024-08-22T04:43:27.422+0000] {logging_mixin.py:190} INFO - [2024-08-22T04:43:27.422+0000] {dag.py:4138} INFO - Setting next_dagrun for example_bash_decorator to None, run_after=None
[2024-08-22T04:43:27.485+0000] {processor.py:208} INFO - Processing /home/airflow/.local/lib/python3.12/site-packages/airflow/example_dags/example_bash_decorator.py took 0.141 seconds
[2024-08-22T04:43:57.869+0000] {processor.py:186} INFO - Started process (PID=252) to work on /home/airflow/.local/lib/python3.12/site-packages/airflow/example_dags/example_bash_decorator.py
[2024-08-22T04:43:57.870+0000] {processor.py:914} INFO - Processing file /home/airflow/.local/lib/python3.12/site-packages/airflow/example_dags/example_bash_decorator.py for tasks to queue
[2024-08-22T04:43:57.872+0000] {logging_mixin.py:190} INFO - [2024-08-22T04:43:57.872+0000] {dagbag.py:587} INFO - Filling up the DagBag from /home/airflow/.local/lib/python3.12/site-packages/airflow/example_dags/example_bash_decorator.py
[2024-08-22T04:43:57.890+0000] {processor.py:925} INFO - DAG(s) 'example_bash_decorator' retrieved from /home/airflow/.local/lib/python3.12/site-packages/airflow/example_dags/example_bash_decorator.py
[2024-08-22T04:43:57.922+0000] {logging_mixin.py:190} INFO - [2024-08-22T04:43:57.921+0000] {dag.py:3211} INFO - Sync 1 DAGs
[2024-08-22T04:43:57.939+0000] {logging_mixin.py:190} INFO - [2024-08-22T04:43:57.939+0000] {dag.py:4138} INFO - Setting next_dagrun for example_bash_decorator to None, run_after=None
[2024-08-22T04:43:57.978+0000] {processor.py:208} INFO - Processing /home/airflow/.local/lib/python3.12/site-packages/airflow/example_dags/example_bash_decorator.py took 0.115 seconds
[2024-08-22T04:44:28.357+0000] {processor.py:186} INFO - Started process (PID=315) to work on /home/airflow/.local/lib/python3.12/site-packages/airflow/example_dags/example_bash_decorator.py
[2024-08-22T04:44:28.358+0000] {processor.py:914} INFO - Processing file /home/airflow/.local/lib/python3.12/site-packages/airflow/example_dags/example_bash_decorator.py for tasks to queue
[2024-08-22T04:44:28.360+0000] {logging_mixin.py:190} INFO - [2024-08-22T04:44:28.360+0000] {dagbag.py:587} INFO - Filling up the DagBag from /home/airflow/.local/lib/python3.12/site-packages/airflow/example_dags/example_bash_decorator.py
[2024-08-22T04:44:28.374+0000] {processor.py:925} INFO - DAG(s) 'example_bash_decorator' retrieved from /home/airflow/.local/lib/python3.12/site-packages/airflow/example_dags/example_bash_decorator.py
[2024-08-22T04:44:28.400+0000] {logging_mixin.py:190} INFO - [2024-08-22T04:44:28.399+0000] {dag.py:3211} INFO - Sync 1 DAGs
[2024-08-22T04:44:28.416+0000] {logging_mixin.py:190} INFO - [2024-08-22T04:44:28.415+0000] {dag.py:4138} INFO - Setting next_dagrun for example_bash_decorator to None, run_after=None
[2024-08-22T04:44:28.469+0000] {processor.py:208} INFO - Processing /home/airflow/.local/lib/python3.12/site-packages/airflow/example_dags/example_bash_decorator.py took 0.117 seconds
[2024-08-22T04:44:58.735+0000] {processor.py:186} INFO - Started process (PID=378) to work on /home/airflow/.local/lib/python3.12/site-packages/airflow/example_dags/example_bash_decorator.py
[2024-08-22T04:44:58.736+0000] {processor.py:914} INFO - Processing file /home/airflow/.local/lib/python3.12/site-packages/airflow/example_dags/example_bash_decorator.py for tasks to queue
[2024-08-22T04:44:58.738+0000] {logging_mixin.py:190} INFO - [2024-08-22T04:44:58.738+0000] {dagbag.py:587} INFO - Filling up the DagBag from /home/airflow/.local/lib/python3.12/site-packages/airflow/example_dags/example_bash_decorator.py
[2024-08-22T04:44:58.753+0000] {processor.py:925} INFO - DAG(s) 'example_bash_decorator' retrieved from /home/airflow/.local/lib/python3.12/site-packages/airflow/example_dags/example_bash_decorator.py
[2024-08-22T04:44:58.783+0000] {logging_mixin.py:190} INFO - [2024-08-22T04:44:58.782+0000] {dag.py:3211} INFO - Sync 1 DAGs
[2024-08-22T04:44:58.800+0000] {logging_mixin.py:190} INFO - [2024-08-22T04:44:58.800+0000] {dag.py:4138} INFO - Setting next_dagrun for example_bash_decorator to None, run_after=None
[2024-08-22T04:44:58.824+0000] {processor.py:208} INFO - Processing /home/airflow/.local/lib/python3.12/site-packages/airflow/example_dags/example_bash_decorator.py took 0.094 seconds
[2024-08-22T04:45:29.594+0000] {processor.py:186} INFO - Started process (PID=441) to work on /home/airflow/.local/lib/python3.12/site-packages/airflow/example_dags/example_bash_decorator.py
[2024-08-22T04:45:29.595+0000] {processor.py:914} INFO - Processing file /home/airflow/.local/lib/python3.12/site-packages/airflow/example_dags/example_bash_decorator.py for tasks to queue
[2024-08-22T04:45:29.597+0000] {logging_mixin.py:190} INFO - [2024-08-22T04:45:29.597+0000] {dagbag.py:587} INFO - Filling up the DagBag from /home/airflow/.local/lib/python3.12/site-packages/airflow/example_dags/example_bash_decorator.py
[2024-08-22T04:45:29.613+0000] {processor.py:925} INFO - DAG(s) 'example_bash_decorator' retrieved from /home/airflow/.local/lib/python3.12/site-packages/airflow/example_dags/example_bash_decorator.py
[2024-08-22T04:45:29.639+0000] {logging_mixin.py:190} INFO - [2024-08-22T04:45:29.639+0000] {dag.py:3211} INFO - Sync 1 DAGs
[2024-08-22T04:45:29.655+0000] {logging_mixin.py:190} INFO - [2024-08-22T04:45:29.655+0000] {dag.py:4138} INFO - Setting next_dagrun for example_bash_decorator to None, run_after=None
[2024-08-22T04:45:29.733+0000] {processor.py:208} INFO - Processing /home/airflow/.local/lib/python3.12/site-packages/airflow/example_dags/example_bash_decorator.py took 0.145 seconds
[2024-08-22T04:46:00.101+0000] {processor.py:186} INFO - Started process (PID=503) to work on /home/airflow/.local/lib/python3.12/site-packages/airflow/example_dags/example_bash_decorator.py
[2024-08-22T04:46:00.102+0000] {processor.py:914} INFO - Processing file /home/airflow/.local/lib/python3.12/site-packages/airflow/example_dags/example_bash_decorator.py for tasks to queue
[2024-08-22T04:46:00.105+0000] {logging_mixin.py:190} INFO - [2024-08-22T04:46:00.105+0000] {dagbag.py:587} INFO - Filling up the DagBag from /home/airflow/.local/lib/python3.12/site-packages/airflow/example_dags/example_bash_decorator.py
[2024-08-22T04:46:00.126+0000] {processor.py:925} INFO - DAG(s) 'example_bash_decorator' retrieved from /home/airflow/.local/lib/python3.12/site-packages/airflow/example_dags/example_bash_decorator.py
[2024-08-22T04:46:00.160+0000] {logging_mixin.py:190} INFO - [2024-08-22T04:46:00.159+0000] {dag.py:3211} INFO - Sync 1 DAGs
[2024-08-22T04:46:00.178+0000] {logging_mixin.py:190} INFO - [2024-08-22T04:46:00.178+0000] {dag.py:4138} INFO - Setting next_dagrun for example_bash_decorator to None, run_after=None
[2024-08-22T04:46:00.217+0000] {processor.py:208} INFO - Processing /home/airflow/.local/lib/python3.12/site-packages/airflow/example_dags/example_bash_decorator.py took 0.122 seconds
[2024-08-22T04:46:30.681+0000] {processor.py:186} INFO - Started process (PID=566) to work on /home/airflow/.local/lib/python3.12/site-packages/airflow/example_dags/example_bash_decorator.py
[2024-08-22T04:46:30.681+0000] {processor.py:914} INFO - Processing file /home/airflow/.local/lib/python3.12/site-packages/airflow/example_dags/example_bash_decorator.py for tasks to queue
[2024-08-22T04:46:30.684+0000] {logging_mixin.py:190} INFO - [2024-08-22T04:46:30.683+0000] {dagbag.py:587} INFO - Filling up the DagBag from /home/airflow/.local/lib/python3.12/site-packages/airflow/example_dags/example_bash_decorator.py
[2024-08-22T04:46:30.698+0000] {processor.py:925} INFO - DAG(s) 'example_bash_decorator' retrieved from /home/airflow/.local/lib/python3.12/site-packages/airflow/example_dags/example_bash_decorator.py
[2024-08-22T04:46:30.725+0000] {logging_mixin.py:190} INFO - [2024-08-22T04:46:30.725+0000] {dag.py:3211} INFO - Sync 1 DAGs
[2024-08-22T04:46:30.742+0000] {logging_mixin.py:190} INFO - [2024-08-22T04:46:30.742+0000] {dag.py:4138} INFO - Setting next_dagrun for example_bash_decorator to None, run_after=None
[2024-08-22T04:46:30.766+0000] {processor.py:208} INFO - Processing /home/airflow/.local/lib/python3.12/site-packages/airflow/example_dags/example_bash_decorator.py took 0.093 seconds
[2024-08-22T04:47:02.050+0000] {processor.py:186} INFO - Started process (PID=644) to work on /home/airflow/.local/lib/python3.12/site-packages/airflow/example_dags/example_bash_decorator.py
[2024-08-22T04:47:02.051+0000] {processor.py:914} INFO - Processing file /home/airflow/.local/lib/python3.12/site-packages/airflow/example_dags/example_bash_decorator.py for tasks to queue
[2024-08-22T04:47:02.053+0000] {logging_mixin.py:190} INFO - [2024-08-22T04:47:02.053+0000] {dagbag.py:587} INFO - Filling up the DagBag from /home/airflow/.local/lib/python3.12/site-packages/airflow/example_dags/example_bash_decorator.py
[2024-08-22T04:47:02.076+0000] {processor.py:925} INFO - DAG(s) 'example_bash_decorator' retrieved from /home/airflow/.local/lib/python3.12/site-packages/airflow/example_dags/example_bash_decorator.py
[2024-08-22T04:47:02.120+0000] {logging_mixin.py:190} INFO - [2024-08-22T04:47:02.120+0000] {dag.py:3211} INFO - Sync 1 DAGs
[2024-08-22T04:47:02.143+0000] {logging_mixin.py:190} INFO - [2024-08-22T04:47:02.142+0000] {dag.py:4138} INFO - Setting next_dagrun for example_bash_decorator to None, run_after=None
[2024-08-22T04:47:02.177+0000] {processor.py:208} INFO - Processing /home/airflow/.local/lib/python3.12/site-packages/airflow/example_dags/example_bash_decorator.py took 0.137 seconds
[2024-08-22T04:47:37.032+0000] {processor.py:186} INFO - Started process (PID=707) to work on /home/airflow/.local/lib/python3.12/site-packages/airflow/example_dags/example_bash_decorator.py
[2024-08-22T04:47:37.034+0000] {processor.py:914} INFO - Processing file /home/airflow/.local/lib/python3.12/site-packages/airflow/example_dags/example_bash_decorator.py for tasks to queue
[2024-08-22T04:47:37.039+0000] {logging_mixin.py:190} INFO - [2024-08-22T04:47:37.036+0000] {dagbag.py:587} INFO - Filling up the DagBag from /home/airflow/.local/lib/python3.12/site-packages/airflow/example_dags/example_bash_decorator.py
[2024-08-22T04:47:37.066+0000] {processor.py:925} INFO - DAG(s) 'example_bash_decorator' retrieved from /home/airflow/.local/lib/python3.12/site-packages/airflow/example_dags/example_bash_decorator.py
[2024-08-22T04:47:37.106+0000] {logging_mixin.py:190} INFO - [2024-08-22T04:47:37.106+0000] {dag.py:3211} INFO - Sync 1 DAGs
[2024-08-22T04:47:37.124+0000] {logging_mixin.py:190} INFO - [2024-08-22T04:47:37.123+0000] {dag.py:4138} INFO - Setting next_dagrun for example_bash_decorator to None, run_after=None
[2024-08-22T04:47:37.168+0000] {processor.py:208} INFO - Processing /home/airflow/.local/lib/python3.12/site-packages/airflow/example_dags/example_bash_decorator.py took 0.148 seconds
[2024-08-22T04:48:07.792+0000] {processor.py:186} INFO - Started process (PID=770) to work on /home/airflow/.local/lib/python3.12/site-packages/airflow/example_dags/example_bash_decorator.py
[2024-08-22T04:48:07.793+0000] {processor.py:914} INFO - Processing file /home/airflow/.local/lib/python3.12/site-packages/airflow/example_dags/example_bash_decorator.py for tasks to queue
[2024-08-22T04:48:07.795+0000] {logging_mixin.py:190} INFO - [2024-08-22T04:48:07.794+0000] {dagbag.py:587} INFO - Filling up the DagBag from /home/airflow/.local/lib/python3.12/site-packages/airflow/example_dags/example_bash_decorator.py
[2024-08-22T04:48:07.810+0000] {processor.py:925} INFO - DAG(s) 'example_bash_decorator' retrieved from /home/airflow/.local/lib/python3.12/site-packages/airflow/example_dags/example_bash_decorator.py
[2024-08-22T04:48:07.838+0000] {logging_mixin.py:190} INFO - [2024-08-22T04:48:07.838+0000] {dag.py:3211} INFO - Sync 1 DAGs
[2024-08-22T04:48:07.854+0000] {logging_mixin.py:190} INFO - [2024-08-22T04:48:07.854+0000] {dag.py:4138} INFO - Setting next_dagrun for example_bash_decorator to None, run_after=None
[2024-08-22T04:48:07.879+0000] {processor.py:208} INFO - Processing /home/airflow/.local/lib/python3.12/site-packages/airflow/example_dags/example_bash_decorator.py took 0.093 seconds
[2024-08-22T04:48:38.455+0000] {processor.py:186} INFO - Started process (PID=833) to work on /home/airflow/.local/lib/python3.12/site-packages/airflow/example_dags/example_bash_decorator.py
[2024-08-22T04:48:38.464+0000] {processor.py:914} INFO - Processing file /home/airflow/.local/lib/python3.12/site-packages/airflow/example_dags/example_bash_decorator.py for tasks to queue
[2024-08-22T04:48:38.466+0000] {logging_mixin.py:190} INFO - [2024-08-22T04:48:38.466+0000] {dagbag.py:587} INFO - Filling up the DagBag from /home/airflow/.local/lib/python3.12/site-packages/airflow/example_dags/example_bash_decorator.py
[2024-08-22T04:48:38.483+0000] {processor.py:925} INFO - DAG(s) 'example_bash_decorator' retrieved from /home/airflow/.local/lib/python3.12/site-packages/airflow/example_dags/example_bash_decorator.py
[2024-08-22T04:48:38.514+0000] {logging_mixin.py:190} INFO - [2024-08-22T04:48:38.513+0000] {dag.py:3211} INFO - Sync 1 DAGs
[2024-08-22T04:48:38.534+0000] {logging_mixin.py:190} INFO - [2024-08-22T04:48:38.534+0000] {dag.py:4138} INFO - Setting next_dagrun for example_bash_decorator to None, run_after=None
[2024-08-22T04:48:38.566+0000] {processor.py:208} INFO - Processing /home/airflow/.local/lib/python3.12/site-packages/airflow/example_dags/example_bash_decorator.py took 0.120 seconds
[2024-08-22T04:49:09.334+0000] {processor.py:186} INFO - Started process (PID=896) to work on /home/airflow/.local/lib/python3.12/site-packages/airflow/example_dags/example_bash_decorator.py
[2024-08-22T04:49:09.335+0000] {processor.py:914} INFO - Processing file /home/airflow/.local/lib/python3.12/site-packages/airflow/example_dags/example_bash_decorator.py for tasks to queue
[2024-08-22T04:49:09.337+0000] {logging_mixin.py:190} INFO - [2024-08-22T04:49:09.337+0000] {dagbag.py:587} INFO - Filling up the DagBag from /home/airflow/.local/lib/python3.12/site-packages/airflow/example_dags/example_bash_decorator.py
[2024-08-22T04:49:09.354+0000] {processor.py:925} INFO - DAG(s) 'example_bash_decorator' retrieved from /home/airflow/.local/lib/python3.12/site-packages/airflow/example_dags/example_bash_decorator.py
[2024-08-22T04:49:09.383+0000] {logging_mixin.py:190} INFO - [2024-08-22T04:49:09.383+0000] {dag.py:3211} INFO - Sync 1 DAGs
[2024-08-22T04:49:09.400+0000] {logging_mixin.py:190} INFO - [2024-08-22T04:49:09.400+0000] {dag.py:4138} INFO - Setting next_dagrun for example_bash_decorator to None, run_after=None
[2024-08-22T04:49:09.460+0000] {processor.py:208} INFO - Processing /home/airflow/.local/lib/python3.12/site-packages/airflow/example_dags/example_bash_decorator.py took 0.133 seconds
