[2024-08-22T04:42:27.284+0000] {processor.py:186} INFO - Started process (PID=73) to work on /home/airflow/.local/lib/python3.12/site-packages/airflow/example_dags/example_datasets.py
[2024-08-22T04:42:27.285+0000] {processor.py:914} INFO - Processing file /home/airflow/.local/lib/python3.12/site-packages/airflow/example_dags/example_datasets.py for tasks to queue
[2024-08-22T04:42:27.287+0000] {logging_mixin.py:190} INFO - [2024-08-22T04:42:27.286+0000] {dagbag.py:587} INFO - Filling up the DagBag from /home/airflow/.local/lib/python3.12/site-packages/airflow/example_dags/example_datasets.py
[2024-08-22T04:42:27.469+0000] {processor.py:925} INFO - DAG(s) 'dataset_consumes_1_and_2', 'dataset_consumes_1_never_scheduled', 'consume_1_or_both_2_and_3_with_dataset_expressions', 'dataset_consumes_unknown_never_scheduled', 'conditional_dataset_and_time_based_timetable', 'dataset_consumes_1', 'dataset_produces_2', 'consume_1_or_2_with_dataset_expressions', 'consume_1_and_2_with_dataset_expressions', 'dataset_produces_1' retrieved from /home/airflow/.local/lib/python3.12/site-packages/airflow/example_dags/example_datasets.py
[2024-08-22T04:42:27.598+0000] {logging_mixin.py:190} INFO - [2024-08-22T04:42:27.597+0000] {override.py:1858} INFO - Created Permission View: can delete on DAG:dataset_consumes_1_and_2
[2024-08-22T04:42:27.618+0000] {logging_mixin.py:190} INFO - [2024-08-22T04:42:27.618+0000] {override.py:1858} INFO - Created Permission View: can read on DAG:dataset_consumes_1_and_2
[2024-08-22T04:42:27.627+0000] {logging_mixin.py:190} INFO - [2024-08-22T04:42:27.627+0000] {override.py:1858} INFO - Created Permission View: can edit on DAG:dataset_consumes_1_and_2
[2024-08-22T04:42:27.642+0000] {logging_mixin.py:190} INFO - [2024-08-22T04:42:27.642+0000] {override.py:1858} INFO - Created Permission View: can delete on DAG:dataset_consumes_1_never_scheduled
[2024-08-22T04:42:27.649+0000] {logging_mixin.py:190} INFO - [2024-08-22T04:42:27.649+0000] {override.py:1858} INFO - Created Permission View: can read on DAG:dataset_consumes_1_never_scheduled
[2024-08-22T04:42:27.657+0000] {logging_mixin.py:190} INFO - [2024-08-22T04:42:27.657+0000] {override.py:1858} INFO - Created Permission View: can edit on DAG:dataset_consumes_1_never_scheduled
[2024-08-22T04:42:27.673+0000] {logging_mixin.py:190} INFO - [2024-08-22T04:42:27.672+0000] {override.py:1858} INFO - Created Permission View: can delete on DAG:consume_1_or_both_2_and_3_with_dataset_expressions
[2024-08-22T04:42:27.680+0000] {logging_mixin.py:190} INFO - [2024-08-22T04:42:27.680+0000] {override.py:1858} INFO - Created Permission View: can read on DAG:consume_1_or_both_2_and_3_with_dataset_expressions
[2024-08-22T04:42:27.687+0000] {logging_mixin.py:190} INFO - [2024-08-22T04:42:27.686+0000] {override.py:1858} INFO - Created Permission View: can edit on DAG:consume_1_or_both_2_and_3_with_dataset_expressions
[2024-08-22T04:42:27.700+0000] {logging_mixin.py:190} INFO - [2024-08-22T04:42:27.700+0000] {override.py:1858} INFO - Created Permission View: can delete on DAG:dataset_consumes_unknown_never_scheduled
[2024-08-22T04:42:27.708+0000] {logging_mixin.py:190} INFO - [2024-08-22T04:42:27.708+0000] {override.py:1858} INFO - Created Permission View: can read on DAG:dataset_consumes_unknown_never_scheduled
[2024-08-22T04:42:27.717+0000] {logging_mixin.py:190} INFO - [2024-08-22T04:42:27.717+0000] {override.py:1858} INFO - Created Permission View: can edit on DAG:dataset_consumes_unknown_never_scheduled
[2024-08-22T04:42:27.733+0000] {logging_mixin.py:190} INFO - [2024-08-22T04:42:27.733+0000] {override.py:1858} INFO - Created Permission View: can delete on DAG:conditional_dataset_and_time_based_timetable
[2024-08-22T04:42:27.742+0000] {logging_mixin.py:190} INFO - [2024-08-22T04:42:27.742+0000] {override.py:1858} INFO - Created Permission View: can read on DAG:conditional_dataset_and_time_based_timetable
[2024-08-22T04:42:27.753+0000] {logging_mixin.py:190} INFO - [2024-08-22T04:42:27.752+0000] {override.py:1858} INFO - Created Permission View: can edit on DAG:conditional_dataset_and_time_based_timetable
[2024-08-22T04:42:27.768+0000] {logging_mixin.py:190} INFO - [2024-08-22T04:42:27.767+0000] {override.py:1858} INFO - Created Permission View: can delete on DAG:dataset_consumes_1
[2024-08-22T04:42:27.781+0000] {logging_mixin.py:190} INFO - [2024-08-22T04:42:27.780+0000] {override.py:1858} INFO - Created Permission View: can read on DAG:dataset_consumes_1
[2024-08-22T04:42:27.790+0000] {logging_mixin.py:190} INFO - [2024-08-22T04:42:27.789+0000] {override.py:1858} INFO - Created Permission View: can edit on DAG:dataset_consumes_1
[2024-08-22T04:42:27.805+0000] {logging_mixin.py:190} INFO - [2024-08-22T04:42:27.805+0000] {override.py:1858} INFO - Created Permission View: can delete on DAG:dataset_produces_2
[2024-08-22T04:42:27.816+0000] {logging_mixin.py:190} INFO - [2024-08-22T04:42:27.816+0000] {override.py:1858} INFO - Created Permission View: can read on DAG:dataset_produces_2
[2024-08-22T04:42:27.827+0000] {logging_mixin.py:190} INFO - [2024-08-22T04:42:27.826+0000] {override.py:1858} INFO - Created Permission View: can edit on DAG:dataset_produces_2
[2024-08-22T04:42:27.840+0000] {logging_mixin.py:190} INFO - [2024-08-22T04:42:27.840+0000] {override.py:1858} INFO - Created Permission View: can delete on DAG:consume_1_or_2_with_dataset_expressions
[2024-08-22T04:42:27.849+0000] {logging_mixin.py:190} INFO - [2024-08-22T04:42:27.849+0000] {override.py:1858} INFO - Created Permission View: can read on DAG:consume_1_or_2_with_dataset_expressions
[2024-08-22T04:42:27.857+0000] {logging_mixin.py:190} INFO - [2024-08-22T04:42:27.857+0000] {override.py:1858} INFO - Created Permission View: can edit on DAG:consume_1_or_2_with_dataset_expressions
[2024-08-22T04:42:27.873+0000] {logging_mixin.py:190} INFO - [2024-08-22T04:42:27.873+0000] {override.py:1858} INFO - Created Permission View: can delete on DAG:consume_1_and_2_with_dataset_expressions
[2024-08-22T04:42:27.884+0000] {logging_mixin.py:190} INFO - [2024-08-22T04:42:27.883+0000] {override.py:1858} INFO - Created Permission View: can read on DAG:consume_1_and_2_with_dataset_expressions
[2024-08-22T04:42:27.893+0000] {logging_mixin.py:190} INFO - [2024-08-22T04:42:27.892+0000] {override.py:1858} INFO - Created Permission View: can edit on DAG:consume_1_and_2_with_dataset_expressions
[2024-08-22T04:42:27.908+0000] {logging_mixin.py:190} INFO - [2024-08-22T04:42:27.908+0000] {override.py:1858} INFO - Created Permission View: can delete on DAG:dataset_produces_1
[2024-08-22T04:42:27.919+0000] {logging_mixin.py:190} INFO - [2024-08-22T04:42:27.918+0000] {override.py:1858} INFO - Created Permission View: can read on DAG:dataset_produces_1
[2024-08-22T04:42:27.928+0000] {logging_mixin.py:190} INFO - [2024-08-22T04:42:27.927+0000] {override.py:1858} INFO - Created Permission View: can edit on DAG:dataset_produces_1
[2024-08-22T04:42:27.928+0000] {logging_mixin.py:190} INFO - [2024-08-22T04:42:27.928+0000] {dag.py:3211} INFO - Sync 10 DAGs
[2024-08-22T04:42:27.946+0000] {logging_mixin.py:190} INFO - [2024-08-22T04:42:27.946+0000] {dag.py:3234} INFO - Creating ORM DAG for dataset_consumes_unknown_never_scheduled
[2024-08-22T04:42:27.947+0000] {logging_mixin.py:190} INFO - [2024-08-22T04:42:27.947+0000] {dag.py:3234} INFO - Creating ORM DAG for conditional_dataset_and_time_based_timetable
[2024-08-22T04:42:27.948+0000] {logging_mixin.py:190} INFO - [2024-08-22T04:42:27.948+0000] {dag.py:3234} INFO - Creating ORM DAG for consume_1_or_both_2_and_3_with_dataset_expressions
[2024-08-22T04:42:27.948+0000] {logging_mixin.py:190} INFO - [2024-08-22T04:42:27.948+0000] {dag.py:3234} INFO - Creating ORM DAG for dataset_consumes_1
[2024-08-22T04:42:27.949+0000] {logging_mixin.py:190} INFO - [2024-08-22T04:42:27.949+0000] {dag.py:3234} INFO - Creating ORM DAG for dataset_consumes_1_and_2
[2024-08-22T04:42:27.949+0000] {logging_mixin.py:190} INFO - [2024-08-22T04:42:27.949+0000] {dag.py:3234} INFO - Creating ORM DAG for consume_1_or_2_with_dataset_expressions
[2024-08-22T04:42:27.950+0000] {logging_mixin.py:190} INFO - [2024-08-22T04:42:27.950+0000] {dag.py:3234} INFO - Creating ORM DAG for dataset_produces_2
[2024-08-22T04:42:27.951+0000] {logging_mixin.py:190} INFO - [2024-08-22T04:42:27.950+0000] {dag.py:3234} INFO - Creating ORM DAG for dataset_consumes_1_never_scheduled
[2024-08-22T04:42:27.951+0000] {logging_mixin.py:190} INFO - [2024-08-22T04:42:27.951+0000] {dag.py:3234} INFO - Creating ORM DAG for dataset_produces_1
[2024-08-22T04:42:27.952+0000] {logging_mixin.py:190} INFO - [2024-08-22T04:42:27.952+0000] {dag.py:3234} INFO - Creating ORM DAG for consume_1_and_2_with_dataset_expressions
[2024-08-22T04:42:27.970+0000] {logging_mixin.py:190} INFO - [2024-08-22T04:42:27.970+0000] {dag.py:4138} INFO - Setting next_dagrun for conditional_dataset_and_time_based_timetable to 2024-08-21 01:00:00+00:00, run_after=2024-08-21 01:00:00+00:00
[2024-08-22T04:42:27.971+0000] {logging_mixin.py:190} INFO - [2024-08-22T04:42:27.971+0000] {dag.py:4138} INFO - Setting next_dagrun for consume_1_and_2_with_dataset_expressions to None, run_after=None
[2024-08-22T04:42:27.972+0000] {logging_mixin.py:190} INFO - [2024-08-22T04:42:27.971+0000] {dag.py:4138} INFO - Setting next_dagrun for consume_1_or_2_with_dataset_expressions to None, run_after=None
[2024-08-22T04:42:27.972+0000] {logging_mixin.py:190} INFO - [2024-08-22T04:42:27.972+0000] {dag.py:4138} INFO - Setting next_dagrun for consume_1_or_both_2_and_3_with_dataset_expressions to None, run_after=None
[2024-08-22T04:42:27.973+0000] {logging_mixin.py:190} INFO - [2024-08-22T04:42:27.973+0000] {dag.py:4138} INFO - Setting next_dagrun for dataset_consumes_1 to None, run_after=None
[2024-08-22T04:42:27.974+0000] {logging_mixin.py:190} INFO - [2024-08-22T04:42:27.973+0000] {dag.py:4138} INFO - Setting next_dagrun for dataset_consumes_1_and_2 to None, run_after=None
[2024-08-22T04:42:27.974+0000] {logging_mixin.py:190} INFO - [2024-08-22T04:42:27.974+0000] {dag.py:4138} INFO - Setting next_dagrun for dataset_consumes_1_never_scheduled to None, run_after=None
[2024-08-22T04:42:27.975+0000] {logging_mixin.py:190} INFO - [2024-08-22T04:42:27.975+0000] {dag.py:4138} INFO - Setting next_dagrun for dataset_consumes_unknown_never_scheduled to None, run_after=None
[2024-08-22T04:42:27.978+0000] {logging_mixin.py:190} INFO - [2024-08-22T04:42:27.977+0000] {dag.py:4138} INFO - Setting next_dagrun for dataset_produces_1 to 2024-08-21 00:00:00+00:00, run_after=2024-08-22 00:00:00+00:00
[2024-08-22T04:42:27.979+0000] {logging_mixin.py:190} INFO - [2024-08-22T04:42:27.978+0000] {dag.py:4138} INFO - Setting next_dagrun for dataset_produces_2 to None, run_after=None
[2024-08-22T04:42:28.051+0000] {processor.py:208} INFO - Processing /home/airflow/.local/lib/python3.12/site-packages/airflow/example_dags/example_datasets.py took 0.774 seconds
[2024-08-22T04:42:58.134+0000] {processor.py:186} INFO - Started process (PID=136) to work on /home/airflow/.local/lib/python3.12/site-packages/airflow/example_dags/example_datasets.py
[2024-08-22T04:42:58.135+0000] {processor.py:914} INFO - Processing file /home/airflow/.local/lib/python3.12/site-packages/airflow/example_dags/example_datasets.py for tasks to queue
[2024-08-22T04:42:58.137+0000] {logging_mixin.py:190} INFO - [2024-08-22T04:42:58.136+0000] {dagbag.py:587} INFO - Filling up the DagBag from /home/airflow/.local/lib/python3.12/site-packages/airflow/example_dags/example_datasets.py
[2024-08-22T04:42:58.299+0000] {processor.py:925} INFO - DAG(s) 'dataset_produces_1', 'conditional_dataset_and_time_based_timetable', 'dataset_consumes_1_never_scheduled', 'dataset_consumes_1_and_2', 'dataset_produces_2', 'consume_1_or_2_with_dataset_expressions', 'consume_1_and_2_with_dataset_expressions', 'consume_1_or_both_2_and_3_with_dataset_expressions', 'dataset_consumes_1', 'dataset_consumes_unknown_never_scheduled' retrieved from /home/airflow/.local/lib/python3.12/site-packages/airflow/example_dags/example_datasets.py
[2024-08-22T04:42:58.362+0000] {logging_mixin.py:190} INFO - [2024-08-22T04:42:58.361+0000] {dag.py:3211} INFO - Sync 10 DAGs
[2024-08-22T04:42:58.396+0000] {logging_mixin.py:190} INFO - [2024-08-22T04:42:58.396+0000] {dag.py:4138} INFO - Setting next_dagrun for conditional_dataset_and_time_based_timetable to 2024-08-21 01:00:00+00:00, run_after=2024-08-21 01:00:00+00:00
[2024-08-22T04:42:58.401+0000] {logging_mixin.py:190} INFO - [2024-08-22T04:42:58.401+0000] {dag.py:4138} INFO - Setting next_dagrun for consume_1_and_2_with_dataset_expressions to None, run_after=None
[2024-08-22T04:42:58.403+0000] {logging_mixin.py:190} INFO - [2024-08-22T04:42:58.403+0000] {dag.py:4138} INFO - Setting next_dagrun for consume_1_or_2_with_dataset_expressions to None, run_after=None
[2024-08-22T04:42:58.405+0000] {logging_mixin.py:190} INFO - [2024-08-22T04:42:58.405+0000] {dag.py:4138} INFO - Setting next_dagrun for consume_1_or_both_2_and_3_with_dataset_expressions to None, run_after=None
[2024-08-22T04:42:58.407+0000] {logging_mixin.py:190} INFO - [2024-08-22T04:42:58.407+0000] {dag.py:4138} INFO - Setting next_dagrun for dataset_consumes_1 to None, run_after=None
[2024-08-22T04:42:58.409+0000] {logging_mixin.py:190} INFO - [2024-08-22T04:42:58.408+0000] {dag.py:4138} INFO - Setting next_dagrun for dataset_consumes_1_and_2 to None, run_after=None
[2024-08-22T04:42:58.411+0000] {logging_mixin.py:190} INFO - [2024-08-22T04:42:58.410+0000] {dag.py:4138} INFO - Setting next_dagrun for dataset_consumes_1_never_scheduled to None, run_after=None
[2024-08-22T04:42:58.412+0000] {logging_mixin.py:190} INFO - [2024-08-22T04:42:58.412+0000] {dag.py:4138} INFO - Setting next_dagrun for dataset_consumes_unknown_never_scheduled to None, run_after=None
[2024-08-22T04:42:58.416+0000] {logging_mixin.py:190} INFO - [2024-08-22T04:42:58.416+0000] {dag.py:4138} INFO - Setting next_dagrun for dataset_produces_1 to 2024-08-21 00:00:00+00:00, run_after=2024-08-22 00:00:00+00:00
[2024-08-22T04:42:58.418+0000] {logging_mixin.py:190} INFO - [2024-08-22T04:42:58.417+0000] {dag.py:4138} INFO - Setting next_dagrun for dataset_produces_2 to None, run_after=None
[2024-08-22T04:42:58.509+0000] {processor.py:208} INFO - Processing /home/airflow/.local/lib/python3.12/site-packages/airflow/example_dags/example_datasets.py took 0.380 seconds
[2024-08-22T04:43:29.323+0000] {processor.py:186} INFO - Started process (PID=199) to work on /home/airflow/.local/lib/python3.12/site-packages/airflow/example_dags/example_datasets.py
[2024-08-22T04:43:29.327+0000] {processor.py:914} INFO - Processing file /home/airflow/.local/lib/python3.12/site-packages/airflow/example_dags/example_datasets.py for tasks to queue
[2024-08-22T04:43:29.329+0000] {logging_mixin.py:190} INFO - [2024-08-22T04:43:29.329+0000] {dagbag.py:587} INFO - Filling up the DagBag from /home/airflow/.local/lib/python3.12/site-packages/airflow/example_dags/example_datasets.py
[2024-08-22T04:43:29.520+0000] {processor.py:925} INFO - DAG(s) 'dataset_consumes_unknown_never_scheduled', 'consume_1_and_2_with_dataset_expressions', 'dataset_consumes_1_and_2', 'conditional_dataset_and_time_based_timetable', 'dataset_produces_2', 'consume_1_or_both_2_and_3_with_dataset_expressions', 'dataset_produces_1', 'dataset_consumes_1_never_scheduled', 'consume_1_or_2_with_dataset_expressions', 'dataset_consumes_1' retrieved from /home/airflow/.local/lib/python3.12/site-packages/airflow/example_dags/example_datasets.py
[2024-08-22T04:43:29.573+0000] {logging_mixin.py:190} INFO - [2024-08-22T04:43:29.573+0000] {dag.py:3211} INFO - Sync 10 DAGs
[2024-08-22T04:43:29.605+0000] {logging_mixin.py:190} INFO - [2024-08-22T04:43:29.605+0000] {dag.py:4138} INFO - Setting next_dagrun for conditional_dataset_and_time_based_timetable to 2024-08-21 01:00:00+00:00, run_after=2024-08-21 01:00:00+00:00
[2024-08-22T04:43:29.610+0000] {logging_mixin.py:190} INFO - [2024-08-22T04:43:29.610+0000] {dag.py:4138} INFO - Setting next_dagrun for consume_1_and_2_with_dataset_expressions to None, run_after=None
[2024-08-22T04:43:29.612+0000] {logging_mixin.py:190} INFO - [2024-08-22T04:43:29.612+0000] {dag.py:4138} INFO - Setting next_dagrun for consume_1_or_2_with_dataset_expressions to None, run_after=None
[2024-08-22T04:43:29.613+0000] {logging_mixin.py:190} INFO - [2024-08-22T04:43:29.613+0000] {dag.py:4138} INFO - Setting next_dagrun for consume_1_or_both_2_and_3_with_dataset_expressions to None, run_after=None
[2024-08-22T04:43:29.615+0000] {logging_mixin.py:190} INFO - [2024-08-22T04:43:29.615+0000] {dag.py:4138} INFO - Setting next_dagrun for dataset_consumes_1 to None, run_after=None
[2024-08-22T04:43:29.617+0000] {logging_mixin.py:190} INFO - [2024-08-22T04:43:29.616+0000] {dag.py:4138} INFO - Setting next_dagrun for dataset_consumes_1_and_2 to None, run_after=None
[2024-08-22T04:43:29.618+0000] {logging_mixin.py:190} INFO - [2024-08-22T04:43:29.618+0000] {dag.py:4138} INFO - Setting next_dagrun for dataset_consumes_1_never_scheduled to None, run_after=None
[2024-08-22T04:43:29.620+0000] {logging_mixin.py:190} INFO - [2024-08-22T04:43:29.620+0000] {dag.py:4138} INFO - Setting next_dagrun for dataset_consumes_unknown_never_scheduled to None, run_after=None
[2024-08-22T04:43:29.623+0000] {logging_mixin.py:190} INFO - [2024-08-22T04:43:29.623+0000] {dag.py:4138} INFO - Setting next_dagrun for dataset_produces_1 to 2024-08-21 00:00:00+00:00, run_after=2024-08-22 00:00:00+00:00
[2024-08-22T04:43:29.625+0000] {logging_mixin.py:190} INFO - [2024-08-22T04:43:29.624+0000] {dag.py:4138} INFO - Setting next_dagrun for dataset_produces_2 to None, run_after=None
[2024-08-22T04:43:29.697+0000] {processor.py:208} INFO - Processing /home/airflow/.local/lib/python3.12/site-packages/airflow/example_dags/example_datasets.py took 0.383 seconds
[2024-08-22T04:43:59.810+0000] {processor.py:186} INFO - Started process (PID=261) to work on /home/airflow/.local/lib/python3.12/site-packages/airflow/example_dags/example_datasets.py
[2024-08-22T04:43:59.810+0000] {processor.py:914} INFO - Processing file /home/airflow/.local/lib/python3.12/site-packages/airflow/example_dags/example_datasets.py for tasks to queue
[2024-08-22T04:43:59.813+0000] {logging_mixin.py:190} INFO - [2024-08-22T04:43:59.812+0000] {dagbag.py:587} INFO - Filling up the DagBag from /home/airflow/.local/lib/python3.12/site-packages/airflow/example_dags/example_datasets.py
[2024-08-22T04:44:00.012+0000] {processor.py:925} INFO - DAG(s) 'conditional_dataset_and_time_based_timetable', 'dataset_consumes_1', 'consume_1_or_both_2_and_3_with_dataset_expressions', 'dataset_produces_2', 'dataset_produces_1', 'consume_1_or_2_with_dataset_expressions', 'dataset_consumes_1_never_scheduled', 'dataset_consumes_unknown_never_scheduled', 'dataset_consumes_1_and_2', 'consume_1_and_2_with_dataset_expressions' retrieved from /home/airflow/.local/lib/python3.12/site-packages/airflow/example_dags/example_datasets.py
[2024-08-22T04:44:00.071+0000] {logging_mixin.py:190} INFO - [2024-08-22T04:44:00.071+0000] {dag.py:3211} INFO - Sync 10 DAGs
[2024-08-22T04:44:00.110+0000] {logging_mixin.py:190} INFO - [2024-08-22T04:44:00.109+0000] {dag.py:4138} INFO - Setting next_dagrun for conditional_dataset_and_time_based_timetable to 2024-08-21 01:00:00+00:00, run_after=2024-08-21 01:00:00+00:00
[2024-08-22T04:44:00.113+0000] {logging_mixin.py:190} INFO - [2024-08-22T04:44:00.113+0000] {dag.py:4138} INFO - Setting next_dagrun for consume_1_and_2_with_dataset_expressions to None, run_after=None
[2024-08-22T04:44:00.115+0000] {logging_mixin.py:190} INFO - [2024-08-22T04:44:00.115+0000] {dag.py:4138} INFO - Setting next_dagrun for consume_1_or_2_with_dataset_expressions to None, run_after=None
[2024-08-22T04:44:00.117+0000] {logging_mixin.py:190} INFO - [2024-08-22T04:44:00.116+0000] {dag.py:4138} INFO - Setting next_dagrun for consume_1_or_both_2_and_3_with_dataset_expressions to None, run_after=None
[2024-08-22T04:44:00.118+0000] {logging_mixin.py:190} INFO - [2024-08-22T04:44:00.118+0000] {dag.py:4138} INFO - Setting next_dagrun for dataset_consumes_1 to None, run_after=None
[2024-08-22T04:44:00.119+0000] {logging_mixin.py:190} INFO - [2024-08-22T04:44:00.119+0000] {dag.py:4138} INFO - Setting next_dagrun for dataset_consumes_1_and_2 to None, run_after=None
[2024-08-22T04:44:00.121+0000] {logging_mixin.py:190} INFO - [2024-08-22T04:44:00.120+0000] {dag.py:4138} INFO - Setting next_dagrun for dataset_consumes_1_never_scheduled to None, run_after=None
[2024-08-22T04:44:00.122+0000] {logging_mixin.py:190} INFO - [2024-08-22T04:44:00.122+0000] {dag.py:4138} INFO - Setting next_dagrun for dataset_consumes_unknown_never_scheduled to None, run_after=None
[2024-08-22T04:44:00.125+0000] {logging_mixin.py:190} INFO - [2024-08-22T04:44:00.124+0000] {dag.py:4138} INFO - Setting next_dagrun for dataset_produces_1 to 2024-08-21 00:00:00+00:00, run_after=2024-08-22 00:00:00+00:00
[2024-08-22T04:44:00.126+0000] {logging_mixin.py:190} INFO - [2024-08-22T04:44:00.126+0000] {dag.py:4138} INFO - Setting next_dagrun for dataset_produces_2 to None, run_after=None
[2024-08-22T04:44:00.254+0000] {processor.py:208} INFO - Processing /home/airflow/.local/lib/python3.12/site-packages/airflow/example_dags/example_datasets.py took 0.450 seconds
[2024-08-22T04:44:30.338+0000] {processor.py:186} INFO - Started process (PID=324) to work on /home/airflow/.local/lib/python3.12/site-packages/airflow/example_dags/example_datasets.py
[2024-08-22T04:44:30.339+0000] {processor.py:914} INFO - Processing file /home/airflow/.local/lib/python3.12/site-packages/airflow/example_dags/example_datasets.py for tasks to queue
[2024-08-22T04:44:30.342+0000] {logging_mixin.py:190} INFO - [2024-08-22T04:44:30.342+0000] {dagbag.py:587} INFO - Filling up the DagBag from /home/airflow/.local/lib/python3.12/site-packages/airflow/example_dags/example_datasets.py
[2024-08-22T04:44:30.496+0000] {processor.py:925} INFO - DAG(s) 'conditional_dataset_and_time_based_timetable', 'dataset_consumes_1', 'dataset_consumes_1_never_scheduled', 'dataset_consumes_unknown_never_scheduled', 'consume_1_or_2_with_dataset_expressions', 'dataset_produces_2', 'dataset_consumes_1_and_2', 'consume_1_and_2_with_dataset_expressions', 'dataset_produces_1', 'consume_1_or_both_2_and_3_with_dataset_expressions' retrieved from /home/airflow/.local/lib/python3.12/site-packages/airflow/example_dags/example_datasets.py
[2024-08-22T04:44:30.555+0000] {logging_mixin.py:190} INFO - [2024-08-22T04:44:30.555+0000] {dag.py:3211} INFO - Sync 10 DAGs
[2024-08-22T04:44:30.587+0000] {logging_mixin.py:190} INFO - [2024-08-22T04:44:30.587+0000] {dag.py:4138} INFO - Setting next_dagrun for conditional_dataset_and_time_based_timetable to 2024-08-21 01:00:00+00:00, run_after=2024-08-21 01:00:00+00:00
[2024-08-22T04:44:30.591+0000] {logging_mixin.py:190} INFO - [2024-08-22T04:44:30.591+0000] {dag.py:4138} INFO - Setting next_dagrun for consume_1_and_2_with_dataset_expressions to None, run_after=None
[2024-08-22T04:44:30.593+0000] {logging_mixin.py:190} INFO - [2024-08-22T04:44:30.593+0000] {dag.py:4138} INFO - Setting next_dagrun for consume_1_or_2_with_dataset_expressions to None, run_after=None
[2024-08-22T04:44:30.595+0000] {logging_mixin.py:190} INFO - [2024-08-22T04:44:30.594+0000] {dag.py:4138} INFO - Setting next_dagrun for consume_1_or_both_2_and_3_with_dataset_expressions to None, run_after=None
[2024-08-22T04:44:30.596+0000] {logging_mixin.py:190} INFO - [2024-08-22T04:44:30.596+0000] {dag.py:4138} INFO - Setting next_dagrun for dataset_consumes_1 to None, run_after=None
[2024-08-22T04:44:30.598+0000] {logging_mixin.py:190} INFO - [2024-08-22T04:44:30.597+0000] {dag.py:4138} INFO - Setting next_dagrun for dataset_consumes_1_and_2 to None, run_after=None
[2024-08-22T04:44:30.599+0000] {logging_mixin.py:190} INFO - [2024-08-22T04:44:30.599+0000] {dag.py:4138} INFO - Setting next_dagrun for dataset_consumes_1_never_scheduled to None, run_after=None
[2024-08-22T04:44:30.601+0000] {logging_mixin.py:190} INFO - [2024-08-22T04:44:30.600+0000] {dag.py:4138} INFO - Setting next_dagrun for dataset_consumes_unknown_never_scheduled to None, run_after=None
[2024-08-22T04:44:30.603+0000] {logging_mixin.py:190} INFO - [2024-08-22T04:44:30.603+0000] {dag.py:4138} INFO - Setting next_dagrun for dataset_produces_1 to 2024-08-21 00:00:00+00:00, run_after=2024-08-22 00:00:00+00:00
[2024-08-22T04:44:30.605+0000] {logging_mixin.py:190} INFO - [2024-08-22T04:44:30.605+0000] {dag.py:4138} INFO - Setting next_dagrun for dataset_produces_2 to None, run_after=None
[2024-08-22T04:44:30.660+0000] {processor.py:208} INFO - Processing /home/airflow/.local/lib/python3.12/site-packages/airflow/example_dags/example_datasets.py took 0.332 seconds
[2024-08-22T04:45:01.612+0000] {processor.py:186} INFO - Started process (PID=387) to work on /home/airflow/.local/lib/python3.12/site-packages/airflow/example_dags/example_datasets.py
[2024-08-22T04:45:01.613+0000] {processor.py:914} INFO - Processing file /home/airflow/.local/lib/python3.12/site-packages/airflow/example_dags/example_datasets.py for tasks to queue
[2024-08-22T04:45:01.615+0000] {logging_mixin.py:190} INFO - [2024-08-22T04:45:01.615+0000] {dagbag.py:587} INFO - Filling up the DagBag from /home/airflow/.local/lib/python3.12/site-packages/airflow/example_dags/example_datasets.py
[2024-08-22T04:45:01.788+0000] {processor.py:925} INFO - DAG(s) 'dataset_consumes_1_and_2', 'dataset_produces_1', 'dataset_consumes_1', 'dataset_consumes_unknown_never_scheduled', 'consume_1_or_both_2_and_3_with_dataset_expressions', 'conditional_dataset_and_time_based_timetable', 'dataset_produces_2', 'consume_1_and_2_with_dataset_expressions', 'dataset_consumes_1_never_scheduled', 'consume_1_or_2_with_dataset_expressions' retrieved from /home/airflow/.local/lib/python3.12/site-packages/airflow/example_dags/example_datasets.py
[2024-08-22T04:45:01.851+0000] {logging_mixin.py:190} INFO - [2024-08-22T04:45:01.851+0000] {dag.py:3211} INFO - Sync 10 DAGs
[2024-08-22T04:45:01.881+0000] {logging_mixin.py:190} INFO - [2024-08-22T04:45:01.881+0000] {dag.py:4138} INFO - Setting next_dagrun for conditional_dataset_and_time_based_timetable to 2024-08-21 01:00:00+00:00, run_after=2024-08-21 01:00:00+00:00
[2024-08-22T04:45:01.886+0000] {logging_mixin.py:190} INFO - [2024-08-22T04:45:01.886+0000] {dag.py:4138} INFO - Setting next_dagrun for consume_1_and_2_with_dataset_expressions to None, run_after=None
[2024-08-22T04:45:01.889+0000] {logging_mixin.py:190} INFO - [2024-08-22T04:45:01.889+0000] {dag.py:4138} INFO - Setting next_dagrun for consume_1_or_2_with_dataset_expressions to None, run_after=None
[2024-08-22T04:45:01.891+0000] {logging_mixin.py:190} INFO - [2024-08-22T04:45:01.891+0000] {dag.py:4138} INFO - Setting next_dagrun for consume_1_or_both_2_and_3_with_dataset_expressions to None, run_after=None
[2024-08-22T04:45:01.894+0000] {logging_mixin.py:190} INFO - [2024-08-22T04:45:01.893+0000] {dag.py:4138} INFO - Setting next_dagrun for dataset_consumes_1 to None, run_after=None
[2024-08-22T04:45:01.896+0000] {logging_mixin.py:190} INFO - [2024-08-22T04:45:01.895+0000] {dag.py:4138} INFO - Setting next_dagrun for dataset_consumes_1_and_2 to None, run_after=None
[2024-08-22T04:45:01.898+0000] {logging_mixin.py:190} INFO - [2024-08-22T04:45:01.897+0000] {dag.py:4138} INFO - Setting next_dagrun for dataset_consumes_1_never_scheduled to None, run_after=None
[2024-08-22T04:45:01.900+0000] {logging_mixin.py:190} INFO - [2024-08-22T04:45:01.899+0000] {dag.py:4138} INFO - Setting next_dagrun for dataset_consumes_unknown_never_scheduled to None, run_after=None
[2024-08-22T04:45:01.903+0000] {logging_mixin.py:190} INFO - [2024-08-22T04:45:01.902+0000] {dag.py:4138} INFO - Setting next_dagrun for dataset_produces_1 to 2024-08-21 00:00:00+00:00, run_after=2024-08-22 00:00:00+00:00
[2024-08-22T04:45:01.904+0000] {logging_mixin.py:190} INFO - [2024-08-22T04:45:01.904+0000] {dag.py:4138} INFO - Setting next_dagrun for dataset_produces_2 to None, run_after=None
[2024-08-22T04:45:01.948+0000] {processor.py:208} INFO - Processing /home/airflow/.local/lib/python3.12/site-packages/airflow/example_dags/example_datasets.py took 0.344 seconds
[2024-08-22T04:45:32.513+0000] {processor.py:186} INFO - Started process (PID=450) to work on /home/airflow/.local/lib/python3.12/site-packages/airflow/example_dags/example_datasets.py
[2024-08-22T04:45:32.514+0000] {processor.py:914} INFO - Processing file /home/airflow/.local/lib/python3.12/site-packages/airflow/example_dags/example_datasets.py for tasks to queue
[2024-08-22T04:45:32.516+0000] {logging_mixin.py:190} INFO - [2024-08-22T04:45:32.516+0000] {dagbag.py:587} INFO - Filling up the DagBag from /home/airflow/.local/lib/python3.12/site-packages/airflow/example_dags/example_datasets.py
[2024-08-22T04:45:32.819+0000] {processor.py:925} INFO - DAG(s) 'consume_1_or_2_with_dataset_expressions', 'dataset_consumes_1_and_2', 'dataset_consumes_1', 'dataset_consumes_1_never_scheduled', 'dataset_consumes_unknown_never_scheduled', 'dataset_produces_2', 'dataset_produces_1', 'conditional_dataset_and_time_based_timetable', 'consume_1_and_2_with_dataset_expressions', 'consume_1_or_both_2_and_3_with_dataset_expressions' retrieved from /home/airflow/.local/lib/python3.12/site-packages/airflow/example_dags/example_datasets.py
[2024-08-22T04:45:32.887+0000] {logging_mixin.py:190} INFO - [2024-08-22T04:45:32.887+0000] {dag.py:3211} INFO - Sync 10 DAGs
[2024-08-22T04:45:33.198+0000] {logging_mixin.py:190} INFO - [2024-08-22T04:45:33.193+0000] {dag.py:4138} INFO - Setting next_dagrun for conditional_dataset_and_time_based_timetable to 2024-08-21 01:00:00+00:00, run_after=2024-08-21 01:00:00+00:00
[2024-08-22T04:45:33.209+0000] {logging_mixin.py:190} INFO - [2024-08-22T04:45:33.207+0000] {dag.py:4138} INFO - Setting next_dagrun for consume_1_and_2_with_dataset_expressions to None, run_after=None
[2024-08-22T04:45:33.212+0000] {logging_mixin.py:190} INFO - [2024-08-22T04:45:33.212+0000] {dag.py:4138} INFO - Setting next_dagrun for consume_1_or_2_with_dataset_expressions to None, run_after=None
[2024-08-22T04:45:33.223+0000] {logging_mixin.py:190} INFO - [2024-08-22T04:45:33.217+0000] {dag.py:4138} INFO - Setting next_dagrun for consume_1_or_both_2_and_3_with_dataset_expressions to None, run_after=None
[2024-08-22T04:45:33.227+0000] {logging_mixin.py:190} INFO - [2024-08-22T04:45:33.227+0000] {dag.py:4138} INFO - Setting next_dagrun for dataset_consumes_1 to None, run_after=None
[2024-08-22T04:45:33.232+0000] {logging_mixin.py:190} INFO - [2024-08-22T04:45:33.232+0000] {dag.py:4138} INFO - Setting next_dagrun for dataset_consumes_1_and_2 to None, run_after=None
[2024-08-22T04:45:33.237+0000] {logging_mixin.py:190} INFO - [2024-08-22T04:45:33.237+0000] {dag.py:4138} INFO - Setting next_dagrun for dataset_consumes_1_never_scheduled to None, run_after=None
[2024-08-22T04:45:33.242+0000] {logging_mixin.py:190} INFO - [2024-08-22T04:45:33.242+0000] {dag.py:4138} INFO - Setting next_dagrun for dataset_consumes_unknown_never_scheduled to None, run_after=None
[2024-08-22T04:45:33.251+0000] {logging_mixin.py:190} INFO - [2024-08-22T04:45:33.251+0000] {dag.py:4138} INFO - Setting next_dagrun for dataset_produces_1 to 2024-08-21 00:00:00+00:00, run_after=2024-08-22 00:00:00+00:00
[2024-08-22T04:45:33.254+0000] {logging_mixin.py:190} INFO - [2024-08-22T04:45:33.254+0000] {dag.py:4138} INFO - Setting next_dagrun for dataset_produces_2 to None, run_after=None
[2024-08-22T04:45:33.381+0000] {processor.py:208} INFO - Processing /home/airflow/.local/lib/python3.12/site-packages/airflow/example_dags/example_datasets.py took 0.877 seconds
[2024-08-22T04:46:03.824+0000] {processor.py:186} INFO - Started process (PID=512) to work on /home/airflow/.local/lib/python3.12/site-packages/airflow/example_dags/example_datasets.py
[2024-08-22T04:46:03.825+0000] {processor.py:914} INFO - Processing file /home/airflow/.local/lib/python3.12/site-packages/airflow/example_dags/example_datasets.py for tasks to queue
[2024-08-22T04:46:03.828+0000] {logging_mixin.py:190} INFO - [2024-08-22T04:46:03.827+0000] {dagbag.py:587} INFO - Filling up the DagBag from /home/airflow/.local/lib/python3.12/site-packages/airflow/example_dags/example_datasets.py
[2024-08-22T04:46:03.994+0000] {processor.py:925} INFO - DAG(s) 'consume_1_and_2_with_dataset_expressions', 'dataset_consumes_unknown_never_scheduled', 'dataset_produces_1', 'consume_1_or_both_2_and_3_with_dataset_expressions', 'dataset_consumes_1_never_scheduled', 'dataset_consumes_1_and_2', 'consume_1_or_2_with_dataset_expressions', 'dataset_produces_2', 'conditional_dataset_and_time_based_timetable', 'dataset_consumes_1' retrieved from /home/airflow/.local/lib/python3.12/site-packages/airflow/example_dags/example_datasets.py
[2024-08-22T04:46:04.048+0000] {logging_mixin.py:190} INFO - [2024-08-22T04:46:04.048+0000] {dag.py:3211} INFO - Sync 10 DAGs
[2024-08-22T04:46:04.082+0000] {logging_mixin.py:190} INFO - [2024-08-22T04:46:04.082+0000] {dag.py:4138} INFO - Setting next_dagrun for conditional_dataset_and_time_based_timetable to 2024-08-21 01:00:00+00:00, run_after=2024-08-21 01:00:00+00:00
[2024-08-22T04:46:04.091+0000] {logging_mixin.py:190} INFO - [2024-08-22T04:46:04.091+0000] {dag.py:4138} INFO - Setting next_dagrun for consume_1_and_2_with_dataset_expressions to None, run_after=None
[2024-08-22T04:46:04.097+0000] {logging_mixin.py:190} INFO - [2024-08-22T04:46:04.097+0000] {dag.py:4138} INFO - Setting next_dagrun for consume_1_or_2_with_dataset_expressions to None, run_after=None
[2024-08-22T04:46:04.099+0000] {logging_mixin.py:190} INFO - [2024-08-22T04:46:04.098+0000] {dag.py:4138} INFO - Setting next_dagrun for consume_1_or_both_2_and_3_with_dataset_expressions to None, run_after=None
[2024-08-22T04:46:04.101+0000] {logging_mixin.py:190} INFO - [2024-08-22T04:46:04.100+0000] {dag.py:4138} INFO - Setting next_dagrun for dataset_consumes_1 to None, run_after=None
[2024-08-22T04:46:04.102+0000] {logging_mixin.py:190} INFO - [2024-08-22T04:46:04.102+0000] {dag.py:4138} INFO - Setting next_dagrun for dataset_consumes_1_and_2 to None, run_after=None
[2024-08-22T04:46:04.106+0000] {logging_mixin.py:190} INFO - [2024-08-22T04:46:04.105+0000] {dag.py:4138} INFO - Setting next_dagrun for dataset_consumes_1_never_scheduled to None, run_after=None
[2024-08-22T04:46:04.108+0000] {logging_mixin.py:190} INFO - [2024-08-22T04:46:04.107+0000] {dag.py:4138} INFO - Setting next_dagrun for dataset_consumes_unknown_never_scheduled to None, run_after=None
[2024-08-22T04:46:04.113+0000] {logging_mixin.py:190} INFO - [2024-08-22T04:46:04.113+0000] {dag.py:4138} INFO - Setting next_dagrun for dataset_produces_1 to 2024-08-21 00:00:00+00:00, run_after=2024-08-22 00:00:00+00:00
[2024-08-22T04:46:04.116+0000] {logging_mixin.py:190} INFO - [2024-08-22T04:46:04.116+0000] {dag.py:4138} INFO - Setting next_dagrun for dataset_produces_2 to None, run_after=None
[2024-08-22T04:46:04.183+0000] {processor.py:208} INFO - Processing /home/airflow/.local/lib/python3.12/site-packages/airflow/example_dags/example_datasets.py took 0.365 seconds
[2024-08-22T04:46:34.327+0000] {processor.py:186} INFO - Started process (PID=575) to work on /home/airflow/.local/lib/python3.12/site-packages/airflow/example_dags/example_datasets.py
[2024-08-22T04:46:34.328+0000] {processor.py:914} INFO - Processing file /home/airflow/.local/lib/python3.12/site-packages/airflow/example_dags/example_datasets.py for tasks to queue
[2024-08-22T04:46:34.331+0000] {logging_mixin.py:190} INFO - [2024-08-22T04:46:34.331+0000] {dagbag.py:587} INFO - Filling up the DagBag from /home/airflow/.local/lib/python3.12/site-packages/airflow/example_dags/example_datasets.py
[2024-08-22T04:46:34.504+0000] {processor.py:925} INFO - DAG(s) 'dataset_consumes_1_and_2', 'dataset_produces_2', 'consume_1_or_2_with_dataset_expressions', 'consume_1_or_both_2_and_3_with_dataset_expressions', 'dataset_consumes_unknown_never_scheduled', 'dataset_consumes_1_never_scheduled', 'dataset_produces_1', 'dataset_consumes_1', 'consume_1_and_2_with_dataset_expressions', 'conditional_dataset_and_time_based_timetable' retrieved from /home/airflow/.local/lib/python3.12/site-packages/airflow/example_dags/example_datasets.py
[2024-08-22T04:46:34.558+0000] {logging_mixin.py:190} INFO - [2024-08-22T04:46:34.557+0000] {dag.py:3211} INFO - Sync 10 DAGs
[2024-08-22T04:46:34.589+0000] {logging_mixin.py:190} INFO - [2024-08-22T04:46:34.589+0000] {dag.py:4138} INFO - Setting next_dagrun for conditional_dataset_and_time_based_timetable to 2024-08-21 01:00:00+00:00, run_after=2024-08-21 01:00:00+00:00
[2024-08-22T04:46:34.593+0000] {logging_mixin.py:190} INFO - [2024-08-22T04:46:34.593+0000] {dag.py:4138} INFO - Setting next_dagrun for consume_1_and_2_with_dataset_expressions to None, run_after=None
[2024-08-22T04:46:34.595+0000] {logging_mixin.py:190} INFO - [2024-08-22T04:46:34.595+0000] {dag.py:4138} INFO - Setting next_dagrun for consume_1_or_2_with_dataset_expressions to None, run_after=None
[2024-08-22T04:46:34.596+0000] {logging_mixin.py:190} INFO - [2024-08-22T04:46:34.596+0000] {dag.py:4138} INFO - Setting next_dagrun for consume_1_or_both_2_and_3_with_dataset_expressions to None, run_after=None
[2024-08-22T04:46:34.598+0000] {logging_mixin.py:190} INFO - [2024-08-22T04:46:34.597+0000] {dag.py:4138} INFO - Setting next_dagrun for dataset_consumes_1 to None, run_after=None
[2024-08-22T04:46:34.599+0000] {logging_mixin.py:190} INFO - [2024-08-22T04:46:34.599+0000] {dag.py:4138} INFO - Setting next_dagrun for dataset_consumes_1_and_2 to None, run_after=None
[2024-08-22T04:46:34.601+0000] {logging_mixin.py:190} INFO - [2024-08-22T04:46:34.600+0000] {dag.py:4138} INFO - Setting next_dagrun for dataset_consumes_1_never_scheduled to None, run_after=None
[2024-08-22T04:46:34.602+0000] {logging_mixin.py:190} INFO - [2024-08-22T04:46:34.602+0000] {dag.py:4138} INFO - Setting next_dagrun for dataset_consumes_unknown_never_scheduled to None, run_after=None
[2024-08-22T04:46:34.605+0000] {logging_mixin.py:190} INFO - [2024-08-22T04:46:34.605+0000] {dag.py:4138} INFO - Setting next_dagrun for dataset_produces_1 to 2024-08-21 00:00:00+00:00, run_after=2024-08-22 00:00:00+00:00
[2024-08-22T04:46:34.607+0000] {logging_mixin.py:190} INFO - [2024-08-22T04:46:34.606+0000] {dag.py:4138} INFO - Setting next_dagrun for dataset_produces_2 to None, run_after=None
[2024-08-22T04:46:34.652+0000] {processor.py:208} INFO - Processing /home/airflow/.local/lib/python3.12/site-packages/airflow/example_dags/example_datasets.py took 0.334 seconds
[2024-08-22T04:47:05.462+0000] {processor.py:186} INFO - Started process (PID=653) to work on /home/airflow/.local/lib/python3.12/site-packages/airflow/example_dags/example_datasets.py
[2024-08-22T04:47:05.463+0000] {processor.py:914} INFO - Processing file /home/airflow/.local/lib/python3.12/site-packages/airflow/example_dags/example_datasets.py for tasks to queue
[2024-08-22T04:47:05.466+0000] {logging_mixin.py:190} INFO - [2024-08-22T04:47:05.465+0000] {dagbag.py:587} INFO - Filling up the DagBag from /home/airflow/.local/lib/python3.12/site-packages/airflow/example_dags/example_datasets.py
[2024-08-22T04:47:05.848+0000] {processor.py:925} INFO - DAG(s) 'dataset_consumes_1', 'dataset_produces_1', 'consume_1_or_both_2_and_3_with_dataset_expressions', 'consume_1_and_2_with_dataset_expressions', 'dataset_consumes_1_never_scheduled', 'consume_1_or_2_with_dataset_expressions', 'conditional_dataset_and_time_based_timetable', 'dataset_produces_2', 'dataset_consumes_1_and_2', 'dataset_consumes_unknown_never_scheduled' retrieved from /home/airflow/.local/lib/python3.12/site-packages/airflow/example_dags/example_datasets.py
[2024-08-22T04:47:06.019+0000] {logging_mixin.py:190} INFO - [2024-08-22T04:47:06.018+0000] {dag.py:3211} INFO - Sync 10 DAGs
[2024-08-22T04:47:06.130+0000] {logging_mixin.py:190} INFO - [2024-08-22T04:47:06.130+0000] {dag.py:4138} INFO - Setting next_dagrun for conditional_dataset_and_time_based_timetable to 2024-08-21 01:00:00+00:00, run_after=2024-08-21 01:00:00+00:00
[2024-08-22T04:47:06.144+0000] {logging_mixin.py:190} INFO - [2024-08-22T04:47:06.143+0000] {dag.py:4138} INFO - Setting next_dagrun for consume_1_and_2_with_dataset_expressions to None, run_after=None
[2024-08-22T04:47:06.150+0000] {logging_mixin.py:190} INFO - [2024-08-22T04:47:06.148+0000] {dag.py:4138} INFO - Setting next_dagrun for consume_1_or_2_with_dataset_expressions to None, run_after=None
[2024-08-22T04:47:06.153+0000] {logging_mixin.py:190} INFO - [2024-08-22T04:47:06.153+0000] {dag.py:4138} INFO - Setting next_dagrun for consume_1_or_both_2_and_3_with_dataset_expressions to None, run_after=None
[2024-08-22T04:47:06.158+0000] {logging_mixin.py:190} INFO - [2024-08-22T04:47:06.158+0000] {dag.py:4138} INFO - Setting next_dagrun for dataset_consumes_1 to None, run_after=None
[2024-08-22T04:47:06.160+0000] {logging_mixin.py:190} INFO - [2024-08-22T04:47:06.160+0000] {dag.py:4138} INFO - Setting next_dagrun for dataset_consumes_1_and_2 to None, run_after=None
[2024-08-22T04:47:06.162+0000] {logging_mixin.py:190} INFO - [2024-08-22T04:47:06.162+0000] {dag.py:4138} INFO - Setting next_dagrun for dataset_consumes_1_never_scheduled to None, run_after=None
[2024-08-22T04:47:06.164+0000] {logging_mixin.py:190} INFO - [2024-08-22T04:47:06.164+0000] {dag.py:4138} INFO - Setting next_dagrun for dataset_consumes_unknown_never_scheduled to None, run_after=None
[2024-08-22T04:47:06.168+0000] {logging_mixin.py:190} INFO - [2024-08-22T04:47:06.168+0000] {dag.py:4138} INFO - Setting next_dagrun for dataset_produces_1 to 2024-08-21 00:00:00+00:00, run_after=2024-08-22 00:00:00+00:00
[2024-08-22T04:47:06.174+0000] {logging_mixin.py:190} INFO - [2024-08-22T04:47:06.174+0000] {dag.py:4138} INFO - Setting next_dagrun for dataset_produces_2 to None, run_after=None
[2024-08-22T04:47:06.274+0000] {processor.py:208} INFO - Processing /home/airflow/.local/lib/python3.12/site-packages/airflow/example_dags/example_datasets.py took 0.837 seconds
[2024-08-22T04:47:38.400+0000] {processor.py:186} INFO - Started process (PID=716) to work on /home/airflow/.local/lib/python3.12/site-packages/airflow/example_dags/example_datasets.py
[2024-08-22T04:47:38.401+0000] {processor.py:914} INFO - Processing file /home/airflow/.local/lib/python3.12/site-packages/airflow/example_dags/example_datasets.py for tasks to queue
[2024-08-22T04:47:38.403+0000] {logging_mixin.py:190} INFO - [2024-08-22T04:47:38.403+0000] {dagbag.py:587} INFO - Filling up the DagBag from /home/airflow/.local/lib/python3.12/site-packages/airflow/example_dags/example_datasets.py
[2024-08-22T04:47:38.629+0000] {processor.py:925} INFO - DAG(s) 'consume_1_and_2_with_dataset_expressions', 'dataset_consumes_1', 'dataset_consumes_unknown_never_scheduled', 'dataset_consumes_1_never_scheduled', 'conditional_dataset_and_time_based_timetable', 'dataset_consumes_1_and_2', 'dataset_produces_1', 'consume_1_or_2_with_dataset_expressions', 'consume_1_or_both_2_and_3_with_dataset_expressions', 'dataset_produces_2' retrieved from /home/airflow/.local/lib/python3.12/site-packages/airflow/example_dags/example_datasets.py
[2024-08-22T04:47:38.690+0000] {logging_mixin.py:190} INFO - [2024-08-22T04:47:38.690+0000] {dag.py:3211} INFO - Sync 10 DAGs
[2024-08-22T04:47:38.725+0000] {logging_mixin.py:190} INFO - [2024-08-22T04:47:38.725+0000] {dag.py:4138} INFO - Setting next_dagrun for conditional_dataset_and_time_based_timetable to 2024-08-21 01:00:00+00:00, run_after=2024-08-21 01:00:00+00:00
[2024-08-22T04:47:38.730+0000] {logging_mixin.py:190} INFO - [2024-08-22T04:47:38.730+0000] {dag.py:4138} INFO - Setting next_dagrun for consume_1_and_2_with_dataset_expressions to None, run_after=None
[2024-08-22T04:47:38.732+0000] {logging_mixin.py:190} INFO - [2024-08-22T04:47:38.732+0000] {dag.py:4138} INFO - Setting next_dagrun for consume_1_or_2_with_dataset_expressions to None, run_after=None
[2024-08-22T04:47:38.734+0000] {logging_mixin.py:190} INFO - [2024-08-22T04:47:38.733+0000] {dag.py:4138} INFO - Setting next_dagrun for consume_1_or_both_2_and_3_with_dataset_expressions to None, run_after=None
[2024-08-22T04:47:38.735+0000] {logging_mixin.py:190} INFO - [2024-08-22T04:47:38.735+0000] {dag.py:4138} INFO - Setting next_dagrun for dataset_consumes_1 to None, run_after=None
[2024-08-22T04:47:38.737+0000] {logging_mixin.py:190} INFO - [2024-08-22T04:47:38.737+0000] {dag.py:4138} INFO - Setting next_dagrun for dataset_consumes_1_and_2 to None, run_after=None
[2024-08-22T04:47:38.738+0000] {logging_mixin.py:190} INFO - [2024-08-22T04:47:38.738+0000] {dag.py:4138} INFO - Setting next_dagrun for dataset_consumes_1_never_scheduled to None, run_after=None
[2024-08-22T04:47:38.740+0000] {logging_mixin.py:190} INFO - [2024-08-22T04:47:38.740+0000] {dag.py:4138} INFO - Setting next_dagrun for dataset_consumes_unknown_never_scheduled to None, run_after=None
[2024-08-22T04:47:38.744+0000] {logging_mixin.py:190} INFO - [2024-08-22T04:47:38.744+0000] {dag.py:4138} INFO - Setting next_dagrun for dataset_produces_1 to 2024-08-21 00:00:00+00:00, run_after=2024-08-22 00:00:00+00:00
[2024-08-22T04:47:38.747+0000] {logging_mixin.py:190} INFO - [2024-08-22T04:47:38.746+0000] {dag.py:4138} INFO - Setting next_dagrun for dataset_produces_2 to None, run_after=None
[2024-08-22T04:47:38.807+0000] {processor.py:208} INFO - Processing /home/airflow/.local/lib/python3.12/site-packages/airflow/example_dags/example_datasets.py took 0.414 seconds
[2024-08-22T04:48:09.544+0000] {processor.py:186} INFO - Started process (PID=779) to work on /home/airflow/.local/lib/python3.12/site-packages/airflow/example_dags/example_datasets.py
[2024-08-22T04:48:09.570+0000] {processor.py:914} INFO - Processing file /home/airflow/.local/lib/python3.12/site-packages/airflow/example_dags/example_datasets.py for tasks to queue
[2024-08-22T04:48:09.573+0000] {logging_mixin.py:190} INFO - [2024-08-22T04:48:09.573+0000] {dagbag.py:587} INFO - Filling up the DagBag from /home/airflow/.local/lib/python3.12/site-packages/airflow/example_dags/example_datasets.py
[2024-08-22T04:48:09.798+0000] {processor.py:925} INFO - DAG(s) 'dataset_consumes_1_and_2', 'dataset_produces_2', 'dataset_consumes_1', 'consume_1_or_2_with_dataset_expressions', 'consume_1_and_2_with_dataset_expressions', 'conditional_dataset_and_time_based_timetable', 'consume_1_or_both_2_and_3_with_dataset_expressions', 'dataset_produces_1', 'dataset_consumes_1_never_scheduled', 'dataset_consumes_unknown_never_scheduled' retrieved from /home/airflow/.local/lib/python3.12/site-packages/airflow/example_dags/example_datasets.py
[2024-08-22T04:48:09.864+0000] {logging_mixin.py:190} INFO - [2024-08-22T04:48:09.863+0000] {dag.py:3211} INFO - Sync 10 DAGs
[2024-08-22T04:48:09.899+0000] {logging_mixin.py:190} INFO - [2024-08-22T04:48:09.898+0000] {dag.py:4138} INFO - Setting next_dagrun for conditional_dataset_and_time_based_timetable to 2024-08-21 01:00:00+00:00, run_after=2024-08-21 01:00:00+00:00
[2024-08-22T04:48:09.905+0000] {logging_mixin.py:190} INFO - [2024-08-22T04:48:09.905+0000] {dag.py:4138} INFO - Setting next_dagrun for consume_1_and_2_with_dataset_expressions to None, run_after=None
[2024-08-22T04:48:09.907+0000] {logging_mixin.py:190} INFO - [2024-08-22T04:48:09.907+0000] {dag.py:4138} INFO - Setting next_dagrun for consume_1_or_2_with_dataset_expressions to None, run_after=None
[2024-08-22T04:48:09.909+0000] {logging_mixin.py:190} INFO - [2024-08-22T04:48:09.909+0000] {dag.py:4138} INFO - Setting next_dagrun for consume_1_or_both_2_and_3_with_dataset_expressions to None, run_after=None
[2024-08-22T04:48:09.911+0000] {logging_mixin.py:190} INFO - [2024-08-22T04:48:09.911+0000] {dag.py:4138} INFO - Setting next_dagrun for dataset_consumes_1 to None, run_after=None
[2024-08-22T04:48:09.913+0000] {logging_mixin.py:190} INFO - [2024-08-22T04:48:09.912+0000] {dag.py:4138} INFO - Setting next_dagrun for dataset_consumes_1_and_2 to None, run_after=None
[2024-08-22T04:48:09.915+0000] {logging_mixin.py:190} INFO - [2024-08-22T04:48:09.914+0000] {dag.py:4138} INFO - Setting next_dagrun for dataset_consumes_1_never_scheduled to None, run_after=None
[2024-08-22T04:48:09.917+0000] {logging_mixin.py:190} INFO - [2024-08-22T04:48:09.916+0000] {dag.py:4138} INFO - Setting next_dagrun for dataset_consumes_unknown_never_scheduled to None, run_after=None
[2024-08-22T04:48:09.920+0000] {logging_mixin.py:190} INFO - [2024-08-22T04:48:09.920+0000] {dag.py:4138} INFO - Setting next_dagrun for dataset_produces_1 to 2024-08-21 00:00:00+00:00, run_after=2024-08-22 00:00:00+00:00
[2024-08-22T04:48:09.922+0000] {logging_mixin.py:190} INFO - [2024-08-22T04:48:09.922+0000] {dag.py:4138} INFO - Setting next_dagrun for dataset_produces_2 to None, run_after=None
[2024-08-22T04:48:09.979+0000] {processor.py:208} INFO - Processing /home/airflow/.local/lib/python3.12/site-packages/airflow/example_dags/example_datasets.py took 0.441 seconds
[2024-08-22T04:48:40.495+0000] {processor.py:186} INFO - Started process (PID=842) to work on /home/airflow/.local/lib/python3.12/site-packages/airflow/example_dags/example_datasets.py
[2024-08-22T04:48:40.495+0000] {processor.py:914} INFO - Processing file /home/airflow/.local/lib/python3.12/site-packages/airflow/example_dags/example_datasets.py for tasks to queue
[2024-08-22T04:48:40.498+0000] {logging_mixin.py:190} INFO - [2024-08-22T04:48:40.497+0000] {dagbag.py:587} INFO - Filling up the DagBag from /home/airflow/.local/lib/python3.12/site-packages/airflow/example_dags/example_datasets.py
[2024-08-22T04:48:40.670+0000] {processor.py:925} INFO - DAG(s) 'dataset_consumes_unknown_never_scheduled', 'consume_1_or_2_with_dataset_expressions', 'consume_1_and_2_with_dataset_expressions', 'dataset_produces_2', 'dataset_consumes_1', 'dataset_consumes_1_never_scheduled', 'dataset_produces_1', 'dataset_consumes_1_and_2', 'conditional_dataset_and_time_based_timetable', 'consume_1_or_both_2_and_3_with_dataset_expressions' retrieved from /home/airflow/.local/lib/python3.12/site-packages/airflow/example_dags/example_datasets.py
[2024-08-22T04:48:40.726+0000] {logging_mixin.py:190} INFO - [2024-08-22T04:48:40.725+0000] {dag.py:3211} INFO - Sync 10 DAGs
[2024-08-22T04:48:40.756+0000] {logging_mixin.py:190} INFO - [2024-08-22T04:48:40.756+0000] {dag.py:4138} INFO - Setting next_dagrun for conditional_dataset_and_time_based_timetable to 2024-08-21 01:00:00+00:00, run_after=2024-08-21 01:00:00+00:00
[2024-08-22T04:48:40.760+0000] {logging_mixin.py:190} INFO - [2024-08-22T04:48:40.760+0000] {dag.py:4138} INFO - Setting next_dagrun for consume_1_and_2_with_dataset_expressions to None, run_after=None
[2024-08-22T04:48:40.762+0000] {logging_mixin.py:190} INFO - [2024-08-22T04:48:40.762+0000] {dag.py:4138} INFO - Setting next_dagrun for consume_1_or_2_with_dataset_expressions to None, run_after=None
[2024-08-22T04:48:40.764+0000] {logging_mixin.py:190} INFO - [2024-08-22T04:48:40.763+0000] {dag.py:4138} INFO - Setting next_dagrun for consume_1_or_both_2_and_3_with_dataset_expressions to None, run_after=None
[2024-08-22T04:48:40.765+0000] {logging_mixin.py:190} INFO - [2024-08-22T04:48:40.765+0000] {dag.py:4138} INFO - Setting next_dagrun for dataset_consumes_1 to None, run_after=None
[2024-08-22T04:48:40.767+0000] {logging_mixin.py:190} INFO - [2024-08-22T04:48:40.767+0000] {dag.py:4138} INFO - Setting next_dagrun for dataset_consumes_1_and_2 to None, run_after=None
[2024-08-22T04:48:40.768+0000] {logging_mixin.py:190} INFO - [2024-08-22T04:48:40.768+0000] {dag.py:4138} INFO - Setting next_dagrun for dataset_consumes_1_never_scheduled to None, run_after=None
[2024-08-22T04:48:40.770+0000] {logging_mixin.py:190} INFO - [2024-08-22T04:48:40.770+0000] {dag.py:4138} INFO - Setting next_dagrun for dataset_consumes_unknown_never_scheduled to None, run_after=None
[2024-08-22T04:48:40.773+0000] {logging_mixin.py:190} INFO - [2024-08-22T04:48:40.773+0000] {dag.py:4138} INFO - Setting next_dagrun for dataset_produces_1 to 2024-08-21 00:00:00+00:00, run_after=2024-08-22 00:00:00+00:00
[2024-08-22T04:48:40.775+0000] {logging_mixin.py:190} INFO - [2024-08-22T04:48:40.774+0000] {dag.py:4138} INFO - Setting next_dagrun for dataset_produces_2 to None, run_after=None
[2024-08-22T04:48:40.832+0000] {processor.py:208} INFO - Processing /home/airflow/.local/lib/python3.12/site-packages/airflow/example_dags/example_datasets.py took 0.345 seconds
[2024-08-22T04:49:11.135+0000] {processor.py:186} INFO - Started process (PID=905) to work on /home/airflow/.local/lib/python3.12/site-packages/airflow/example_dags/example_datasets.py
[2024-08-22T04:49:11.168+0000] {processor.py:914} INFO - Processing file /home/airflow/.local/lib/python3.12/site-packages/airflow/example_dags/example_datasets.py for tasks to queue
[2024-08-22T04:49:11.172+0000] {logging_mixin.py:190} INFO - [2024-08-22T04:49:11.172+0000] {dagbag.py:587} INFO - Filling up the DagBag from /home/airflow/.local/lib/python3.12/site-packages/airflow/example_dags/example_datasets.py
[2024-08-22T04:49:11.357+0000] {processor.py:925} INFO - DAG(s) 'consume_1_or_2_with_dataset_expressions', 'dataset_produces_2', 'conditional_dataset_and_time_based_timetable', 'dataset_consumes_1', 'dataset_produces_1', 'consume_1_or_both_2_and_3_with_dataset_expressions', 'dataset_consumes_1_never_scheduled', 'dataset_consumes_1_and_2', 'dataset_consumes_unknown_never_scheduled', 'consume_1_and_2_with_dataset_expressions' retrieved from /home/airflow/.local/lib/python3.12/site-packages/airflow/example_dags/example_datasets.py
[2024-08-22T04:49:11.422+0000] {logging_mixin.py:190} INFO - [2024-08-22T04:49:11.421+0000] {dag.py:3211} INFO - Sync 10 DAGs
[2024-08-22T04:49:11.455+0000] {logging_mixin.py:190} INFO - [2024-08-22T04:49:11.455+0000] {dag.py:4138} INFO - Setting next_dagrun for conditional_dataset_and_time_based_timetable to 2024-08-21 01:00:00+00:00, run_after=2024-08-21 01:00:00+00:00
[2024-08-22T04:49:11.460+0000] {logging_mixin.py:190} INFO - [2024-08-22T04:49:11.460+0000] {dag.py:4138} INFO - Setting next_dagrun for consume_1_and_2_with_dataset_expressions to None, run_after=None
[2024-08-22T04:49:11.462+0000] {logging_mixin.py:190} INFO - [2024-08-22T04:49:11.462+0000] {dag.py:4138} INFO - Setting next_dagrun for consume_1_or_2_with_dataset_expressions to None, run_after=None
[2024-08-22T04:49:11.464+0000] {logging_mixin.py:190} INFO - [2024-08-22T04:49:11.464+0000] {dag.py:4138} INFO - Setting next_dagrun for consume_1_or_both_2_and_3_with_dataset_expressions to None, run_after=None
[2024-08-22T04:49:11.466+0000] {logging_mixin.py:190} INFO - [2024-08-22T04:49:11.466+0000] {dag.py:4138} INFO - Setting next_dagrun for dataset_consumes_1 to None, run_after=None
[2024-08-22T04:49:11.468+0000] {logging_mixin.py:190} INFO - [2024-08-22T04:49:11.468+0000] {dag.py:4138} INFO - Setting next_dagrun for dataset_consumes_1_and_2 to None, run_after=None
[2024-08-22T04:49:11.470+0000] {logging_mixin.py:190} INFO - [2024-08-22T04:49:11.470+0000] {dag.py:4138} INFO - Setting next_dagrun for dataset_consumes_1_never_scheduled to None, run_after=None
[2024-08-22T04:49:11.472+0000] {logging_mixin.py:190} INFO - [2024-08-22T04:49:11.472+0000] {dag.py:4138} INFO - Setting next_dagrun for dataset_consumes_unknown_never_scheduled to None, run_after=None
[2024-08-22T04:49:11.475+0000] {logging_mixin.py:190} INFO - [2024-08-22T04:49:11.474+0000] {dag.py:4138} INFO - Setting next_dagrun for dataset_produces_1 to 2024-08-21 00:00:00+00:00, run_after=2024-08-22 00:00:00+00:00
[2024-08-22T04:49:11.476+0000] {logging_mixin.py:190} INFO - [2024-08-22T04:49:11.476+0000] {dag.py:4138} INFO - Setting next_dagrun for dataset_produces_2 to None, run_after=None
[2024-08-22T04:49:11.526+0000] {processor.py:208} INFO - Processing /home/airflow/.local/lib/python3.12/site-packages/airflow/example_dags/example_datasets.py took 0.400 seconds
