[2024-08-22T04:42:28.094+0000] {processor.py:186} INFO - Started process (PID=77) to work on /home/airflow/.local/lib/python3.12/site-packages/airflow/example_dags/example_python_decorator.py
[2024-08-22T04:42:28.094+0000] {processor.py:914} INFO - Processing file /home/airflow/.local/lib/python3.12/site-packages/airflow/example_dags/example_python_decorator.py for tasks to queue
[2024-08-22T04:42:28.097+0000] {logging_mixin.py:190} INFO - [2024-08-22T04:42:28.096+0000] {dagbag.py:587} INFO - Filling up the DagBag from /home/airflow/.local/lib/python3.12/site-packages/airflow/example_dags/example_python_decorator.py
[2024-08-22T04:42:28.117+0000] {processor.py:925} INFO - DAG(s) 'example_python_decorator' retrieved from /home/airflow/.local/lib/python3.12/site-packages/airflow/example_dags/example_python_decorator.py
[2024-08-22T04:42:28.246+0000] {logging_mixin.py:190} INFO - [2024-08-22T04:42:28.245+0000] {override.py:1858} INFO - Created Permission View: can delete on DAG:example_python_decorator
[2024-08-22T04:42:28.259+0000] {logging_mixin.py:190} INFO - [2024-08-22T04:42:28.259+0000] {override.py:1858} INFO - Created Permission View: can read on DAG:example_python_decorator
[2024-08-22T04:42:28.270+0000] {logging_mixin.py:190} INFO - [2024-08-22T04:42:28.270+0000] {override.py:1858} INFO - Created Permission View: can edit on DAG:example_python_decorator
[2024-08-22T04:42:28.271+0000] {logging_mixin.py:190} INFO - [2024-08-22T04:42:28.271+0000] {dag.py:3211} INFO - Sync 1 DAGs
[2024-08-22T04:42:28.290+0000] {logging_mixin.py:190} INFO - [2024-08-22T04:42:28.290+0000] {dag.py:3234} INFO - Creating ORM DAG for example_python_decorator
[2024-08-22T04:42:28.291+0000] {logging_mixin.py:190} INFO - [2024-08-22T04:42:28.291+0000] {dag.py:4138} INFO - Setting next_dagrun for example_python_decorator to None, run_after=None
[2024-08-22T04:42:28.313+0000] {processor.py:208} INFO - Processing /home/airflow/.local/lib/python3.12/site-packages/airflow/example_dags/example_python_decorator.py took 0.226 seconds
[2024-08-22T04:42:58.857+0000] {processor.py:186} INFO - Started process (PID=140) to work on /home/airflow/.local/lib/python3.12/site-packages/airflow/example_dags/example_python_decorator.py
[2024-08-22T04:42:58.858+0000] {processor.py:914} INFO - Processing file /home/airflow/.local/lib/python3.12/site-packages/airflow/example_dags/example_python_decorator.py for tasks to queue
[2024-08-22T04:42:58.860+0000] {logging_mixin.py:190} INFO - [2024-08-22T04:42:58.860+0000] {dagbag.py:587} INFO - Filling up the DagBag from /home/airflow/.local/lib/python3.12/site-packages/airflow/example_dags/example_python_decorator.py
[2024-08-22T04:42:58.876+0000] {processor.py:925} INFO - DAG(s) 'example_python_decorator' retrieved from /home/airflow/.local/lib/python3.12/site-packages/airflow/example_dags/example_python_decorator.py
[2024-08-22T04:42:58.903+0000] {logging_mixin.py:190} INFO - [2024-08-22T04:42:58.902+0000] {dag.py:3211} INFO - Sync 1 DAGs
[2024-08-22T04:42:58.919+0000] {logging_mixin.py:190} INFO - [2024-08-22T04:42:58.919+0000] {dag.py:4138} INFO - Setting next_dagrun for example_python_decorator to None, run_after=None
[2024-08-22T04:42:58.944+0000] {processor.py:208} INFO - Processing /home/airflow/.local/lib/python3.12/site-packages/airflow/example_dags/example_python_decorator.py took 0.093 seconds
[2024-08-22T04:43:29.919+0000] {processor.py:186} INFO - Started process (PID=203) to work on /home/airflow/.local/lib/python3.12/site-packages/airflow/example_dags/example_python_decorator.py
[2024-08-22T04:43:29.946+0000] {processor.py:914} INFO - Processing file /home/airflow/.local/lib/python3.12/site-packages/airflow/example_dags/example_python_decorator.py for tasks to queue
[2024-08-22T04:43:29.949+0000] {logging_mixin.py:190} INFO - [2024-08-22T04:43:29.949+0000] {dagbag.py:587} INFO - Filling up the DagBag from /home/airflow/.local/lib/python3.12/site-packages/airflow/example_dags/example_python_decorator.py
[2024-08-22T04:43:29.968+0000] {processor.py:925} INFO - DAG(s) 'example_python_decorator' retrieved from /home/airflow/.local/lib/python3.12/site-packages/airflow/example_dags/example_python_decorator.py
[2024-08-22T04:43:29.994+0000] {logging_mixin.py:190} INFO - [2024-08-22T04:43:29.993+0000] {dag.py:3211} INFO - Sync 1 DAGs
[2024-08-22T04:43:30.011+0000] {logging_mixin.py:190} INFO - [2024-08-22T04:43:30.010+0000] {dag.py:4138} INFO - Setting next_dagrun for example_python_decorator to None, run_after=None
[2024-08-22T04:43:30.035+0000] {processor.py:208} INFO - Processing /home/airflow/.local/lib/python3.12/site-packages/airflow/example_dags/example_python_decorator.py took 0.123 seconds
[2024-08-22T04:44:00.326+0000] {processor.py:186} INFO - Started process (PID=265) to work on /home/airflow/.local/lib/python3.12/site-packages/airflow/example_dags/example_python_decorator.py
[2024-08-22T04:44:00.327+0000] {processor.py:914} INFO - Processing file /home/airflow/.local/lib/python3.12/site-packages/airflow/example_dags/example_python_decorator.py for tasks to queue
[2024-08-22T04:44:00.329+0000] {logging_mixin.py:190} INFO - [2024-08-22T04:44:00.328+0000] {dagbag.py:587} INFO - Filling up the DagBag from /home/airflow/.local/lib/python3.12/site-packages/airflow/example_dags/example_python_decorator.py
[2024-08-22T04:44:00.344+0000] {processor.py:925} INFO - DAG(s) 'example_python_decorator' retrieved from /home/airflow/.local/lib/python3.12/site-packages/airflow/example_dags/example_python_decorator.py
[2024-08-22T04:44:00.371+0000] {logging_mixin.py:190} INFO - [2024-08-22T04:44:00.370+0000] {dag.py:3211} INFO - Sync 1 DAGs
[2024-08-22T04:44:00.388+0000] {logging_mixin.py:190} INFO - [2024-08-22T04:44:00.388+0000] {dag.py:4138} INFO - Setting next_dagrun for example_python_decorator to None, run_after=None
[2024-08-22T04:44:00.417+0000] {processor.py:208} INFO - Processing /home/airflow/.local/lib/python3.12/site-packages/airflow/example_dags/example_python_decorator.py took 0.097 seconds
[2024-08-22T04:44:30.984+0000] {processor.py:186} INFO - Started process (PID=328) to work on /home/airflow/.local/lib/python3.12/site-packages/airflow/example_dags/example_python_decorator.py
[2024-08-22T04:44:31.016+0000] {processor.py:914} INFO - Processing file /home/airflow/.local/lib/python3.12/site-packages/airflow/example_dags/example_python_decorator.py for tasks to queue
[2024-08-22T04:44:31.019+0000] {logging_mixin.py:190} INFO - [2024-08-22T04:44:31.018+0000] {dagbag.py:587} INFO - Filling up the DagBag from /home/airflow/.local/lib/python3.12/site-packages/airflow/example_dags/example_python_decorator.py
[2024-08-22T04:44:31.036+0000] {processor.py:925} INFO - DAG(s) 'example_python_decorator' retrieved from /home/airflow/.local/lib/python3.12/site-packages/airflow/example_dags/example_python_decorator.py
[2024-08-22T04:44:31.066+0000] {logging_mixin.py:190} INFO - [2024-08-22T04:44:31.066+0000] {dag.py:3211} INFO - Sync 1 DAGs
[2024-08-22T04:44:31.088+0000] {logging_mixin.py:190} INFO - [2024-08-22T04:44:31.088+0000] {dag.py:4138} INFO - Setting next_dagrun for example_python_decorator to None, run_after=None
[2024-08-22T04:44:31.115+0000] {processor.py:208} INFO - Processing /home/airflow/.local/lib/python3.12/site-packages/airflow/example_dags/example_python_decorator.py took 0.141 seconds
[2024-08-22T04:45:02.080+0000] {processor.py:186} INFO - Started process (PID=391) to work on /home/airflow/.local/lib/python3.12/site-packages/airflow/example_dags/example_python_decorator.py
[2024-08-22T04:45:02.081+0000] {processor.py:914} INFO - Processing file /home/airflow/.local/lib/python3.12/site-packages/airflow/example_dags/example_python_decorator.py for tasks to queue
[2024-08-22T04:45:02.083+0000] {logging_mixin.py:190} INFO - [2024-08-22T04:45:02.083+0000] {dagbag.py:587} INFO - Filling up the DagBag from /home/airflow/.local/lib/python3.12/site-packages/airflow/example_dags/example_python_decorator.py
[2024-08-22T04:45:02.099+0000] {processor.py:925} INFO - DAG(s) 'example_python_decorator' retrieved from /home/airflow/.local/lib/python3.12/site-packages/airflow/example_dags/example_python_decorator.py
[2024-08-22T04:45:02.126+0000] {logging_mixin.py:190} INFO - [2024-08-22T04:45:02.126+0000] {dag.py:3211} INFO - Sync 1 DAGs
[2024-08-22T04:45:02.142+0000] {logging_mixin.py:190} INFO - [2024-08-22T04:45:02.142+0000] {dag.py:4138} INFO - Setting next_dagrun for example_python_decorator to None, run_after=None
[2024-08-22T04:45:02.169+0000] {processor.py:208} INFO - Processing /home/airflow/.local/lib/python3.12/site-packages/airflow/example_dags/example_python_decorator.py took 0.095 seconds
[2024-08-22T04:45:33.471+0000] {processor.py:186} INFO - Started process (PID=454) to work on /home/airflow/.local/lib/python3.12/site-packages/airflow/example_dags/example_python_decorator.py
[2024-08-22T04:45:33.472+0000] {processor.py:914} INFO - Processing file /home/airflow/.local/lib/python3.12/site-packages/airflow/example_dags/example_python_decorator.py for tasks to queue
[2024-08-22T04:45:33.475+0000] {logging_mixin.py:190} INFO - [2024-08-22T04:45:33.475+0000] {dagbag.py:587} INFO - Filling up the DagBag from /home/airflow/.local/lib/python3.12/site-packages/airflow/example_dags/example_python_decorator.py
[2024-08-22T04:45:33.510+0000] {processor.py:925} INFO - DAG(s) 'example_python_decorator' retrieved from /home/airflow/.local/lib/python3.12/site-packages/airflow/example_dags/example_python_decorator.py
[2024-08-22T04:45:33.558+0000] {logging_mixin.py:190} INFO - [2024-08-22T04:45:33.557+0000] {dag.py:3211} INFO - Sync 1 DAGs
[2024-08-22T04:45:33.586+0000] {logging_mixin.py:190} INFO - [2024-08-22T04:45:33.586+0000] {dag.py:4138} INFO - Setting next_dagrun for example_python_decorator to None, run_after=None
[2024-08-22T04:45:33.616+0000] {processor.py:208} INFO - Processing /home/airflow/.local/lib/python3.12/site-packages/airflow/example_dags/example_python_decorator.py took 0.160 seconds
[2024-08-22T04:46:04.294+0000] {processor.py:186} INFO - Started process (PID=516) to work on /home/airflow/.local/lib/python3.12/site-packages/airflow/example_dags/example_python_decorator.py
[2024-08-22T04:46:04.296+0000] {processor.py:914} INFO - Processing file /home/airflow/.local/lib/python3.12/site-packages/airflow/example_dags/example_python_decorator.py for tasks to queue
[2024-08-22T04:46:04.298+0000] {logging_mixin.py:190} INFO - [2024-08-22T04:46:04.298+0000] {dagbag.py:587} INFO - Filling up the DagBag from /home/airflow/.local/lib/python3.12/site-packages/airflow/example_dags/example_python_decorator.py
[2024-08-22T04:46:04.315+0000] {processor.py:925} INFO - DAG(s) 'example_python_decorator' retrieved from /home/airflow/.local/lib/python3.12/site-packages/airflow/example_dags/example_python_decorator.py
[2024-08-22T04:46:04.342+0000] {logging_mixin.py:190} INFO - [2024-08-22T04:46:04.342+0000] {dag.py:3211} INFO - Sync 1 DAGs
[2024-08-22T04:46:04.360+0000] {logging_mixin.py:190} INFO - [2024-08-22T04:46:04.360+0000] {dag.py:4138} INFO - Setting next_dagrun for example_python_decorator to None, run_after=None
[2024-08-22T04:46:04.386+0000] {processor.py:208} INFO - Processing /home/airflow/.local/lib/python3.12/site-packages/airflow/example_dags/example_python_decorator.py took 0.099 seconds
[2024-08-22T04:46:34.788+0000] {processor.py:186} INFO - Started process (PID=579) to work on /home/airflow/.local/lib/python3.12/site-packages/airflow/example_dags/example_python_decorator.py
[2024-08-22T04:46:34.789+0000] {processor.py:914} INFO - Processing file /home/airflow/.local/lib/python3.12/site-packages/airflow/example_dags/example_python_decorator.py for tasks to queue
[2024-08-22T04:46:34.791+0000] {logging_mixin.py:190} INFO - [2024-08-22T04:46:34.791+0000] {dagbag.py:587} INFO - Filling up the DagBag from /home/airflow/.local/lib/python3.12/site-packages/airflow/example_dags/example_python_decorator.py
[2024-08-22T04:46:34.808+0000] {processor.py:925} INFO - DAG(s) 'example_python_decorator' retrieved from /home/airflow/.local/lib/python3.12/site-packages/airflow/example_dags/example_python_decorator.py
[2024-08-22T04:46:34.832+0000] {logging_mixin.py:190} INFO - [2024-08-22T04:46:34.832+0000] {dag.py:3211} INFO - Sync 1 DAGs
[2024-08-22T04:46:34.849+0000] {logging_mixin.py:190} INFO - [2024-08-22T04:46:34.849+0000] {dag.py:4138} INFO - Setting next_dagrun for example_python_decorator to None, run_after=None
[2024-08-22T04:46:34.873+0000] {processor.py:208} INFO - Processing /home/airflow/.local/lib/python3.12/site-packages/airflow/example_dags/example_python_decorator.py took 0.093 seconds
[2024-08-22T04:47:06.450+0000] {processor.py:186} INFO - Started process (PID=657) to work on /home/airflow/.local/lib/python3.12/site-packages/airflow/example_dags/example_python_decorator.py
[2024-08-22T04:47:06.453+0000] {processor.py:914} INFO - Processing file /home/airflow/.local/lib/python3.12/site-packages/airflow/example_dags/example_python_decorator.py for tasks to queue
[2024-08-22T04:47:06.458+0000] {logging_mixin.py:190} INFO - [2024-08-22T04:47:06.456+0000] {dagbag.py:587} INFO - Filling up the DagBag from /home/airflow/.local/lib/python3.12/site-packages/airflow/example_dags/example_python_decorator.py
[2024-08-22T04:47:06.491+0000] {processor.py:925} INFO - DAG(s) 'example_python_decorator' retrieved from /home/airflow/.local/lib/python3.12/site-packages/airflow/example_dags/example_python_decorator.py
[2024-08-22T04:47:06.526+0000] {logging_mixin.py:190} INFO - [2024-08-22T04:47:06.525+0000] {dag.py:3211} INFO - Sync 1 DAGs
[2024-08-22T04:47:06.544+0000] {logging_mixin.py:190} INFO - [2024-08-22T04:47:06.544+0000] {dag.py:4138} INFO - Setting next_dagrun for example_python_decorator to None, run_after=None
[2024-08-22T04:47:06.592+0000] {processor.py:208} INFO - Processing /home/airflow/.local/lib/python3.12/site-packages/airflow/example_dags/example_python_decorator.py took 0.153 seconds
[2024-08-22T04:47:38.931+0000] {processor.py:186} INFO - Started process (PID=720) to work on /home/airflow/.local/lib/python3.12/site-packages/airflow/example_dags/example_python_decorator.py
[2024-08-22T04:47:38.932+0000] {processor.py:914} INFO - Processing file /home/airflow/.local/lib/python3.12/site-packages/airflow/example_dags/example_python_decorator.py for tasks to queue
[2024-08-22T04:47:38.934+0000] {logging_mixin.py:190} INFO - [2024-08-22T04:47:38.933+0000] {dagbag.py:587} INFO - Filling up the DagBag from /home/airflow/.local/lib/python3.12/site-packages/airflow/example_dags/example_python_decorator.py
[2024-08-22T04:47:38.953+0000] {processor.py:925} INFO - DAG(s) 'example_python_decorator' retrieved from /home/airflow/.local/lib/python3.12/site-packages/airflow/example_dags/example_python_decorator.py
[2024-08-22T04:47:38.981+0000] {logging_mixin.py:190} INFO - [2024-08-22T04:47:38.980+0000] {dag.py:3211} INFO - Sync 1 DAGs
[2024-08-22T04:47:39.000+0000] {logging_mixin.py:190} INFO - [2024-08-22T04:47:39.000+0000] {dag.py:4138} INFO - Setting next_dagrun for example_python_decorator to None, run_after=None
[2024-08-22T04:47:39.026+0000] {processor.py:208} INFO - Processing /home/airflow/.local/lib/python3.12/site-packages/airflow/example_dags/example_python_decorator.py took 0.104 seconds
[2024-08-22T04:48:10.103+0000] {processor.py:186} INFO - Started process (PID=783) to work on /home/airflow/.local/lib/python3.12/site-packages/airflow/example_dags/example_python_decorator.py
[2024-08-22T04:48:10.104+0000] {processor.py:914} INFO - Processing file /home/airflow/.local/lib/python3.12/site-packages/airflow/example_dags/example_python_decorator.py for tasks to queue
[2024-08-22T04:48:10.107+0000] {logging_mixin.py:190} INFO - [2024-08-22T04:48:10.107+0000] {dagbag.py:587} INFO - Filling up the DagBag from /home/airflow/.local/lib/python3.12/site-packages/airflow/example_dags/example_python_decorator.py
[2024-08-22T04:48:10.128+0000] {processor.py:925} INFO - DAG(s) 'example_python_decorator' retrieved from /home/airflow/.local/lib/python3.12/site-packages/airflow/example_dags/example_python_decorator.py
[2024-08-22T04:48:10.155+0000] {logging_mixin.py:190} INFO - [2024-08-22T04:48:10.155+0000] {dag.py:3211} INFO - Sync 1 DAGs
[2024-08-22T04:48:10.173+0000] {logging_mixin.py:190} INFO - [2024-08-22T04:48:10.173+0000] {dag.py:4138} INFO - Setting next_dagrun for example_python_decorator to None, run_after=None
[2024-08-22T04:48:10.200+0000] {processor.py:208} INFO - Processing /home/airflow/.local/lib/python3.12/site-packages/airflow/example_dags/example_python_decorator.py took 0.105 seconds
[2024-08-22T04:48:40.992+0000] {processor.py:186} INFO - Started process (PID=846) to work on /home/airflow/.local/lib/python3.12/site-packages/airflow/example_dags/example_python_decorator.py
[2024-08-22T04:48:40.992+0000] {processor.py:914} INFO - Processing file /home/airflow/.local/lib/python3.12/site-packages/airflow/example_dags/example_python_decorator.py for tasks to queue
[2024-08-22T04:48:40.995+0000] {logging_mixin.py:190} INFO - [2024-08-22T04:48:40.994+0000] {dagbag.py:587} INFO - Filling up the DagBag from /home/airflow/.local/lib/python3.12/site-packages/airflow/example_dags/example_python_decorator.py
[2024-08-22T04:48:41.012+0000] {processor.py:925} INFO - DAG(s) 'example_python_decorator' retrieved from /home/airflow/.local/lib/python3.12/site-packages/airflow/example_dags/example_python_decorator.py
[2024-08-22T04:48:41.041+0000] {logging_mixin.py:190} INFO - [2024-08-22T04:48:41.040+0000] {dag.py:3211} INFO - Sync 1 DAGs
[2024-08-22T04:48:41.058+0000] {logging_mixin.py:190} INFO - [2024-08-22T04:48:41.057+0000] {dag.py:4138} INFO - Setting next_dagrun for example_python_decorator to None, run_after=None
[2024-08-22T04:48:41.110+0000] {processor.py:208} INFO - Processing /home/airflow/.local/lib/python3.12/site-packages/airflow/example_dags/example_python_decorator.py took 0.127 seconds
[2024-08-22T04:49:11.650+0000] {processor.py:186} INFO - Started process (PID=909) to work on /home/airflow/.local/lib/python3.12/site-packages/airflow/example_dags/example_python_decorator.py
[2024-08-22T04:49:11.683+0000] {processor.py:914} INFO - Processing file /home/airflow/.local/lib/python3.12/site-packages/airflow/example_dags/example_python_decorator.py for tasks to queue
[2024-08-22T04:49:11.686+0000] {logging_mixin.py:190} INFO - [2024-08-22T04:49:11.686+0000] {dagbag.py:587} INFO - Filling up the DagBag from /home/airflow/.local/lib/python3.12/site-packages/airflow/example_dags/example_python_decorator.py
[2024-08-22T04:49:11.712+0000] {processor.py:925} INFO - DAG(s) 'example_python_decorator' retrieved from /home/airflow/.local/lib/python3.12/site-packages/airflow/example_dags/example_python_decorator.py
[2024-08-22T04:49:11.738+0000] {logging_mixin.py:190} INFO - [2024-08-22T04:49:11.738+0000] {dag.py:3211} INFO - Sync 1 DAGs
[2024-08-22T04:49:11.757+0000] {logging_mixin.py:190} INFO - [2024-08-22T04:49:11.756+0000] {dag.py:4138} INFO - Setting next_dagrun for example_python_decorator to None, run_after=None
[2024-08-22T04:49:11.793+0000] {processor.py:208} INFO - Processing /home/airflow/.local/lib/python3.12/site-packages/airflow/example_dags/example_python_decorator.py took 0.150 seconds
