[2024-08-22T04:42:29.443+0000] {processor.py:186} INFO - Started process (PID=84) to work on /home/airflow/.local/lib/python3.12/site-packages/airflow/example_dags/example_external_task_marker_dag.py
[2024-08-22T04:42:29.444+0000] {processor.py:914} INFO - Processing file /home/airflow/.local/lib/python3.12/site-packages/airflow/example_dags/example_external_task_marker_dag.py for tasks to queue
[2024-08-22T04:42:29.447+0000] {logging_mixin.py:190} INFO - [2024-08-22T04:42:29.447+0000] {dagbag.py:587} INFO - Filling up the DagBag from /home/airflow/.local/lib/python3.12/site-packages/airflow/example_dags/example_external_task_marker_dag.py
[2024-08-22T04:42:29.460+0000] {processor.py:925} INFO - DAG(s) 'example_external_task_marker_parent', 'example_external_task_marker_child' retrieved from /home/airflow/.local/lib/python3.12/site-packages/airflow/example_dags/example_external_task_marker_dag.py
[2024-08-22T04:42:29.584+0000] {logging_mixin.py:190} INFO - [2024-08-22T04:42:29.584+0000] {override.py:1858} INFO - Created Permission View: can delete on DAG:example_external_task_marker_parent
[2024-08-22T04:42:29.599+0000] {logging_mixin.py:190} INFO - [2024-08-22T04:42:29.598+0000] {override.py:1858} INFO - Created Permission View: can read on DAG:example_external_task_marker_parent
[2024-08-22T04:42:29.608+0000] {logging_mixin.py:190} INFO - [2024-08-22T04:42:29.608+0000] {override.py:1858} INFO - Created Permission View: can edit on DAG:example_external_task_marker_parent
[2024-08-22T04:42:29.626+0000] {logging_mixin.py:190} INFO - [2024-08-22T04:42:29.625+0000] {override.py:1858} INFO - Created Permission View: can delete on DAG:example_external_task_marker_child
[2024-08-22T04:42:29.636+0000] {logging_mixin.py:190} INFO - [2024-08-22T04:42:29.635+0000] {override.py:1858} INFO - Created Permission View: can read on DAG:example_external_task_marker_child
[2024-08-22T04:42:29.647+0000] {logging_mixin.py:190} INFO - [2024-08-22T04:42:29.647+0000] {override.py:1858} INFO - Created Permission View: can edit on DAG:example_external_task_marker_child
[2024-08-22T04:42:29.648+0000] {logging_mixin.py:190} INFO - [2024-08-22T04:42:29.648+0000] {dag.py:3211} INFO - Sync 2 DAGs
[2024-08-22T04:42:29.668+0000] {logging_mixin.py:190} INFO - [2024-08-22T04:42:29.668+0000] {dag.py:3234} INFO - Creating ORM DAG for example_external_task_marker_child
[2024-08-22T04:42:29.670+0000] {logging_mixin.py:190} INFO - [2024-08-22T04:42:29.669+0000] {dag.py:3234} INFO - Creating ORM DAG for example_external_task_marker_parent
[2024-08-22T04:42:29.670+0000] {logging_mixin.py:190} INFO - [2024-08-22T04:42:29.670+0000] {dag.py:4138} INFO - Setting next_dagrun for example_external_task_marker_child to None, run_after=None
[2024-08-22T04:42:29.671+0000] {logging_mixin.py:190} INFO - [2024-08-22T04:42:29.671+0000] {dag.py:4138} INFO - Setting next_dagrun for example_external_task_marker_parent to None, run_after=None
[2024-08-22T04:42:29.699+0000] {processor.py:208} INFO - Processing /home/airflow/.local/lib/python3.12/site-packages/airflow/example_dags/example_external_task_marker_dag.py took 0.262 seconds
[2024-08-22T04:43:00.436+0000] {processor.py:186} INFO - Started process (PID=147) to work on /home/airflow/.local/lib/python3.12/site-packages/airflow/example_dags/example_external_task_marker_dag.py
[2024-08-22T04:43:00.467+0000] {processor.py:914} INFO - Processing file /home/airflow/.local/lib/python3.12/site-packages/airflow/example_dags/example_external_task_marker_dag.py for tasks to queue
[2024-08-22T04:43:00.471+0000] {logging_mixin.py:190} INFO - [2024-08-22T04:43:00.470+0000] {dagbag.py:587} INFO - Filling up the DagBag from /home/airflow/.local/lib/python3.12/site-packages/airflow/example_dags/example_external_task_marker_dag.py
[2024-08-22T04:43:00.480+0000] {processor.py:925} INFO - DAG(s) 'example_external_task_marker_child', 'example_external_task_marker_parent' retrieved from /home/airflow/.local/lib/python3.12/site-packages/airflow/example_dags/example_external_task_marker_dag.py
[2024-08-22T04:43:00.511+0000] {logging_mixin.py:190} INFO - [2024-08-22T04:43:00.511+0000] {dag.py:3211} INFO - Sync 2 DAGs
[2024-08-22T04:43:00.531+0000] {logging_mixin.py:190} INFO - [2024-08-22T04:43:00.530+0000] {dag.py:4138} INFO - Setting next_dagrun for example_external_task_marker_child to None, run_after=None
[2024-08-22T04:43:00.536+0000] {logging_mixin.py:190} INFO - [2024-08-22T04:43:00.536+0000] {dag.py:4138} INFO - Setting next_dagrun for example_external_task_marker_parent to None, run_after=None
[2024-08-22T04:43:00.558+0000] {processor.py:208} INFO - Processing /home/airflow/.local/lib/python3.12/site-packages/airflow/example_dags/example_external_task_marker_dag.py took 0.129 seconds
[2024-08-22T04:43:30.623+0000] {processor.py:186} INFO - Started process (PID=210) to work on /home/airflow/.local/lib/python3.12/site-packages/airflow/example_dags/example_external_task_marker_dag.py
[2024-08-22T04:43:30.652+0000] {processor.py:914} INFO - Processing file /home/airflow/.local/lib/python3.12/site-packages/airflow/example_dags/example_external_task_marker_dag.py for tasks to queue
[2024-08-22T04:43:30.657+0000] {logging_mixin.py:190} INFO - [2024-08-22T04:43:30.655+0000] {dagbag.py:587} INFO - Filling up the DagBag from /home/airflow/.local/lib/python3.12/site-packages/airflow/example_dags/example_external_task_marker_dag.py
[2024-08-22T04:43:30.667+0000] {processor.py:925} INFO - DAG(s) 'example_external_task_marker_parent', 'example_external_task_marker_child' retrieved from /home/airflow/.local/lib/python3.12/site-packages/airflow/example_dags/example_external_task_marker_dag.py
[2024-08-22T04:43:30.700+0000] {logging_mixin.py:190} INFO - [2024-08-22T04:43:30.699+0000] {dag.py:3211} INFO - Sync 2 DAGs
[2024-08-22T04:43:30.718+0000] {logging_mixin.py:190} INFO - [2024-08-22T04:43:30.718+0000] {dag.py:4138} INFO - Setting next_dagrun for example_external_task_marker_child to None, run_after=None
[2024-08-22T04:43:30.723+0000] {logging_mixin.py:190} INFO - [2024-08-22T04:43:30.722+0000] {dag.py:4138} INFO - Setting next_dagrun for example_external_task_marker_parent to None, run_after=None
[2024-08-22T04:43:30.786+0000] {processor.py:208} INFO - Processing /home/airflow/.local/lib/python3.12/site-packages/airflow/example_dags/example_external_task_marker_dag.py took 0.170 seconds
[2024-08-22T04:44:01.105+0000] {processor.py:186} INFO - Started process (PID=272) to work on /home/airflow/.local/lib/python3.12/site-packages/airflow/example_dags/example_external_task_marker_dag.py
[2024-08-22T04:44:01.106+0000] {processor.py:914} INFO - Processing file /home/airflow/.local/lib/python3.12/site-packages/airflow/example_dags/example_external_task_marker_dag.py for tasks to queue
[2024-08-22T04:44:01.109+0000] {logging_mixin.py:190} INFO - [2024-08-22T04:44:01.108+0000] {dagbag.py:587} INFO - Filling up the DagBag from /home/airflow/.local/lib/python3.12/site-packages/airflow/example_dags/example_external_task_marker_dag.py
[2024-08-22T04:44:01.118+0000] {processor.py:925} INFO - DAG(s) 'example_external_task_marker_child', 'example_external_task_marker_parent' retrieved from /home/airflow/.local/lib/python3.12/site-packages/airflow/example_dags/example_external_task_marker_dag.py
[2024-08-22T04:44:01.149+0000] {logging_mixin.py:190} INFO - [2024-08-22T04:44:01.148+0000] {dag.py:3211} INFO - Sync 2 DAGs
[2024-08-22T04:44:01.169+0000] {logging_mixin.py:190} INFO - [2024-08-22T04:44:01.169+0000] {dag.py:4138} INFO - Setting next_dagrun for example_external_task_marker_child to None, run_after=None
[2024-08-22T04:44:01.175+0000] {logging_mixin.py:190} INFO - [2024-08-22T04:44:01.175+0000] {dag.py:4138} INFO - Setting next_dagrun for example_external_task_marker_parent to None, run_after=None
[2024-08-22T04:44:01.256+0000] {processor.py:208} INFO - Processing /home/airflow/.local/lib/python3.12/site-packages/airflow/example_dags/example_external_task_marker_dag.py took 0.158 seconds
[2024-08-22T04:44:31.617+0000] {processor.py:186} INFO - Started process (PID=335) to work on /home/airflow/.local/lib/python3.12/site-packages/airflow/example_dags/example_external_task_marker_dag.py
[2024-08-22T04:44:31.618+0000] {processor.py:914} INFO - Processing file /home/airflow/.local/lib/python3.12/site-packages/airflow/example_dags/example_external_task_marker_dag.py for tasks to queue
[2024-08-22T04:44:31.620+0000] {logging_mixin.py:190} INFO - [2024-08-22T04:44:31.620+0000] {dagbag.py:587} INFO - Filling up the DagBag from /home/airflow/.local/lib/python3.12/site-packages/airflow/example_dags/example_external_task_marker_dag.py
[2024-08-22T04:44:31.629+0000] {processor.py:925} INFO - DAG(s) 'example_external_task_marker_child', 'example_external_task_marker_parent' retrieved from /home/airflow/.local/lib/python3.12/site-packages/airflow/example_dags/example_external_task_marker_dag.py
[2024-08-22T04:44:31.660+0000] {logging_mixin.py:190} INFO - [2024-08-22T04:44:31.660+0000] {dag.py:3211} INFO - Sync 2 DAGs
[2024-08-22T04:44:31.679+0000] {logging_mixin.py:190} INFO - [2024-08-22T04:44:31.679+0000] {dag.py:4138} INFO - Setting next_dagrun for example_external_task_marker_child to None, run_after=None
[2024-08-22T04:44:31.684+0000] {logging_mixin.py:190} INFO - [2024-08-22T04:44:31.684+0000] {dag.py:4138} INFO - Setting next_dagrun for example_external_task_marker_parent to None, run_after=None
[2024-08-22T04:44:31.734+0000] {processor.py:208} INFO - Processing /home/airflow/.local/lib/python3.12/site-packages/airflow/example_dags/example_external_task_marker_dag.py took 0.124 seconds
[2024-08-22T04:45:02.599+0000] {processor.py:186} INFO - Started process (PID=398) to work on /home/airflow/.local/lib/python3.12/site-packages/airflow/example_dags/example_external_task_marker_dag.py
[2024-08-22T04:45:02.600+0000] {processor.py:914} INFO - Processing file /home/airflow/.local/lib/python3.12/site-packages/airflow/example_dags/example_external_task_marker_dag.py for tasks to queue
[2024-08-22T04:45:02.603+0000] {logging_mixin.py:190} INFO - [2024-08-22T04:45:02.602+0000] {dagbag.py:587} INFO - Filling up the DagBag from /home/airflow/.local/lib/python3.12/site-packages/airflow/example_dags/example_external_task_marker_dag.py
[2024-08-22T04:45:02.610+0000] {processor.py:925} INFO - DAG(s) 'example_external_task_marker_child', 'example_external_task_marker_parent' retrieved from /home/airflow/.local/lib/python3.12/site-packages/airflow/example_dags/example_external_task_marker_dag.py
[2024-08-22T04:45:02.637+0000] {logging_mixin.py:190} INFO - [2024-08-22T04:45:02.637+0000] {dag.py:3211} INFO - Sync 2 DAGs
[2024-08-22T04:45:02.655+0000] {logging_mixin.py:190} INFO - [2024-08-22T04:45:02.655+0000] {dag.py:4138} INFO - Setting next_dagrun for example_external_task_marker_child to None, run_after=None
[2024-08-22T04:45:02.659+0000] {logging_mixin.py:190} INFO - [2024-08-22T04:45:02.659+0000] {dag.py:4138} INFO - Setting next_dagrun for example_external_task_marker_parent to None, run_after=None
[2024-08-22T04:45:02.682+0000] {processor.py:208} INFO - Processing /home/airflow/.local/lib/python3.12/site-packages/airflow/example_dags/example_external_task_marker_dag.py took 0.089 seconds
[2024-08-22T04:45:34.489+0000] {processor.py:186} INFO - Started process (PID=461) to work on /home/airflow/.local/lib/python3.12/site-packages/airflow/example_dags/example_external_task_marker_dag.py
[2024-08-22T04:45:34.489+0000] {processor.py:914} INFO - Processing file /home/airflow/.local/lib/python3.12/site-packages/airflow/example_dags/example_external_task_marker_dag.py for tasks to queue
[2024-08-22T04:45:34.495+0000] {logging_mixin.py:190} INFO - [2024-08-22T04:45:34.494+0000] {dagbag.py:587} INFO - Filling up the DagBag from /home/airflow/.local/lib/python3.12/site-packages/airflow/example_dags/example_external_task_marker_dag.py
[2024-08-22T04:45:34.510+0000] {processor.py:925} INFO - DAG(s) 'example_external_task_marker_parent', 'example_external_task_marker_child' retrieved from /home/airflow/.local/lib/python3.12/site-packages/airflow/example_dags/example_external_task_marker_dag.py
[2024-08-22T04:45:34.571+0000] {logging_mixin.py:190} INFO - [2024-08-22T04:45:34.571+0000] {dag.py:3211} INFO - Sync 2 DAGs
[2024-08-22T04:45:34.617+0000] {logging_mixin.py:190} INFO - [2024-08-22T04:45:34.617+0000] {dag.py:4138} INFO - Setting next_dagrun for example_external_task_marker_child to None, run_after=None
[2024-08-22T04:45:34.634+0000] {logging_mixin.py:190} INFO - [2024-08-22T04:45:34.633+0000] {dag.py:4138} INFO - Setting next_dagrun for example_external_task_marker_parent to None, run_after=None
[2024-08-22T04:45:34.750+0000] {processor.py:208} INFO - Processing /home/airflow/.local/lib/python3.12/site-packages/airflow/example_dags/example_external_task_marker_dag.py took 0.270 seconds
[2024-08-22T04:46:04.810+0000] {processor.py:186} INFO - Started process (PID=523) to work on /home/airflow/.local/lib/python3.12/site-packages/airflow/example_dags/example_external_task_marker_dag.py
[2024-08-22T04:46:04.811+0000] {processor.py:914} INFO - Processing file /home/airflow/.local/lib/python3.12/site-packages/airflow/example_dags/example_external_task_marker_dag.py for tasks to queue
[2024-08-22T04:46:04.814+0000] {logging_mixin.py:190} INFO - [2024-08-22T04:46:04.813+0000] {dagbag.py:587} INFO - Filling up the DagBag from /home/airflow/.local/lib/python3.12/site-packages/airflow/example_dags/example_external_task_marker_dag.py
[2024-08-22T04:46:04.821+0000] {processor.py:925} INFO - DAG(s) 'example_external_task_marker_child', 'example_external_task_marker_parent' retrieved from /home/airflow/.local/lib/python3.12/site-packages/airflow/example_dags/example_external_task_marker_dag.py
[2024-08-22T04:46:04.848+0000] {logging_mixin.py:190} INFO - [2024-08-22T04:46:04.848+0000] {dag.py:3211} INFO - Sync 2 DAGs
[2024-08-22T04:46:04.866+0000] {logging_mixin.py:190} INFO - [2024-08-22T04:46:04.866+0000] {dag.py:4138} INFO - Setting next_dagrun for example_external_task_marker_child to None, run_after=None
[2024-08-22T04:46:04.871+0000] {logging_mixin.py:190} INFO - [2024-08-22T04:46:04.870+0000] {dag.py:4138} INFO - Setting next_dagrun for example_external_task_marker_parent to None, run_after=None
[2024-08-22T04:46:04.897+0000] {processor.py:208} INFO - Processing /home/airflow/.local/lib/python3.12/site-packages/airflow/example_dags/example_external_task_marker_dag.py took 0.093 seconds
[2024-08-22T04:46:35.265+0000] {processor.py:186} INFO - Started process (PID=586) to work on /home/airflow/.local/lib/python3.12/site-packages/airflow/example_dags/example_external_task_marker_dag.py
[2024-08-22T04:46:35.266+0000] {processor.py:914} INFO - Processing file /home/airflow/.local/lib/python3.12/site-packages/airflow/example_dags/example_external_task_marker_dag.py for tasks to queue
[2024-08-22T04:46:35.268+0000] {logging_mixin.py:190} INFO - [2024-08-22T04:46:35.268+0000] {dagbag.py:587} INFO - Filling up the DagBag from /home/airflow/.local/lib/python3.12/site-packages/airflow/example_dags/example_external_task_marker_dag.py
[2024-08-22T04:46:35.276+0000] {processor.py:925} INFO - DAG(s) 'example_external_task_marker_child', 'example_external_task_marker_parent' retrieved from /home/airflow/.local/lib/python3.12/site-packages/airflow/example_dags/example_external_task_marker_dag.py
[2024-08-22T04:46:35.306+0000] {logging_mixin.py:190} INFO - [2024-08-22T04:46:35.306+0000] {dag.py:3211} INFO - Sync 2 DAGs
[2024-08-22T04:46:35.326+0000] {logging_mixin.py:190} INFO - [2024-08-22T04:46:35.326+0000] {dag.py:4138} INFO - Setting next_dagrun for example_external_task_marker_child to None, run_after=None
[2024-08-22T04:46:35.330+0000] {logging_mixin.py:190} INFO - [2024-08-22T04:46:35.330+0000] {dag.py:4138} INFO - Setting next_dagrun for example_external_task_marker_parent to None, run_after=None
[2024-08-22T04:46:35.354+0000] {processor.py:208} INFO - Processing /home/airflow/.local/lib/python3.12/site-packages/airflow/example_dags/example_external_task_marker_dag.py took 0.095 seconds
[2024-08-22T04:47:07.247+0000] {processor.py:186} INFO - Started process (PID=664) to work on /home/airflow/.local/lib/python3.12/site-packages/airflow/example_dags/example_external_task_marker_dag.py
[2024-08-22T04:47:07.265+0000] {processor.py:914} INFO - Processing file /home/airflow/.local/lib/python3.12/site-packages/airflow/example_dags/example_external_task_marker_dag.py for tasks to queue
[2024-08-22T04:47:07.269+0000] {logging_mixin.py:190} INFO - [2024-08-22T04:47:07.268+0000] {dagbag.py:587} INFO - Filling up the DagBag from /home/airflow/.local/lib/python3.12/site-packages/airflow/example_dags/example_external_task_marker_dag.py
[2024-08-22T04:47:07.279+0000] {processor.py:925} INFO - DAG(s) 'example_external_task_marker_parent', 'example_external_task_marker_child' retrieved from /home/airflow/.local/lib/python3.12/site-packages/airflow/example_dags/example_external_task_marker_dag.py
[2024-08-22T04:47:07.316+0000] {logging_mixin.py:190} INFO - [2024-08-22T04:47:07.316+0000] {dag.py:3211} INFO - Sync 2 DAGs
[2024-08-22T04:47:07.336+0000] {logging_mixin.py:190} INFO - [2024-08-22T04:47:07.335+0000] {dag.py:4138} INFO - Setting next_dagrun for example_external_task_marker_child to None, run_after=None
[2024-08-22T04:47:07.340+0000] {logging_mixin.py:190} INFO - [2024-08-22T04:47:07.340+0000] {dag.py:4138} INFO - Setting next_dagrun for example_external_task_marker_parent to None, run_after=None
[2024-08-22T04:47:07.368+0000] {processor.py:208} INFO - Processing /home/airflow/.local/lib/python3.12/site-packages/airflow/example_dags/example_external_task_marker_dag.py took 0.129 seconds
[2024-08-22T04:47:39.532+0000] {processor.py:186} INFO - Started process (PID=727) to work on /home/airflow/.local/lib/python3.12/site-packages/airflow/example_dags/example_external_task_marker_dag.py
[2024-08-22T04:47:39.532+0000] {processor.py:914} INFO - Processing file /home/airflow/.local/lib/python3.12/site-packages/airflow/example_dags/example_external_task_marker_dag.py for tasks to queue
[2024-08-22T04:47:39.535+0000] {logging_mixin.py:190} INFO - [2024-08-22T04:47:39.534+0000] {dagbag.py:587} INFO - Filling up the DagBag from /home/airflow/.local/lib/python3.12/site-packages/airflow/example_dags/example_external_task_marker_dag.py
[2024-08-22T04:47:39.543+0000] {processor.py:925} INFO - DAG(s) 'example_external_task_marker_child', 'example_external_task_marker_parent' retrieved from /home/airflow/.local/lib/python3.12/site-packages/airflow/example_dags/example_external_task_marker_dag.py
[2024-08-22T04:47:39.573+0000] {logging_mixin.py:190} INFO - [2024-08-22T04:47:39.573+0000] {dag.py:3211} INFO - Sync 2 DAGs
[2024-08-22T04:47:39.597+0000] {logging_mixin.py:190} INFO - [2024-08-22T04:47:39.597+0000] {dag.py:4138} INFO - Setting next_dagrun for example_external_task_marker_child to None, run_after=None
[2024-08-22T04:47:39.601+0000] {logging_mixin.py:190} INFO - [2024-08-22T04:47:39.601+0000] {dag.py:4138} INFO - Setting next_dagrun for example_external_task_marker_parent to None, run_after=None
[2024-08-22T04:47:39.649+0000] {processor.py:208} INFO - Processing /home/airflow/.local/lib/python3.12/site-packages/airflow/example_dags/example_external_task_marker_dag.py took 0.124 seconds
[2024-08-22T04:48:10.592+0000] {processor.py:186} INFO - Started process (PID=790) to work on /home/airflow/.local/lib/python3.12/site-packages/airflow/example_dags/example_external_task_marker_dag.py
[2024-08-22T04:48:10.593+0000] {processor.py:914} INFO - Processing file /home/airflow/.local/lib/python3.12/site-packages/airflow/example_dags/example_external_task_marker_dag.py for tasks to queue
[2024-08-22T04:48:10.596+0000] {logging_mixin.py:190} INFO - [2024-08-22T04:48:10.596+0000] {dagbag.py:587} INFO - Filling up the DagBag from /home/airflow/.local/lib/python3.12/site-packages/airflow/example_dags/example_external_task_marker_dag.py
[2024-08-22T04:48:10.604+0000] {processor.py:925} INFO - DAG(s) 'example_external_task_marker_child', 'example_external_task_marker_parent' retrieved from /home/airflow/.local/lib/python3.12/site-packages/airflow/example_dags/example_external_task_marker_dag.py
[2024-08-22T04:48:10.633+0000] {logging_mixin.py:190} INFO - [2024-08-22T04:48:10.633+0000] {dag.py:3211} INFO - Sync 2 DAGs
[2024-08-22T04:48:10.653+0000] {logging_mixin.py:190} INFO - [2024-08-22T04:48:10.653+0000] {dag.py:4138} INFO - Setting next_dagrun for example_external_task_marker_child to None, run_after=None
[2024-08-22T04:48:10.659+0000] {logging_mixin.py:190} INFO - [2024-08-22T04:48:10.659+0000] {dag.py:4138} INFO - Setting next_dagrun for example_external_task_marker_parent to None, run_after=None
[2024-08-22T04:48:10.685+0000] {processor.py:208} INFO - Processing /home/airflow/.local/lib/python3.12/site-packages/airflow/example_dags/example_external_task_marker_dag.py took 0.098 seconds
[2024-08-22T04:48:41.806+0000] {processor.py:186} INFO - Started process (PID=853) to work on /home/airflow/.local/lib/python3.12/site-packages/airflow/example_dags/example_external_task_marker_dag.py
[2024-08-22T04:48:41.807+0000] {processor.py:914} INFO - Processing file /home/airflow/.local/lib/python3.12/site-packages/airflow/example_dags/example_external_task_marker_dag.py for tasks to queue
[2024-08-22T04:48:41.811+0000] {logging_mixin.py:190} INFO - [2024-08-22T04:48:41.810+0000] {dagbag.py:587} INFO - Filling up the DagBag from /home/airflow/.local/lib/python3.12/site-packages/airflow/example_dags/example_external_task_marker_dag.py
[2024-08-22T04:48:41.820+0000] {processor.py:925} INFO - DAG(s) 'example_external_task_marker_child', 'example_external_task_marker_parent' retrieved from /home/airflow/.local/lib/python3.12/site-packages/airflow/example_dags/example_external_task_marker_dag.py
[2024-08-22T04:48:41.851+0000] {logging_mixin.py:190} INFO - [2024-08-22T04:48:41.851+0000] {dag.py:3211} INFO - Sync 2 DAGs
[2024-08-22T04:48:41.870+0000] {logging_mixin.py:190} INFO - [2024-08-22T04:48:41.870+0000] {dag.py:4138} INFO - Setting next_dagrun for example_external_task_marker_child to None, run_after=None
[2024-08-22T04:48:41.875+0000] {logging_mixin.py:190} INFO - [2024-08-22T04:48:41.875+0000] {dag.py:4138} INFO - Setting next_dagrun for example_external_task_marker_parent to None, run_after=None
[2024-08-22T04:48:41.921+0000] {processor.py:208} INFO - Processing /home/airflow/.local/lib/python3.12/site-packages/airflow/example_dags/example_external_task_marker_dag.py took 0.124 seconds
[2024-08-22T04:49:12.305+0000] {processor.py:186} INFO - Started process (PID=916) to work on /home/airflow/.local/lib/python3.12/site-packages/airflow/example_dags/example_external_task_marker_dag.py
[2024-08-22T04:49:12.306+0000] {processor.py:914} INFO - Processing file /home/airflow/.local/lib/python3.12/site-packages/airflow/example_dags/example_external_task_marker_dag.py for tasks to queue
[2024-08-22T04:49:12.309+0000] {logging_mixin.py:190} INFO - [2024-08-22T04:49:12.308+0000] {dagbag.py:587} INFO - Filling up the DagBag from /home/airflow/.local/lib/python3.12/site-packages/airflow/example_dags/example_external_task_marker_dag.py
[2024-08-22T04:49:12.316+0000] {processor.py:925} INFO - DAG(s) 'example_external_task_marker_child', 'example_external_task_marker_parent' retrieved from /home/airflow/.local/lib/python3.12/site-packages/airflow/example_dags/example_external_task_marker_dag.py
[2024-08-22T04:49:12.342+0000] {logging_mixin.py:190} INFO - [2024-08-22T04:49:12.342+0000] {dag.py:3211} INFO - Sync 2 DAGs
[2024-08-22T04:49:12.359+0000] {logging_mixin.py:190} INFO - [2024-08-22T04:49:12.359+0000] {dag.py:4138} INFO - Setting next_dagrun for example_external_task_marker_child to None, run_after=None
[2024-08-22T04:49:12.364+0000] {logging_mixin.py:190} INFO - [2024-08-22T04:49:12.363+0000] {dag.py:4138} INFO - Setting next_dagrun for example_external_task_marker_parent to None, run_after=None
[2024-08-22T04:49:12.390+0000] {processor.py:208} INFO - Processing /home/airflow/.local/lib/python3.12/site-packages/airflow/example_dags/example_external_task_marker_dag.py took 0.091 seconds
