[2024-08-22T04:42:21.815+0000] {processor.py:186} INFO - Started process (PID=41) to work on /home/airflow/.local/lib/python3.12/site-packages/airflow/example_dags/example_display_name.py
[2024-08-22T04:42:21.815+0000] {processor.py:914} INFO - Processing file /home/airflow/.local/lib/python3.12/site-packages/airflow/example_dags/example_display_name.py for tasks to queue
[2024-08-22T04:42:21.817+0000] {logging_mixin.py:190} INFO - [2024-08-22T04:42:21.817+0000] {dagbag.py:587} INFO - Filling up the DagBag from /home/airflow/.local/lib/python3.12/site-packages/airflow/example_dags/example_display_name.py
[2024-08-22T04:42:21.827+0000] {processor.py:925} INFO - DAG(s) 'example_display_name' retrieved from /home/airflow/.local/lib/python3.12/site-packages/airflow/example_dags/example_display_name.py
[2024-08-22T04:42:21.965+0000] {logging_mixin.py:190} INFO - [2024-08-22T04:42:21.964+0000] {override.py:1858} INFO - Created Permission View: can delete on DAG:example_display_name
[2024-08-22T04:42:21.978+0000] {logging_mixin.py:190} INFO - [2024-08-22T04:42:21.978+0000] {override.py:1858} INFO - Created Permission View: can read on DAG:example_display_name
[2024-08-22T04:42:21.988+0000] {logging_mixin.py:190} INFO - [2024-08-22T04:42:21.987+0000] {override.py:1858} INFO - Created Permission View: can edit on DAG:example_display_name
[2024-08-22T04:42:21.988+0000] {logging_mixin.py:190} INFO - [2024-08-22T04:42:21.988+0000] {dag.py:3211} INFO - Sync 1 DAGs
[2024-08-22T04:42:22.003+0000] {logging_mixin.py:190} INFO - [2024-08-22T04:42:22.003+0000] {dag.py:3234} INFO - Creating ORM DAG for example_display_name
[2024-08-22T04:42:22.004+0000] {logging_mixin.py:190} INFO - [2024-08-22T04:42:22.004+0000] {dag.py:4138} INFO - Setting next_dagrun for example_display_name to None, run_after=None
[2024-08-22T04:42:22.023+0000] {processor.py:208} INFO - Processing /home/airflow/.local/lib/python3.12/site-packages/airflow/example_dags/example_display_name.py took 0.215 seconds
[2024-08-22T04:42:52.823+0000] {processor.py:186} INFO - Started process (PID=104) to work on /home/airflow/.local/lib/python3.12/site-packages/airflow/example_dags/example_display_name.py
[2024-08-22T04:42:52.856+0000] {processor.py:914} INFO - Processing file /home/airflow/.local/lib/python3.12/site-packages/airflow/example_dags/example_display_name.py for tasks to queue
[2024-08-22T04:42:52.860+0000] {logging_mixin.py:190} INFO - [2024-08-22T04:42:52.859+0000] {dagbag.py:587} INFO - Filling up the DagBag from /home/airflow/.local/lib/python3.12/site-packages/airflow/example_dags/example_display_name.py
[2024-08-22T04:42:52.873+0000] {processor.py:925} INFO - DAG(s) 'example_display_name' retrieved from /home/airflow/.local/lib/python3.12/site-packages/airflow/example_dags/example_display_name.py
[2024-08-22T04:42:52.897+0000] {logging_mixin.py:190} INFO - [2024-08-22T04:42:52.897+0000] {dag.py:3211} INFO - Sync 1 DAGs
[2024-08-22T04:42:52.916+0000] {logging_mixin.py:190} INFO - [2024-08-22T04:42:52.916+0000] {dag.py:4138} INFO - Setting next_dagrun for example_display_name to None, run_after=None
[2024-08-22T04:42:52.941+0000] {processor.py:208} INFO - Processing /home/airflow/.local/lib/python3.12/site-packages/airflow/example_dags/example_display_name.py took 0.128 seconds
[2024-08-22T04:43:23.784+0000] {processor.py:186} INFO - Started process (PID=167) to work on /home/airflow/.local/lib/python3.12/site-packages/airflow/example_dags/example_display_name.py
[2024-08-22T04:43:23.826+0000] {processor.py:914} INFO - Processing file /home/airflow/.local/lib/python3.12/site-packages/airflow/example_dags/example_display_name.py for tasks to queue
[2024-08-22T04:43:23.830+0000] {logging_mixin.py:190} INFO - [2024-08-22T04:43:23.829+0000] {dagbag.py:587} INFO - Filling up the DagBag from /home/airflow/.local/lib/python3.12/site-packages/airflow/example_dags/example_display_name.py
[2024-08-22T04:43:23.842+0000] {processor.py:925} INFO - DAG(s) 'example_display_name' retrieved from /home/airflow/.local/lib/python3.12/site-packages/airflow/example_dags/example_display_name.py
[2024-08-22T04:43:23.868+0000] {logging_mixin.py:190} INFO - [2024-08-22T04:43:23.867+0000] {dag.py:3211} INFO - Sync 1 DAGs
[2024-08-22T04:43:23.883+0000] {logging_mixin.py:190} INFO - [2024-08-22T04:43:23.883+0000] {dag.py:4138} INFO - Setting next_dagrun for example_display_name to None, run_after=None
[2024-08-22T04:43:23.907+0000] {processor.py:208} INFO - Processing /home/airflow/.local/lib/python3.12/site-packages/airflow/example_dags/example_display_name.py took 0.133 seconds
[2024-08-22T04:43:54.229+0000] {processor.py:186} INFO - Started process (PID=229) to work on /home/airflow/.local/lib/python3.12/site-packages/airflow/example_dags/example_display_name.py
[2024-08-22T04:43:54.230+0000] {processor.py:914} INFO - Processing file /home/airflow/.local/lib/python3.12/site-packages/airflow/example_dags/example_display_name.py for tasks to queue
[2024-08-22T04:43:54.233+0000] {logging_mixin.py:190} INFO - [2024-08-22T04:43:54.232+0000] {dagbag.py:587} INFO - Filling up the DagBag from /home/airflow/.local/lib/python3.12/site-packages/airflow/example_dags/example_display_name.py
[2024-08-22T04:43:54.242+0000] {processor.py:925} INFO - DAG(s) 'example_display_name' retrieved from /home/airflow/.local/lib/python3.12/site-packages/airflow/example_dags/example_display_name.py
[2024-08-22T04:43:54.270+0000] {logging_mixin.py:190} INFO - [2024-08-22T04:43:54.270+0000] {dag.py:3211} INFO - Sync 1 DAGs
[2024-08-22T04:43:54.290+0000] {logging_mixin.py:190} INFO - [2024-08-22T04:43:54.290+0000] {dag.py:4138} INFO - Setting next_dagrun for example_display_name to None, run_after=None
[2024-08-22T04:43:54.317+0000] {processor.py:208} INFO - Processing /home/airflow/.local/lib/python3.12/site-packages/airflow/example_dags/example_display_name.py took 0.094 seconds
[2024-08-22T04:44:25.288+0000] {processor.py:186} INFO - Started process (PID=292) to work on /home/airflow/.local/lib/python3.12/site-packages/airflow/example_dags/example_display_name.py
[2024-08-22T04:44:25.289+0000] {processor.py:914} INFO - Processing file /home/airflow/.local/lib/python3.12/site-packages/airflow/example_dags/example_display_name.py for tasks to queue
[2024-08-22T04:44:25.291+0000] {logging_mixin.py:190} INFO - [2024-08-22T04:44:25.291+0000] {dagbag.py:587} INFO - Filling up the DagBag from /home/airflow/.local/lib/python3.12/site-packages/airflow/example_dags/example_display_name.py
[2024-08-22T04:44:25.298+0000] {processor.py:925} INFO - DAG(s) 'example_display_name' retrieved from /home/airflow/.local/lib/python3.12/site-packages/airflow/example_dags/example_display_name.py
[2024-08-22T04:44:25.321+0000] {logging_mixin.py:190} INFO - [2024-08-22T04:44:25.320+0000] {dag.py:3211} INFO - Sync 1 DAGs
[2024-08-22T04:44:25.337+0000] {logging_mixin.py:190} INFO - [2024-08-22T04:44:25.336+0000] {dag.py:4138} INFO - Setting next_dagrun for example_display_name to None, run_after=None
[2024-08-22T04:44:25.430+0000] {processor.py:208} INFO - Processing /home/airflow/.local/lib/python3.12/site-packages/airflow/example_dags/example_display_name.py took 0.148 seconds
[2024-08-22T04:44:55.905+0000] {processor.py:186} INFO - Started process (PID=355) to work on /home/airflow/.local/lib/python3.12/site-packages/airflow/example_dags/example_display_name.py
[2024-08-22T04:44:55.906+0000] {processor.py:914} INFO - Processing file /home/airflow/.local/lib/python3.12/site-packages/airflow/example_dags/example_display_name.py for tasks to queue
[2024-08-22T04:44:55.908+0000] {logging_mixin.py:190} INFO - [2024-08-22T04:44:55.907+0000] {dagbag.py:587} INFO - Filling up the DagBag from /home/airflow/.local/lib/python3.12/site-packages/airflow/example_dags/example_display_name.py
[2024-08-22T04:44:55.916+0000] {processor.py:925} INFO - DAG(s) 'example_display_name' retrieved from /home/airflow/.local/lib/python3.12/site-packages/airflow/example_dags/example_display_name.py
[2024-08-22T04:44:55.939+0000] {logging_mixin.py:190} INFO - [2024-08-22T04:44:55.939+0000] {dag.py:3211} INFO - Sync 1 DAGs
[2024-08-22T04:44:55.959+0000] {logging_mixin.py:190} INFO - [2024-08-22T04:44:55.959+0000] {dag.py:4138} INFO - Setting next_dagrun for example_display_name to None, run_after=None
[2024-08-22T04:44:55.987+0000] {processor.py:208} INFO - Processing /home/airflow/.local/lib/python3.12/site-packages/airflow/example_dags/example_display_name.py took 0.089 seconds
[2024-08-22T04:45:26.644+0000] {processor.py:186} INFO - Started process (PID=418) to work on /home/airflow/.local/lib/python3.12/site-packages/airflow/example_dags/example_display_name.py
[2024-08-22T04:45:26.645+0000] {processor.py:914} INFO - Processing file /home/airflow/.local/lib/python3.12/site-packages/airflow/example_dags/example_display_name.py for tasks to queue
[2024-08-22T04:45:26.648+0000] {logging_mixin.py:190} INFO - [2024-08-22T04:45:26.647+0000] {dagbag.py:587} INFO - Filling up the DagBag from /home/airflow/.local/lib/python3.12/site-packages/airflow/example_dags/example_display_name.py
[2024-08-22T04:45:26.656+0000] {processor.py:925} INFO - DAG(s) 'example_display_name' retrieved from /home/airflow/.local/lib/python3.12/site-packages/airflow/example_dags/example_display_name.py
[2024-08-22T04:45:26.678+0000] {logging_mixin.py:190} INFO - [2024-08-22T04:45:26.678+0000] {dag.py:3211} INFO - Sync 1 DAGs
[2024-08-22T04:45:26.697+0000] {logging_mixin.py:190} INFO - [2024-08-22T04:45:26.697+0000] {dag.py:4138} INFO - Setting next_dagrun for example_display_name to None, run_after=None
[2024-08-22T04:45:26.721+0000] {processor.py:208} INFO - Processing /home/airflow/.local/lib/python3.12/site-packages/airflow/example_dags/example_display_name.py took 0.084 seconds
[2024-08-22T04:45:57.364+0000] {processor.py:186} INFO - Started process (PID=480) to work on /home/airflow/.local/lib/python3.12/site-packages/airflow/example_dags/example_display_name.py
[2024-08-22T04:45:57.365+0000] {processor.py:914} INFO - Processing file /home/airflow/.local/lib/python3.12/site-packages/airflow/example_dags/example_display_name.py for tasks to queue
[2024-08-22T04:45:57.367+0000] {logging_mixin.py:190} INFO - [2024-08-22T04:45:57.366+0000] {dagbag.py:587} INFO - Filling up the DagBag from /home/airflow/.local/lib/python3.12/site-packages/airflow/example_dags/example_display_name.py
[2024-08-22T04:45:57.376+0000] {processor.py:925} INFO - DAG(s) 'example_display_name' retrieved from /home/airflow/.local/lib/python3.12/site-packages/airflow/example_dags/example_display_name.py
[2024-08-22T04:45:57.401+0000] {logging_mixin.py:190} INFO - [2024-08-22T04:45:57.401+0000] {dag.py:3211} INFO - Sync 1 DAGs
[2024-08-22T04:45:57.422+0000] {logging_mixin.py:190} INFO - [2024-08-22T04:45:57.422+0000] {dag.py:4138} INFO - Setting next_dagrun for example_display_name to None, run_after=None
[2024-08-22T04:45:57.449+0000] {processor.py:208} INFO - Processing /home/airflow/.local/lib/python3.12/site-packages/airflow/example_dags/example_display_name.py took 0.092 seconds
[2024-08-22T04:46:28.101+0000] {processor.py:186} INFO - Started process (PID=543) to work on /home/airflow/.local/lib/python3.12/site-packages/airflow/example_dags/example_display_name.py
[2024-08-22T04:46:28.102+0000] {processor.py:914} INFO - Processing file /home/airflow/.local/lib/python3.12/site-packages/airflow/example_dags/example_display_name.py for tasks to queue
[2024-08-22T04:46:28.105+0000] {logging_mixin.py:190} INFO - [2024-08-22T04:46:28.104+0000] {dagbag.py:587} INFO - Filling up the DagBag from /home/airflow/.local/lib/python3.12/site-packages/airflow/example_dags/example_display_name.py
[2024-08-22T04:46:28.112+0000] {processor.py:925} INFO - DAG(s) 'example_display_name' retrieved from /home/airflow/.local/lib/python3.12/site-packages/airflow/example_dags/example_display_name.py
[2024-08-22T04:46:28.135+0000] {logging_mixin.py:190} INFO - [2024-08-22T04:46:28.135+0000] {dag.py:3211} INFO - Sync 1 DAGs
[2024-08-22T04:46:28.155+0000] {logging_mixin.py:190} INFO - [2024-08-22T04:46:28.154+0000] {dag.py:4138} INFO - Setting next_dagrun for example_display_name to None, run_after=None
[2024-08-22T04:46:28.179+0000] {processor.py:208} INFO - Processing /home/airflow/.local/lib/python3.12/site-packages/airflow/example_dags/example_display_name.py took 0.084 seconds
[2024-08-22T04:46:58.909+0000] {processor.py:186} INFO - Started process (PID=621) to work on /home/airflow/.local/lib/python3.12/site-packages/airflow/example_dags/example_display_name.py
[2024-08-22T04:46:58.910+0000] {processor.py:914} INFO - Processing file /home/airflow/.local/lib/python3.12/site-packages/airflow/example_dags/example_display_name.py for tasks to queue
[2024-08-22T04:46:58.912+0000] {logging_mixin.py:190} INFO - [2024-08-22T04:46:58.912+0000] {dagbag.py:587} INFO - Filling up the DagBag from /home/airflow/.local/lib/python3.12/site-packages/airflow/example_dags/example_display_name.py
[2024-08-22T04:46:58.921+0000] {processor.py:925} INFO - DAG(s) 'example_display_name' retrieved from /home/airflow/.local/lib/python3.12/site-packages/airflow/example_dags/example_display_name.py
[2024-08-22T04:46:58.948+0000] {logging_mixin.py:190} INFO - [2024-08-22T04:46:58.948+0000] {dag.py:3211} INFO - Sync 1 DAGs
[2024-08-22T04:46:58.973+0000] {logging_mixin.py:190} INFO - [2024-08-22T04:46:58.971+0000] {dag.py:4138} INFO - Setting next_dagrun for example_display_name to None, run_after=None
[2024-08-22T04:46:59.009+0000] {processor.py:208} INFO - Processing /home/airflow/.local/lib/python3.12/site-packages/airflow/example_dags/example_display_name.py took 0.109 seconds
[2024-08-22T04:47:30.855+0000] {processor.py:186} INFO - Started process (PID=684) to work on /home/airflow/.local/lib/python3.12/site-packages/airflow/example_dags/example_display_name.py
[2024-08-22T04:47:30.861+0000] {processor.py:914} INFO - Processing file /home/airflow/.local/lib/python3.12/site-packages/airflow/example_dags/example_display_name.py for tasks to queue
[2024-08-22T04:47:30.863+0000] {logging_mixin.py:190} INFO - [2024-08-22T04:47:30.863+0000] {dagbag.py:587} INFO - Filling up the DagBag from /home/airflow/.local/lib/python3.12/site-packages/airflow/example_dags/example_display_name.py
[2024-08-22T04:47:30.888+0000] {processor.py:925} INFO - DAG(s) 'example_display_name' retrieved from /home/airflow/.local/lib/python3.12/site-packages/airflow/example_dags/example_display_name.py
[2024-08-22T04:47:30.993+0000] {logging_mixin.py:190} INFO - [2024-08-22T04:47:30.992+0000] {dag.py:3211} INFO - Sync 1 DAGs
[2024-08-22T04:47:31.094+0000] {logging_mixin.py:190} INFO - [2024-08-22T04:47:31.093+0000] {dag.py:4138} INFO - Setting next_dagrun for example_display_name to None, run_after=None
[2024-08-22T04:47:31.191+0000] {processor.py:208} INFO - Processing /home/airflow/.local/lib/python3.12/site-packages/airflow/example_dags/example_display_name.py took 0.369 seconds
[2024-08-22T04:48:01.713+0000] {processor.py:186} INFO - Started process (PID=747) to work on /home/airflow/.local/lib/python3.12/site-packages/airflow/example_dags/example_display_name.py
[2024-08-22T04:48:01.714+0000] {processor.py:914} INFO - Processing file /home/airflow/.local/lib/python3.12/site-packages/airflow/example_dags/example_display_name.py for tasks to queue
[2024-08-22T04:48:01.717+0000] {logging_mixin.py:190} INFO - [2024-08-22T04:48:01.716+0000] {dagbag.py:587} INFO - Filling up the DagBag from /home/airflow/.local/lib/python3.12/site-packages/airflow/example_dags/example_display_name.py
[2024-08-22T04:48:01.725+0000] {processor.py:925} INFO - DAG(s) 'example_display_name' retrieved from /home/airflow/.local/lib/python3.12/site-packages/airflow/example_dags/example_display_name.py
[2024-08-22T04:48:01.751+0000] {logging_mixin.py:190} INFO - [2024-08-22T04:48:01.750+0000] {dag.py:3211} INFO - Sync 1 DAGs
[2024-08-22T04:48:01.768+0000] {logging_mixin.py:190} INFO - [2024-08-22T04:48:01.768+0000] {dag.py:4138} INFO - Setting next_dagrun for example_display_name to None, run_after=None
[2024-08-22T04:48:01.791+0000] {processor.py:208} INFO - Processing /home/airflow/.local/lib/python3.12/site-packages/airflow/example_dags/example_display_name.py took 0.084 seconds
[2024-08-22T04:48:32.639+0000] {processor.py:186} INFO - Started process (PID=810) to work on /home/airflow/.local/lib/python3.12/site-packages/airflow/example_dags/example_display_name.py
[2024-08-22T04:48:32.640+0000] {processor.py:914} INFO - Processing file /home/airflow/.local/lib/python3.12/site-packages/airflow/example_dags/example_display_name.py for tasks to queue
[2024-08-22T04:48:32.641+0000] {logging_mixin.py:190} INFO - [2024-08-22T04:48:32.641+0000] {dagbag.py:587} INFO - Filling up the DagBag from /home/airflow/.local/lib/python3.12/site-packages/airflow/example_dags/example_display_name.py
[2024-08-22T04:48:32.648+0000] {processor.py:925} INFO - DAG(s) 'example_display_name' retrieved from /home/airflow/.local/lib/python3.12/site-packages/airflow/example_dags/example_display_name.py
[2024-08-22T04:48:32.667+0000] {logging_mixin.py:190} INFO - [2024-08-22T04:48:32.667+0000] {dag.py:3211} INFO - Sync 1 DAGs
[2024-08-22T04:48:32.684+0000] {logging_mixin.py:190} INFO - [2024-08-22T04:48:32.684+0000] {dag.py:4138} INFO - Setting next_dagrun for example_display_name to None, run_after=None
[2024-08-22T04:48:32.738+0000] {processor.py:208} INFO - Processing /home/airflow/.local/lib/python3.12/site-packages/airflow/example_dags/example_display_name.py took 0.105 seconds
[2024-08-22T04:49:03.125+0000] {processor.py:186} INFO - Started process (PID=873) to work on /home/airflow/.local/lib/python3.12/site-packages/airflow/example_dags/example_display_name.py
[2024-08-22T04:49:03.126+0000] {processor.py:914} INFO - Processing file /home/airflow/.local/lib/python3.12/site-packages/airflow/example_dags/example_display_name.py for tasks to queue
[2024-08-22T04:49:03.128+0000] {logging_mixin.py:190} INFO - [2024-08-22T04:49:03.128+0000] {dagbag.py:587} INFO - Filling up the DagBag from /home/airflow/.local/lib/python3.12/site-packages/airflow/example_dags/example_display_name.py
[2024-08-22T04:49:03.136+0000] {processor.py:925} INFO - DAG(s) 'example_display_name' retrieved from /home/airflow/.local/lib/python3.12/site-packages/airflow/example_dags/example_display_name.py
[2024-08-22T04:49:03.160+0000] {logging_mixin.py:190} INFO - [2024-08-22T04:49:03.160+0000] {dag.py:3211} INFO - Sync 1 DAGs
[2024-08-22T04:49:03.180+0000] {logging_mixin.py:190} INFO - [2024-08-22T04:49:03.179+0000] {dag.py:4138} INFO - Setting next_dagrun for example_display_name to None, run_after=None
[2024-08-22T04:49:03.240+0000] {processor.py:208} INFO - Processing /home/airflow/.local/lib/python3.12/site-packages/airflow/example_dags/example_display_name.py took 0.124 seconds
