[2024-08-22T04:42:22.058+0000] {processor.py:186} INFO - Started process (PID=42) to work on /home/airflow/.local/lib/python3.12/site-packages/airflow/example_dags/example_subdag_operator.py
[2024-08-22T04:42:22.059+0000] {processor.py:914} INFO - Processing file /home/airflow/.local/lib/python3.12/site-packages/airflow/example_dags/example_subdag_operator.py for tasks to queue
[2024-08-22T04:42:22.065+0000] {logging_mixin.py:190} INFO - [2024-08-22T04:42:22.063+0000] {dagbag.py:587} INFO - Filling up the DagBag from /home/airflow/.local/lib/python3.12/site-packages/airflow/example_dags/example_subdag_operator.py
[2024-08-22T04:42:22.122+0000] {processor.py:925} INFO - DAG(s) 'example_subdag_operator.section-1', 'example_subdag_operator.section-2', 'example_subdag_operator' retrieved from /home/airflow/.local/lib/python3.12/site-packages/airflow/example_dags/example_subdag_operator.py
[2024-08-22T04:42:22.280+0000] {logging_mixin.py:190} INFO - [2024-08-22T04:42:22.279+0000] {override.py:1858} INFO - Created Permission View: can delete on DAG:example_subdag_operator
[2024-08-22T04:42:22.330+0000] {logging_mixin.py:190} INFO - [2024-08-22T04:42:22.328+0000] {override.py:1858} INFO - Created Permission View: can read on DAG:example_subdag_operator
[2024-08-22T04:42:22.351+0000] {logging_mixin.py:190} INFO - [2024-08-22T04:42:22.351+0000] {override.py:1858} INFO - Created Permission View: can edit on DAG:example_subdag_operator
[2024-08-22T04:42:22.352+0000] {logging_mixin.py:190} INFO - [2024-08-22T04:42:22.352+0000] {dag.py:3211} INFO - Sync 3 DAGs
[2024-08-22T04:42:22.381+0000] {logging_mixin.py:190} INFO - [2024-08-22T04:42:22.381+0000] {dag.py:3234} INFO - Creating ORM DAG for example_subdag_operator
[2024-08-22T04:42:22.382+0000] {logging_mixin.py:190} INFO - [2024-08-22T04:42:22.381+0000] {dag.py:3234} INFO - Creating ORM DAG for example_subdag_operator.section-2
[2024-08-22T04:42:22.382+0000] {logging_mixin.py:190} INFO - [2024-08-22T04:42:22.382+0000] {dag.py:3234} INFO - Creating ORM DAG for example_subdag_operator.section-1
[2024-08-22T04:42:22.421+0000] {logging_mixin.py:190} INFO - [2024-08-22T04:42:22.421+0000] {dag.py:4138} INFO - Setting next_dagrun for example_subdag_operator to 2022-01-01 00:00:00+00:00, run_after=2022-01-01 00:00:00+00:00
[2024-08-22T04:42:22.422+0000] {logging_mixin.py:190} INFO - [2024-08-22T04:42:22.422+0000] {dag.py:4138} INFO - Setting next_dagrun for example_subdag_operator.section-1 to None, run_after=None
[2024-08-22T04:42:22.428+0000] {logging_mixin.py:190} INFO - [2024-08-22T04:42:22.422+0000] {dag.py:4138} INFO - Setting next_dagrun for example_subdag_operator.section-2 to None, run_after=None
[2024-08-22T04:42:22.468+0000] {logging_mixin.py:190} INFO - [2024-08-22T04:42:22.467+0000] {dag.py:3211} INFO - Sync 2 DAGs
[2024-08-22T04:42:22.495+0000] {logging_mixin.py:190} INFO - [2024-08-22T04:42:22.495+0000] {dag.py:4138} INFO - Setting next_dagrun for example_subdag_operator.section-1 to None, run_after=None
[2024-08-22T04:42:22.515+0000] {logging_mixin.py:190} INFO - [2024-08-22T04:42:22.515+0000] {dag.py:4138} INFO - Setting next_dagrun for example_subdag_operator.section-2 to None, run_after=None
[2024-08-22T04:42:22.558+0000] {processor.py:208} INFO - Processing /home/airflow/.local/lib/python3.12/site-packages/airflow/example_dags/example_subdag_operator.py took 0.505 seconds
[2024-08-22T04:42:52.961+0000] {processor.py:186} INFO - Started process (PID=105) to work on /home/airflow/.local/lib/python3.12/site-packages/airflow/example_dags/example_subdag_operator.py
[2024-08-22T04:42:52.962+0000] {processor.py:914} INFO - Processing file /home/airflow/.local/lib/python3.12/site-packages/airflow/example_dags/example_subdag_operator.py for tasks to queue
[2024-08-22T04:42:52.964+0000] {logging_mixin.py:190} INFO - [2024-08-22T04:42:52.964+0000] {dagbag.py:587} INFO - Filling up the DagBag from /home/airflow/.local/lib/python3.12/site-packages/airflow/example_dags/example_subdag_operator.py
[2024-08-22T04:42:52.993+0000] {processor.py:925} INFO - DAG(s) 'example_subdag_operator.section-1', 'example_subdag_operator.section-2', 'example_subdag_operator' retrieved from /home/airflow/.local/lib/python3.12/site-packages/airflow/example_dags/example_subdag_operator.py
[2024-08-22T04:42:53.014+0000] {logging_mixin.py:190} INFO - [2024-08-22T04:42:53.013+0000] {dag.py:3211} INFO - Sync 3 DAGs
[2024-08-22T04:42:53.044+0000] {logging_mixin.py:190} INFO - [2024-08-22T04:42:53.044+0000] {dag.py:4138} INFO - Setting next_dagrun for example_subdag_operator to 2022-01-01 00:00:00+00:00, run_after=2022-01-01 00:00:00+00:00
[2024-08-22T04:42:53.049+0000] {logging_mixin.py:190} INFO - [2024-08-22T04:42:53.049+0000] {dag.py:4138} INFO - Setting next_dagrun for example_subdag_operator.section-1 to None, run_after=None
[2024-08-22T04:42:53.051+0000] {logging_mixin.py:190} INFO - [2024-08-22T04:42:53.051+0000] {dag.py:4138} INFO - Setting next_dagrun for example_subdag_operator.section-2 to None, run_after=None
[2024-08-22T04:42:53.060+0000] {logging_mixin.py:190} INFO - [2024-08-22T04:42:53.060+0000] {dag.py:3211} INFO - Sync 2 DAGs
[2024-08-22T04:42:53.069+0000] {logging_mixin.py:190} INFO - [2024-08-22T04:42:53.069+0000] {dag.py:4138} INFO - Setting next_dagrun for example_subdag_operator.section-1 to None, run_after=None
[2024-08-22T04:42:53.069+0000] {logging_mixin.py:190} INFO - [2024-08-22T04:42:53.069+0000] {dag.py:4138} INFO - Setting next_dagrun for example_subdag_operator.section-2 to None, run_after=None
[2024-08-22T04:42:53.117+0000] {processor.py:208} INFO - Processing /home/airflow/.local/lib/python3.12/site-packages/airflow/example_dags/example_subdag_operator.py took 0.161 seconds
[2024-08-22T04:43:23.892+0000] {processor.py:186} INFO - Started process (PID=168) to work on /home/airflow/.local/lib/python3.12/site-packages/airflow/example_dags/example_subdag_operator.py
[2024-08-22T04:43:23.893+0000] {processor.py:914} INFO - Processing file /home/airflow/.local/lib/python3.12/site-packages/airflow/example_dags/example_subdag_operator.py for tasks to queue
[2024-08-22T04:43:23.895+0000] {logging_mixin.py:190} INFO - [2024-08-22T04:43:23.895+0000] {dagbag.py:587} INFO - Filling up the DagBag from /home/airflow/.local/lib/python3.12/site-packages/airflow/example_dags/example_subdag_operator.py
[2024-08-22T04:43:23.926+0000] {processor.py:925} INFO - DAG(s) 'example_subdag_operator.section-1', 'example_subdag_operator.section-2', 'example_subdag_operator' retrieved from /home/airflow/.local/lib/python3.12/site-packages/airflow/example_dags/example_subdag_operator.py
[2024-08-22T04:43:23.946+0000] {logging_mixin.py:190} INFO - [2024-08-22T04:43:23.945+0000] {dag.py:3211} INFO - Sync 3 DAGs
[2024-08-22T04:43:23.975+0000] {logging_mixin.py:190} INFO - [2024-08-22T04:43:23.975+0000] {dag.py:4138} INFO - Setting next_dagrun for example_subdag_operator to 2022-01-01 00:00:00+00:00, run_after=2022-01-01 00:00:00+00:00
[2024-08-22T04:43:23.979+0000] {logging_mixin.py:190} INFO - [2024-08-22T04:43:23.979+0000] {dag.py:4138} INFO - Setting next_dagrun for example_subdag_operator.section-1 to None, run_after=None
[2024-08-22T04:43:23.981+0000] {logging_mixin.py:190} INFO - [2024-08-22T04:43:23.981+0000] {dag.py:4138} INFO - Setting next_dagrun for example_subdag_operator.section-2 to None, run_after=None
[2024-08-22T04:43:23.989+0000] {logging_mixin.py:190} INFO - [2024-08-22T04:43:23.989+0000] {dag.py:3211} INFO - Sync 2 DAGs
[2024-08-22T04:43:23.997+0000] {logging_mixin.py:190} INFO - [2024-08-22T04:43:23.996+0000] {dag.py:4138} INFO - Setting next_dagrun for example_subdag_operator.section-1 to None, run_after=None
[2024-08-22T04:43:23.997+0000] {logging_mixin.py:190} INFO - [2024-08-22T04:43:23.997+0000] {dag.py:4138} INFO - Setting next_dagrun for example_subdag_operator.section-2 to None, run_after=None
[2024-08-22T04:43:24.054+0000] {processor.py:208} INFO - Processing /home/airflow/.local/lib/python3.12/site-packages/airflow/example_dags/example_subdag_operator.py took 0.169 seconds
[2024-08-22T04:43:54.356+0000] {processor.py:186} INFO - Started process (PID=230) to work on /home/airflow/.local/lib/python3.12/site-packages/airflow/example_dags/example_subdag_operator.py
[2024-08-22T04:43:54.398+0000] {processor.py:914} INFO - Processing file /home/airflow/.local/lib/python3.12/site-packages/airflow/example_dags/example_subdag_operator.py for tasks to queue
[2024-08-22T04:43:54.400+0000] {logging_mixin.py:190} INFO - [2024-08-22T04:43:54.400+0000] {dagbag.py:587} INFO - Filling up the DagBag from /home/airflow/.local/lib/python3.12/site-packages/airflow/example_dags/example_subdag_operator.py
[2024-08-22T04:43:54.435+0000] {processor.py:925} INFO - DAG(s) 'example_subdag_operator.section-1', 'example_subdag_operator.section-2', 'example_subdag_operator' retrieved from /home/airflow/.local/lib/python3.12/site-packages/airflow/example_dags/example_subdag_operator.py
[2024-08-22T04:43:54.453+0000] {logging_mixin.py:190} INFO - [2024-08-22T04:43:54.453+0000] {dag.py:3211} INFO - Sync 3 DAGs
[2024-08-22T04:43:54.482+0000] {logging_mixin.py:190} INFO - [2024-08-22T04:43:54.482+0000] {dag.py:4138} INFO - Setting next_dagrun for example_subdag_operator to 2022-01-01 00:00:00+00:00, run_after=2022-01-01 00:00:00+00:00
[2024-08-22T04:43:54.486+0000] {logging_mixin.py:190} INFO - [2024-08-22T04:43:54.486+0000] {dag.py:4138} INFO - Setting next_dagrun for example_subdag_operator.section-1 to None, run_after=None
[2024-08-22T04:43:54.488+0000] {logging_mixin.py:190} INFO - [2024-08-22T04:43:54.488+0000] {dag.py:4138} INFO - Setting next_dagrun for example_subdag_operator.section-2 to None, run_after=None
[2024-08-22T04:43:54.497+0000] {logging_mixin.py:190} INFO - [2024-08-22T04:43:54.496+0000] {dag.py:3211} INFO - Sync 2 DAGs
[2024-08-22T04:43:54.505+0000] {logging_mixin.py:190} INFO - [2024-08-22T04:43:54.504+0000] {dag.py:4138} INFO - Setting next_dagrun for example_subdag_operator.section-1 to None, run_after=None
[2024-08-22T04:43:54.505+0000] {logging_mixin.py:190} INFO - [2024-08-22T04:43:54.505+0000] {dag.py:4138} INFO - Setting next_dagrun for example_subdag_operator.section-2 to None, run_after=None
[2024-08-22T04:43:54.521+0000] {processor.py:208} INFO - Processing /home/airflow/.local/lib/python3.12/site-packages/airflow/example_dags/example_subdag_operator.py took 0.172 seconds
[2024-08-22T04:44:25.344+0000] {processor.py:186} INFO - Started process (PID=293) to work on /home/airflow/.local/lib/python3.12/site-packages/airflow/example_dags/example_subdag_operator.py
[2024-08-22T04:44:25.413+0000] {processor.py:914} INFO - Processing file /home/airflow/.local/lib/python3.12/site-packages/airflow/example_dags/example_subdag_operator.py for tasks to queue
[2024-08-22T04:44:25.417+0000] {logging_mixin.py:190} INFO - [2024-08-22T04:44:25.416+0000] {dagbag.py:587} INFO - Filling up the DagBag from /home/airflow/.local/lib/python3.12/site-packages/airflow/example_dags/example_subdag_operator.py
[2024-08-22T04:44:25.458+0000] {processor.py:925} INFO - DAG(s) 'example_subdag_operator.section-1', 'example_subdag_operator.section-2', 'example_subdag_operator' retrieved from /home/airflow/.local/lib/python3.12/site-packages/airflow/example_dags/example_subdag_operator.py
[2024-08-22T04:44:25.483+0000] {logging_mixin.py:190} INFO - [2024-08-22T04:44:25.483+0000] {dag.py:3211} INFO - Sync 3 DAGs
[2024-08-22T04:44:25.511+0000] {logging_mixin.py:190} INFO - [2024-08-22T04:44:25.511+0000] {dag.py:4138} INFO - Setting next_dagrun for example_subdag_operator to 2022-01-01 00:00:00+00:00, run_after=2022-01-01 00:00:00+00:00
[2024-08-22T04:44:25.516+0000] {logging_mixin.py:190} INFO - [2024-08-22T04:44:25.516+0000] {dag.py:4138} INFO - Setting next_dagrun for example_subdag_operator.section-1 to None, run_after=None
[2024-08-22T04:44:25.518+0000] {logging_mixin.py:190} INFO - [2024-08-22T04:44:25.518+0000] {dag.py:4138} INFO - Setting next_dagrun for example_subdag_operator.section-2 to None, run_after=None
[2024-08-22T04:44:25.528+0000] {logging_mixin.py:190} INFO - [2024-08-22T04:44:25.528+0000] {dag.py:3211} INFO - Sync 2 DAGs
[2024-08-22T04:44:25.536+0000] {logging_mixin.py:190} INFO - [2024-08-22T04:44:25.536+0000] {dag.py:4138} INFO - Setting next_dagrun for example_subdag_operator.section-1 to None, run_after=None
[2024-08-22T04:44:25.537+0000] {logging_mixin.py:190} INFO - [2024-08-22T04:44:25.537+0000] {dag.py:4138} INFO - Setting next_dagrun for example_subdag_operator.section-2 to None, run_after=None
[2024-08-22T04:44:25.558+0000] {processor.py:208} INFO - Processing /home/airflow/.local/lib/python3.12/site-packages/airflow/example_dags/example_subdag_operator.py took 0.223 seconds
[2024-08-22T04:44:55.925+0000] {processor.py:186} INFO - Started process (PID=356) to work on /home/airflow/.local/lib/python3.12/site-packages/airflow/example_dags/example_subdag_operator.py
[2024-08-22T04:44:55.926+0000] {processor.py:914} INFO - Processing file /home/airflow/.local/lib/python3.12/site-packages/airflow/example_dags/example_subdag_operator.py for tasks to queue
[2024-08-22T04:44:55.928+0000] {logging_mixin.py:190} INFO - [2024-08-22T04:44:55.928+0000] {dagbag.py:587} INFO - Filling up the DagBag from /home/airflow/.local/lib/python3.12/site-packages/airflow/example_dags/example_subdag_operator.py
[2024-08-22T04:44:55.957+0000] {processor.py:925} INFO - DAG(s) 'example_subdag_operator.section-1', 'example_subdag_operator.section-2', 'example_subdag_operator' retrieved from /home/airflow/.local/lib/python3.12/site-packages/airflow/example_dags/example_subdag_operator.py
[2024-08-22T04:44:55.975+0000] {logging_mixin.py:190} INFO - [2024-08-22T04:44:55.975+0000] {dag.py:3211} INFO - Sync 3 DAGs
[2024-08-22T04:44:56.003+0000] {logging_mixin.py:190} INFO - [2024-08-22T04:44:56.003+0000] {dag.py:4138} INFO - Setting next_dagrun for example_subdag_operator to 2022-01-01 00:00:00+00:00, run_after=2022-01-01 00:00:00+00:00
[2024-08-22T04:44:56.008+0000] {logging_mixin.py:190} INFO - [2024-08-22T04:44:56.007+0000] {dag.py:4138} INFO - Setting next_dagrun for example_subdag_operator.section-1 to None, run_after=None
[2024-08-22T04:44:56.009+0000] {logging_mixin.py:190} INFO - [2024-08-22T04:44:56.009+0000] {dag.py:4138} INFO - Setting next_dagrun for example_subdag_operator.section-2 to None, run_after=None
[2024-08-22T04:44:56.020+0000] {logging_mixin.py:190} INFO - [2024-08-22T04:44:56.020+0000] {dag.py:3211} INFO - Sync 2 DAGs
[2024-08-22T04:44:56.028+0000] {logging_mixin.py:190} INFO - [2024-08-22T04:44:56.028+0000] {dag.py:4138} INFO - Setting next_dagrun for example_subdag_operator.section-1 to None, run_after=None
[2024-08-22T04:44:56.029+0000] {logging_mixin.py:190} INFO - [2024-08-22T04:44:56.028+0000] {dag.py:4138} INFO - Setting next_dagrun for example_subdag_operator.section-2 to None, run_after=None
[2024-08-22T04:44:56.044+0000] {processor.py:208} INFO - Processing /home/airflow/.local/lib/python3.12/site-packages/airflow/example_dags/example_subdag_operator.py took 0.124 seconds
[2024-08-22T04:45:26.672+0000] {processor.py:186} INFO - Started process (PID=419) to work on /home/airflow/.local/lib/python3.12/site-packages/airflow/example_dags/example_subdag_operator.py
[2024-08-22T04:45:26.673+0000] {processor.py:914} INFO - Processing file /home/airflow/.local/lib/python3.12/site-packages/airflow/example_dags/example_subdag_operator.py for tasks to queue
[2024-08-22T04:45:26.675+0000] {logging_mixin.py:190} INFO - [2024-08-22T04:45:26.674+0000] {dagbag.py:587} INFO - Filling up the DagBag from /home/airflow/.local/lib/python3.12/site-packages/airflow/example_dags/example_subdag_operator.py
[2024-08-22T04:45:26.704+0000] {processor.py:925} INFO - DAG(s) 'example_subdag_operator.section-1', 'example_subdag_operator.section-2', 'example_subdag_operator' retrieved from /home/airflow/.local/lib/python3.12/site-packages/airflow/example_dags/example_subdag_operator.py
[2024-08-22T04:45:26.728+0000] {logging_mixin.py:190} INFO - [2024-08-22T04:45:26.727+0000] {dag.py:3211} INFO - Sync 3 DAGs
[2024-08-22T04:45:26.760+0000] {logging_mixin.py:190} INFO - [2024-08-22T04:45:26.759+0000] {dag.py:4138} INFO - Setting next_dagrun for example_subdag_operator to 2022-01-01 00:00:00+00:00, run_after=2022-01-01 00:00:00+00:00
[2024-08-22T04:45:26.765+0000] {logging_mixin.py:190} INFO - [2024-08-22T04:45:26.765+0000] {dag.py:4138} INFO - Setting next_dagrun for example_subdag_operator.section-1 to None, run_after=None
[2024-08-22T04:45:26.767+0000] {logging_mixin.py:190} INFO - [2024-08-22T04:45:26.767+0000] {dag.py:4138} INFO - Setting next_dagrun for example_subdag_operator.section-2 to None, run_after=None
[2024-08-22T04:45:26.776+0000] {logging_mixin.py:190} INFO - [2024-08-22T04:45:26.776+0000] {dag.py:3211} INFO - Sync 2 DAGs
[2024-08-22T04:45:26.784+0000] {logging_mixin.py:190} INFO - [2024-08-22T04:45:26.784+0000] {dag.py:4138} INFO - Setting next_dagrun for example_subdag_operator.section-1 to None, run_after=None
[2024-08-22T04:45:26.785+0000] {logging_mixin.py:190} INFO - [2024-08-22T04:45:26.785+0000] {dag.py:4138} INFO - Setting next_dagrun for example_subdag_operator.section-2 to None, run_after=None
[2024-08-22T04:45:26.803+0000] {processor.py:208} INFO - Processing /home/airflow/.local/lib/python3.12/site-packages/airflow/example_dags/example_subdag_operator.py took 0.138 seconds
[2024-08-22T04:45:57.381+0000] {processor.py:186} INFO - Started process (PID=481) to work on /home/airflow/.local/lib/python3.12/site-packages/airflow/example_dags/example_subdag_operator.py
[2024-08-22T04:45:57.382+0000] {processor.py:914} INFO - Processing file /home/airflow/.local/lib/python3.12/site-packages/airflow/example_dags/example_subdag_operator.py for tasks to queue
[2024-08-22T04:45:57.385+0000] {logging_mixin.py:190} INFO - [2024-08-22T04:45:57.384+0000] {dagbag.py:587} INFO - Filling up the DagBag from /home/airflow/.local/lib/python3.12/site-packages/airflow/example_dags/example_subdag_operator.py
[2024-08-22T04:45:57.418+0000] {processor.py:925} INFO - DAG(s) 'example_subdag_operator.section-1', 'example_subdag_operator.section-2', 'example_subdag_operator' retrieved from /home/airflow/.local/lib/python3.12/site-packages/airflow/example_dags/example_subdag_operator.py
[2024-08-22T04:45:57.442+0000] {logging_mixin.py:190} INFO - [2024-08-22T04:45:57.442+0000] {dag.py:3211} INFO - Sync 3 DAGs
[2024-08-22T04:45:57.473+0000] {logging_mixin.py:190} INFO - [2024-08-22T04:45:57.472+0000] {dag.py:4138} INFO - Setting next_dagrun for example_subdag_operator to 2022-01-01 00:00:00+00:00, run_after=2022-01-01 00:00:00+00:00
[2024-08-22T04:45:57.478+0000] {logging_mixin.py:190} INFO - [2024-08-22T04:45:57.478+0000] {dag.py:4138} INFO - Setting next_dagrun for example_subdag_operator.section-1 to None, run_after=None
[2024-08-22T04:45:57.480+0000] {logging_mixin.py:190} INFO - [2024-08-22T04:45:57.480+0000] {dag.py:4138} INFO - Setting next_dagrun for example_subdag_operator.section-2 to None, run_after=None
[2024-08-22T04:45:57.490+0000] {logging_mixin.py:190} INFO - [2024-08-22T04:45:57.490+0000] {dag.py:3211} INFO - Sync 2 DAGs
[2024-08-22T04:45:57.498+0000] {logging_mixin.py:190} INFO - [2024-08-22T04:45:57.498+0000] {dag.py:4138} INFO - Setting next_dagrun for example_subdag_operator.section-1 to None, run_after=None
[2024-08-22T04:45:57.498+0000] {logging_mixin.py:190} INFO - [2024-08-22T04:45:57.498+0000] {dag.py:4138} INFO - Setting next_dagrun for example_subdag_operator.section-2 to None, run_after=None
[2024-08-22T04:45:57.518+0000] {processor.py:208} INFO - Processing /home/airflow/.local/lib/python3.12/site-packages/airflow/example_dags/example_subdag_operator.py took 0.144 seconds
[2024-08-22T04:46:28.130+0000] {processor.py:186} INFO - Started process (PID=544) to work on /home/airflow/.local/lib/python3.12/site-packages/airflow/example_dags/example_subdag_operator.py
[2024-08-22T04:46:28.131+0000] {processor.py:914} INFO - Processing file /home/airflow/.local/lib/python3.12/site-packages/airflow/example_dags/example_subdag_operator.py for tasks to queue
[2024-08-22T04:46:28.135+0000] {logging_mixin.py:190} INFO - [2024-08-22T04:46:28.134+0000] {dagbag.py:587} INFO - Filling up the DagBag from /home/airflow/.local/lib/python3.12/site-packages/airflow/example_dags/example_subdag_operator.py
[2024-08-22T04:46:28.172+0000] {processor.py:925} INFO - DAG(s) 'example_subdag_operator.section-1', 'example_subdag_operator.section-2', 'example_subdag_operator' retrieved from /home/airflow/.local/lib/python3.12/site-packages/airflow/example_dags/example_subdag_operator.py
[2024-08-22T04:46:28.190+0000] {logging_mixin.py:190} INFO - [2024-08-22T04:46:28.190+0000] {dag.py:3211} INFO - Sync 3 DAGs
[2024-08-22T04:46:28.218+0000] {logging_mixin.py:190} INFO - [2024-08-22T04:46:28.218+0000] {dag.py:4138} INFO - Setting next_dagrun for example_subdag_operator to 2022-01-01 00:00:00+00:00, run_after=2022-01-01 00:00:00+00:00
[2024-08-22T04:46:28.223+0000] {logging_mixin.py:190} INFO - [2024-08-22T04:46:28.222+0000] {dag.py:4138} INFO - Setting next_dagrun for example_subdag_operator.section-1 to None, run_after=None
[2024-08-22T04:46:28.225+0000] {logging_mixin.py:190} INFO - [2024-08-22T04:46:28.224+0000] {dag.py:4138} INFO - Setting next_dagrun for example_subdag_operator.section-2 to None, run_after=None
[2024-08-22T04:46:28.235+0000] {logging_mixin.py:190} INFO - [2024-08-22T04:46:28.234+0000] {dag.py:3211} INFO - Sync 2 DAGs
[2024-08-22T04:46:28.242+0000] {logging_mixin.py:190} INFO - [2024-08-22T04:46:28.242+0000] {dag.py:4138} INFO - Setting next_dagrun for example_subdag_operator.section-1 to None, run_after=None
[2024-08-22T04:46:28.243+0000] {logging_mixin.py:190} INFO - [2024-08-22T04:46:28.243+0000] {dag.py:4138} INFO - Setting next_dagrun for example_subdag_operator.section-2 to None, run_after=None
[2024-08-22T04:46:28.259+0000] {processor.py:208} INFO - Processing /home/airflow/.local/lib/python3.12/site-packages/airflow/example_dags/example_subdag_operator.py took 0.140 seconds
[2024-08-22T04:46:58.981+0000] {processor.py:186} INFO - Started process (PID=622) to work on /home/airflow/.local/lib/python3.12/site-packages/airflow/example_dags/example_subdag_operator.py
[2024-08-22T04:46:58.981+0000] {processor.py:914} INFO - Processing file /home/airflow/.local/lib/python3.12/site-packages/airflow/example_dags/example_subdag_operator.py for tasks to queue
[2024-08-22T04:46:58.987+0000] {logging_mixin.py:190} INFO - [2024-08-22T04:46:58.983+0000] {dagbag.py:587} INFO - Filling up the DagBag from /home/airflow/.local/lib/python3.12/site-packages/airflow/example_dags/example_subdag_operator.py
[2024-08-22T04:46:59.061+0000] {processor.py:925} INFO - DAG(s) 'example_subdag_operator.section-1', 'example_subdag_operator.section-2', 'example_subdag_operator' retrieved from /home/airflow/.local/lib/python3.12/site-packages/airflow/example_dags/example_subdag_operator.py
[2024-08-22T04:46:59.094+0000] {logging_mixin.py:190} INFO - [2024-08-22T04:46:59.094+0000] {dag.py:3211} INFO - Sync 3 DAGs
[2024-08-22T04:46:59.148+0000] {logging_mixin.py:190} INFO - [2024-08-22T04:46:59.148+0000] {dag.py:4138} INFO - Setting next_dagrun for example_subdag_operator to 2022-01-01 00:00:00+00:00, run_after=2022-01-01 00:00:00+00:00
[2024-08-22T04:46:59.156+0000] {logging_mixin.py:190} INFO - [2024-08-22T04:46:59.155+0000] {dag.py:4138} INFO - Setting next_dagrun for example_subdag_operator.section-1 to None, run_after=None
[2024-08-22T04:46:59.161+0000] {logging_mixin.py:190} INFO - [2024-08-22T04:46:59.161+0000] {dag.py:4138} INFO - Setting next_dagrun for example_subdag_operator.section-2 to None, run_after=None
[2024-08-22T04:46:59.175+0000] {logging_mixin.py:190} INFO - [2024-08-22T04:46:59.174+0000] {dag.py:3211} INFO - Sync 2 DAGs
[2024-08-22T04:46:59.190+0000] {logging_mixin.py:190} INFO - [2024-08-22T04:46:59.190+0000] {dag.py:4138} INFO - Setting next_dagrun for example_subdag_operator.section-1 to None, run_after=None
[2024-08-22T04:46:59.190+0000] {logging_mixin.py:190} INFO - [2024-08-22T04:46:59.190+0000] {dag.py:4138} INFO - Setting next_dagrun for example_subdag_operator.section-2 to None, run_after=None
[2024-08-22T04:46:59.222+0000] {processor.py:208} INFO - Processing /home/airflow/.local/lib/python3.12/site-packages/airflow/example_dags/example_subdag_operator.py took 0.260 seconds
[2024-08-22T04:47:30.890+0000] {processor.py:186} INFO - Started process (PID=685) to work on /home/airflow/.local/lib/python3.12/site-packages/airflow/example_dags/example_subdag_operator.py
[2024-08-22T04:47:30.893+0000] {processor.py:914} INFO - Processing file /home/airflow/.local/lib/python3.12/site-packages/airflow/example_dags/example_subdag_operator.py for tasks to queue
[2024-08-22T04:47:30.901+0000] {logging_mixin.py:190} INFO - [2024-08-22T04:47:30.899+0000] {dagbag.py:587} INFO - Filling up the DagBag from /home/airflow/.local/lib/python3.12/site-packages/airflow/example_dags/example_subdag_operator.py
[2024-08-22T04:47:31.054+0000] {processor.py:925} INFO - DAG(s) 'example_subdag_operator.section-1', 'example_subdag_operator.section-2', 'example_subdag_operator' retrieved from /home/airflow/.local/lib/python3.12/site-packages/airflow/example_dags/example_subdag_operator.py
[2024-08-22T04:47:31.109+0000] {logging_mixin.py:190} INFO - [2024-08-22T04:47:31.109+0000] {dag.py:3211} INFO - Sync 3 DAGs
[2024-08-22T04:47:31.196+0000] {logging_mixin.py:190} INFO - [2024-08-22T04:47:31.195+0000] {dag.py:4138} INFO - Setting next_dagrun for example_subdag_operator to 2022-01-01 00:00:00+00:00, run_after=2022-01-01 00:00:00+00:00
[2024-08-22T04:47:31.211+0000] {logging_mixin.py:190} INFO - [2024-08-22T04:47:31.210+0000] {dag.py:4138} INFO - Setting next_dagrun for example_subdag_operator.section-1 to None, run_after=None
[2024-08-22T04:47:31.215+0000] {logging_mixin.py:190} INFO - [2024-08-22T04:47:31.215+0000] {dag.py:4138} INFO - Setting next_dagrun for example_subdag_operator.section-2 to None, run_after=None
[2024-08-22T04:47:31.248+0000] {logging_mixin.py:190} INFO - [2024-08-22T04:47:31.247+0000] {dag.py:3211} INFO - Sync 2 DAGs
[2024-08-22T04:47:31.264+0000] {logging_mixin.py:190} INFO - [2024-08-22T04:47:31.263+0000] {dag.py:4138} INFO - Setting next_dagrun for example_subdag_operator.section-1 to None, run_after=None
[2024-08-22T04:47:31.264+0000] {logging_mixin.py:190} INFO - [2024-08-22T04:47:31.264+0000] {dag.py:4138} INFO - Setting next_dagrun for example_subdag_operator.section-2 to None, run_after=None
[2024-08-22T04:47:31.307+0000] {processor.py:208} INFO - Processing /home/airflow/.local/lib/python3.12/site-packages/airflow/example_dags/example_subdag_operator.py took 0.433 seconds
[2024-08-22T04:48:01.735+0000] {processor.py:186} INFO - Started process (PID=748) to work on /home/airflow/.local/lib/python3.12/site-packages/airflow/example_dags/example_subdag_operator.py
[2024-08-22T04:48:01.737+0000] {processor.py:914} INFO - Processing file /home/airflow/.local/lib/python3.12/site-packages/airflow/example_dags/example_subdag_operator.py for tasks to queue
[2024-08-22T04:48:01.740+0000] {logging_mixin.py:190} INFO - [2024-08-22T04:48:01.739+0000] {dagbag.py:587} INFO - Filling up the DagBag from /home/airflow/.local/lib/python3.12/site-packages/airflow/example_dags/example_subdag_operator.py
[2024-08-22T04:48:01.770+0000] {processor.py:925} INFO - DAG(s) 'example_subdag_operator.section-1', 'example_subdag_operator.section-2', 'example_subdag_operator' retrieved from /home/airflow/.local/lib/python3.12/site-packages/airflow/example_dags/example_subdag_operator.py
[2024-08-22T04:48:01.795+0000] {logging_mixin.py:190} INFO - [2024-08-22T04:48:01.794+0000] {dag.py:3211} INFO - Sync 3 DAGs
[2024-08-22T04:48:01.824+0000] {logging_mixin.py:190} INFO - [2024-08-22T04:48:01.824+0000] {dag.py:4138} INFO - Setting next_dagrun for example_subdag_operator to 2022-01-01 00:00:00+00:00, run_after=2022-01-01 00:00:00+00:00
[2024-08-22T04:48:01.829+0000] {logging_mixin.py:190} INFO - [2024-08-22T04:48:01.828+0000] {dag.py:4138} INFO - Setting next_dagrun for example_subdag_operator.section-1 to None, run_after=None
[2024-08-22T04:48:01.831+0000] {logging_mixin.py:190} INFO - [2024-08-22T04:48:01.830+0000] {dag.py:4138} INFO - Setting next_dagrun for example_subdag_operator.section-2 to None, run_after=None
[2024-08-22T04:48:01.840+0000] {logging_mixin.py:190} INFO - [2024-08-22T04:48:01.840+0000] {dag.py:3211} INFO - Sync 2 DAGs
[2024-08-22T04:48:01.849+0000] {logging_mixin.py:190} INFO - [2024-08-22T04:48:01.848+0000] {dag.py:4138} INFO - Setting next_dagrun for example_subdag_operator.section-1 to None, run_after=None
[2024-08-22T04:48:01.849+0000] {logging_mixin.py:190} INFO - [2024-08-22T04:48:01.849+0000] {dag.py:4138} INFO - Setting next_dagrun for example_subdag_operator.section-2 to None, run_after=None
[2024-08-22T04:48:01.863+0000] {processor.py:208} INFO - Processing /home/airflow/.local/lib/python3.12/site-packages/airflow/example_dags/example_subdag_operator.py took 0.135 seconds
[2024-08-22T04:48:32.777+0000] {processor.py:186} INFO - Started process (PID=811) to work on /home/airflow/.local/lib/python3.12/site-packages/airflow/example_dags/example_subdag_operator.py
[2024-08-22T04:48:32.805+0000] {processor.py:914} INFO - Processing file /home/airflow/.local/lib/python3.12/site-packages/airflow/example_dags/example_subdag_operator.py for tasks to queue
[2024-08-22T04:48:32.808+0000] {logging_mixin.py:190} INFO - [2024-08-22T04:48:32.807+0000] {dagbag.py:587} INFO - Filling up the DagBag from /home/airflow/.local/lib/python3.12/site-packages/airflow/example_dags/example_subdag_operator.py
[2024-08-22T04:48:32.839+0000] {processor.py:925} INFO - DAG(s) 'example_subdag_operator.section-1', 'example_subdag_operator.section-2', 'example_subdag_operator' retrieved from /home/airflow/.local/lib/python3.12/site-packages/airflow/example_dags/example_subdag_operator.py
[2024-08-22T04:48:32.858+0000] {logging_mixin.py:190} INFO - [2024-08-22T04:48:32.858+0000] {dag.py:3211} INFO - Sync 3 DAGs
[2024-08-22T04:48:32.892+0000] {logging_mixin.py:190} INFO - [2024-08-22T04:48:32.891+0000] {dag.py:4138} INFO - Setting next_dagrun for example_subdag_operator to 2022-01-01 00:00:00+00:00, run_after=2022-01-01 00:00:00+00:00
[2024-08-22T04:48:32.897+0000] {logging_mixin.py:190} INFO - [2024-08-22T04:48:32.896+0000] {dag.py:4138} INFO - Setting next_dagrun for example_subdag_operator.section-1 to None, run_after=None
[2024-08-22T04:48:32.898+0000] {logging_mixin.py:190} INFO - [2024-08-22T04:48:32.898+0000] {dag.py:4138} INFO - Setting next_dagrun for example_subdag_operator.section-2 to None, run_after=None
[2024-08-22T04:48:32.908+0000] {logging_mixin.py:190} INFO - [2024-08-22T04:48:32.908+0000] {dag.py:3211} INFO - Sync 2 DAGs
[2024-08-22T04:48:32.918+0000] {logging_mixin.py:190} INFO - [2024-08-22T04:48:32.917+0000] {dag.py:4138} INFO - Setting next_dagrun for example_subdag_operator.section-1 to None, run_after=None
[2024-08-22T04:48:32.918+0000] {logging_mixin.py:190} INFO - [2024-08-22T04:48:32.918+0000] {dag.py:4138} INFO - Setting next_dagrun for example_subdag_operator.section-2 to None, run_after=None
[2024-08-22T04:48:32.934+0000] {processor.py:208} INFO - Processing /home/airflow/.local/lib/python3.12/site-packages/airflow/example_dags/example_subdag_operator.py took 0.168 seconds
[2024-08-22T04:49:03.283+0000] {processor.py:186} INFO - Started process (PID=874) to work on /home/airflow/.local/lib/python3.12/site-packages/airflow/example_dags/example_subdag_operator.py
[2024-08-22T04:49:03.284+0000] {processor.py:914} INFO - Processing file /home/airflow/.local/lib/python3.12/site-packages/airflow/example_dags/example_subdag_operator.py for tasks to queue
[2024-08-22T04:49:03.287+0000] {logging_mixin.py:190} INFO - [2024-08-22T04:49:03.286+0000] {dagbag.py:587} INFO - Filling up the DagBag from /home/airflow/.local/lib/python3.12/site-packages/airflow/example_dags/example_subdag_operator.py
[2024-08-22T04:49:03.318+0000] {processor.py:925} INFO - DAG(s) 'example_subdag_operator.section-1', 'example_subdag_operator.section-2', 'example_subdag_operator' retrieved from /home/airflow/.local/lib/python3.12/site-packages/airflow/example_dags/example_subdag_operator.py
[2024-08-22T04:49:03.337+0000] {logging_mixin.py:190} INFO - [2024-08-22T04:49:03.337+0000] {dag.py:3211} INFO - Sync 3 DAGs
[2024-08-22T04:49:03.365+0000] {logging_mixin.py:190} INFO - [2024-08-22T04:49:03.365+0000] {dag.py:4138} INFO - Setting next_dagrun for example_subdag_operator to 2022-01-01 00:00:00+00:00, run_after=2022-01-01 00:00:00+00:00
[2024-08-22T04:49:03.369+0000] {logging_mixin.py:190} INFO - [2024-08-22T04:49:03.369+0000] {dag.py:4138} INFO - Setting next_dagrun for example_subdag_operator.section-1 to None, run_after=None
[2024-08-22T04:49:03.371+0000] {logging_mixin.py:190} INFO - [2024-08-22T04:49:03.371+0000] {dag.py:4138} INFO - Setting next_dagrun for example_subdag_operator.section-2 to None, run_after=None
[2024-08-22T04:49:03.379+0000] {logging_mixin.py:190} INFO - [2024-08-22T04:49:03.379+0000] {dag.py:3211} INFO - Sync 2 DAGs
[2024-08-22T04:49:03.387+0000] {logging_mixin.py:190} INFO - [2024-08-22T04:49:03.387+0000] {dag.py:4138} INFO - Setting next_dagrun for example_subdag_operator.section-1 to None, run_after=None
[2024-08-22T04:49:03.388+0000] {logging_mixin.py:190} INFO - [2024-08-22T04:49:03.387+0000] {dag.py:4138} INFO - Setting next_dagrun for example_subdag_operator.section-2 to None, run_after=None
[2024-08-22T04:49:03.427+0000] {processor.py:208} INFO - Processing /home/airflow/.local/lib/python3.12/site-packages/airflow/example_dags/example_subdag_operator.py took 0.151 seconds
