[2024-08-22T04:42:25.453+0000] {processor.py:186} INFO - Started process (PID=60) to work on /home/airflow/.local/lib/python3.12/site-packages/airflow/example_dags/example_kubernetes_executor.py
[2024-08-22T04:42:25.454+0000] {processor.py:914} INFO - Processing file /home/airflow/.local/lib/python3.12/site-packages/airflow/example_dags/example_kubernetes_executor.py for tasks to queue
[2024-08-22T04:42:25.456+0000] {logging_mixin.py:190} INFO - [2024-08-22T04:42:25.456+0000] {dagbag.py:587} INFO - Filling up the DagBag from /home/airflow/.local/lib/python3.12/site-packages/airflow/example_dags/example_kubernetes_executor.py
[2024-08-22T04:42:25.476+0000] {processor.py:925} INFO - DAG(s) 'example_kubernetes_executor' retrieved from /home/airflow/.local/lib/python3.12/site-packages/airflow/example_dags/example_kubernetes_executor.py
[2024-08-22T04:42:25.626+0000] {logging_mixin.py:190} INFO - [2024-08-22T04:42:25.625+0000] {override.py:1858} INFO - Created Permission View: can delete on DAG:example_kubernetes_executor
[2024-08-22T04:42:25.643+0000] {logging_mixin.py:190} INFO - [2024-08-22T04:42:25.642+0000] {override.py:1858} INFO - Created Permission View: can read on DAG:example_kubernetes_executor
[2024-08-22T04:42:25.653+0000] {logging_mixin.py:190} INFO - [2024-08-22T04:42:25.652+0000] {override.py:1858} INFO - Created Permission View: can edit on DAG:example_kubernetes_executor
[2024-08-22T04:42:25.653+0000] {logging_mixin.py:190} INFO - [2024-08-22T04:42:25.653+0000] {dag.py:3211} INFO - Sync 1 DAGs
[2024-08-22T04:42:25.669+0000] {logging_mixin.py:190} INFO - [2024-08-22T04:42:25.669+0000] {dag.py:3234} INFO - Creating ORM DAG for example_kubernetes_executor
[2024-08-22T04:42:25.670+0000] {logging_mixin.py:190} INFO - [2024-08-22T04:42:25.670+0000] {dag.py:4138} INFO - Setting next_dagrun for example_kubernetes_executor to None, run_after=None
[2024-08-22T04:42:25.696+0000] {processor.py:208} INFO - Processing /home/airflow/.local/lib/python3.12/site-packages/airflow/example_dags/example_kubernetes_executor.py took 0.253 seconds
[2024-08-22T04:42:56.090+0000] {processor.py:186} INFO - Started process (PID=123) to work on /home/airflow/.local/lib/python3.12/site-packages/airflow/example_dags/example_kubernetes_executor.py
[2024-08-22T04:42:56.091+0000] {processor.py:914} INFO - Processing file /home/airflow/.local/lib/python3.12/site-packages/airflow/example_dags/example_kubernetes_executor.py for tasks to queue
[2024-08-22T04:42:56.094+0000] {logging_mixin.py:190} INFO - [2024-08-22T04:42:56.094+0000] {dagbag.py:587} INFO - Filling up the DagBag from /home/airflow/.local/lib/python3.12/site-packages/airflow/example_dags/example_kubernetes_executor.py
[2024-08-22T04:42:56.110+0000] {processor.py:925} INFO - DAG(s) 'example_kubernetes_executor' retrieved from /home/airflow/.local/lib/python3.12/site-packages/airflow/example_dags/example_kubernetes_executor.py
[2024-08-22T04:42:56.151+0000] {logging_mixin.py:190} INFO - [2024-08-22T04:42:56.151+0000] {dag.py:3211} INFO - Sync 1 DAGs
[2024-08-22T04:42:56.168+0000] {logging_mixin.py:190} INFO - [2024-08-22T04:42:56.168+0000] {dag.py:4138} INFO - Setting next_dagrun for example_kubernetes_executor to None, run_after=None
[2024-08-22T04:42:56.192+0000] {processor.py:208} INFO - Processing /home/airflow/.local/lib/python3.12/site-packages/airflow/example_dags/example_kubernetes_executor.py took 0.108 seconds
[2024-08-22T04:43:26.847+0000] {processor.py:186} INFO - Started process (PID=186) to work on /home/airflow/.local/lib/python3.12/site-packages/airflow/example_dags/example_kubernetes_executor.py
[2024-08-22T04:43:26.849+0000] {processor.py:914} INFO - Processing file /home/airflow/.local/lib/python3.12/site-packages/airflow/example_dags/example_kubernetes_executor.py for tasks to queue
[2024-08-22T04:43:26.851+0000] {logging_mixin.py:190} INFO - [2024-08-22T04:43:26.851+0000] {dagbag.py:587} INFO - Filling up the DagBag from /home/airflow/.local/lib/python3.12/site-packages/airflow/example_dags/example_kubernetes_executor.py
[2024-08-22T04:43:26.865+0000] {processor.py:925} INFO - DAG(s) 'example_kubernetes_executor' retrieved from /home/airflow/.local/lib/python3.12/site-packages/airflow/example_dags/example_kubernetes_executor.py
[2024-08-22T04:43:26.908+0000] {logging_mixin.py:190} INFO - [2024-08-22T04:43:26.907+0000] {dag.py:3211} INFO - Sync 1 DAGs
[2024-08-22T04:43:26.926+0000] {logging_mixin.py:190} INFO - [2024-08-22T04:43:26.926+0000] {dag.py:4138} INFO - Setting next_dagrun for example_kubernetes_executor to None, run_after=None
[2024-08-22T04:43:26.970+0000] {processor.py:208} INFO - Processing /home/airflow/.local/lib/python3.12/site-packages/airflow/example_dags/example_kubernetes_executor.py took 0.132 seconds
[2024-08-22T04:43:57.559+0000] {processor.py:186} INFO - Started process (PID=248) to work on /home/airflow/.local/lib/python3.12/site-packages/airflow/example_dags/example_kubernetes_executor.py
[2024-08-22T04:43:57.561+0000] {processor.py:914} INFO - Processing file /home/airflow/.local/lib/python3.12/site-packages/airflow/example_dags/example_kubernetes_executor.py for tasks to queue
[2024-08-22T04:43:57.563+0000] {logging_mixin.py:190} INFO - [2024-08-22T04:43:57.562+0000] {dagbag.py:587} INFO - Filling up the DagBag from /home/airflow/.local/lib/python3.12/site-packages/airflow/example_dags/example_kubernetes_executor.py
[2024-08-22T04:43:57.583+0000] {processor.py:925} INFO - DAG(s) 'example_kubernetes_executor' retrieved from /home/airflow/.local/lib/python3.12/site-packages/airflow/example_dags/example_kubernetes_executor.py
[2024-08-22T04:43:57.629+0000] {logging_mixin.py:190} INFO - [2024-08-22T04:43:57.629+0000] {dag.py:3211} INFO - Sync 1 DAGs
[2024-08-22T04:43:57.649+0000] {logging_mixin.py:190} INFO - [2024-08-22T04:43:57.649+0000] {dag.py:4138} INFO - Setting next_dagrun for example_kubernetes_executor to None, run_after=None
[2024-08-22T04:43:57.675+0000] {processor.py:208} INFO - Processing /home/airflow/.local/lib/python3.12/site-packages/airflow/example_dags/example_kubernetes_executor.py took 0.122 seconds
[2024-08-22T04:44:27.985+0000] {processor.py:186} INFO - Started process (PID=311) to work on /home/airflow/.local/lib/python3.12/site-packages/airflow/example_dags/example_kubernetes_executor.py
[2024-08-22T04:44:27.986+0000] {processor.py:914} INFO - Processing file /home/airflow/.local/lib/python3.12/site-packages/airflow/example_dags/example_kubernetes_executor.py for tasks to queue
[2024-08-22T04:44:27.988+0000] {logging_mixin.py:190} INFO - [2024-08-22T04:44:27.988+0000] {dagbag.py:587} INFO - Filling up the DagBag from /home/airflow/.local/lib/python3.12/site-packages/airflow/example_dags/example_kubernetes_executor.py
[2024-08-22T04:44:28.001+0000] {processor.py:925} INFO - DAG(s) 'example_kubernetes_executor' retrieved from /home/airflow/.local/lib/python3.12/site-packages/airflow/example_dags/example_kubernetes_executor.py
[2024-08-22T04:44:28.037+0000] {logging_mixin.py:190} INFO - [2024-08-22T04:44:28.037+0000] {dag.py:3211} INFO - Sync 1 DAGs
[2024-08-22T04:44:28.053+0000] {logging_mixin.py:190} INFO - [2024-08-22T04:44:28.053+0000] {dag.py:4138} INFO - Setting next_dagrun for example_kubernetes_executor to None, run_after=None
[2024-08-22T04:44:28.109+0000] {processor.py:208} INFO - Processing /home/airflow/.local/lib/python3.12/site-packages/airflow/example_dags/example_kubernetes_executor.py took 0.130 seconds
[2024-08-22T04:44:58.479+0000] {processor.py:186} INFO - Started process (PID=374) to work on /home/airflow/.local/lib/python3.12/site-packages/airflow/example_dags/example_kubernetes_executor.py
[2024-08-22T04:44:58.480+0000] {processor.py:914} INFO - Processing file /home/airflow/.local/lib/python3.12/site-packages/airflow/example_dags/example_kubernetes_executor.py for tasks to queue
[2024-08-22T04:44:58.482+0000] {logging_mixin.py:190} INFO - [2024-08-22T04:44:58.482+0000] {dagbag.py:587} INFO - Filling up the DagBag from /home/airflow/.local/lib/python3.12/site-packages/airflow/example_dags/example_kubernetes_executor.py
[2024-08-22T04:44:58.496+0000] {processor.py:925} INFO - DAG(s) 'example_kubernetes_executor' retrieved from /home/airflow/.local/lib/python3.12/site-packages/airflow/example_dags/example_kubernetes_executor.py
[2024-08-22T04:44:58.534+0000] {logging_mixin.py:190} INFO - [2024-08-22T04:44:58.534+0000] {dag.py:3211} INFO - Sync 1 DAGs
[2024-08-22T04:44:58.552+0000] {logging_mixin.py:190} INFO - [2024-08-22T04:44:58.551+0000] {dag.py:4138} INFO - Setting next_dagrun for example_kubernetes_executor to None, run_after=None
[2024-08-22T04:44:58.578+0000] {processor.py:208} INFO - Processing /home/airflow/.local/lib/python3.12/site-packages/airflow/example_dags/example_kubernetes_executor.py took 0.105 seconds
[2024-08-22T04:45:29.261+0000] {processor.py:186} INFO - Started process (PID=437) to work on /home/airflow/.local/lib/python3.12/site-packages/airflow/example_dags/example_kubernetes_executor.py
[2024-08-22T04:45:29.262+0000] {processor.py:914} INFO - Processing file /home/airflow/.local/lib/python3.12/site-packages/airflow/example_dags/example_kubernetes_executor.py for tasks to queue
[2024-08-22T04:45:29.264+0000] {logging_mixin.py:190} INFO - [2024-08-22T04:45:29.264+0000] {dagbag.py:587} INFO - Filling up the DagBag from /home/airflow/.local/lib/python3.12/site-packages/airflow/example_dags/example_kubernetes_executor.py
[2024-08-22T04:45:29.277+0000] {processor.py:925} INFO - DAG(s) 'example_kubernetes_executor' retrieved from /home/airflow/.local/lib/python3.12/site-packages/airflow/example_dags/example_kubernetes_executor.py
[2024-08-22T04:45:29.314+0000] {logging_mixin.py:190} INFO - [2024-08-22T04:45:29.314+0000] {dag.py:3211} INFO - Sync 1 DAGs
[2024-08-22T04:45:29.330+0000] {logging_mixin.py:190} INFO - [2024-08-22T04:45:29.330+0000] {dag.py:4138} INFO - Setting next_dagrun for example_kubernetes_executor to None, run_after=None
[2024-08-22T04:45:29.391+0000] {processor.py:208} INFO - Processing /home/airflow/.local/lib/python3.12/site-packages/airflow/example_dags/example_kubernetes_executor.py took 0.135 seconds
[2024-08-22T04:45:59.824+0000] {processor.py:186} INFO - Started process (PID=499) to work on /home/airflow/.local/lib/python3.12/site-packages/airflow/example_dags/example_kubernetes_executor.py
[2024-08-22T04:45:59.826+0000] {processor.py:914} INFO - Processing file /home/airflow/.local/lib/python3.12/site-packages/airflow/example_dags/example_kubernetes_executor.py for tasks to queue
[2024-08-22T04:45:59.829+0000] {logging_mixin.py:190} INFO - [2024-08-22T04:45:59.828+0000] {dagbag.py:587} INFO - Filling up the DagBag from /home/airflow/.local/lib/python3.12/site-packages/airflow/example_dags/example_kubernetes_executor.py
[2024-08-22T04:45:59.841+0000] {processor.py:925} INFO - DAG(s) 'example_kubernetes_executor' retrieved from /home/airflow/.local/lib/python3.12/site-packages/airflow/example_dags/example_kubernetes_executor.py
[2024-08-22T04:45:59.879+0000] {logging_mixin.py:190} INFO - [2024-08-22T04:45:59.879+0000] {dag.py:3211} INFO - Sync 1 DAGs
[2024-08-22T04:45:59.897+0000] {logging_mixin.py:190} INFO - [2024-08-22T04:45:59.897+0000] {dag.py:4138} INFO - Setting next_dagrun for example_kubernetes_executor to None, run_after=None
[2024-08-22T04:45:59.921+0000] {processor.py:208} INFO - Processing /home/airflow/.local/lib/python3.12/site-packages/airflow/example_dags/example_kubernetes_executor.py took 0.103 seconds
[2024-08-22T04:46:30.407+0000] {processor.py:186} INFO - Started process (PID=562) to work on /home/airflow/.local/lib/python3.12/site-packages/airflow/example_dags/example_kubernetes_executor.py
[2024-08-22T04:46:30.408+0000] {processor.py:914} INFO - Processing file /home/airflow/.local/lib/python3.12/site-packages/airflow/example_dags/example_kubernetes_executor.py for tasks to queue
[2024-08-22T04:46:30.411+0000] {logging_mixin.py:190} INFO - [2024-08-22T04:46:30.410+0000] {dagbag.py:587} INFO - Filling up the DagBag from /home/airflow/.local/lib/python3.12/site-packages/airflow/example_dags/example_kubernetes_executor.py
[2024-08-22T04:46:30.429+0000] {processor.py:925} INFO - DAG(s) 'example_kubernetes_executor' retrieved from /home/airflow/.local/lib/python3.12/site-packages/airflow/example_dags/example_kubernetes_executor.py
[2024-08-22T04:46:30.476+0000] {logging_mixin.py:190} INFO - [2024-08-22T04:46:30.476+0000] {dag.py:3211} INFO - Sync 1 DAGs
[2024-08-22T04:46:30.494+0000] {logging_mixin.py:190} INFO - [2024-08-22T04:46:30.494+0000] {dag.py:4138} INFO - Setting next_dagrun for example_kubernetes_executor to None, run_after=None
[2024-08-22T04:46:30.518+0000] {processor.py:208} INFO - Processing /home/airflow/.local/lib/python3.12/site-packages/airflow/example_dags/example_kubernetes_executor.py took 0.118 seconds
[2024-08-22T04:47:01.621+0000] {processor.py:186} INFO - Started process (PID=640) to work on /home/airflow/.local/lib/python3.12/site-packages/airflow/example_dags/example_kubernetes_executor.py
[2024-08-22T04:47:01.624+0000] {processor.py:914} INFO - Processing file /home/airflow/.local/lib/python3.12/site-packages/airflow/example_dags/example_kubernetes_executor.py for tasks to queue
[2024-08-22T04:47:01.627+0000] {logging_mixin.py:190} INFO - [2024-08-22T04:47:01.627+0000] {dagbag.py:587} INFO - Filling up the DagBag from /home/airflow/.local/lib/python3.12/site-packages/airflow/example_dags/example_kubernetes_executor.py
[2024-08-22T04:47:01.659+0000] {processor.py:925} INFO - DAG(s) 'example_kubernetes_executor' retrieved from /home/airflow/.local/lib/python3.12/site-packages/airflow/example_dags/example_kubernetes_executor.py
[2024-08-22T04:47:01.735+0000] {logging_mixin.py:190} INFO - [2024-08-22T04:47:01.735+0000] {dag.py:3211} INFO - Sync 1 DAGs
[2024-08-22T04:47:01.764+0000] {logging_mixin.py:190} INFO - [2024-08-22T04:47:01.764+0000] {dag.py:4138} INFO - Setting next_dagrun for example_kubernetes_executor to None, run_after=None
[2024-08-22T04:47:01.817+0000] {processor.py:208} INFO - Processing /home/airflow/.local/lib/python3.12/site-packages/airflow/example_dags/example_kubernetes_executor.py took 0.208 seconds
[2024-08-22T04:47:36.310+0000] {processor.py:186} INFO - Started process (PID=703) to work on /home/airflow/.local/lib/python3.12/site-packages/airflow/example_dags/example_kubernetes_executor.py
[2024-08-22T04:47:36.318+0000] {processor.py:914} INFO - Processing file /home/airflow/.local/lib/python3.12/site-packages/airflow/example_dags/example_kubernetes_executor.py for tasks to queue
[2024-08-22T04:47:36.320+0000] {logging_mixin.py:190} INFO - [2024-08-22T04:47:36.320+0000] {dagbag.py:587} INFO - Filling up the DagBag from /home/airflow/.local/lib/python3.12/site-packages/airflow/example_dags/example_kubernetes_executor.py
[2024-08-22T04:47:36.401+0000] {processor.py:925} INFO - DAG(s) 'example_kubernetes_executor' retrieved from /home/airflow/.local/lib/python3.12/site-packages/airflow/example_dags/example_kubernetes_executor.py
[2024-08-22T04:47:36.530+0000] {logging_mixin.py:190} INFO - [2024-08-22T04:47:36.529+0000] {dag.py:3211} INFO - Sync 1 DAGs
[2024-08-22T04:47:36.558+0000] {logging_mixin.py:190} INFO - [2024-08-22T04:47:36.558+0000] {dag.py:4138} INFO - Setting next_dagrun for example_kubernetes_executor to None, run_after=None
[2024-08-22T04:47:36.650+0000] {processor.py:208} INFO - Processing /home/airflow/.local/lib/python3.12/site-packages/airflow/example_dags/example_kubernetes_executor.py took 0.361 seconds
[2024-08-22T04:48:07.547+0000] {processor.py:186} INFO - Started process (PID=766) to work on /home/airflow/.local/lib/python3.12/site-packages/airflow/example_dags/example_kubernetes_executor.py
[2024-08-22T04:48:07.549+0000] {processor.py:914} INFO - Processing file /home/airflow/.local/lib/python3.12/site-packages/airflow/example_dags/example_kubernetes_executor.py for tasks to queue
[2024-08-22T04:48:07.551+0000] {logging_mixin.py:190} INFO - [2024-08-22T04:48:07.551+0000] {dagbag.py:587} INFO - Filling up the DagBag from /home/airflow/.local/lib/python3.12/site-packages/airflow/example_dags/example_kubernetes_executor.py
[2024-08-22T04:48:07.570+0000] {processor.py:925} INFO - DAG(s) 'example_kubernetes_executor' retrieved from /home/airflow/.local/lib/python3.12/site-packages/airflow/example_dags/example_kubernetes_executor.py
[2024-08-22T04:48:07.617+0000] {logging_mixin.py:190} INFO - [2024-08-22T04:48:07.617+0000] {dag.py:3211} INFO - Sync 1 DAGs
[2024-08-22T04:48:07.638+0000] {logging_mixin.py:190} INFO - [2024-08-22T04:48:07.638+0000] {dag.py:4138} INFO - Setting next_dagrun for example_kubernetes_executor to None, run_after=None
[2024-08-22T04:48:07.664+0000] {processor.py:208} INFO - Processing /home/airflow/.local/lib/python3.12/site-packages/airflow/example_dags/example_kubernetes_executor.py took 0.125 seconds
[2024-08-22T04:48:38.129+0000] {processor.py:186} INFO - Started process (PID=829) to work on /home/airflow/.local/lib/python3.12/site-packages/airflow/example_dags/example_kubernetes_executor.py
[2024-08-22T04:48:38.130+0000] {processor.py:914} INFO - Processing file /home/airflow/.local/lib/python3.12/site-packages/airflow/example_dags/example_kubernetes_executor.py for tasks to queue
[2024-08-22T04:48:38.133+0000] {logging_mixin.py:190} INFO - [2024-08-22T04:48:38.133+0000] {dagbag.py:587} INFO - Filling up the DagBag from /home/airflow/.local/lib/python3.12/site-packages/airflow/example_dags/example_kubernetes_executor.py
[2024-08-22T04:48:38.149+0000] {processor.py:925} INFO - DAG(s) 'example_kubernetes_executor' retrieved from /home/airflow/.local/lib/python3.12/site-packages/airflow/example_dags/example_kubernetes_executor.py
[2024-08-22T04:48:38.194+0000] {logging_mixin.py:190} INFO - [2024-08-22T04:48:38.194+0000] {dag.py:3211} INFO - Sync 1 DAGs
[2024-08-22T04:48:38.213+0000] {logging_mixin.py:190} INFO - [2024-08-22T04:48:38.213+0000] {dag.py:4138} INFO - Setting next_dagrun for example_kubernetes_executor to None, run_after=None
[2024-08-22T04:48:38.259+0000] {processor.py:208} INFO - Processing /home/airflow/.local/lib/python3.12/site-packages/airflow/example_dags/example_kubernetes_executor.py took 0.142 seconds
[2024-08-22T04:49:08.940+0000] {processor.py:186} INFO - Started process (PID=892) to work on /home/airflow/.local/lib/python3.12/site-packages/airflow/example_dags/example_kubernetes_executor.py
[2024-08-22T04:49:08.975+0000] {processor.py:914} INFO - Processing file /home/airflow/.local/lib/python3.12/site-packages/airflow/example_dags/example_kubernetes_executor.py for tasks to queue
[2024-08-22T04:49:08.978+0000] {logging_mixin.py:190} INFO - [2024-08-22T04:49:08.978+0000] {dagbag.py:587} INFO - Filling up the DagBag from /home/airflow/.local/lib/python3.12/site-packages/airflow/example_dags/example_kubernetes_executor.py
[2024-08-22T04:49:09.000+0000] {processor.py:925} INFO - DAG(s) 'example_kubernetes_executor' retrieved from /home/airflow/.local/lib/python3.12/site-packages/airflow/example_dags/example_kubernetes_executor.py
[2024-08-22T04:49:09.044+0000] {logging_mixin.py:190} INFO - [2024-08-22T04:49:09.044+0000] {dag.py:3211} INFO - Sync 1 DAGs
[2024-08-22T04:49:09.063+0000] {logging_mixin.py:190} INFO - [2024-08-22T04:49:09.063+0000] {dag.py:4138} INFO - Setting next_dagrun for example_kubernetes_executor to None, run_after=None
[2024-08-22T04:49:09.124+0000] {processor.py:208} INFO - Processing /home/airflow/.local/lib/python3.12/site-packages/airflow/example_dags/example_kubernetes_executor.py took 0.193 seconds
