[2024-08-22T04:42:23.190+0000] {processor.py:186} INFO - Started process (PID=47) to work on /home/airflow/.local/lib/python3.12/site-packages/airflow/example_dags/example_dag_decorator.py
[2024-08-22T04:42:23.191+0000] {processor.py:914} INFO - Processing file /home/airflow/.local/lib/python3.12/site-packages/airflow/example_dags/example_dag_decorator.py for tasks to queue
[2024-08-22T04:42:23.194+0000] {logging_mixin.py:190} INFO - [2024-08-22T04:42:23.193+0000] {dagbag.py:587} INFO - Filling up the DagBag from /home/airflow/.local/lib/python3.12/site-packages/airflow/example_dags/example_dag_decorator.py
[2024-08-22T04:42:23.216+0000] {processor.py:925} INFO - DAG(s) 'example_dag_decorator' retrieved from /home/airflow/.local/lib/python3.12/site-packages/airflow/example_dags/example_dag_decorator.py
[2024-08-22T04:42:23.371+0000] {logging_mixin.py:190} INFO - [2024-08-22T04:42:23.368+0000] {override.py:1858} INFO - Created Permission View: can delete on DAG:example_dag_decorator
[2024-08-22T04:42:23.395+0000] {logging_mixin.py:190} INFO - [2024-08-22T04:42:23.395+0000] {override.py:1858} INFO - Created Permission View: can read on DAG:example_dag_decorator
[2024-08-22T04:42:23.426+0000] {logging_mixin.py:190} INFO - [2024-08-22T04:42:23.426+0000] {override.py:1858} INFO - Created Permission View: can edit on DAG:example_dag_decorator
[2024-08-22T04:42:23.426+0000] {logging_mixin.py:190} INFO - [2024-08-22T04:42:23.426+0000] {dag.py:3211} INFO - Sync 1 DAGs
[2024-08-22T04:42:23.441+0000] {logging_mixin.py:190} INFO - [2024-08-22T04:42:23.441+0000] {dag.py:3234} INFO - Creating ORM DAG for example_dag_decorator
[2024-08-22T04:42:23.442+0000] {logging_mixin.py:190} INFO - [2024-08-22T04:42:23.442+0000] {dag.py:4138} INFO - Setting next_dagrun for example_dag_decorator to None, run_after=None
[2024-08-22T04:42:23.468+0000] {processor.py:208} INFO - Processing /home/airflow/.local/lib/python3.12/site-packages/airflow/example_dags/example_dag_decorator.py took 0.284 seconds
[2024-08-22T04:42:53.652+0000] {processor.py:186} INFO - Started process (PID=110) to work on /home/airflow/.local/lib/python3.12/site-packages/airflow/example_dags/example_dag_decorator.py
[2024-08-22T04:42:53.685+0000] {processor.py:914} INFO - Processing file /home/airflow/.local/lib/python3.12/site-packages/airflow/example_dags/example_dag_decorator.py for tasks to queue
[2024-08-22T04:42:53.689+0000] {logging_mixin.py:190} INFO - [2024-08-22T04:42:53.688+0000] {dagbag.py:587} INFO - Filling up the DagBag from /home/airflow/.local/lib/python3.12/site-packages/airflow/example_dags/example_dag_decorator.py
[2024-08-22T04:42:53.708+0000] {processor.py:925} INFO - DAG(s) 'example_dag_decorator' retrieved from /home/airflow/.local/lib/python3.12/site-packages/airflow/example_dags/example_dag_decorator.py
[2024-08-22T04:42:53.831+0000] {logging_mixin.py:190} INFO - [2024-08-22T04:42:53.831+0000] {dag.py:3211} INFO - Sync 1 DAGs
[2024-08-22T04:42:53.846+0000] {logging_mixin.py:190} INFO - [2024-08-22T04:42:53.845+0000] {dag.py:4138} INFO - Setting next_dagrun for example_dag_decorator to None, run_after=None
[2024-08-22T04:42:53.871+0000] {processor.py:208} INFO - Processing /home/airflow/.local/lib/python3.12/site-packages/airflow/example_dags/example_dag_decorator.py took 0.225 seconds
[2024-08-22T04:43:24.445+0000] {processor.py:186} INFO - Started process (PID=173) to work on /home/airflow/.local/lib/python3.12/site-packages/airflow/example_dags/example_dag_decorator.py
[2024-08-22T04:43:24.447+0000] {processor.py:914} INFO - Processing file /home/airflow/.local/lib/python3.12/site-packages/airflow/example_dags/example_dag_decorator.py for tasks to queue
[2024-08-22T04:43:24.450+0000] {logging_mixin.py:190} INFO - [2024-08-22T04:43:24.449+0000] {dagbag.py:587} INFO - Filling up the DagBag from /home/airflow/.local/lib/python3.12/site-packages/airflow/example_dags/example_dag_decorator.py
[2024-08-22T04:43:24.463+0000] {processor.py:925} INFO - DAG(s) 'example_dag_decorator' retrieved from /home/airflow/.local/lib/python3.12/site-packages/airflow/example_dags/example_dag_decorator.py
[2024-08-22T04:43:24.595+0000] {logging_mixin.py:190} INFO - [2024-08-22T04:43:24.595+0000] {dag.py:3211} INFO - Sync 1 DAGs
[2024-08-22T04:43:24.611+0000] {logging_mixin.py:190} INFO - [2024-08-22T04:43:24.611+0000] {dag.py:4138} INFO - Setting next_dagrun for example_dag_decorator to None, run_after=None
[2024-08-22T04:43:24.678+0000] {processor.py:208} INFO - Processing /home/airflow/.local/lib/python3.12/site-packages/airflow/example_dags/example_dag_decorator.py took 0.242 seconds
[2024-08-22T04:43:54.888+0000] {processor.py:186} INFO - Started process (PID=235) to work on /home/airflow/.local/lib/python3.12/site-packages/airflow/example_dags/example_dag_decorator.py
[2024-08-22T04:43:54.890+0000] {processor.py:914} INFO - Processing file /home/airflow/.local/lib/python3.12/site-packages/airflow/example_dags/example_dag_decorator.py for tasks to queue
[2024-08-22T04:43:54.894+0000] {logging_mixin.py:190} INFO - [2024-08-22T04:43:54.893+0000] {dagbag.py:587} INFO - Filling up the DagBag from /home/airflow/.local/lib/python3.12/site-packages/airflow/example_dags/example_dag_decorator.py
[2024-08-22T04:43:54.907+0000] {processor.py:925} INFO - DAG(s) 'example_dag_decorator' retrieved from /home/airflow/.local/lib/python3.12/site-packages/airflow/example_dags/example_dag_decorator.py
[2024-08-22T04:43:55.044+0000] {logging_mixin.py:190} INFO - [2024-08-22T04:43:55.043+0000] {dag.py:3211} INFO - Sync 1 DAGs
[2024-08-22T04:43:55.058+0000] {logging_mixin.py:190} INFO - [2024-08-22T04:43:55.058+0000] {dag.py:4138} INFO - Setting next_dagrun for example_dag_decorator to None, run_after=None
[2024-08-22T04:43:55.131+0000] {processor.py:208} INFO - Processing /home/airflow/.local/lib/python3.12/site-packages/airflow/example_dags/example_dag_decorator.py took 0.250 seconds
[2024-08-22T04:44:25.913+0000] {processor.py:186} INFO - Started process (PID=298) to work on /home/airflow/.local/lib/python3.12/site-packages/airflow/example_dags/example_dag_decorator.py
[2024-08-22T04:44:25.914+0000] {processor.py:914} INFO - Processing file /home/airflow/.local/lib/python3.12/site-packages/airflow/example_dags/example_dag_decorator.py for tasks to queue
[2024-08-22T04:44:25.917+0000] {logging_mixin.py:190} INFO - [2024-08-22T04:44:25.917+0000] {dagbag.py:587} INFO - Filling up the DagBag from /home/airflow/.local/lib/python3.12/site-packages/airflow/example_dags/example_dag_decorator.py
[2024-08-22T04:44:25.932+0000] {processor.py:925} INFO - DAG(s) 'example_dag_decorator' retrieved from /home/airflow/.local/lib/python3.12/site-packages/airflow/example_dags/example_dag_decorator.py
[2024-08-22T04:44:26.067+0000] {logging_mixin.py:190} INFO - [2024-08-22T04:44:26.067+0000] {dag.py:3211} INFO - Sync 1 DAGs
[2024-08-22T04:44:26.081+0000] {logging_mixin.py:190} INFO - [2024-08-22T04:44:26.081+0000] {dag.py:4138} INFO - Setting next_dagrun for example_dag_decorator to None, run_after=None
[2024-08-22T04:44:26.106+0000] {processor.py:208} INFO - Processing /home/airflow/.local/lib/python3.12/site-packages/airflow/example_dags/example_dag_decorator.py took 0.200 seconds
[2024-08-22T04:44:56.275+0000] {processor.py:186} INFO - Started process (PID=361) to work on /home/airflow/.local/lib/python3.12/site-packages/airflow/example_dags/example_dag_decorator.py
[2024-08-22T04:44:56.275+0000] {processor.py:914} INFO - Processing file /home/airflow/.local/lib/python3.12/site-packages/airflow/example_dags/example_dag_decorator.py for tasks to queue
[2024-08-22T04:44:56.278+0000] {logging_mixin.py:190} INFO - [2024-08-22T04:44:56.277+0000] {dagbag.py:587} INFO - Filling up the DagBag from /home/airflow/.local/lib/python3.12/site-packages/airflow/example_dags/example_dag_decorator.py
[2024-08-22T04:44:56.289+0000] {processor.py:925} INFO - DAG(s) 'example_dag_decorator' retrieved from /home/airflow/.local/lib/python3.12/site-packages/airflow/example_dags/example_dag_decorator.py
[2024-08-22T04:44:56.424+0000] {logging_mixin.py:190} INFO - [2024-08-22T04:44:56.424+0000] {dag.py:3211} INFO - Sync 1 DAGs
[2024-08-22T04:44:56.440+0000] {logging_mixin.py:190} INFO - [2024-08-22T04:44:56.440+0000] {dag.py:4138} INFO - Setting next_dagrun for example_dag_decorator to None, run_after=None
[2024-08-22T04:44:56.504+0000] {processor.py:208} INFO - Processing /home/airflow/.local/lib/python3.12/site-packages/airflow/example_dags/example_dag_decorator.py took 0.236 seconds
[2024-08-22T04:45:27.196+0000] {processor.py:186} INFO - Started process (PID=424) to work on /home/airflow/.local/lib/python3.12/site-packages/airflow/example_dags/example_dag_decorator.py
[2024-08-22T04:45:27.233+0000] {processor.py:914} INFO - Processing file /home/airflow/.local/lib/python3.12/site-packages/airflow/example_dags/example_dag_decorator.py for tasks to queue
[2024-08-22T04:45:27.237+0000] {logging_mixin.py:190} INFO - [2024-08-22T04:45:27.237+0000] {dagbag.py:587} INFO - Filling up the DagBag from /home/airflow/.local/lib/python3.12/site-packages/airflow/example_dags/example_dag_decorator.py
[2024-08-22T04:45:27.252+0000] {processor.py:925} INFO - DAG(s) 'example_dag_decorator' retrieved from /home/airflow/.local/lib/python3.12/site-packages/airflow/example_dags/example_dag_decorator.py
[2024-08-22T04:45:27.378+0000] {logging_mixin.py:190} INFO - [2024-08-22T04:45:27.378+0000] {dag.py:3211} INFO - Sync 1 DAGs
[2024-08-22T04:45:27.394+0000] {logging_mixin.py:190} INFO - [2024-08-22T04:45:27.394+0000] {dag.py:4138} INFO - Setting next_dagrun for example_dag_decorator to None, run_after=None
[2024-08-22T04:45:27.421+0000] {processor.py:208} INFO - Processing /home/airflow/.local/lib/python3.12/site-packages/airflow/example_dags/example_dag_decorator.py took 0.231 seconds
[2024-08-22T04:45:57.784+0000] {processor.py:186} INFO - Started process (PID=486) to work on /home/airflow/.local/lib/python3.12/site-packages/airflow/example_dags/example_dag_decorator.py
[2024-08-22T04:45:57.785+0000] {processor.py:914} INFO - Processing file /home/airflow/.local/lib/python3.12/site-packages/airflow/example_dags/example_dag_decorator.py for tasks to queue
[2024-08-22T04:45:57.789+0000] {logging_mixin.py:190} INFO - [2024-08-22T04:45:57.788+0000] {dagbag.py:587} INFO - Filling up the DagBag from /home/airflow/.local/lib/python3.12/site-packages/airflow/example_dags/example_dag_decorator.py
[2024-08-22T04:45:57.802+0000] {processor.py:925} INFO - DAG(s) 'example_dag_decorator' retrieved from /home/airflow/.local/lib/python3.12/site-packages/airflow/example_dags/example_dag_decorator.py
[2024-08-22T04:45:57.941+0000] {logging_mixin.py:190} INFO - [2024-08-22T04:45:57.941+0000] {dag.py:3211} INFO - Sync 1 DAGs
[2024-08-22T04:45:57.963+0000] {logging_mixin.py:190} INFO - [2024-08-22T04:45:57.963+0000] {dag.py:4138} INFO - Setting next_dagrun for example_dag_decorator to None, run_after=None
[2024-08-22T04:45:57.997+0000] {processor.py:208} INFO - Processing /home/airflow/.local/lib/python3.12/site-packages/airflow/example_dags/example_dag_decorator.py took 0.218 seconds
[2024-08-22T04:46:28.461+0000] {processor.py:186} INFO - Started process (PID=549) to work on /home/airflow/.local/lib/python3.12/site-packages/airflow/example_dags/example_dag_decorator.py
[2024-08-22T04:46:28.462+0000] {processor.py:914} INFO - Processing file /home/airflow/.local/lib/python3.12/site-packages/airflow/example_dags/example_dag_decorator.py for tasks to queue
[2024-08-22T04:46:28.466+0000] {logging_mixin.py:190} INFO - [2024-08-22T04:46:28.465+0000] {dagbag.py:587} INFO - Filling up the DagBag from /home/airflow/.local/lib/python3.12/site-packages/airflow/example_dags/example_dag_decorator.py
[2024-08-22T04:46:28.478+0000] {processor.py:925} INFO - DAG(s) 'example_dag_decorator' retrieved from /home/airflow/.local/lib/python3.12/site-packages/airflow/example_dags/example_dag_decorator.py
[2024-08-22T04:46:28.601+0000] {logging_mixin.py:190} INFO - [2024-08-22T04:46:28.601+0000] {dag.py:3211} INFO - Sync 1 DAGs
[2024-08-22T04:46:28.617+0000] {logging_mixin.py:190} INFO - [2024-08-22T04:46:28.616+0000] {dag.py:4138} INFO - Setting next_dagrun for example_dag_decorator to None, run_after=None
[2024-08-22T04:46:28.653+0000] {processor.py:208} INFO - Processing /home/airflow/.local/lib/python3.12/site-packages/airflow/example_dags/example_dag_decorator.py took 0.199 seconds
[2024-08-22T04:46:59.739+0000] {processor.py:186} INFO - Started process (PID=627) to work on /home/airflow/.local/lib/python3.12/site-packages/airflow/example_dags/example_dag_decorator.py
[2024-08-22T04:46:59.749+0000] {processor.py:914} INFO - Processing file /home/airflow/.local/lib/python3.12/site-packages/airflow/example_dags/example_dag_decorator.py for tasks to queue
[2024-08-22T04:46:59.752+0000] {logging_mixin.py:190} INFO - [2024-08-22T04:46:59.751+0000] {dagbag.py:587} INFO - Filling up the DagBag from /home/airflow/.local/lib/python3.12/site-packages/airflow/example_dags/example_dag_decorator.py
[2024-08-22T04:46:59.768+0000] {processor.py:925} INFO - DAG(s) 'example_dag_decorator' retrieved from /home/airflow/.local/lib/python3.12/site-packages/airflow/example_dags/example_dag_decorator.py
[2024-08-22T04:46:59.959+0000] {logging_mixin.py:190} INFO - [2024-08-22T04:46:59.958+0000] {dag.py:3211} INFO - Sync 1 DAGs
[2024-08-22T04:46:59.984+0000] {logging_mixin.py:190} INFO - [2024-08-22T04:46:59.983+0000] {dag.py:4138} INFO - Setting next_dagrun for example_dag_decorator to None, run_after=None
[2024-08-22T04:47:00.019+0000] {processor.py:208} INFO - Processing /home/airflow/.local/lib/python3.12/site-packages/airflow/example_dags/example_dag_decorator.py took 0.287 seconds
[2024-08-22T04:47:32.141+0000] {processor.py:186} INFO - Started process (PID=690) to work on /home/airflow/.local/lib/python3.12/site-packages/airflow/example_dags/example_dag_decorator.py
[2024-08-22T04:47:32.144+0000] {processor.py:914} INFO - Processing file /home/airflow/.local/lib/python3.12/site-packages/airflow/example_dags/example_dag_decorator.py for tasks to queue
[2024-08-22T04:47:32.157+0000] {logging_mixin.py:190} INFO - [2024-08-22T04:47:32.156+0000] {dagbag.py:587} INFO - Filling up the DagBag from /home/airflow/.local/lib/python3.12/site-packages/airflow/example_dags/example_dag_decorator.py
[2024-08-22T04:47:32.195+0000] {processor.py:925} INFO - DAG(s) 'example_dag_decorator' retrieved from /home/airflow/.local/lib/python3.12/site-packages/airflow/example_dags/example_dag_decorator.py
[2024-08-22T04:47:32.758+0000] {logging_mixin.py:190} INFO - [2024-08-22T04:47:32.758+0000] {dag.py:3211} INFO - Sync 1 DAGs
[2024-08-22T04:47:32.802+0000] {logging_mixin.py:190} INFO - [2024-08-22T04:47:32.802+0000] {dag.py:4138} INFO - Setting next_dagrun for example_dag_decorator to None, run_after=None
[2024-08-22T04:47:32.926+0000] {processor.py:208} INFO - Processing /home/airflow/.local/lib/python3.12/site-packages/airflow/example_dags/example_dag_decorator.py took 0.830 seconds
[2024-08-22T04:48:03.228+0000] {processor.py:186} INFO - Started process (PID=753) to work on /home/airflow/.local/lib/python3.12/site-packages/airflow/example_dags/example_dag_decorator.py
[2024-08-22T04:48:03.253+0000] {processor.py:914} INFO - Processing file /home/airflow/.local/lib/python3.12/site-packages/airflow/example_dags/example_dag_decorator.py for tasks to queue
[2024-08-22T04:48:03.257+0000] {logging_mixin.py:190} INFO - [2024-08-22T04:48:03.256+0000] {dagbag.py:587} INFO - Filling up the DagBag from /home/airflow/.local/lib/python3.12/site-packages/airflow/example_dags/example_dag_decorator.py
[2024-08-22T04:48:03.278+0000] {processor.py:925} INFO - DAG(s) 'example_dag_decorator' retrieved from /home/airflow/.local/lib/python3.12/site-packages/airflow/example_dags/example_dag_decorator.py
[2024-08-22T04:48:03.398+0000] {logging_mixin.py:190} INFO - [2024-08-22T04:48:03.398+0000] {dag.py:3211} INFO - Sync 1 DAGs
[2024-08-22T04:48:03.417+0000] {logging_mixin.py:190} INFO - [2024-08-22T04:48:03.416+0000] {dag.py:4138} INFO - Setting next_dagrun for example_dag_decorator to None, run_after=None
[2024-08-22T04:48:03.443+0000] {processor.py:208} INFO - Processing /home/airflow/.local/lib/python3.12/site-packages/airflow/example_dags/example_dag_decorator.py took 0.224 seconds
[2024-08-22T04:48:34.112+0000] {processor.py:186} INFO - Started process (PID=816) to work on /home/airflow/.local/lib/python3.12/site-packages/airflow/example_dags/example_dag_decorator.py
[2024-08-22T04:48:34.113+0000] {processor.py:914} INFO - Processing file /home/airflow/.local/lib/python3.12/site-packages/airflow/example_dags/example_dag_decorator.py for tasks to queue
[2024-08-22T04:48:34.116+0000] {logging_mixin.py:190} INFO - [2024-08-22T04:48:34.116+0000] {dagbag.py:587} INFO - Filling up the DagBag from /home/airflow/.local/lib/python3.12/site-packages/airflow/example_dags/example_dag_decorator.py
[2024-08-22T04:48:34.130+0000] {processor.py:925} INFO - DAG(s) 'example_dag_decorator' retrieved from /home/airflow/.local/lib/python3.12/site-packages/airflow/example_dags/example_dag_decorator.py
[2024-08-22T04:48:34.260+0000] {logging_mixin.py:190} INFO - [2024-08-22T04:48:34.260+0000] {dag.py:3211} INFO - Sync 1 DAGs
[2024-08-22T04:48:34.274+0000] {logging_mixin.py:190} INFO - [2024-08-22T04:48:34.274+0000] {dag.py:4138} INFO - Setting next_dagrun for example_dag_decorator to None, run_after=None
[2024-08-22T04:48:34.300+0000] {processor.py:208} INFO - Processing /home/airflow/.local/lib/python3.12/site-packages/airflow/example_dags/example_dag_decorator.py took 0.194 seconds
[2024-08-22T04:49:04.650+0000] {processor.py:186} INFO - Started process (PID=879) to work on /home/airflow/.local/lib/python3.12/site-packages/airflow/example_dags/example_dag_decorator.py
[2024-08-22T04:49:04.652+0000] {processor.py:914} INFO - Processing file /home/airflow/.local/lib/python3.12/site-packages/airflow/example_dags/example_dag_decorator.py for tasks to queue
[2024-08-22T04:49:04.654+0000] {logging_mixin.py:190} INFO - [2024-08-22T04:49:04.654+0000] {dagbag.py:587} INFO - Filling up the DagBag from /home/airflow/.local/lib/python3.12/site-packages/airflow/example_dags/example_dag_decorator.py
[2024-08-22T04:49:04.667+0000] {processor.py:925} INFO - DAG(s) 'example_dag_decorator' retrieved from /home/airflow/.local/lib/python3.12/site-packages/airflow/example_dags/example_dag_decorator.py
[2024-08-22T04:49:04.796+0000] {logging_mixin.py:190} INFO - [2024-08-22T04:49:04.796+0000] {dag.py:3211} INFO - Sync 1 DAGs
[2024-08-22T04:49:04.815+0000] {logging_mixin.py:190} INFO - [2024-08-22T04:49:04.814+0000] {dag.py:4138} INFO - Setting next_dagrun for example_dag_decorator to None, run_after=None
[2024-08-22T04:49:04.840+0000] {processor.py:208} INFO - Processing /home/airflow/.local/lib/python3.12/site-packages/airflow/example_dags/example_dag_decorator.py took 0.199 seconds
