[2024-08-22T04:42:28.071+0000] {processor.py:186} INFO - Started process (PID=76) to work on /home/airflow/.local/lib/python3.12/site-packages/airflow/example_dags/example_nested_branch_dag.py
[2024-08-22T04:42:28.072+0000] {processor.py:914} INFO - Processing file /home/airflow/.local/lib/python3.12/site-packages/airflow/example_dags/example_nested_branch_dag.py for tasks to queue
[2024-08-22T04:42:28.074+0000] {logging_mixin.py:190} INFO - [2024-08-22T04:42:28.074+0000] {dagbag.py:587} INFO - Filling up the DagBag from /home/airflow/.local/lib/python3.12/site-packages/airflow/example_dags/example_nested_branch_dag.py
[2024-08-22T04:42:28.087+0000] {processor.py:925} INFO - DAG(s) 'example_nested_branch_dag' retrieved from /home/airflow/.local/lib/python3.12/site-packages/airflow/example_dags/example_nested_branch_dag.py
[2024-08-22T04:42:28.223+0000] {logging_mixin.py:190} INFO - [2024-08-22T04:42:28.222+0000] {override.py:1858} INFO - Created Permission View: can delete on DAG:example_nested_branch_dag
[2024-08-22T04:42:28.238+0000] {logging_mixin.py:190} INFO - [2024-08-22T04:42:28.237+0000] {override.py:1858} INFO - Created Permission View: can read on DAG:example_nested_branch_dag
[2024-08-22T04:42:28.249+0000] {logging_mixin.py:190} INFO - [2024-08-22T04:42:28.249+0000] {override.py:1858} INFO - Created Permission View: can edit on DAG:example_nested_branch_dag
[2024-08-22T04:42:28.250+0000] {logging_mixin.py:190} INFO - [2024-08-22T04:42:28.249+0000] {dag.py:3211} INFO - Sync 1 DAGs
[2024-08-22T04:42:28.269+0000] {logging_mixin.py:190} INFO - [2024-08-22T04:42:28.268+0000] {dag.py:3234} INFO - Creating ORM DAG for example_nested_branch_dag
[2024-08-22T04:42:28.284+0000] {logging_mixin.py:190} INFO - [2024-08-22T04:42:28.283+0000] {dag.py:4138} INFO - Setting next_dagrun for example_nested_branch_dag to 2024-08-21 00:00:00+00:00, run_after=2024-08-22 00:00:00+00:00
[2024-08-22T04:42:28.307+0000] {processor.py:208} INFO - Processing /home/airflow/.local/lib/python3.12/site-packages/airflow/example_dags/example_nested_branch_dag.py took 0.245 seconds
[2024-08-22T04:42:58.726+0000] {processor.py:186} INFO - Started process (PID=139) to work on /home/airflow/.local/lib/python3.12/site-packages/airflow/example_dags/example_nested_branch_dag.py
[2024-08-22T04:42:58.766+0000] {processor.py:914} INFO - Processing file /home/airflow/.local/lib/python3.12/site-packages/airflow/example_dags/example_nested_branch_dag.py for tasks to queue
[2024-08-22T04:42:58.771+0000] {logging_mixin.py:190} INFO - [2024-08-22T04:42:58.770+0000] {dagbag.py:587} INFO - Filling up the DagBag from /home/airflow/.local/lib/python3.12/site-packages/airflow/example_dags/example_nested_branch_dag.py
[2024-08-22T04:42:58.787+0000] {processor.py:925} INFO - DAG(s) 'example_nested_branch_dag' retrieved from /home/airflow/.local/lib/python3.12/site-packages/airflow/example_dags/example_nested_branch_dag.py
[2024-08-22T04:42:58.814+0000] {logging_mixin.py:190} INFO - [2024-08-22T04:42:58.814+0000] {dag.py:3211} INFO - Sync 1 DAGs
[2024-08-22T04:42:58.843+0000] {logging_mixin.py:190} INFO - [2024-08-22T04:42:58.843+0000] {dag.py:4138} INFO - Setting next_dagrun for example_nested_branch_dag to 2024-08-21 00:00:00+00:00, run_after=2024-08-22 00:00:00+00:00
[2024-08-22T04:42:58.867+0000] {processor.py:208} INFO - Processing /home/airflow/.local/lib/python3.12/site-packages/airflow/example_dags/example_nested_branch_dag.py took 0.149 seconds
[2024-08-22T04:43:29.904+0000] {processor.py:186} INFO - Started process (PID=202) to work on /home/airflow/.local/lib/python3.12/site-packages/airflow/example_dags/example_nested_branch_dag.py
[2024-08-22T04:43:29.946+0000] {processor.py:914} INFO - Processing file /home/airflow/.local/lib/python3.12/site-packages/airflow/example_dags/example_nested_branch_dag.py for tasks to queue
[2024-08-22T04:43:29.949+0000] {logging_mixin.py:190} INFO - [2024-08-22T04:43:29.949+0000] {dagbag.py:587} INFO - Filling up the DagBag from /home/airflow/.local/lib/python3.12/site-packages/airflow/example_dags/example_nested_branch_dag.py
[2024-08-22T04:43:29.964+0000] {processor.py:925} INFO - DAG(s) 'example_nested_branch_dag' retrieved from /home/airflow/.local/lib/python3.12/site-packages/airflow/example_dags/example_nested_branch_dag.py
[2024-08-22T04:43:29.994+0000] {logging_mixin.py:190} INFO - [2024-08-22T04:43:29.993+0000] {dag.py:3211} INFO - Sync 1 DAGs
[2024-08-22T04:43:30.023+0000] {logging_mixin.py:190} INFO - [2024-08-22T04:43:30.023+0000] {dag.py:4138} INFO - Setting next_dagrun for example_nested_branch_dag to 2024-08-21 00:00:00+00:00, run_after=2024-08-22 00:00:00+00:00
[2024-08-22T04:43:30.050+0000] {processor.py:208} INFO - Processing /home/airflow/.local/lib/python3.12/site-packages/airflow/example_dags/example_nested_branch_dag.py took 0.154 seconds
[2024-08-22T04:44:00.293+0000] {processor.py:186} INFO - Started process (PID=264) to work on /home/airflow/.local/lib/python3.12/site-packages/airflow/example_dags/example_nested_branch_dag.py
[2024-08-22T04:44:00.294+0000] {processor.py:914} INFO - Processing file /home/airflow/.local/lib/python3.12/site-packages/airflow/example_dags/example_nested_branch_dag.py for tasks to queue
[2024-08-22T04:44:00.296+0000] {logging_mixin.py:190} INFO - [2024-08-22T04:44:00.296+0000] {dagbag.py:587} INFO - Filling up the DagBag from /home/airflow/.local/lib/python3.12/site-packages/airflow/example_dags/example_nested_branch_dag.py
[2024-08-22T04:44:00.309+0000] {processor.py:925} INFO - DAG(s) 'example_nested_branch_dag' retrieved from /home/airflow/.local/lib/python3.12/site-packages/airflow/example_dags/example_nested_branch_dag.py
[2024-08-22T04:44:00.334+0000] {logging_mixin.py:190} INFO - [2024-08-22T04:44:00.334+0000] {dag.py:3211} INFO - Sync 1 DAGs
[2024-08-22T04:44:00.367+0000] {logging_mixin.py:190} INFO - [2024-08-22T04:44:00.367+0000] {dag.py:4138} INFO - Setting next_dagrun for example_nested_branch_dag to 2024-08-21 00:00:00+00:00, run_after=2024-08-22 00:00:00+00:00
[2024-08-22T04:44:00.392+0000] {processor.py:208} INFO - Processing /home/airflow/.local/lib/python3.12/site-packages/airflow/example_dags/example_nested_branch_dag.py took 0.105 seconds
[2024-08-22T04:44:30.867+0000] {processor.py:186} INFO - Started process (PID=327) to work on /home/airflow/.local/lib/python3.12/site-packages/airflow/example_dags/example_nested_branch_dag.py
[2024-08-22T04:44:30.899+0000] {processor.py:914} INFO - Processing file /home/airflow/.local/lib/python3.12/site-packages/airflow/example_dags/example_nested_branch_dag.py for tasks to queue
[2024-08-22T04:44:30.903+0000] {logging_mixin.py:190} INFO - [2024-08-22T04:44:30.902+0000] {dagbag.py:587} INFO - Filling up the DagBag from /home/airflow/.local/lib/python3.12/site-packages/airflow/example_dags/example_nested_branch_dag.py
[2024-08-22T04:44:30.924+0000] {processor.py:925} INFO - DAG(s) 'example_nested_branch_dag' retrieved from /home/airflow/.local/lib/python3.12/site-packages/airflow/example_dags/example_nested_branch_dag.py
[2024-08-22T04:44:30.949+0000] {logging_mixin.py:190} INFO - [2024-08-22T04:44:30.949+0000] {dag.py:3211} INFO - Sync 1 DAGs
[2024-08-22T04:44:30.978+0000] {logging_mixin.py:190} INFO - [2024-08-22T04:44:30.978+0000] {dag.py:4138} INFO - Setting next_dagrun for example_nested_branch_dag to 2024-08-21 00:00:00+00:00, run_after=2024-08-22 00:00:00+00:00
[2024-08-22T04:44:31.032+0000] {processor.py:208} INFO - Processing /home/airflow/.local/lib/python3.12/site-packages/airflow/example_dags/example_nested_branch_dag.py took 0.171 seconds
[2024-08-22T04:45:01.982+0000] {processor.py:186} INFO - Started process (PID=390) to work on /home/airflow/.local/lib/python3.12/site-packages/airflow/example_dags/example_nested_branch_dag.py
[2024-08-22T04:45:01.983+0000] {processor.py:914} INFO - Processing file /home/airflow/.local/lib/python3.12/site-packages/airflow/example_dags/example_nested_branch_dag.py for tasks to queue
[2024-08-22T04:45:01.985+0000] {logging_mixin.py:190} INFO - [2024-08-22T04:45:01.985+0000] {dagbag.py:587} INFO - Filling up the DagBag from /home/airflow/.local/lib/python3.12/site-packages/airflow/example_dags/example_nested_branch_dag.py
[2024-08-22T04:45:01.997+0000] {processor.py:925} INFO - DAG(s) 'example_nested_branch_dag' retrieved from /home/airflow/.local/lib/python3.12/site-packages/airflow/example_dags/example_nested_branch_dag.py
[2024-08-22T04:45:02.021+0000] {logging_mixin.py:190} INFO - [2024-08-22T04:45:02.020+0000] {dag.py:3211} INFO - Sync 1 DAGs
[2024-08-22T04:45:02.056+0000] {logging_mixin.py:190} INFO - [2024-08-22T04:45:02.055+0000] {dag.py:4138} INFO - Setting next_dagrun for example_nested_branch_dag to 2024-08-21 00:00:00+00:00, run_after=2024-08-22 00:00:00+00:00
[2024-08-22T04:45:02.089+0000] {processor.py:208} INFO - Processing /home/airflow/.local/lib/python3.12/site-packages/airflow/example_dags/example_nested_branch_dag.py took 0.113 seconds
[2024-08-22T04:45:33.391+0000] {processor.py:186} INFO - Started process (PID=453) to work on /home/airflow/.local/lib/python3.12/site-packages/airflow/example_dags/example_nested_branch_dag.py
[2024-08-22T04:45:33.402+0000] {processor.py:914} INFO - Processing file /home/airflow/.local/lib/python3.12/site-packages/airflow/example_dags/example_nested_branch_dag.py for tasks to queue
[2024-08-22T04:45:33.404+0000] {logging_mixin.py:190} INFO - [2024-08-22T04:45:33.404+0000] {dagbag.py:587} INFO - Filling up the DagBag from /home/airflow/.local/lib/python3.12/site-packages/airflow/example_dags/example_nested_branch_dag.py
[2024-08-22T04:45:33.424+0000] {processor.py:925} INFO - DAG(s) 'example_nested_branch_dag' retrieved from /home/airflow/.local/lib/python3.12/site-packages/airflow/example_dags/example_nested_branch_dag.py
[2024-08-22T04:45:33.470+0000] {logging_mixin.py:190} INFO - [2024-08-22T04:45:33.470+0000] {dag.py:3211} INFO - Sync 1 DAGs
[2024-08-22T04:45:33.533+0000] {logging_mixin.py:190} INFO - [2024-08-22T04:45:33.525+0000] {dag.py:4138} INFO - Setting next_dagrun for example_nested_branch_dag to 2024-08-21 00:00:00+00:00, run_after=2024-08-22 00:00:00+00:00
[2024-08-22T04:45:33.586+0000] {processor.py:208} INFO - Processing /home/airflow/.local/lib/python3.12/site-packages/airflow/example_dags/example_nested_branch_dag.py took 0.207 seconds
[2024-08-22T04:46:04.217+0000] {processor.py:186} INFO - Started process (PID=515) to work on /home/airflow/.local/lib/python3.12/site-packages/airflow/example_dags/example_nested_branch_dag.py
[2024-08-22T04:46:04.218+0000] {processor.py:914} INFO - Processing file /home/airflow/.local/lib/python3.12/site-packages/airflow/example_dags/example_nested_branch_dag.py for tasks to queue
[2024-08-22T04:46:04.221+0000] {logging_mixin.py:190} INFO - [2024-08-22T04:46:04.221+0000] {dagbag.py:587} INFO - Filling up the DagBag from /home/airflow/.local/lib/python3.12/site-packages/airflow/example_dags/example_nested_branch_dag.py
[2024-08-22T04:46:04.233+0000] {processor.py:925} INFO - DAG(s) 'example_nested_branch_dag' retrieved from /home/airflow/.local/lib/python3.12/site-packages/airflow/example_dags/example_nested_branch_dag.py
[2024-08-22T04:46:04.259+0000] {logging_mixin.py:190} INFO - [2024-08-22T04:46:04.259+0000] {dag.py:3211} INFO - Sync 1 DAGs
[2024-08-22T04:46:04.291+0000] {logging_mixin.py:190} INFO - [2024-08-22T04:46:04.291+0000] {dag.py:4138} INFO - Setting next_dagrun for example_nested_branch_dag to 2024-08-21 00:00:00+00:00, run_after=2024-08-22 00:00:00+00:00
[2024-08-22T04:46:04.316+0000] {processor.py:208} INFO - Processing /home/airflow/.local/lib/python3.12/site-packages/airflow/example_dags/example_nested_branch_dag.py took 0.105 seconds
[2024-08-22T04:46:34.697+0000] {processor.py:186} INFO - Started process (PID=578) to work on /home/airflow/.local/lib/python3.12/site-packages/airflow/example_dags/example_nested_branch_dag.py
[2024-08-22T04:46:34.698+0000] {processor.py:914} INFO - Processing file /home/airflow/.local/lib/python3.12/site-packages/airflow/example_dags/example_nested_branch_dag.py for tasks to queue
[2024-08-22T04:46:34.700+0000] {logging_mixin.py:190} INFO - [2024-08-22T04:46:34.700+0000] {dagbag.py:587} INFO - Filling up the DagBag from /home/airflow/.local/lib/python3.12/site-packages/airflow/example_dags/example_nested_branch_dag.py
[2024-08-22T04:46:34.713+0000] {processor.py:925} INFO - DAG(s) 'example_nested_branch_dag' retrieved from /home/airflow/.local/lib/python3.12/site-packages/airflow/example_dags/example_nested_branch_dag.py
[2024-08-22T04:46:34.741+0000] {logging_mixin.py:190} INFO - [2024-08-22T04:46:34.741+0000] {dag.py:3211} INFO - Sync 1 DAGs
[2024-08-22T04:46:34.774+0000] {logging_mixin.py:190} INFO - [2024-08-22T04:46:34.773+0000] {dag.py:4138} INFO - Setting next_dagrun for example_nested_branch_dag to 2024-08-21 00:00:00+00:00, run_after=2024-08-22 00:00:00+00:00
[2024-08-22T04:46:34.797+0000] {processor.py:208} INFO - Processing /home/airflow/.local/lib/python3.12/site-packages/airflow/example_dags/example_nested_branch_dag.py took 0.108 seconds
[2024-08-22T04:47:06.346+0000] {processor.py:186} INFO - Started process (PID=656) to work on /home/airflow/.local/lib/python3.12/site-packages/airflow/example_dags/example_nested_branch_dag.py
[2024-08-22T04:47:06.349+0000] {processor.py:914} INFO - Processing file /home/airflow/.local/lib/python3.12/site-packages/airflow/example_dags/example_nested_branch_dag.py for tasks to queue
[2024-08-22T04:47:06.352+0000] {logging_mixin.py:190} INFO - [2024-08-22T04:47:06.352+0000] {dagbag.py:587} INFO - Filling up the DagBag from /home/airflow/.local/lib/python3.12/site-packages/airflow/example_dags/example_nested_branch_dag.py
[2024-08-22T04:47:06.378+0000] {processor.py:925} INFO - DAG(s) 'example_nested_branch_dag' retrieved from /home/airflow/.local/lib/python3.12/site-packages/airflow/example_dags/example_nested_branch_dag.py
[2024-08-22T04:47:06.405+0000] {logging_mixin.py:190} INFO - [2024-08-22T04:47:06.405+0000] {dag.py:3211} INFO - Sync 1 DAGs
[2024-08-22T04:47:06.448+0000] {logging_mixin.py:190} INFO - [2024-08-22T04:47:06.448+0000] {dag.py:4138} INFO - Setting next_dagrun for example_nested_branch_dag to 2024-08-21 00:00:00+00:00, run_after=2024-08-22 00:00:00+00:00
[2024-08-22T04:47:06.487+0000] {processor.py:208} INFO - Processing /home/airflow/.local/lib/python3.12/site-packages/airflow/example_dags/example_nested_branch_dag.py took 0.155 seconds
[2024-08-22T04:47:38.857+0000] {processor.py:186} INFO - Started process (PID=719) to work on /home/airflow/.local/lib/python3.12/site-packages/airflow/example_dags/example_nested_branch_dag.py
[2024-08-22T04:47:38.858+0000] {processor.py:914} INFO - Processing file /home/airflow/.local/lib/python3.12/site-packages/airflow/example_dags/example_nested_branch_dag.py for tasks to queue
[2024-08-22T04:47:38.860+0000] {logging_mixin.py:190} INFO - [2024-08-22T04:47:38.860+0000] {dagbag.py:587} INFO - Filling up the DagBag from /home/airflow/.local/lib/python3.12/site-packages/airflow/example_dags/example_nested_branch_dag.py
[2024-08-22T04:47:38.874+0000] {processor.py:925} INFO - DAG(s) 'example_nested_branch_dag' retrieved from /home/airflow/.local/lib/python3.12/site-packages/airflow/example_dags/example_nested_branch_dag.py
[2024-08-22T04:47:38.903+0000] {logging_mixin.py:190} INFO - [2024-08-22T04:47:38.902+0000] {dag.py:3211} INFO - Sync 1 DAGs
[2024-08-22T04:47:38.934+0000] {logging_mixin.py:190} INFO - [2024-08-22T04:47:38.934+0000] {dag.py:4138} INFO - Setting next_dagrun for example_nested_branch_dag to 2024-08-21 00:00:00+00:00, run_after=2024-08-22 00:00:00+00:00
[2024-08-22T04:47:38.959+0000] {processor.py:208} INFO - Processing /home/airflow/.local/lib/python3.12/site-packages/airflow/example_dags/example_nested_branch_dag.py took 0.109 seconds
[2024-08-22T04:48:10.013+0000] {processor.py:186} INFO - Started process (PID=782) to work on /home/airflow/.local/lib/python3.12/site-packages/airflow/example_dags/example_nested_branch_dag.py
[2024-08-22T04:48:10.014+0000] {processor.py:914} INFO - Processing file /home/airflow/.local/lib/python3.12/site-packages/airflow/example_dags/example_nested_branch_dag.py for tasks to queue
[2024-08-22T04:48:10.017+0000] {logging_mixin.py:190} INFO - [2024-08-22T04:48:10.016+0000] {dagbag.py:587} INFO - Filling up the DagBag from /home/airflow/.local/lib/python3.12/site-packages/airflow/example_dags/example_nested_branch_dag.py
[2024-08-22T04:48:10.029+0000] {processor.py:925} INFO - DAG(s) 'example_nested_branch_dag' retrieved from /home/airflow/.local/lib/python3.12/site-packages/airflow/example_dags/example_nested_branch_dag.py
[2024-08-22T04:48:10.055+0000] {logging_mixin.py:190} INFO - [2024-08-22T04:48:10.055+0000] {dag.py:3211} INFO - Sync 1 DAGs
[2024-08-22T04:48:10.093+0000] {logging_mixin.py:190} INFO - [2024-08-22T04:48:10.093+0000] {dag.py:4138} INFO - Setting next_dagrun for example_nested_branch_dag to 2024-08-21 00:00:00+00:00, run_after=2024-08-22 00:00:00+00:00
[2024-08-22T04:48:10.123+0000] {processor.py:208} INFO - Processing /home/airflow/.local/lib/python3.12/site-packages/airflow/example_dags/example_nested_branch_dag.py took 0.116 seconds
[2024-08-22T04:48:40.979+0000] {processor.py:186} INFO - Started process (PID=845) to work on /home/airflow/.local/lib/python3.12/site-packages/airflow/example_dags/example_nested_branch_dag.py
[2024-08-22T04:48:40.980+0000] {processor.py:914} INFO - Processing file /home/airflow/.local/lib/python3.12/site-packages/airflow/example_dags/example_nested_branch_dag.py for tasks to queue
[2024-08-22T04:48:40.982+0000] {logging_mixin.py:190} INFO - [2024-08-22T04:48:40.982+0000] {dagbag.py:587} INFO - Filling up the DagBag from /home/airflow/.local/lib/python3.12/site-packages/airflow/example_dags/example_nested_branch_dag.py
[2024-08-22T04:48:40.995+0000] {processor.py:925} INFO - DAG(s) 'example_nested_branch_dag' retrieved from /home/airflow/.local/lib/python3.12/site-packages/airflow/example_dags/example_nested_branch_dag.py
[2024-08-22T04:48:41.024+0000] {logging_mixin.py:190} INFO - [2024-08-22T04:48:41.024+0000] {dag.py:3211} INFO - Sync 1 DAGs
[2024-08-22T04:48:41.059+0000] {logging_mixin.py:190} INFO - [2024-08-22T04:48:41.058+0000] {dag.py:4138} INFO - Setting next_dagrun for example_nested_branch_dag to 2024-08-21 00:00:00+00:00, run_after=2024-08-22 00:00:00+00:00
[2024-08-22T04:48:41.132+0000] {processor.py:208} INFO - Processing /home/airflow/.local/lib/python3.12/site-packages/airflow/example_dags/example_nested_branch_dag.py took 0.161 seconds
[2024-08-22T04:49:11.565+0000] {processor.py:186} INFO - Started process (PID=908) to work on /home/airflow/.local/lib/python3.12/site-packages/airflow/example_dags/example_nested_branch_dag.py
[2024-08-22T04:49:11.566+0000] {processor.py:914} INFO - Processing file /home/airflow/.local/lib/python3.12/site-packages/airflow/example_dags/example_nested_branch_dag.py for tasks to queue
[2024-08-22T04:49:11.568+0000] {logging_mixin.py:190} INFO - [2024-08-22T04:49:11.568+0000] {dagbag.py:587} INFO - Filling up the DagBag from /home/airflow/.local/lib/python3.12/site-packages/airflow/example_dags/example_nested_branch_dag.py
[2024-08-22T04:49:11.580+0000] {processor.py:925} INFO - DAG(s) 'example_nested_branch_dag' retrieved from /home/airflow/.local/lib/python3.12/site-packages/airflow/example_dags/example_nested_branch_dag.py
[2024-08-22T04:49:11.605+0000] {logging_mixin.py:190} INFO - [2024-08-22T04:49:11.605+0000] {dag.py:3211} INFO - Sync 1 DAGs
[2024-08-22T04:49:11.639+0000] {logging_mixin.py:190} INFO - [2024-08-22T04:49:11.639+0000] {dag.py:4138} INFO - Setting next_dagrun for example_nested_branch_dag to 2024-08-21 00:00:00+00:00, run_after=2024-08-22 00:00:00+00:00
[2024-08-22T04:49:11.699+0000] {processor.py:208} INFO - Processing /home/airflow/.local/lib/python3.12/site-packages/airflow/example_dags/example_nested_branch_dag.py took 0.141 seconds
