[2024-08-22T04:42:29.462+0000] {processor.py:186} INFO - Started process (PID=85) to work on /home/airflow/.local/lib/python3.12/site-packages/airflow/example_dags/example_branch_labels.py
[2024-08-22T04:42:29.463+0000] {processor.py:914} INFO - Processing file /home/airflow/.local/lib/python3.12/site-packages/airflow/example_dags/example_branch_labels.py for tasks to queue
[2024-08-22T04:42:29.466+0000] {logging_mixin.py:190} INFO - [2024-08-22T04:42:29.465+0000] {dagbag.py:587} INFO - Filling up the DagBag from /home/airflow/.local/lib/python3.12/site-packages/airflow/example_dags/example_branch_labels.py
[2024-08-22T04:42:29.477+0000] {processor.py:925} INFO - DAG(s) 'example_branch_labels' retrieved from /home/airflow/.local/lib/python3.12/site-packages/airflow/example_dags/example_branch_labels.py
[2024-08-22T04:42:29.606+0000] {logging_mixin.py:190} INFO - [2024-08-22T04:42:29.605+0000] {override.py:1858} INFO - Created Permission View: can delete on DAG:example_branch_labels
[2024-08-22T04:42:29.621+0000] {logging_mixin.py:190} INFO - [2024-08-22T04:42:29.620+0000] {override.py:1858} INFO - Created Permission View: can read on DAG:example_branch_labels
[2024-08-22T04:42:29.631+0000] {logging_mixin.py:190} INFO - [2024-08-22T04:42:29.630+0000] {override.py:1858} INFO - Created Permission View: can edit on DAG:example_branch_labels
[2024-08-22T04:42:29.631+0000] {logging_mixin.py:190} INFO - [2024-08-22T04:42:29.631+0000] {dag.py:3211} INFO - Sync 1 DAGs
[2024-08-22T04:42:29.650+0000] {logging_mixin.py:190} INFO - [2024-08-22T04:42:29.650+0000] {dag.py:3234} INFO - Creating ORM DAG for example_branch_labels
[2024-08-22T04:42:29.667+0000] {logging_mixin.py:190} INFO - [2024-08-22T04:42:29.667+0000] {dag.py:4138} INFO - Setting next_dagrun for example_branch_labels to 2024-08-21 00:00:00+00:00, run_after=2024-08-22 00:00:00+00:00
[2024-08-22T04:42:29.688+0000] {processor.py:208} INFO - Processing /home/airflow/.local/lib/python3.12/site-packages/airflow/example_dags/example_branch_labels.py took 0.240 seconds
[2024-08-22T04:43:00.585+0000] {processor.py:186} INFO - Started process (PID=148) to work on /home/airflow/.local/lib/python3.12/site-packages/airflow/example_dags/example_branch_labels.py
[2024-08-22T04:43:00.586+0000] {processor.py:914} INFO - Processing file /home/airflow/.local/lib/python3.12/site-packages/airflow/example_dags/example_branch_labels.py for tasks to queue
[2024-08-22T04:43:00.588+0000] {logging_mixin.py:190} INFO - [2024-08-22T04:43:00.588+0000] {dagbag.py:587} INFO - Filling up the DagBag from /home/airflow/.local/lib/python3.12/site-packages/airflow/example_dags/example_branch_labels.py
[2024-08-22T04:43:00.596+0000] {processor.py:925} INFO - DAG(s) 'example_branch_labels' retrieved from /home/airflow/.local/lib/python3.12/site-packages/airflow/example_dags/example_branch_labels.py
[2024-08-22T04:43:00.622+0000] {logging_mixin.py:190} INFO - [2024-08-22T04:43:00.622+0000] {dag.py:3211} INFO - Sync 1 DAGs
[2024-08-22T04:43:00.653+0000] {logging_mixin.py:190} INFO - [2024-08-22T04:43:00.653+0000] {dag.py:4138} INFO - Setting next_dagrun for example_branch_labels to 2024-08-21 00:00:00+00:00, run_after=2024-08-22 00:00:00+00:00
[2024-08-22T04:43:00.720+0000] {processor.py:208} INFO - Processing /home/airflow/.local/lib/python3.12/site-packages/airflow/example_dags/example_branch_labels.py took 0.141 seconds
[2024-08-22T04:43:30.823+0000] {processor.py:186} INFO - Started process (PID=211) to work on /home/airflow/.local/lib/python3.12/site-packages/airflow/example_dags/example_branch_labels.py
[2024-08-22T04:43:30.825+0000] {processor.py:914} INFO - Processing file /home/airflow/.local/lib/python3.12/site-packages/airflow/example_dags/example_branch_labels.py for tasks to queue
[2024-08-22T04:43:30.828+0000] {logging_mixin.py:190} INFO - [2024-08-22T04:43:30.827+0000] {dagbag.py:587} INFO - Filling up the DagBag from /home/airflow/.local/lib/python3.12/site-packages/airflow/example_dags/example_branch_labels.py
[2024-08-22T04:43:30.837+0000] {processor.py:925} INFO - DAG(s) 'example_branch_labels' retrieved from /home/airflow/.local/lib/python3.12/site-packages/airflow/example_dags/example_branch_labels.py
[2024-08-22T04:43:30.861+0000] {logging_mixin.py:190} INFO - [2024-08-22T04:43:30.861+0000] {dag.py:3211} INFO - Sync 1 DAGs
[2024-08-22T04:43:30.895+0000] {logging_mixin.py:190} INFO - [2024-08-22T04:43:30.895+0000] {dag.py:4138} INFO - Setting next_dagrun for example_branch_labels to 2024-08-21 00:00:00+00:00, run_after=2024-08-22 00:00:00+00:00
[2024-08-22T04:43:30.962+0000] {processor.py:208} INFO - Processing /home/airflow/.local/lib/python3.12/site-packages/airflow/example_dags/example_branch_labels.py took 0.146 seconds
[2024-08-22T04:44:01.291+0000] {processor.py:186} INFO - Started process (PID=273) to work on /home/airflow/.local/lib/python3.12/site-packages/airflow/example_dags/example_branch_labels.py
[2024-08-22T04:44:01.292+0000] {processor.py:914} INFO - Processing file /home/airflow/.local/lib/python3.12/site-packages/airflow/example_dags/example_branch_labels.py for tasks to queue
[2024-08-22T04:44:01.296+0000] {logging_mixin.py:190} INFO - [2024-08-22T04:44:01.295+0000] {dagbag.py:587} INFO - Filling up the DagBag from /home/airflow/.local/lib/python3.12/site-packages/airflow/example_dags/example_branch_labels.py
[2024-08-22T04:44:01.309+0000] {processor.py:925} INFO - DAG(s) 'example_branch_labels' retrieved from /home/airflow/.local/lib/python3.12/site-packages/airflow/example_dags/example_branch_labels.py
[2024-08-22T04:44:01.335+0000] {logging_mixin.py:190} INFO - [2024-08-22T04:44:01.334+0000] {dag.py:3211} INFO - Sync 1 DAGs
[2024-08-22T04:44:01.367+0000] {logging_mixin.py:190} INFO - [2024-08-22T04:44:01.366+0000] {dag.py:4138} INFO - Setting next_dagrun for example_branch_labels to 2024-08-21 00:00:00+00:00, run_after=2024-08-22 00:00:00+00:00
[2024-08-22T04:44:01.392+0000] {processor.py:208} INFO - Processing /home/airflow/.local/lib/python3.12/site-packages/airflow/example_dags/example_branch_labels.py took 0.108 seconds
[2024-08-22T04:44:31.767+0000] {processor.py:186} INFO - Started process (PID=336) to work on /home/airflow/.local/lib/python3.12/site-packages/airflow/example_dags/example_branch_labels.py
[2024-08-22T04:44:31.768+0000] {processor.py:914} INFO - Processing file /home/airflow/.local/lib/python3.12/site-packages/airflow/example_dags/example_branch_labels.py for tasks to queue
[2024-08-22T04:44:31.771+0000] {logging_mixin.py:190} INFO - [2024-08-22T04:44:31.770+0000] {dagbag.py:587} INFO - Filling up the DagBag from /home/airflow/.local/lib/python3.12/site-packages/airflow/example_dags/example_branch_labels.py
[2024-08-22T04:44:31.781+0000] {processor.py:925} INFO - DAG(s) 'example_branch_labels' retrieved from /home/airflow/.local/lib/python3.12/site-packages/airflow/example_dags/example_branch_labels.py
[2024-08-22T04:44:31.806+0000] {logging_mixin.py:190} INFO - [2024-08-22T04:44:31.806+0000] {dag.py:3211} INFO - Sync 1 DAGs
[2024-08-22T04:44:31.835+0000] {logging_mixin.py:190} INFO - [2024-08-22T04:44:31.835+0000] {dag.py:4138} INFO - Setting next_dagrun for example_branch_labels to 2024-08-21 00:00:00+00:00, run_after=2024-08-22 00:00:00+00:00
[2024-08-22T04:44:31.889+0000] {processor.py:208} INFO - Processing /home/airflow/.local/lib/python3.12/site-packages/airflow/example_dags/example_branch_labels.py took 0.128 seconds
[2024-08-22T04:45:02.622+0000] {processor.py:186} INFO - Started process (PID=399) to work on /home/airflow/.local/lib/python3.12/site-packages/airflow/example_dags/example_branch_labels.py
[2024-08-22T04:45:02.623+0000] {processor.py:914} INFO - Processing file /home/airflow/.local/lib/python3.12/site-packages/airflow/example_dags/example_branch_labels.py for tasks to queue
[2024-08-22T04:45:02.626+0000] {logging_mixin.py:190} INFO - [2024-08-22T04:45:02.626+0000] {dagbag.py:587} INFO - Filling up the DagBag from /home/airflow/.local/lib/python3.12/site-packages/airflow/example_dags/example_branch_labels.py
[2024-08-22T04:45:02.638+0000] {processor.py:925} INFO - DAG(s) 'example_branch_labels' retrieved from /home/airflow/.local/lib/python3.12/site-packages/airflow/example_dags/example_branch_labels.py
[2024-08-22T04:45:02.662+0000] {logging_mixin.py:190} INFO - [2024-08-22T04:45:02.662+0000] {dag.py:3211} INFO - Sync 1 DAGs
[2024-08-22T04:45:02.692+0000] {logging_mixin.py:190} INFO - [2024-08-22T04:45:02.692+0000] {dag.py:4138} INFO - Setting next_dagrun for example_branch_labels to 2024-08-21 00:00:00+00:00, run_after=2024-08-22 00:00:00+00:00
[2024-08-22T04:45:02.717+0000] {processor.py:208} INFO - Processing /home/airflow/.local/lib/python3.12/site-packages/airflow/example_dags/example_branch_labels.py took 0.102 seconds
[2024-08-22T04:45:34.544+0000] {processor.py:186} INFO - Started process (PID=462) to work on /home/airflow/.local/lib/python3.12/site-packages/airflow/example_dags/example_branch_labels.py
[2024-08-22T04:45:34.545+0000] {processor.py:914} INFO - Processing file /home/airflow/.local/lib/python3.12/site-packages/airflow/example_dags/example_branch_labels.py for tasks to queue
[2024-08-22T04:45:34.548+0000] {logging_mixin.py:190} INFO - [2024-08-22T04:45:34.548+0000] {dagbag.py:587} INFO - Filling up the DagBag from /home/airflow/.local/lib/python3.12/site-packages/airflow/example_dags/example_branch_labels.py
[2024-08-22T04:45:34.559+0000] {processor.py:925} INFO - DAG(s) 'example_branch_labels' retrieved from /home/airflow/.local/lib/python3.12/site-packages/airflow/example_dags/example_branch_labels.py
[2024-08-22T04:45:34.591+0000] {logging_mixin.py:190} INFO - [2024-08-22T04:45:34.590+0000] {dag.py:3211} INFO - Sync 1 DAGs
[2024-08-22T04:45:34.623+0000] {logging_mixin.py:190} INFO - [2024-08-22T04:45:34.623+0000] {dag.py:4138} INFO - Setting next_dagrun for example_branch_labels to 2024-08-21 00:00:00+00:00, run_after=2024-08-22 00:00:00+00:00
[2024-08-22T04:45:34.690+0000] {processor.py:208} INFO - Processing /home/airflow/.local/lib/python3.12/site-packages/airflow/example_dags/example_branch_labels.py took 0.157 seconds
[2024-08-22T04:46:04.930+0000] {processor.py:186} INFO - Started process (PID=524) to work on /home/airflow/.local/lib/python3.12/site-packages/airflow/example_dags/example_branch_labels.py
[2024-08-22T04:46:04.931+0000] {processor.py:914} INFO - Processing file /home/airflow/.local/lib/python3.12/site-packages/airflow/example_dags/example_branch_labels.py for tasks to queue
[2024-08-22T04:46:04.933+0000] {logging_mixin.py:190} INFO - [2024-08-22T04:46:04.933+0000] {dagbag.py:587} INFO - Filling up the DagBag from /home/airflow/.local/lib/python3.12/site-packages/airflow/example_dags/example_branch_labels.py
[2024-08-22T04:46:04.943+0000] {processor.py:925} INFO - DAG(s) 'example_branch_labels' retrieved from /home/airflow/.local/lib/python3.12/site-packages/airflow/example_dags/example_branch_labels.py
[2024-08-22T04:46:04.969+0000] {logging_mixin.py:190} INFO - [2024-08-22T04:46:04.969+0000] {dag.py:3211} INFO - Sync 1 DAGs
[2024-08-22T04:46:04.999+0000] {logging_mixin.py:190} INFO - [2024-08-22T04:46:04.999+0000] {dag.py:4138} INFO - Setting next_dagrun for example_branch_labels to 2024-08-21 00:00:00+00:00, run_after=2024-08-22 00:00:00+00:00
[2024-08-22T04:46:05.020+0000] {processor.py:208} INFO - Processing /home/airflow/.local/lib/python3.12/site-packages/airflow/example_dags/example_branch_labels.py took 0.097 seconds
[2024-08-22T04:46:35.324+0000] {processor.py:186} INFO - Started process (PID=587) to work on /home/airflow/.local/lib/python3.12/site-packages/airflow/example_dags/example_branch_labels.py
[2024-08-22T04:46:35.325+0000] {processor.py:914} INFO - Processing file /home/airflow/.local/lib/python3.12/site-packages/airflow/example_dags/example_branch_labels.py for tasks to queue
[2024-08-22T04:46:35.327+0000] {logging_mixin.py:190} INFO - [2024-08-22T04:46:35.327+0000] {dagbag.py:587} INFO - Filling up the DagBag from /home/airflow/.local/lib/python3.12/site-packages/airflow/example_dags/example_branch_labels.py
[2024-08-22T04:46:35.338+0000] {processor.py:925} INFO - DAG(s) 'example_branch_labels' retrieved from /home/airflow/.local/lib/python3.12/site-packages/airflow/example_dags/example_branch_labels.py
[2024-08-22T04:46:35.359+0000] {logging_mixin.py:190} INFO - [2024-08-22T04:46:35.358+0000] {dag.py:3211} INFO - Sync 1 DAGs
[2024-08-22T04:46:35.388+0000] {logging_mixin.py:190} INFO - [2024-08-22T04:46:35.388+0000] {dag.py:4138} INFO - Setting next_dagrun for example_branch_labels to 2024-08-21 00:00:00+00:00, run_after=2024-08-22 00:00:00+00:00
[2024-08-22T04:46:35.410+0000] {processor.py:208} INFO - Processing /home/airflow/.local/lib/python3.12/site-packages/airflow/example_dags/example_branch_labels.py took 0.092 seconds
[2024-08-22T04:47:07.409+0000] {processor.py:186} INFO - Started process (PID=665) to work on /home/airflow/.local/lib/python3.12/site-packages/airflow/example_dags/example_branch_labels.py
[2024-08-22T04:47:07.410+0000] {processor.py:914} INFO - Processing file /home/airflow/.local/lib/python3.12/site-packages/airflow/example_dags/example_branch_labels.py for tasks to queue
[2024-08-22T04:47:07.413+0000] {logging_mixin.py:190} INFO - [2024-08-22T04:47:07.413+0000] {dagbag.py:587} INFO - Filling up the DagBag from /home/airflow/.local/lib/python3.12/site-packages/airflow/example_dags/example_branch_labels.py
[2024-08-22T04:47:07.425+0000] {processor.py:925} INFO - DAG(s) 'example_branch_labels' retrieved from /home/airflow/.local/lib/python3.12/site-packages/airflow/example_dags/example_branch_labels.py
[2024-08-22T04:47:07.456+0000] {logging_mixin.py:190} INFO - [2024-08-22T04:47:07.456+0000] {dag.py:3211} INFO - Sync 1 DAGs
[2024-08-22T04:47:07.490+0000] {logging_mixin.py:190} INFO - [2024-08-22T04:47:07.490+0000] {dag.py:4138} INFO - Setting next_dagrun for example_branch_labels to 2024-08-21 00:00:00+00:00, run_after=2024-08-22 00:00:00+00:00
[2024-08-22T04:47:07.514+0000] {processor.py:208} INFO - Processing /home/airflow/.local/lib/python3.12/site-packages/airflow/example_dags/example_branch_labels.py took 0.112 seconds
[2024-08-22T04:47:39.561+0000] {processor.py:186} INFO - Started process (PID=728) to work on /home/airflow/.local/lib/python3.12/site-packages/airflow/example_dags/example_branch_labels.py
[2024-08-22T04:47:39.561+0000] {processor.py:914} INFO - Processing file /home/airflow/.local/lib/python3.12/site-packages/airflow/example_dags/example_branch_labels.py for tasks to queue
[2024-08-22T04:47:39.564+0000] {logging_mixin.py:190} INFO - [2024-08-22T04:47:39.564+0000] {dagbag.py:587} INFO - Filling up the DagBag from /home/airflow/.local/lib/python3.12/site-packages/airflow/example_dags/example_branch_labels.py
[2024-08-22T04:47:39.580+0000] {processor.py:925} INFO - DAG(s) 'example_branch_labels' retrieved from /home/airflow/.local/lib/python3.12/site-packages/airflow/example_dags/example_branch_labels.py
[2024-08-22T04:47:39.604+0000] {logging_mixin.py:190} INFO - [2024-08-22T04:47:39.604+0000] {dag.py:3211} INFO - Sync 1 DAGs
[2024-08-22T04:47:39.635+0000] {logging_mixin.py:190} INFO - [2024-08-22T04:47:39.635+0000] {dag.py:4138} INFO - Setting next_dagrun for example_branch_labels to 2024-08-21 00:00:00+00:00, run_after=2024-08-22 00:00:00+00:00
[2024-08-22T04:47:39.666+0000] {processor.py:208} INFO - Processing /home/airflow/.local/lib/python3.12/site-packages/airflow/example_dags/example_branch_labels.py took 0.119 seconds
[2024-08-22T04:48:10.659+0000] {processor.py:186} INFO - Started process (PID=791) to work on /home/airflow/.local/lib/python3.12/site-packages/airflow/example_dags/example_branch_labels.py
[2024-08-22T04:48:10.660+0000] {processor.py:914} INFO - Processing file /home/airflow/.local/lib/python3.12/site-packages/airflow/example_dags/example_branch_labels.py for tasks to queue
[2024-08-22T04:48:10.665+0000] {logging_mixin.py:190} INFO - [2024-08-22T04:48:10.664+0000] {dagbag.py:587} INFO - Filling up the DagBag from /home/airflow/.local/lib/python3.12/site-packages/airflow/example_dags/example_branch_labels.py
[2024-08-22T04:48:10.676+0000] {processor.py:925} INFO - DAG(s) 'example_branch_labels' retrieved from /home/airflow/.local/lib/python3.12/site-packages/airflow/example_dags/example_branch_labels.py
[2024-08-22T04:48:10.699+0000] {logging_mixin.py:190} INFO - [2024-08-22T04:48:10.699+0000] {dag.py:3211} INFO - Sync 1 DAGs
[2024-08-22T04:48:10.733+0000] {logging_mixin.py:190} INFO - [2024-08-22T04:48:10.732+0000] {dag.py:4138} INFO - Setting next_dagrun for example_branch_labels to 2024-08-21 00:00:00+00:00, run_after=2024-08-22 00:00:00+00:00
[2024-08-22T04:48:10.760+0000] {processor.py:208} INFO - Processing /home/airflow/.local/lib/python3.12/site-packages/airflow/example_dags/example_branch_labels.py took 0.108 seconds
[2024-08-22T04:48:41.821+0000] {processor.py:186} INFO - Started process (PID=854) to work on /home/airflow/.local/lib/python3.12/site-packages/airflow/example_dags/example_branch_labels.py
[2024-08-22T04:48:41.822+0000] {processor.py:914} INFO - Processing file /home/airflow/.local/lib/python3.12/site-packages/airflow/example_dags/example_branch_labels.py for tasks to queue
[2024-08-22T04:48:41.826+0000] {logging_mixin.py:190} INFO - [2024-08-22T04:48:41.825+0000] {dagbag.py:587} INFO - Filling up the DagBag from /home/airflow/.local/lib/python3.12/site-packages/airflow/example_dags/example_branch_labels.py
[2024-08-22T04:48:41.838+0000] {processor.py:925} INFO - DAG(s) 'example_branch_labels' retrieved from /home/airflow/.local/lib/python3.12/site-packages/airflow/example_dags/example_branch_labels.py
[2024-08-22T04:48:41.866+0000] {logging_mixin.py:190} INFO - [2024-08-22T04:48:41.865+0000] {dag.py:3211} INFO - Sync 1 DAGs
[2024-08-22T04:48:41.897+0000] {logging_mixin.py:190} INFO - [2024-08-22T04:48:41.897+0000] {dag.py:4138} INFO - Setting next_dagrun for example_branch_labels to 2024-08-21 00:00:00+00:00, run_after=2024-08-22 00:00:00+00:00
[2024-08-22T04:48:41.939+0000] {processor.py:208} INFO - Processing /home/airflow/.local/lib/python3.12/site-packages/airflow/example_dags/example_branch_labels.py took 0.129 seconds
[2024-08-22T04:49:12.330+0000] {processor.py:186} INFO - Started process (PID=917) to work on /home/airflow/.local/lib/python3.12/site-packages/airflow/example_dags/example_branch_labels.py
[2024-08-22T04:49:12.332+0000] {processor.py:914} INFO - Processing file /home/airflow/.local/lib/python3.12/site-packages/airflow/example_dags/example_branch_labels.py for tasks to queue
[2024-08-22T04:49:12.335+0000] {logging_mixin.py:190} INFO - [2024-08-22T04:49:12.334+0000] {dagbag.py:587} INFO - Filling up the DagBag from /home/airflow/.local/lib/python3.12/site-packages/airflow/example_dags/example_branch_labels.py
[2024-08-22T04:49:12.345+0000] {processor.py:925} INFO - DAG(s) 'example_branch_labels' retrieved from /home/airflow/.local/lib/python3.12/site-packages/airflow/example_dags/example_branch_labels.py
[2024-08-22T04:49:12.373+0000] {logging_mixin.py:190} INFO - [2024-08-22T04:49:12.372+0000] {dag.py:3211} INFO - Sync 1 DAGs
[2024-08-22T04:49:12.405+0000] {logging_mixin.py:190} INFO - [2024-08-22T04:49:12.405+0000] {dag.py:4138} INFO - Setting next_dagrun for example_branch_labels to 2024-08-21 00:00:00+00:00, run_after=2024-08-22 00:00:00+00:00
[2024-08-22T04:49:12.434+0000] {processor.py:208} INFO - Processing /home/airflow/.local/lib/python3.12/site-packages/airflow/example_dags/example_branch_labels.py took 0.111 seconds
