[2024-08-22T04:42:26.495+0000] {processor.py:186} INFO - Started process (PID=68) to work on /home/airflow/.local/lib/python3.12/site-packages/airflow/example_dags/tutorial_dag.py
[2024-08-22T04:42:26.496+0000] {processor.py:914} INFO - Processing file /home/airflow/.local/lib/python3.12/site-packages/airflow/example_dags/tutorial_dag.py for tasks to queue
[2024-08-22T04:42:26.498+0000] {logging_mixin.py:190} INFO - [2024-08-22T04:42:26.497+0000] {dagbag.py:587} INFO - Filling up the DagBag from /home/airflow/.local/lib/python3.12/site-packages/airflow/example_dags/tutorial_dag.py
[2024-08-22T04:42:26.506+0000] {processor.py:925} INFO - DAG(s) 'tutorial_dag' retrieved from /home/airflow/.local/lib/python3.12/site-packages/airflow/example_dags/tutorial_dag.py
[2024-08-22T04:42:26.638+0000] {logging_mixin.py:190} INFO - [2024-08-22T04:42:26.637+0000] {override.py:1858} INFO - Created Permission View: can delete on DAG:tutorial_dag
[2024-08-22T04:42:26.658+0000] {logging_mixin.py:190} INFO - [2024-08-22T04:42:26.657+0000] {override.py:1858} INFO - Created Permission View: can read on DAG:tutorial_dag
[2024-08-22T04:42:26.668+0000] {logging_mixin.py:190} INFO - [2024-08-22T04:42:26.668+0000] {override.py:1858} INFO - Created Permission View: can edit on DAG:tutorial_dag
[2024-08-22T04:42:26.669+0000] {logging_mixin.py:190} INFO - [2024-08-22T04:42:26.668+0000] {dag.py:3211} INFO - Sync 1 DAGs
[2024-08-22T04:42:26.684+0000] {logging_mixin.py:190} INFO - [2024-08-22T04:42:26.684+0000] {dag.py:3234} INFO - Creating ORM DAG for tutorial_dag
[2024-08-22T04:42:26.685+0000] {logging_mixin.py:190} INFO - [2024-08-22T04:42:26.685+0000] {dag.py:4138} INFO - Setting next_dagrun for tutorial_dag to None, run_after=None
[2024-08-22T04:42:26.708+0000] {processor.py:208} INFO - Processing /home/airflow/.local/lib/python3.12/site-packages/airflow/example_dags/tutorial_dag.py took 0.219 seconds
[2024-08-22T04:42:57.703+0000] {processor.py:186} INFO - Started process (PID=131) to work on /home/airflow/.local/lib/python3.12/site-packages/airflow/example_dags/tutorial_dag.py
[2024-08-22T04:42:57.753+0000] {processor.py:914} INFO - Processing file /home/airflow/.local/lib/python3.12/site-packages/airflow/example_dags/tutorial_dag.py for tasks to queue
[2024-08-22T04:42:57.755+0000] {logging_mixin.py:190} INFO - [2024-08-22T04:42:57.755+0000] {dagbag.py:587} INFO - Filling up the DagBag from /home/airflow/.local/lib/python3.12/site-packages/airflow/example_dags/tutorial_dag.py
[2024-08-22T04:42:57.763+0000] {processor.py:925} INFO - DAG(s) 'tutorial_dag' retrieved from /home/airflow/.local/lib/python3.12/site-packages/airflow/example_dags/tutorial_dag.py
[2024-08-22T04:42:57.785+0000] {logging_mixin.py:190} INFO - [2024-08-22T04:42:57.784+0000] {dag.py:3211} INFO - Sync 1 DAGs
[2024-08-22T04:42:57.807+0000] {logging_mixin.py:190} INFO - [2024-08-22T04:42:57.807+0000] {dag.py:4138} INFO - Setting next_dagrun for tutorial_dag to None, run_after=None
[2024-08-22T04:42:57.839+0000] {processor.py:208} INFO - Processing /home/airflow/.local/lib/python3.12/site-packages/airflow/example_dags/tutorial_dag.py took 0.154 seconds
[2024-08-22T04:43:28.722+0000] {processor.py:186} INFO - Started process (PID=194) to work on /home/airflow/.local/lib/python3.12/site-packages/airflow/example_dags/tutorial_dag.py
[2024-08-22T04:43:28.754+0000] {processor.py:914} INFO - Processing file /home/airflow/.local/lib/python3.12/site-packages/airflow/example_dags/tutorial_dag.py for tasks to queue
[2024-08-22T04:43:28.757+0000] {logging_mixin.py:190} INFO - [2024-08-22T04:43:28.757+0000] {dagbag.py:587} INFO - Filling up the DagBag from /home/airflow/.local/lib/python3.12/site-packages/airflow/example_dags/tutorial_dag.py
[2024-08-22T04:43:28.770+0000] {processor.py:925} INFO - DAG(s) 'tutorial_dag' retrieved from /home/airflow/.local/lib/python3.12/site-packages/airflow/example_dags/tutorial_dag.py
[2024-08-22T04:43:28.800+0000] {logging_mixin.py:190} INFO - [2024-08-22T04:43:28.800+0000] {dag.py:3211} INFO - Sync 1 DAGs
[2024-08-22T04:43:28.827+0000] {logging_mixin.py:190} INFO - [2024-08-22T04:43:28.827+0000] {dag.py:4138} INFO - Setting next_dagrun for tutorial_dag to None, run_after=None
[2024-08-22T04:43:28.891+0000] {processor.py:208} INFO - Processing /home/airflow/.local/lib/python3.12/site-packages/airflow/example_dags/tutorial_dag.py took 0.175 seconds
[2024-08-22T04:43:59.174+0000] {processor.py:186} INFO - Started process (PID=256) to work on /home/airflow/.local/lib/python3.12/site-packages/airflow/example_dags/tutorial_dag.py
[2024-08-22T04:43:59.174+0000] {processor.py:914} INFO - Processing file /home/airflow/.local/lib/python3.12/site-packages/airflow/example_dags/tutorial_dag.py for tasks to queue
[2024-08-22T04:43:59.177+0000] {logging_mixin.py:190} INFO - [2024-08-22T04:43:59.176+0000] {dagbag.py:587} INFO - Filling up the DagBag from /home/airflow/.local/lib/python3.12/site-packages/airflow/example_dags/tutorial_dag.py
[2024-08-22T04:43:59.186+0000] {processor.py:925} INFO - DAG(s) 'tutorial_dag' retrieved from /home/airflow/.local/lib/python3.12/site-packages/airflow/example_dags/tutorial_dag.py
[2024-08-22T04:43:59.227+0000] {logging_mixin.py:190} INFO - [2024-08-22T04:43:59.227+0000] {dag.py:3211} INFO - Sync 1 DAGs
[2024-08-22T04:43:59.262+0000] {logging_mixin.py:190} INFO - [2024-08-22T04:43:59.261+0000] {dag.py:4138} INFO - Setting next_dagrun for tutorial_dag to None, run_after=None
[2024-08-22T04:43:59.291+0000] {processor.py:208} INFO - Processing /home/airflow/.local/lib/python3.12/site-packages/airflow/example_dags/tutorial_dag.py took 0.127 seconds
[2024-08-22T04:44:29.688+0000] {processor.py:186} INFO - Started process (PID=319) to work on /home/airflow/.local/lib/python3.12/site-packages/airflow/example_dags/tutorial_dag.py
[2024-08-22T04:44:29.689+0000] {processor.py:914} INFO - Processing file /home/airflow/.local/lib/python3.12/site-packages/airflow/example_dags/tutorial_dag.py for tasks to queue
[2024-08-22T04:44:29.692+0000] {logging_mixin.py:190} INFO - [2024-08-22T04:44:29.691+0000] {dagbag.py:587} INFO - Filling up the DagBag from /home/airflow/.local/lib/python3.12/site-packages/airflow/example_dags/tutorial_dag.py
[2024-08-22T04:44:29.700+0000] {processor.py:925} INFO - DAG(s) 'tutorial_dag' retrieved from /home/airflow/.local/lib/python3.12/site-packages/airflow/example_dags/tutorial_dag.py
[2024-08-22T04:44:29.723+0000] {logging_mixin.py:190} INFO - [2024-08-22T04:44:29.722+0000] {dag.py:3211} INFO - Sync 1 DAGs
[2024-08-22T04:44:29.743+0000] {logging_mixin.py:190} INFO - [2024-08-22T04:44:29.742+0000] {dag.py:4138} INFO - Setting next_dagrun for tutorial_dag to None, run_after=None
[2024-08-22T04:44:29.769+0000] {processor.py:208} INFO - Processing /home/airflow/.local/lib/python3.12/site-packages/airflow/example_dags/tutorial_dag.py took 0.088 seconds
[2024-08-22T04:44:59.957+0000] {processor.py:186} INFO - Started process (PID=382) to work on /home/airflow/.local/lib/python3.12/site-packages/airflow/example_dags/tutorial_dag.py
[2024-08-22T04:44:59.957+0000] {processor.py:914} INFO - Processing file /home/airflow/.local/lib/python3.12/site-packages/airflow/example_dags/tutorial_dag.py for tasks to queue
[2024-08-22T04:44:59.960+0000] {logging_mixin.py:190} INFO - [2024-08-22T04:44:59.959+0000] {dagbag.py:587} INFO - Filling up the DagBag from /home/airflow/.local/lib/python3.12/site-packages/airflow/example_dags/tutorial_dag.py
[2024-08-22T04:44:59.968+0000] {processor.py:925} INFO - DAG(s) 'tutorial_dag' retrieved from /home/airflow/.local/lib/python3.12/site-packages/airflow/example_dags/tutorial_dag.py
[2024-08-22T04:44:59.996+0000] {logging_mixin.py:190} INFO - [2024-08-22T04:44:59.995+0000] {dag.py:3211} INFO - Sync 1 DAGs
[2024-08-22T04:45:00.021+0000] {logging_mixin.py:190} INFO - [2024-08-22T04:45:00.020+0000] {dag.py:4138} INFO - Setting next_dagrun for tutorial_dag to None, run_after=None
[2024-08-22T04:45:00.048+0000] {processor.py:208} INFO - Processing /home/airflow/.local/lib/python3.12/site-packages/airflow/example_dags/tutorial_dag.py took 0.099 seconds
[2024-08-22T04:45:30.919+0000] {processor.py:186} INFO - Started process (PID=445) to work on /home/airflow/.local/lib/python3.12/site-packages/airflow/example_dags/tutorial_dag.py
[2024-08-22T04:45:30.951+0000] {processor.py:914} INFO - Processing file /home/airflow/.local/lib/python3.12/site-packages/airflow/example_dags/tutorial_dag.py for tasks to queue
[2024-08-22T04:45:30.954+0000] {logging_mixin.py:190} INFO - [2024-08-22T04:45:30.954+0000] {dagbag.py:587} INFO - Filling up the DagBag from /home/airflow/.local/lib/python3.12/site-packages/airflow/example_dags/tutorial_dag.py
[2024-08-22T04:45:30.965+0000] {processor.py:925} INFO - DAG(s) 'tutorial_dag' retrieved from /home/airflow/.local/lib/python3.12/site-packages/airflow/example_dags/tutorial_dag.py
[2024-08-22T04:45:30.991+0000] {logging_mixin.py:190} INFO - [2024-08-22T04:45:30.991+0000] {dag.py:3211} INFO - Sync 1 DAGs
[2024-08-22T04:45:31.009+0000] {logging_mixin.py:190} INFO - [2024-08-22T04:45:31.009+0000] {dag.py:4138} INFO - Setting next_dagrun for tutorial_dag to None, run_after=None
[2024-08-22T04:45:31.035+0000] {processor.py:208} INFO - Processing /home/airflow/.local/lib/python3.12/site-packages/airflow/example_dags/tutorial_dag.py took 0.121 seconds
[2024-08-22T04:46:01.396+0000] {processor.py:186} INFO - Started process (PID=507) to work on /home/airflow/.local/lib/python3.12/site-packages/airflow/example_dags/tutorial_dag.py
[2024-08-22T04:46:01.397+0000] {processor.py:914} INFO - Processing file /home/airflow/.local/lib/python3.12/site-packages/airflow/example_dags/tutorial_dag.py for tasks to queue
[2024-08-22T04:46:01.400+0000] {logging_mixin.py:190} INFO - [2024-08-22T04:46:01.399+0000] {dagbag.py:587} INFO - Filling up the DagBag from /home/airflow/.local/lib/python3.12/site-packages/airflow/example_dags/tutorial_dag.py
[2024-08-22T04:46:01.408+0000] {processor.py:925} INFO - DAG(s) 'tutorial_dag' retrieved from /home/airflow/.local/lib/python3.12/site-packages/airflow/example_dags/tutorial_dag.py
[2024-08-22T04:46:01.431+0000] {logging_mixin.py:190} INFO - [2024-08-22T04:46:01.431+0000] {dag.py:3211} INFO - Sync 1 DAGs
[2024-08-22T04:46:01.448+0000] {logging_mixin.py:190} INFO - [2024-08-22T04:46:01.447+0000] {dag.py:4138} INFO - Setting next_dagrun for tutorial_dag to None, run_after=None
[2024-08-22T04:46:01.481+0000] {processor.py:208} INFO - Processing /home/airflow/.local/lib/python3.12/site-packages/airflow/example_dags/tutorial_dag.py took 0.093 seconds
[2024-08-22T04:46:31.876+0000] {processor.py:186} INFO - Started process (PID=570) to work on /home/airflow/.local/lib/python3.12/site-packages/airflow/example_dags/tutorial_dag.py
[2024-08-22T04:46:31.877+0000] {processor.py:914} INFO - Processing file /home/airflow/.local/lib/python3.12/site-packages/airflow/example_dags/tutorial_dag.py for tasks to queue
[2024-08-22T04:46:31.879+0000] {logging_mixin.py:190} INFO - [2024-08-22T04:46:31.879+0000] {dagbag.py:587} INFO - Filling up the DagBag from /home/airflow/.local/lib/python3.12/site-packages/airflow/example_dags/tutorial_dag.py
[2024-08-22T04:46:31.887+0000] {processor.py:925} INFO - DAG(s) 'tutorial_dag' retrieved from /home/airflow/.local/lib/python3.12/site-packages/airflow/example_dags/tutorial_dag.py
[2024-08-22T04:46:31.910+0000] {logging_mixin.py:190} INFO - [2024-08-22T04:46:31.910+0000] {dag.py:3211} INFO - Sync 1 DAGs
[2024-08-22T04:46:31.930+0000] {logging_mixin.py:190} INFO - [2024-08-22T04:46:31.930+0000] {dag.py:4138} INFO - Setting next_dagrun for tutorial_dag to None, run_after=None
[2024-08-22T04:46:31.964+0000] {processor.py:208} INFO - Processing /home/airflow/.local/lib/python3.12/site-packages/airflow/example_dags/tutorial_dag.py took 0.098 seconds
[2024-08-22T04:47:02.549+0000] {processor.py:186} INFO - Started process (PID=648) to work on /home/airflow/.local/lib/python3.12/site-packages/airflow/example_dags/tutorial_dag.py
[2024-08-22T04:47:02.560+0000] {processor.py:914} INFO - Processing file /home/airflow/.local/lib/python3.12/site-packages/airflow/example_dags/tutorial_dag.py for tasks to queue
[2024-08-22T04:47:02.564+0000] {logging_mixin.py:190} INFO - [2024-08-22T04:47:02.561+0000] {dagbag.py:587} INFO - Filling up the DagBag from /home/airflow/.local/lib/python3.12/site-packages/airflow/example_dags/tutorial_dag.py
[2024-08-22T04:47:02.579+0000] {processor.py:925} INFO - DAG(s) 'tutorial_dag' retrieved from /home/airflow/.local/lib/python3.12/site-packages/airflow/example_dags/tutorial_dag.py
[2024-08-22T04:47:02.630+0000] {logging_mixin.py:190} INFO - [2024-08-22T04:47:02.630+0000] {dag.py:3211} INFO - Sync 1 DAGs
[2024-08-22T04:47:02.665+0000] {logging_mixin.py:190} INFO - [2024-08-22T04:47:02.664+0000] {dag.py:4138} INFO - Setting next_dagrun for tutorial_dag to None, run_after=None
[2024-08-22T04:47:02.704+0000] {processor.py:208} INFO - Processing /home/airflow/.local/lib/python3.12/site-packages/airflow/example_dags/tutorial_dag.py took 0.169 seconds
[2024-08-22T04:47:37.698+0000] {processor.py:186} INFO - Started process (PID=711) to work on /home/airflow/.local/lib/python3.12/site-packages/airflow/example_dags/tutorial_dag.py
[2024-08-22T04:47:37.699+0000] {processor.py:914} INFO - Processing file /home/airflow/.local/lib/python3.12/site-packages/airflow/example_dags/tutorial_dag.py for tasks to queue
[2024-08-22T04:47:37.704+0000] {logging_mixin.py:190} INFO - [2024-08-22T04:47:37.701+0000] {dagbag.py:587} INFO - Filling up the DagBag from /home/airflow/.local/lib/python3.12/site-packages/airflow/example_dags/tutorial_dag.py
[2024-08-22T04:47:37.714+0000] {processor.py:925} INFO - DAG(s) 'tutorial_dag' retrieved from /home/airflow/.local/lib/python3.12/site-packages/airflow/example_dags/tutorial_dag.py
[2024-08-22T04:47:37.750+0000] {logging_mixin.py:190} INFO - [2024-08-22T04:47:37.748+0000] {dag.py:3211} INFO - Sync 1 DAGs
[2024-08-22T04:47:37.772+0000] {logging_mixin.py:190} INFO - [2024-08-22T04:47:37.772+0000] {dag.py:4138} INFO - Setting next_dagrun for tutorial_dag to None, run_after=None
[2024-08-22T04:47:37.819+0000] {processor.py:208} INFO - Processing /home/airflow/.local/lib/python3.12/site-packages/airflow/example_dags/tutorial_dag.py took 0.129 seconds
[2024-08-22T04:48:08.051+0000] {processor.py:186} INFO - Started process (PID=774) to work on /home/airflow/.local/lib/python3.12/site-packages/airflow/example_dags/tutorial_dag.py
[2024-08-22T04:48:08.052+0000] {processor.py:914} INFO - Processing file /home/airflow/.local/lib/python3.12/site-packages/airflow/example_dags/tutorial_dag.py for tasks to queue
[2024-08-22T04:48:08.055+0000] {logging_mixin.py:190} INFO - [2024-08-22T04:48:08.055+0000] {dagbag.py:587} INFO - Filling up the DagBag from /home/airflow/.local/lib/python3.12/site-packages/airflow/example_dags/tutorial_dag.py
[2024-08-22T04:48:08.064+0000] {processor.py:925} INFO - DAG(s) 'tutorial_dag' retrieved from /home/airflow/.local/lib/python3.12/site-packages/airflow/example_dags/tutorial_dag.py
[2024-08-22T04:48:08.091+0000] {logging_mixin.py:190} INFO - [2024-08-22T04:48:08.091+0000] {dag.py:3211} INFO - Sync 1 DAGs
[2024-08-22T04:48:08.111+0000] {logging_mixin.py:190} INFO - [2024-08-22T04:48:08.110+0000] {dag.py:4138} INFO - Setting next_dagrun for tutorial_dag to None, run_after=None
[2024-08-22T04:48:08.140+0000] {processor.py:208} INFO - Processing /home/airflow/.local/lib/python3.12/site-packages/airflow/example_dags/tutorial_dag.py took 0.096 seconds
[2024-08-22T04:48:38.963+0000] {processor.py:186} INFO - Started process (PID=837) to work on /home/airflow/.local/lib/python3.12/site-packages/airflow/example_dags/tutorial_dag.py
[2024-08-22T04:48:38.979+0000] {processor.py:914} INFO - Processing file /home/airflow/.local/lib/python3.12/site-packages/airflow/example_dags/tutorial_dag.py for tasks to queue
[2024-08-22T04:48:38.981+0000] {logging_mixin.py:190} INFO - [2024-08-22T04:48:38.981+0000] {dagbag.py:587} INFO - Filling up the DagBag from /home/airflow/.local/lib/python3.12/site-packages/airflow/example_dags/tutorial_dag.py
[2024-08-22T04:48:38.989+0000] {processor.py:925} INFO - DAG(s) 'tutorial_dag' retrieved from /home/airflow/.local/lib/python3.12/site-packages/airflow/example_dags/tutorial_dag.py
[2024-08-22T04:48:39.013+0000] {logging_mixin.py:190} INFO - [2024-08-22T04:48:39.012+0000] {dag.py:3211} INFO - Sync 1 DAGs
[2024-08-22T04:48:39.029+0000] {logging_mixin.py:190} INFO - [2024-08-22T04:48:39.029+0000] {dag.py:4138} INFO - Setting next_dagrun for tutorial_dag to None, run_after=None
[2024-08-22T04:48:39.061+0000] {processor.py:208} INFO - Processing /home/airflow/.local/lib/python3.12/site-packages/airflow/example_dags/tutorial_dag.py took 0.105 seconds
[2024-08-22T04:49:09.783+0000] {processor.py:186} INFO - Started process (PID=900) to work on /home/airflow/.local/lib/python3.12/site-packages/airflow/example_dags/tutorial_dag.py
[2024-08-22T04:49:09.786+0000] {processor.py:914} INFO - Processing file /home/airflow/.local/lib/python3.12/site-packages/airflow/example_dags/tutorial_dag.py for tasks to queue
[2024-08-22T04:49:09.788+0000] {logging_mixin.py:190} INFO - [2024-08-22T04:49:09.788+0000] {dagbag.py:587} INFO - Filling up the DagBag from /home/airflow/.local/lib/python3.12/site-packages/airflow/example_dags/tutorial_dag.py
[2024-08-22T04:49:09.796+0000] {processor.py:925} INFO - DAG(s) 'tutorial_dag' retrieved from /home/airflow/.local/lib/python3.12/site-packages/airflow/example_dags/tutorial_dag.py
[2024-08-22T04:49:09.822+0000] {logging_mixin.py:190} INFO - [2024-08-22T04:49:09.822+0000] {dag.py:3211} INFO - Sync 1 DAGs
[2024-08-22T04:49:09.842+0000] {logging_mixin.py:190} INFO - [2024-08-22T04:49:09.842+0000] {dag.py:4138} INFO - Setting next_dagrun for tutorial_dag to None, run_after=None
[2024-08-22T04:49:09.866+0000] {processor.py:208} INFO - Processing /home/airflow/.local/lib/python3.12/site-packages/airflow/example_dags/tutorial_dag.py took 0.092 seconds
