[2024-08-22T04:42:25.089+0000] {processor.py:186} INFO - Started process (PID=57) to work on /home/airflow/.local/lib/python3.12/site-packages/airflow/example_dags/tutorial.py
[2024-08-22T04:42:25.090+0000] {processor.py:914} INFO - Processing file /home/airflow/.local/lib/python3.12/site-packages/airflow/example_dags/tutorial.py for tasks to queue
[2024-08-22T04:42:25.092+0000] {logging_mixin.py:190} INFO - [2024-08-22T04:42:25.091+0000] {dagbag.py:587} INFO - Filling up the DagBag from /home/airflow/.local/lib/python3.12/site-packages/airflow/example_dags/tutorial.py
[2024-08-22T04:42:25.101+0000] {processor.py:925} INFO - DAG(s) 'tutorial' retrieved from /home/airflow/.local/lib/python3.12/site-packages/airflow/example_dags/tutorial.py
[2024-08-22T04:42:25.230+0000] {logging_mixin.py:190} INFO - [2024-08-22T04:42:25.229+0000] {override.py:1858} INFO - Created Permission View: can delete on DAG:tutorial
[2024-08-22T04:42:25.244+0000] {logging_mixin.py:190} INFO - [2024-08-22T04:42:25.244+0000] {override.py:1858} INFO - Created Permission View: can read on DAG:tutorial
[2024-08-22T04:42:25.255+0000] {logging_mixin.py:190} INFO - [2024-08-22T04:42:25.255+0000] {override.py:1858} INFO - Created Permission View: can edit on DAG:tutorial
[2024-08-22T04:42:25.256+0000] {logging_mixin.py:190} INFO - [2024-08-22T04:42:25.255+0000] {dag.py:3211} INFO - Sync 1 DAGs
[2024-08-22T04:42:25.276+0000] {logging_mixin.py:190} INFO - [2024-08-22T04:42:25.275+0000] {dag.py:3234} INFO - Creating ORM DAG for tutorial
[2024-08-22T04:42:25.289+0000] {logging_mixin.py:190} INFO - [2024-08-22T04:42:25.289+0000] {dag.py:4138} INFO - Setting next_dagrun for tutorial to 2024-08-21 00:00:00+00:00, run_after=2024-08-22 00:00:00+00:00
[2024-08-22T04:42:25.314+0000] {processor.py:208} INFO - Processing /home/airflow/.local/lib/python3.12/site-packages/airflow/example_dags/tutorial.py took 0.231 seconds
[2024-08-22T04:42:55.897+0000] {processor.py:186} INFO - Started process (PID=120) to work on /home/airflow/.local/lib/python3.12/site-packages/airflow/example_dags/tutorial.py
[2024-08-22T04:42:55.899+0000] {processor.py:914} INFO - Processing file /home/airflow/.local/lib/python3.12/site-packages/airflow/example_dags/tutorial.py for tasks to queue
[2024-08-22T04:42:55.902+0000] {logging_mixin.py:190} INFO - [2024-08-22T04:42:55.901+0000] {dagbag.py:587} INFO - Filling up the DagBag from /home/airflow/.local/lib/python3.12/site-packages/airflow/example_dags/tutorial.py
[2024-08-22T04:42:55.912+0000] {processor.py:925} INFO - DAG(s) 'tutorial' retrieved from /home/airflow/.local/lib/python3.12/site-packages/airflow/example_dags/tutorial.py
[2024-08-22T04:42:55.939+0000] {logging_mixin.py:190} INFO - [2024-08-22T04:42:55.939+0000] {dag.py:3211} INFO - Sync 1 DAGs
[2024-08-22T04:42:55.967+0000] {logging_mixin.py:190} INFO - [2024-08-22T04:42:55.966+0000] {dag.py:4138} INFO - Setting next_dagrun for tutorial to 2024-08-21 00:00:00+00:00, run_after=2024-08-22 00:00:00+00:00
[2024-08-22T04:42:56.027+0000] {processor.py:208} INFO - Processing /home/airflow/.local/lib/python3.12/site-packages/airflow/example_dags/tutorial.py took 0.144 seconds
[2024-08-22T04:43:26.572+0000] {processor.py:186} INFO - Started process (PID=183) to work on /home/airflow/.local/lib/python3.12/site-packages/airflow/example_dags/tutorial.py
[2024-08-22T04:43:26.573+0000] {processor.py:914} INFO - Processing file /home/airflow/.local/lib/python3.12/site-packages/airflow/example_dags/tutorial.py for tasks to queue
[2024-08-22T04:43:26.575+0000] {logging_mixin.py:190} INFO - [2024-08-22T04:43:26.575+0000] {dagbag.py:587} INFO - Filling up the DagBag from /home/airflow/.local/lib/python3.12/site-packages/airflow/example_dags/tutorial.py
[2024-08-22T04:43:26.582+0000] {processor.py:925} INFO - DAG(s) 'tutorial' retrieved from /home/airflow/.local/lib/python3.12/site-packages/airflow/example_dags/tutorial.py
[2024-08-22T04:43:26.605+0000] {logging_mixin.py:190} INFO - [2024-08-22T04:43:26.605+0000] {dag.py:3211} INFO - Sync 1 DAGs
[2024-08-22T04:43:26.632+0000] {logging_mixin.py:190} INFO - [2024-08-22T04:43:26.632+0000] {dag.py:4138} INFO - Setting next_dagrun for tutorial to 2024-08-21 00:00:00+00:00, run_after=2024-08-22 00:00:00+00:00
[2024-08-22T04:43:26.656+0000] {processor.py:208} INFO - Processing /home/airflow/.local/lib/python3.12/site-packages/airflow/example_dags/tutorial.py took 0.090 seconds
[2024-08-22T04:43:57.226+0000] {processor.py:186} INFO - Started process (PID=245) to work on /home/airflow/.local/lib/python3.12/site-packages/airflow/example_dags/tutorial.py
[2024-08-22T04:43:57.228+0000] {processor.py:914} INFO - Processing file /home/airflow/.local/lib/python3.12/site-packages/airflow/example_dags/tutorial.py for tasks to queue
[2024-08-22T04:43:57.231+0000] {logging_mixin.py:190} INFO - [2024-08-22T04:43:57.231+0000] {dagbag.py:587} INFO - Filling up the DagBag from /home/airflow/.local/lib/python3.12/site-packages/airflow/example_dags/tutorial.py
[2024-08-22T04:43:57.244+0000] {processor.py:925} INFO - DAG(s) 'tutorial' retrieved from /home/airflow/.local/lib/python3.12/site-packages/airflow/example_dags/tutorial.py
[2024-08-22T04:43:57.281+0000] {logging_mixin.py:190} INFO - [2024-08-22T04:43:57.281+0000] {dag.py:3211} INFO - Sync 1 DAGs
[2024-08-22T04:43:57.319+0000] {logging_mixin.py:190} INFO - [2024-08-22T04:43:57.319+0000] {dag.py:4138} INFO - Setting next_dagrun for tutorial to 2024-08-21 00:00:00+00:00, run_after=2024-08-22 00:00:00+00:00
[2024-08-22T04:43:57.358+0000] {processor.py:208} INFO - Processing /home/airflow/.local/lib/python3.12/site-packages/airflow/example_dags/tutorial.py took 0.143 seconds
[2024-08-22T04:44:27.814+0000] {processor.py:186} INFO - Started process (PID=308) to work on /home/airflow/.local/lib/python3.12/site-packages/airflow/example_dags/tutorial.py
[2024-08-22T04:44:27.815+0000] {processor.py:914} INFO - Processing file /home/airflow/.local/lib/python3.12/site-packages/airflow/example_dags/tutorial.py for tasks to queue
[2024-08-22T04:44:27.817+0000] {logging_mixin.py:190} INFO - [2024-08-22T04:44:27.817+0000] {dagbag.py:587} INFO - Filling up the DagBag from /home/airflow/.local/lib/python3.12/site-packages/airflow/example_dags/tutorial.py
[2024-08-22T04:44:27.825+0000] {processor.py:925} INFO - DAG(s) 'tutorial' retrieved from /home/airflow/.local/lib/python3.12/site-packages/airflow/example_dags/tutorial.py
[2024-08-22T04:44:27.850+0000] {logging_mixin.py:190} INFO - [2024-08-22T04:44:27.850+0000] {dag.py:3211} INFO - Sync 1 DAGs
[2024-08-22T04:44:27.885+0000] {logging_mixin.py:190} INFO - [2024-08-22T04:44:27.885+0000] {dag.py:4138} INFO - Setting next_dagrun for tutorial to 2024-08-21 00:00:00+00:00, run_after=2024-08-22 00:00:00+00:00
[2024-08-22T04:44:27.909+0000] {processor.py:208} INFO - Processing /home/airflow/.local/lib/python3.12/site-packages/airflow/example_dags/tutorial.py took 0.101 seconds
[2024-08-22T04:44:58.312+0000] {processor.py:186} INFO - Started process (PID=371) to work on /home/airflow/.local/lib/python3.12/site-packages/airflow/example_dags/tutorial.py
[2024-08-22T04:44:58.313+0000] {processor.py:914} INFO - Processing file /home/airflow/.local/lib/python3.12/site-packages/airflow/example_dags/tutorial.py for tasks to queue
[2024-08-22T04:44:58.315+0000] {logging_mixin.py:190} INFO - [2024-08-22T04:44:58.314+0000] {dagbag.py:587} INFO - Filling up the DagBag from /home/airflow/.local/lib/python3.12/site-packages/airflow/example_dags/tutorial.py
[2024-08-22T04:44:58.322+0000] {processor.py:925} INFO - DAG(s) 'tutorial' retrieved from /home/airflow/.local/lib/python3.12/site-packages/airflow/example_dags/tutorial.py
[2024-08-22T04:44:58.342+0000] {logging_mixin.py:190} INFO - [2024-08-22T04:44:58.341+0000] {dag.py:3211} INFO - Sync 1 DAGs
[2024-08-22T04:44:58.369+0000] {logging_mixin.py:190} INFO - [2024-08-22T04:44:58.368+0000] {dag.py:4138} INFO - Setting next_dagrun for tutorial to 2024-08-21 00:00:00+00:00, run_after=2024-08-22 00:00:00+00:00
[2024-08-22T04:44:58.392+0000] {processor.py:208} INFO - Processing /home/airflow/.local/lib/python3.12/site-packages/airflow/example_dags/tutorial.py took 0.090 seconds
[2024-08-22T04:45:29.043+0000] {processor.py:186} INFO - Started process (PID=434) to work on /home/airflow/.local/lib/python3.12/site-packages/airflow/example_dags/tutorial.py
[2024-08-22T04:45:29.044+0000] {processor.py:914} INFO - Processing file /home/airflow/.local/lib/python3.12/site-packages/airflow/example_dags/tutorial.py for tasks to queue
[2024-08-22T04:45:29.046+0000] {logging_mixin.py:190} INFO - [2024-08-22T04:45:29.046+0000] {dagbag.py:587} INFO - Filling up the DagBag from /home/airflow/.local/lib/python3.12/site-packages/airflow/example_dags/tutorial.py
[2024-08-22T04:45:29.053+0000] {processor.py:925} INFO - DAG(s) 'tutorial' retrieved from /home/airflow/.local/lib/python3.12/site-packages/airflow/example_dags/tutorial.py
[2024-08-22T04:45:29.076+0000] {logging_mixin.py:190} INFO - [2024-08-22T04:45:29.076+0000] {dag.py:3211} INFO - Sync 1 DAGs
[2024-08-22T04:45:29.105+0000] {logging_mixin.py:190} INFO - [2024-08-22T04:45:29.104+0000] {dag.py:4138} INFO - Setting next_dagrun for tutorial to 2024-08-21 00:00:00+00:00, run_after=2024-08-22 00:00:00+00:00
[2024-08-22T04:45:29.131+0000] {processor.py:208} INFO - Processing /home/airflow/.local/lib/python3.12/site-packages/airflow/example_dags/tutorial.py took 0.094 seconds
[2024-08-22T04:45:59.595+0000] {processor.py:186} INFO - Started process (PID=496) to work on /home/airflow/.local/lib/python3.12/site-packages/airflow/example_dags/tutorial.py
[2024-08-22T04:45:59.596+0000] {processor.py:914} INFO - Processing file /home/airflow/.local/lib/python3.12/site-packages/airflow/example_dags/tutorial.py for tasks to queue
[2024-08-22T04:45:59.599+0000] {logging_mixin.py:190} INFO - [2024-08-22T04:45:59.598+0000] {dagbag.py:587} INFO - Filling up the DagBag from /home/airflow/.local/lib/python3.12/site-packages/airflow/example_dags/tutorial.py
[2024-08-22T04:45:59.608+0000] {processor.py:925} INFO - DAG(s) 'tutorial' retrieved from /home/airflow/.local/lib/python3.12/site-packages/airflow/example_dags/tutorial.py
[2024-08-22T04:45:59.636+0000] {logging_mixin.py:190} INFO - [2024-08-22T04:45:59.636+0000] {dag.py:3211} INFO - Sync 1 DAGs
[2024-08-22T04:45:59.663+0000] {logging_mixin.py:190} INFO - [2024-08-22T04:45:59.663+0000] {dag.py:4138} INFO - Setting next_dagrun for tutorial to 2024-08-21 00:00:00+00:00, run_after=2024-08-22 00:00:00+00:00
[2024-08-22T04:45:59.688+0000] {processor.py:208} INFO - Processing /home/airflow/.local/lib/python3.12/site-packages/airflow/example_dags/tutorial.py took 0.102 seconds
[2024-08-22T04:46:30.246+0000] {processor.py:186} INFO - Started process (PID=559) to work on /home/airflow/.local/lib/python3.12/site-packages/airflow/example_dags/tutorial.py
[2024-08-22T04:46:30.247+0000] {processor.py:914} INFO - Processing file /home/airflow/.local/lib/python3.12/site-packages/airflow/example_dags/tutorial.py for tasks to queue
[2024-08-22T04:46:30.249+0000] {logging_mixin.py:190} INFO - [2024-08-22T04:46:30.249+0000] {dagbag.py:587} INFO - Filling up the DagBag from /home/airflow/.local/lib/python3.12/site-packages/airflow/example_dags/tutorial.py
[2024-08-22T04:46:30.256+0000] {processor.py:925} INFO - DAG(s) 'tutorial' retrieved from /home/airflow/.local/lib/python3.12/site-packages/airflow/example_dags/tutorial.py
[2024-08-22T04:46:30.278+0000] {logging_mixin.py:190} INFO - [2024-08-22T04:46:30.278+0000] {dag.py:3211} INFO - Sync 1 DAGs
[2024-08-22T04:46:30.305+0000] {logging_mixin.py:190} INFO - [2024-08-22T04:46:30.305+0000] {dag.py:4138} INFO - Setting next_dagrun for tutorial to 2024-08-21 00:00:00+00:00, run_after=2024-08-22 00:00:00+00:00
[2024-08-22T04:46:30.329+0000] {processor.py:208} INFO - Processing /home/airflow/.local/lib/python3.12/site-packages/airflow/example_dags/tutorial.py took 0.093 seconds
[2024-08-22T04:47:01.186+0000] {processor.py:186} INFO - Started process (PID=637) to work on /home/airflow/.local/lib/python3.12/site-packages/airflow/example_dags/tutorial.py
[2024-08-22T04:47:01.198+0000] {processor.py:914} INFO - Processing file /home/airflow/.local/lib/python3.12/site-packages/airflow/example_dags/tutorial.py for tasks to queue
[2024-08-22T04:47:01.203+0000] {logging_mixin.py:190} INFO - [2024-08-22T04:47:01.200+0000] {dagbag.py:587} INFO - Filling up the DagBag from /home/airflow/.local/lib/python3.12/site-packages/airflow/example_dags/tutorial.py
[2024-08-22T04:47:01.212+0000] {processor.py:925} INFO - DAG(s) 'tutorial' retrieved from /home/airflow/.local/lib/python3.12/site-packages/airflow/example_dags/tutorial.py
[2024-08-22T04:47:01.242+0000] {logging_mixin.py:190} INFO - [2024-08-22T04:47:01.241+0000] {dag.py:3211} INFO - Sync 1 DAGs
[2024-08-22T04:47:01.288+0000] {logging_mixin.py:190} INFO - [2024-08-22T04:47:01.287+0000] {dag.py:4138} INFO - Setting next_dagrun for tutorial to 2024-08-21 00:00:00+00:00, run_after=2024-08-22 00:00:00+00:00
[2024-08-22T04:47:01.338+0000] {processor.py:208} INFO - Processing /home/airflow/.local/lib/python3.12/site-packages/airflow/example_dags/tutorial.py took 0.162 seconds
[2024-08-22T04:47:35.537+0000] {processor.py:186} INFO - Started process (PID=700) to work on /home/airflow/.local/lib/python3.12/site-packages/airflow/example_dags/tutorial.py
[2024-08-22T04:47:35.539+0000] {processor.py:914} INFO - Processing file /home/airflow/.local/lib/python3.12/site-packages/airflow/example_dags/tutorial.py for tasks to queue
[2024-08-22T04:47:35.546+0000] {logging_mixin.py:190} INFO - [2024-08-22T04:47:35.543+0000] {dagbag.py:587} INFO - Filling up the DagBag from /home/airflow/.local/lib/python3.12/site-packages/airflow/example_dags/tutorial.py
[2024-08-22T04:47:35.569+0000] {processor.py:925} INFO - DAG(s) 'tutorial' retrieved from /home/airflow/.local/lib/python3.12/site-packages/airflow/example_dags/tutorial.py
[2024-08-22T04:47:35.618+0000] {logging_mixin.py:190} INFO - [2024-08-22T04:47:35.617+0000] {dag.py:3211} INFO - Sync 1 DAGs
[2024-08-22T04:47:35.679+0000] {logging_mixin.py:190} INFO - [2024-08-22T04:47:35.678+0000] {dag.py:4138} INFO - Setting next_dagrun for tutorial to 2024-08-21 00:00:00+00:00, run_after=2024-08-22 00:00:00+00:00
[2024-08-22T04:47:35.724+0000] {processor.py:208} INFO - Processing /home/airflow/.local/lib/python3.12/site-packages/airflow/example_dags/tutorial.py took 0.213 seconds
[2024-08-22T04:48:06.228+0000] {processor.py:186} INFO - Started process (PID=763) to work on /home/airflow/.local/lib/python3.12/site-packages/airflow/example_dags/tutorial.py
[2024-08-22T04:48:06.229+0000] {processor.py:914} INFO - Processing file /home/airflow/.local/lib/python3.12/site-packages/airflow/example_dags/tutorial.py for tasks to queue
[2024-08-22T04:48:06.231+0000] {logging_mixin.py:190} INFO - [2024-08-22T04:48:06.230+0000] {dagbag.py:587} INFO - Filling up the DagBag from /home/airflow/.local/lib/python3.12/site-packages/airflow/example_dags/tutorial.py
[2024-08-22T04:48:06.240+0000] {processor.py:925} INFO - DAG(s) 'tutorial' retrieved from /home/airflow/.local/lib/python3.12/site-packages/airflow/example_dags/tutorial.py
[2024-08-22T04:48:06.261+0000] {logging_mixin.py:190} INFO - [2024-08-22T04:48:06.261+0000] {dag.py:3211} INFO - Sync 1 DAGs
[2024-08-22T04:48:06.289+0000] {logging_mixin.py:190} INFO - [2024-08-22T04:48:06.289+0000] {dag.py:4138} INFO - Setting next_dagrun for tutorial to 2024-08-21 00:00:00+00:00, run_after=2024-08-22 00:00:00+00:00
[2024-08-22T04:48:06.340+0000] {processor.py:208} INFO - Processing /home/airflow/.local/lib/python3.12/site-packages/airflow/example_dags/tutorial.py took 0.118 seconds
[2024-08-22T04:48:36.928+0000] {processor.py:186} INFO - Started process (PID=826) to work on /home/airflow/.local/lib/python3.12/site-packages/airflow/example_dags/tutorial.py
[2024-08-22T04:48:36.929+0000] {processor.py:914} INFO - Processing file /home/airflow/.local/lib/python3.12/site-packages/airflow/example_dags/tutorial.py for tasks to queue
[2024-08-22T04:48:36.932+0000] {logging_mixin.py:190} INFO - [2024-08-22T04:48:36.931+0000] {dagbag.py:587} INFO - Filling up the DagBag from /home/airflow/.local/lib/python3.12/site-packages/airflow/example_dags/tutorial.py
[2024-08-22T04:48:36.940+0000] {processor.py:925} INFO - DAG(s) 'tutorial' retrieved from /home/airflow/.local/lib/python3.12/site-packages/airflow/example_dags/tutorial.py
[2024-08-22T04:48:36.967+0000] {logging_mixin.py:190} INFO - [2024-08-22T04:48:36.967+0000] {dag.py:3211} INFO - Sync 1 DAGs
[2024-08-22T04:48:36.999+0000] {logging_mixin.py:190} INFO - [2024-08-22T04:48:36.999+0000] {dag.py:4138} INFO - Setting next_dagrun for tutorial to 2024-08-21 00:00:00+00:00, run_after=2024-08-22 00:00:00+00:00
[2024-08-22T04:48:37.071+0000] {processor.py:208} INFO - Processing /home/airflow/.local/lib/python3.12/site-packages/airflow/example_dags/tutorial.py took 0.152 seconds
[2024-08-22T04:49:07.631+0000] {processor.py:186} INFO - Started process (PID=889) to work on /home/airflow/.local/lib/python3.12/site-packages/airflow/example_dags/tutorial.py
[2024-08-22T04:49:07.632+0000] {processor.py:914} INFO - Processing file /home/airflow/.local/lib/python3.12/site-packages/airflow/example_dags/tutorial.py for tasks to queue
[2024-08-22T04:49:07.634+0000] {logging_mixin.py:190} INFO - [2024-08-22T04:49:07.634+0000] {dagbag.py:587} INFO - Filling up the DagBag from /home/airflow/.local/lib/python3.12/site-packages/airflow/example_dags/tutorial.py
[2024-08-22T04:49:07.642+0000] {processor.py:925} INFO - DAG(s) 'tutorial' retrieved from /home/airflow/.local/lib/python3.12/site-packages/airflow/example_dags/tutorial.py
[2024-08-22T04:49:07.662+0000] {logging_mixin.py:190} INFO - [2024-08-22T04:49:07.661+0000] {dag.py:3211} INFO - Sync 1 DAGs
[2024-08-22T04:49:07.693+0000] {logging_mixin.py:190} INFO - [2024-08-22T04:49:07.693+0000] {dag.py:4138} INFO - Setting next_dagrun for tutorial to 2024-08-21 00:00:00+00:00, run_after=2024-08-22 00:00:00+00:00
[2024-08-22T04:49:07.742+0000] {processor.py:208} INFO - Processing /home/airflow/.local/lib/python3.12/site-packages/airflow/example_dags/tutorial.py took 0.117 seconds
