[2024-08-22T04:42:22.397+0000] {processor.py:186} INFO - Started process (PID=43) to work on /home/airflow/.local/lib/python3.12/site-packages/airflow/example_dags/tutorial_objectstorage.py
[2024-08-22T04:42:22.398+0000] {processor.py:914} INFO - Processing file /home/airflow/.local/lib/python3.12/site-packages/airflow/example_dags/tutorial_objectstorage.py for tasks to queue
[2024-08-22T04:42:22.400+0000] {logging_mixin.py:190} INFO - [2024-08-22T04:42:22.400+0000] {dagbag.py:587} INFO - Filling up the DagBag from /home/airflow/.local/lib/python3.12/site-packages/airflow/example_dags/tutorial_objectstorage.py
[2024-08-22T04:42:22.411+0000] {processor.py:925} INFO - DAG(s) 'tutorial_objectstorage' retrieved from /home/airflow/.local/lib/python3.12/site-packages/airflow/example_dags/tutorial_objectstorage.py
[2024-08-22T04:42:22.585+0000] {logging_mixin.py:190} INFO - [2024-08-22T04:42:22.584+0000] {override.py:1858} INFO - Created Permission View: can delete on DAG:tutorial_objectstorage
[2024-08-22T04:42:22.622+0000] {logging_mixin.py:190} INFO - [2024-08-22T04:42:22.621+0000] {override.py:1858} INFO - Created Permission View: can read on DAG:tutorial_objectstorage
[2024-08-22T04:42:22.645+0000] {logging_mixin.py:190} INFO - [2024-08-22T04:42:22.645+0000] {override.py:1858} INFO - Created Permission View: can edit on DAG:tutorial_objectstorage
[2024-08-22T04:42:22.646+0000] {logging_mixin.py:190} INFO - [2024-08-22T04:42:22.646+0000] {dag.py:3211} INFO - Sync 1 DAGs
[2024-08-22T04:42:22.661+0000] {logging_mixin.py:190} INFO - [2024-08-22T04:42:22.660+0000] {dag.py:3234} INFO - Creating ORM DAG for tutorial_objectstorage
[2024-08-22T04:42:22.662+0000] {logging_mixin.py:190} INFO - [2024-08-22T04:42:22.662+0000] {dag.py:4138} INFO - Setting next_dagrun for tutorial_objectstorage to None, run_after=None
[2024-08-22T04:42:22.701+0000] {processor.py:208} INFO - Processing /home/airflow/.local/lib/python3.12/site-packages/airflow/example_dags/tutorial_objectstorage.py took 0.310 seconds
[2024-08-22T04:42:53.159+0000] {processor.py:186} INFO - Started process (PID=106) to work on /home/airflow/.local/lib/python3.12/site-packages/airflow/example_dags/tutorial_objectstorage.py
[2024-08-22T04:42:53.192+0000] {processor.py:914} INFO - Processing file /home/airflow/.local/lib/python3.12/site-packages/airflow/example_dags/tutorial_objectstorage.py for tasks to queue
[2024-08-22T04:42:53.196+0000] {logging_mixin.py:190} INFO - [2024-08-22T04:42:53.195+0000] {dagbag.py:587} INFO - Filling up the DagBag from /home/airflow/.local/lib/python3.12/site-packages/airflow/example_dags/tutorial_objectstorage.py
[2024-08-22T04:42:53.209+0000] {processor.py:925} INFO - DAG(s) 'tutorial_objectstorage' retrieved from /home/airflow/.local/lib/python3.12/site-packages/airflow/example_dags/tutorial_objectstorage.py
[2024-08-22T04:42:53.232+0000] {logging_mixin.py:190} INFO - [2024-08-22T04:42:53.232+0000] {dag.py:3211} INFO - Sync 1 DAGs
[2024-08-22T04:42:53.251+0000] {logging_mixin.py:190} INFO - [2024-08-22T04:42:53.251+0000] {dag.py:4138} INFO - Setting next_dagrun for tutorial_objectstorage to None, run_after=None
[2024-08-22T04:42:53.278+0000] {processor.py:208} INFO - Processing /home/airflow/.local/lib/python3.12/site-packages/airflow/example_dags/tutorial_objectstorage.py took 0.128 seconds
[2024-08-22T04:43:23.944+0000] {processor.py:186} INFO - Started process (PID=169) to work on /home/airflow/.local/lib/python3.12/site-packages/airflow/example_dags/tutorial_objectstorage.py
[2024-08-22T04:43:23.945+0000] {processor.py:914} INFO - Processing file /home/airflow/.local/lib/python3.12/site-packages/airflow/example_dags/tutorial_objectstorage.py for tasks to queue
[2024-08-22T04:43:23.947+0000] {logging_mixin.py:190} INFO - [2024-08-22T04:43:23.947+0000] {dagbag.py:587} INFO - Filling up the DagBag from /home/airflow/.local/lib/python3.12/site-packages/airflow/example_dags/tutorial_objectstorage.py
[2024-08-22T04:43:23.957+0000] {processor.py:925} INFO - DAG(s) 'tutorial_objectstorage' retrieved from /home/airflow/.local/lib/python3.12/site-packages/airflow/example_dags/tutorial_objectstorage.py
[2024-08-22T04:43:23.981+0000] {logging_mixin.py:190} INFO - [2024-08-22T04:43:23.981+0000] {dag.py:3211} INFO - Sync 1 DAGs
[2024-08-22T04:43:24.000+0000] {logging_mixin.py:190} INFO - [2024-08-22T04:43:23.999+0000] {dag.py:4138} INFO - Setting next_dagrun for tutorial_objectstorage to None, run_after=None
[2024-08-22T04:43:24.068+0000] {processor.py:208} INFO - Processing /home/airflow/.local/lib/python3.12/site-packages/airflow/example_dags/tutorial_objectstorage.py took 0.133 seconds
[2024-08-22T04:43:54.543+0000] {processor.py:186} INFO - Started process (PID=231) to work on /home/airflow/.local/lib/python3.12/site-packages/airflow/example_dags/tutorial_objectstorage.py
[2024-08-22T04:43:54.544+0000] {processor.py:914} INFO - Processing file /home/airflow/.local/lib/python3.12/site-packages/airflow/example_dags/tutorial_objectstorage.py for tasks to queue
[2024-08-22T04:43:54.546+0000] {logging_mixin.py:190} INFO - [2024-08-22T04:43:54.545+0000] {dagbag.py:587} INFO - Filling up the DagBag from /home/airflow/.local/lib/python3.12/site-packages/airflow/example_dags/tutorial_objectstorage.py
[2024-08-22T04:43:54.554+0000] {processor.py:925} INFO - DAG(s) 'tutorial_objectstorage' retrieved from /home/airflow/.local/lib/python3.12/site-packages/airflow/example_dags/tutorial_objectstorage.py
[2024-08-22T04:43:54.579+0000] {logging_mixin.py:190} INFO - [2024-08-22T04:43:54.579+0000] {dag.py:3211} INFO - Sync 1 DAGs
[2024-08-22T04:43:54.597+0000] {logging_mixin.py:190} INFO - [2024-08-22T04:43:54.597+0000] {dag.py:4138} INFO - Setting next_dagrun for tutorial_objectstorage to None, run_after=None
[2024-08-22T04:43:54.663+0000] {processor.py:208} INFO - Processing /home/airflow/.local/lib/python3.12/site-packages/airflow/example_dags/tutorial_objectstorage.py took 0.127 seconds
[2024-08-22T04:44:25.469+0000] {processor.py:186} INFO - Started process (PID=294) to work on /home/airflow/.local/lib/python3.12/site-packages/airflow/example_dags/tutorial_objectstorage.py
[2024-08-22T04:44:25.470+0000] {processor.py:914} INFO - Processing file /home/airflow/.local/lib/python3.12/site-packages/airflow/example_dags/tutorial_objectstorage.py for tasks to queue
[2024-08-22T04:44:25.473+0000] {logging_mixin.py:190} INFO - [2024-08-22T04:44:25.472+0000] {dagbag.py:587} INFO - Filling up the DagBag from /home/airflow/.local/lib/python3.12/site-packages/airflow/example_dags/tutorial_objectstorage.py
[2024-08-22T04:44:25.482+0000] {processor.py:925} INFO - DAG(s) 'tutorial_objectstorage' retrieved from /home/airflow/.local/lib/python3.12/site-packages/airflow/example_dags/tutorial_objectstorage.py
[2024-08-22T04:44:25.506+0000] {logging_mixin.py:190} INFO - [2024-08-22T04:44:25.505+0000] {dag.py:3211} INFO - Sync 1 DAGs
[2024-08-22T04:44:25.522+0000] {logging_mixin.py:190} INFO - [2024-08-22T04:44:25.521+0000] {dag.py:4138} INFO - Setting next_dagrun for tutorial_objectstorage to None, run_after=None
[2024-08-22T04:44:25.557+0000] {processor.py:208} INFO - Processing /home/airflow/.local/lib/python3.12/site-packages/airflow/example_dags/tutorial_objectstorage.py took 0.095 seconds
[2024-08-22T04:44:56.021+0000] {processor.py:186} INFO - Started process (PID=357) to work on /home/airflow/.local/lib/python3.12/site-packages/airflow/example_dags/tutorial_objectstorage.py
[2024-08-22T04:44:56.021+0000] {processor.py:914} INFO - Processing file /home/airflow/.local/lib/python3.12/site-packages/airflow/example_dags/tutorial_objectstorage.py for tasks to queue
[2024-08-22T04:44:56.024+0000] {logging_mixin.py:190} INFO - [2024-08-22T04:44:56.023+0000] {dagbag.py:587} INFO - Filling up the DagBag from /home/airflow/.local/lib/python3.12/site-packages/airflow/example_dags/tutorial_objectstorage.py
[2024-08-22T04:44:56.034+0000] {processor.py:925} INFO - DAG(s) 'tutorial_objectstorage' retrieved from /home/airflow/.local/lib/python3.12/site-packages/airflow/example_dags/tutorial_objectstorage.py
[2024-08-22T04:44:56.058+0000] {logging_mixin.py:190} INFO - [2024-08-22T04:44:56.058+0000] {dag.py:3211} INFO - Sync 1 DAGs
[2024-08-22T04:44:56.077+0000] {logging_mixin.py:190} INFO - [2024-08-22T04:44:56.077+0000] {dag.py:4138} INFO - Setting next_dagrun for tutorial_objectstorage to None, run_after=None
[2024-08-22T04:44:56.105+0000] {processor.py:208} INFO - Processing /home/airflow/.local/lib/python3.12/site-packages/airflow/example_dags/tutorial_objectstorage.py took 0.091 seconds
[2024-08-22T04:45:26.756+0000] {processor.py:186} INFO - Started process (PID=420) to work on /home/airflow/.local/lib/python3.12/site-packages/airflow/example_dags/tutorial_objectstorage.py
[2024-08-22T04:45:26.757+0000] {processor.py:914} INFO - Processing file /home/airflow/.local/lib/python3.12/site-packages/airflow/example_dags/tutorial_objectstorage.py for tasks to queue
[2024-08-22T04:45:26.759+0000] {logging_mixin.py:190} INFO - [2024-08-22T04:45:26.758+0000] {dagbag.py:587} INFO - Filling up the DagBag from /home/airflow/.local/lib/python3.12/site-packages/airflow/example_dags/tutorial_objectstorage.py
[2024-08-22T04:45:26.767+0000] {processor.py:925} INFO - DAG(s) 'tutorial_objectstorage' retrieved from /home/airflow/.local/lib/python3.12/site-packages/airflow/example_dags/tutorial_objectstorage.py
[2024-08-22T04:45:26.789+0000] {logging_mixin.py:190} INFO - [2024-08-22T04:45:26.789+0000] {dag.py:3211} INFO - Sync 1 DAGs
[2024-08-22T04:45:26.806+0000] {logging_mixin.py:190} INFO - [2024-08-22T04:45:26.805+0000] {dag.py:4138} INFO - Setting next_dagrun for tutorial_objectstorage to None, run_after=None
[2024-08-22T04:45:26.828+0000] {processor.py:208} INFO - Processing /home/airflow/.local/lib/python3.12/site-packages/airflow/example_dags/tutorial_objectstorage.py took 0.078 seconds
[2024-08-22T04:45:57.492+0000] {processor.py:186} INFO - Started process (PID=482) to work on /home/airflow/.local/lib/python3.12/site-packages/airflow/example_dags/tutorial_objectstorage.py
[2024-08-22T04:45:57.497+0000] {processor.py:914} INFO - Processing file /home/airflow/.local/lib/python3.12/site-packages/airflow/example_dags/tutorial_objectstorage.py for tasks to queue
[2024-08-22T04:45:57.500+0000] {logging_mixin.py:190} INFO - [2024-08-22T04:45:57.500+0000] {dagbag.py:587} INFO - Filling up the DagBag from /home/airflow/.local/lib/python3.12/site-packages/airflow/example_dags/tutorial_objectstorage.py
[2024-08-22T04:45:57.511+0000] {processor.py:925} INFO - DAG(s) 'tutorial_objectstorage' retrieved from /home/airflow/.local/lib/python3.12/site-packages/airflow/example_dags/tutorial_objectstorage.py
[2024-08-22T04:45:57.540+0000] {logging_mixin.py:190} INFO - [2024-08-22T04:45:57.540+0000] {dag.py:3211} INFO - Sync 1 DAGs
[2024-08-22T04:45:57.559+0000] {logging_mixin.py:190} INFO - [2024-08-22T04:45:57.558+0000] {dag.py:4138} INFO - Setting next_dagrun for tutorial_objectstorage to None, run_after=None
[2024-08-22T04:45:57.583+0000] {processor.py:208} INFO - Processing /home/airflow/.local/lib/python3.12/site-packages/airflow/example_dags/tutorial_objectstorage.py took 0.099 seconds
[2024-08-22T04:46:28.215+0000] {processor.py:186} INFO - Started process (PID=545) to work on /home/airflow/.local/lib/python3.12/site-packages/airflow/example_dags/tutorial_objectstorage.py
[2024-08-22T04:46:28.216+0000] {processor.py:914} INFO - Processing file /home/airflow/.local/lib/python3.12/site-packages/airflow/example_dags/tutorial_objectstorage.py for tasks to queue
[2024-08-22T04:46:28.219+0000] {logging_mixin.py:190} INFO - [2024-08-22T04:46:28.218+0000] {dagbag.py:587} INFO - Filling up the DagBag from /home/airflow/.local/lib/python3.12/site-packages/airflow/example_dags/tutorial_objectstorage.py
[2024-08-22T04:46:28.228+0000] {processor.py:925} INFO - DAG(s) 'tutorial_objectstorage' retrieved from /home/airflow/.local/lib/python3.12/site-packages/airflow/example_dags/tutorial_objectstorage.py
[2024-08-22T04:46:28.250+0000] {logging_mixin.py:190} INFO - [2024-08-22T04:46:28.249+0000] {dag.py:3211} INFO - Sync 1 DAGs
[2024-08-22T04:46:28.267+0000] {logging_mixin.py:190} INFO - [2024-08-22T04:46:28.266+0000] {dag.py:4138} INFO - Setting next_dagrun for tutorial_objectstorage to None, run_after=None
[2024-08-22T04:46:28.291+0000] {processor.py:208} INFO - Processing /home/airflow/.local/lib/python3.12/site-packages/airflow/example_dags/tutorial_objectstorage.py took 0.082 seconds
[2024-08-22T04:46:59.095+0000] {processor.py:186} INFO - Started process (PID=623) to work on /home/airflow/.local/lib/python3.12/site-packages/airflow/example_dags/tutorial_objectstorage.py
[2024-08-22T04:46:59.105+0000] {processor.py:914} INFO - Processing file /home/airflow/.local/lib/python3.12/site-packages/airflow/example_dags/tutorial_objectstorage.py for tasks to queue
[2024-08-22T04:46:59.110+0000] {logging_mixin.py:190} INFO - [2024-08-22T04:46:59.110+0000] {dagbag.py:587} INFO - Filling up the DagBag from /home/airflow/.local/lib/python3.12/site-packages/airflow/example_dags/tutorial_objectstorage.py
[2024-08-22T04:46:59.139+0000] {processor.py:925} INFO - DAG(s) 'tutorial_objectstorage' retrieved from /home/airflow/.local/lib/python3.12/site-packages/airflow/example_dags/tutorial_objectstorage.py
[2024-08-22T04:46:59.204+0000] {logging_mixin.py:190} INFO - [2024-08-22T04:46:59.204+0000] {dag.py:3211} INFO - Sync 1 DAGs
[2024-08-22T04:46:59.250+0000] {logging_mixin.py:190} INFO - [2024-08-22T04:46:59.250+0000] {dag.py:4138} INFO - Setting next_dagrun for tutorial_objectstorage to None, run_after=None
[2024-08-22T04:46:59.290+0000] {processor.py:208} INFO - Processing /home/airflow/.local/lib/python3.12/site-packages/airflow/example_dags/tutorial_objectstorage.py took 0.213 seconds
[2024-08-22T04:47:31.352+0000] {processor.py:186} INFO - Started process (PID=686) to work on /home/airflow/.local/lib/python3.12/site-packages/airflow/example_dags/tutorial_objectstorage.py
[2024-08-22T04:47:31.353+0000] {processor.py:914} INFO - Processing file /home/airflow/.local/lib/python3.12/site-packages/airflow/example_dags/tutorial_objectstorage.py for tasks to queue
[2024-08-22T04:47:31.358+0000] {logging_mixin.py:190} INFO - [2024-08-22T04:47:31.358+0000] {dagbag.py:587} INFO - Filling up the DagBag from /home/airflow/.local/lib/python3.12/site-packages/airflow/example_dags/tutorial_objectstorage.py
[2024-08-22T04:47:31.379+0000] {processor.py:925} INFO - DAG(s) 'tutorial_objectstorage' retrieved from /home/airflow/.local/lib/python3.12/site-packages/airflow/example_dags/tutorial_objectstorage.py
[2024-08-22T04:47:31.484+0000] {logging_mixin.py:190} INFO - [2024-08-22T04:47:31.482+0000] {dag.py:3211} INFO - Sync 1 DAGs
[2024-08-22T04:47:31.594+0000] {logging_mixin.py:190} INFO - [2024-08-22T04:47:31.593+0000] {dag.py:4138} INFO - Setting next_dagrun for tutorial_objectstorage to None, run_after=None
[2024-08-22T04:47:31.645+0000] {processor.py:208} INFO - Processing /home/airflow/.local/lib/python3.12/site-packages/airflow/example_dags/tutorial_objectstorage.py took 0.332 seconds
[2024-08-22T04:48:01.829+0000] {processor.py:186} INFO - Started process (PID=749) to work on /home/airflow/.local/lib/python3.12/site-packages/airflow/example_dags/tutorial_objectstorage.py
[2024-08-22T04:48:01.830+0000] {processor.py:914} INFO - Processing file /home/airflow/.local/lib/python3.12/site-packages/airflow/example_dags/tutorial_objectstorage.py for tasks to queue
[2024-08-22T04:48:01.832+0000] {logging_mixin.py:190} INFO - [2024-08-22T04:48:01.832+0000] {dagbag.py:587} INFO - Filling up the DagBag from /home/airflow/.local/lib/python3.12/site-packages/airflow/example_dags/tutorial_objectstorage.py
[2024-08-22T04:48:01.841+0000] {processor.py:925} INFO - DAG(s) 'tutorial_objectstorage' retrieved from /home/airflow/.local/lib/python3.12/site-packages/airflow/example_dags/tutorial_objectstorage.py
[2024-08-22T04:48:01.864+0000] {logging_mixin.py:190} INFO - [2024-08-22T04:48:01.864+0000] {dag.py:3211} INFO - Sync 1 DAGs
[2024-08-22T04:48:01.884+0000] {logging_mixin.py:190} INFO - [2024-08-22T04:48:01.884+0000] {dag.py:4138} INFO - Setting next_dagrun for tutorial_objectstorage to None, run_after=None
[2024-08-22T04:48:01.909+0000] {processor.py:208} INFO - Processing /home/airflow/.local/lib/python3.12/site-packages/airflow/example_dags/tutorial_objectstorage.py took 0.087 seconds
[2024-08-22T04:48:32.785+0000] {processor.py:186} INFO - Started process (PID=812) to work on /home/airflow/.local/lib/python3.12/site-packages/airflow/example_dags/tutorial_objectstorage.py
[2024-08-22T04:48:32.805+0000] {processor.py:914} INFO - Processing file /home/airflow/.local/lib/python3.12/site-packages/airflow/example_dags/tutorial_objectstorage.py for tasks to queue
[2024-08-22T04:48:32.808+0000] {logging_mixin.py:190} INFO - [2024-08-22T04:48:32.807+0000] {dagbag.py:587} INFO - Filling up the DagBag from /home/airflow/.local/lib/python3.12/site-packages/airflow/example_dags/tutorial_objectstorage.py
[2024-08-22T04:48:32.817+0000] {processor.py:925} INFO - DAG(s) 'tutorial_objectstorage' retrieved from /home/airflow/.local/lib/python3.12/site-packages/airflow/example_dags/tutorial_objectstorage.py
[2024-08-22T04:48:32.839+0000] {logging_mixin.py:190} INFO - [2024-08-22T04:48:32.839+0000] {dag.py:3211} INFO - Sync 1 DAGs
[2024-08-22T04:48:32.857+0000] {logging_mixin.py:190} INFO - [2024-08-22T04:48:32.857+0000] {dag.py:4138} INFO - Setting next_dagrun for tutorial_objectstorage to None, run_after=None
[2024-08-22T04:48:32.881+0000] {processor.py:208} INFO - Processing /home/airflow/.local/lib/python3.12/site-packages/airflow/example_dags/tutorial_objectstorage.py took 0.105 seconds
[2024-08-22T04:49:03.297+0000] {processor.py:186} INFO - Started process (PID=875) to work on /home/airflow/.local/lib/python3.12/site-packages/airflow/example_dags/tutorial_objectstorage.py
[2024-08-22T04:49:03.298+0000] {processor.py:914} INFO - Processing file /home/airflow/.local/lib/python3.12/site-packages/airflow/example_dags/tutorial_objectstorage.py for tasks to queue
[2024-08-22T04:49:03.300+0000] {logging_mixin.py:190} INFO - [2024-08-22T04:49:03.300+0000] {dagbag.py:587} INFO - Filling up the DagBag from /home/airflow/.local/lib/python3.12/site-packages/airflow/example_dags/tutorial_objectstorage.py
[2024-08-22T04:49:03.311+0000] {processor.py:925} INFO - DAG(s) 'tutorial_objectstorage' retrieved from /home/airflow/.local/lib/python3.12/site-packages/airflow/example_dags/tutorial_objectstorage.py
[2024-08-22T04:49:03.333+0000] {logging_mixin.py:190} INFO - [2024-08-22T04:49:03.333+0000] {dag.py:3211} INFO - Sync 1 DAGs
[2024-08-22T04:49:03.352+0000] {logging_mixin.py:190} INFO - [2024-08-22T04:49:03.352+0000] {dag.py:4138} INFO - Setting next_dagrun for tutorial_objectstorage to None, run_after=None
[2024-08-22T04:49:03.409+0000] {processor.py:208} INFO - Processing /home/airflow/.local/lib/python3.12/site-packages/airflow/example_dags/tutorial_objectstorage.py took 0.119 seconds
