[2024-08-22T16:30:18.758+0000] {local_task_job_runner.py:123} INFO - ::group::Pre task execution logs
[2024-08-22T16:30:18.893+0000] {taskinstance.py:2603} INFO - Dependencies all met for dep_context=non-requeueable deps ti=<TaskInstance: spotify_dag.whole_spotify_etl scheduled__2024-08-21T18:05:00+00:00 [queued]>
[2024-08-22T16:30:18.949+0000] {taskinstance.py:2603} INFO - Dependencies all met for dep_context=requeueable deps ti=<TaskInstance: spotify_dag.whole_spotify_etl scheduled__2024-08-21T18:05:00+00:00 [queued]>
[2024-08-22T16:30:18.952+0000] {taskinstance.py:2856} INFO - Starting attempt 1 of 2
[2024-08-22T16:30:19.040+0000] {taskinstance.py:2879} INFO - Executing <Task(PythonOperator): whole_spotify_etl> on 2024-08-21 18:05:00+00:00
[2024-08-22T16:30:19.064+0000] {warnings.py:112} WARNING - /home/***/.local/lib/python3.12/site-packages/***/task/task_runner/standard_task_runner.py:70: DeprecationWarning: This process (pid=1149) is multi-threaded, use of fork() may lead to deadlocks in the child.
  pid = os.fork()

[2024-08-22T16:30:19.071+0000] {standard_task_runner.py:72} INFO - Started process 1178 to run task
[2024-08-22T16:30:19.072+0000] {standard_task_runner.py:104} INFO - Running: ['***', 'tasks', 'run', 'spotify_dag', 'whole_spotify_etl', 'scheduled__2024-08-21T18:05:00+00:00', '--job-id', '252', '--raw', '--subdir', 'DAGS_FOLDER/spotify_dag.py', '--cfg-path', '/tmp/tmptwtemziz']
[2024-08-22T16:30:19.075+0000] {standard_task_runner.py:105} INFO - Job 252: Subtask whole_spotify_etl
[2024-08-22T16:30:19.330+0000] {task_command.py:467} INFO - Running <TaskInstance: spotify_dag.whole_spotify_etl scheduled__2024-08-21T18:05:00+00:00 [running]> on host faa894082a18
[2024-08-22T16:30:19.779+0000] {taskinstance.py:3122} INFO - Exporting env vars: AIRFLOW_CTX_DAG_EMAIL='andresxmaldonado@gmail.com' AIRFLOW_CTX_DAG_OWNER='***' AIRFLOW_CTX_DAG_ID='spotify_dag' AIRFLOW_CTX_TASK_ID='whole_spotify_etl' AIRFLOW_CTX_EXECUTION_DATE='2024-08-21T18:05:00+00:00' AIRFLOW_CTX_TRY_NUMBER='1' AIRFLOW_CTX_DAG_RUN_ID='scheduled__2024-08-21T18:05:00+00:00'
[2024-08-22T16:30:19.780+0000] {logging_mixin.py:190} INFO - Task instance is in running state
[2024-08-22T16:30:19.780+0000] {logging_mixin.py:190} INFO -  Previous state of the Task instance: queued
[2024-08-22T16:30:19.798+0000] {logging_mixin.py:190} INFO - Current task name:whole_spotify_etl state:running start_date:2024-08-22 16:30:18.894361+00:00
[2024-08-22T16:30:19.798+0000] {logging_mixin.py:190} INFO - Dag name:spotify_dag and current dag run status:running
[2024-08-22T16:30:19.799+0000] {taskinstance.py:731} INFO - ::endgroup::
[2024-08-22T16:30:20.874+0000] {logging_mixin.py:190} INFO - Data already exist in the database
[2024-08-22T16:30:20.889+0000] {logging_mixin.py:190} INFO - True
[2024-08-22T16:30:20.890+0000] {python.py:240} INFO - Done. Returned value was: None
[2024-08-22T16:30:21.093+0000] {taskinstance.py:340} INFO - ::group::Post task execution logs
[2024-08-22T16:30:21.094+0000] {taskinstance.py:352} INFO - Marking task as SUCCESS. dag_id=spotify_dag, task_id=whole_spotify_etl, run_id=scheduled__2024-08-21T18:05:00+00:00, execution_date=20240821T180500, start_date=20240822T163018, end_date=20240822T163021
[2024-08-22T16:30:21.302+0000] {logging_mixin.py:190} INFO - Task instance in success state
[2024-08-22T16:30:21.303+0000] {logging_mixin.py:190} INFO -  Previous state of the Task instance: running
[2024-08-22T16:30:21.324+0000] {logging_mixin.py:190} INFO - Dag name:spotify_dag queued_at:2024-08-22 16:30:10.115723+00:00
[2024-08-22T16:30:21.343+0000] {logging_mixin.py:190} INFO - Task hostname:faa894082a18 operator:PythonOperator
[2024-08-22T16:30:21.568+0000] {local_task_job_runner.py:261} INFO - Task exited with return code 0
[2024-08-22T16:30:21.651+0000] {taskinstance.py:3891} INFO - 0 downstream tasks scheduled from follow-on schedule check
[2024-08-22T16:30:21.660+0000] {local_task_job_runner.py:240} INFO - ::endgroup::
