[2024-08-22T16:30:01.209+0000] {local_task_job_runner.py:123} INFO - ::group::Pre task execution logs
[2024-08-22T16:30:01.415+0000] {taskinstance.py:2603} INFO - Dependencies all met for dep_context=non-requeueable deps ti=<TaskInstance: spotify_dag.whole_spotify_etl scheduled__2024-08-21T16:55:00+00:00 [queued]>
[2024-08-22T16:30:01.519+0000] {taskinstance.py:2603} INFO - Dependencies all met for dep_context=requeueable deps ti=<TaskInstance: spotify_dag.whole_spotify_etl scheduled__2024-08-21T16:55:00+00:00 [queued]>
[2024-08-22T16:30:01.519+0000] {taskinstance.py:2856} INFO - Starting attempt 1 of 2
[2024-08-22T16:30:01.645+0000] {taskinstance.py:2879} INFO - Executing <Task(PythonOperator): whole_spotify_etl> on 2024-08-21 16:55:00+00:00
[2024-08-22T16:30:01.739+0000] {warnings.py:112} WARNING - /home/***/.local/lib/python3.12/site-packages/***/task/task_runner/standard_task_runner.py:70: DeprecationWarning: This process (pid=1082) is multi-threaded, use of fork() may lead to deadlocks in the child.
  pid = os.fork()

[2024-08-22T16:30:01.753+0000] {standard_task_runner.py:72} INFO - Started process 1118 to run task
[2024-08-22T16:30:01.749+0000] {standard_task_runner.py:104} INFO - Running: ['***', 'tasks', 'run', 'spotify_dag', 'whole_spotify_etl', 'scheduled__2024-08-21T16:55:00+00:00', '--job-id', '238', '--raw', '--subdir', 'DAGS_FOLDER/spotify_dag.py', '--cfg-path', '/tmp/tmp7l39hvx4']
[2024-08-22T16:30:01.757+0000] {standard_task_runner.py:105} INFO - Job 238: Subtask whole_spotify_etl
[2024-08-22T16:30:02.047+0000] {task_command.py:467} INFO - Running <TaskInstance: spotify_dag.whole_spotify_etl scheduled__2024-08-21T16:55:00+00:00 [running]> on host faa894082a18
[2024-08-22T16:30:02.501+0000] {taskinstance.py:3122} INFO - Exporting env vars: AIRFLOW_CTX_DAG_EMAIL='andresxmaldonado@gmail.com' AIRFLOW_CTX_DAG_OWNER='***' AIRFLOW_CTX_DAG_ID='spotify_dag' AIRFLOW_CTX_TASK_ID='whole_spotify_etl' AIRFLOW_CTX_EXECUTION_DATE='2024-08-21T16:55:00+00:00' AIRFLOW_CTX_TRY_NUMBER='1' AIRFLOW_CTX_DAG_RUN_ID='scheduled__2024-08-21T16:55:00+00:00'
[2024-08-22T16:30:02.503+0000] {logging_mixin.py:190} INFO - Task instance is in running state
[2024-08-22T16:30:02.503+0000] {logging_mixin.py:190} INFO -  Previous state of the Task instance: queued
[2024-08-22T16:30:02.504+0000] {logging_mixin.py:190} INFO - Current task name:whole_spotify_etl state:running start_date:2024-08-22 16:30:01.416389+00:00
[2024-08-22T16:30:02.504+0000] {logging_mixin.py:190} INFO - Dag name:spotify_dag and current dag run status:running
[2024-08-22T16:30:02.511+0000] {taskinstance.py:731} INFO - ::endgroup::
[2024-08-22T16:30:03.433+0000] {logging_mixin.py:190} INFO - Data already exist in the database
[2024-08-22T16:30:03.435+0000] {logging_mixin.py:190} INFO - True
[2024-08-22T16:30:03.435+0000] {python.py:240} INFO - Done. Returned value was: None
[2024-08-22T16:30:03.464+0000] {taskinstance.py:340} INFO - ::group::Post task execution logs
[2024-08-22T16:30:03.465+0000] {taskinstance.py:352} INFO - Marking task as SUCCESS. dag_id=spotify_dag, task_id=whole_spotify_etl, run_id=scheduled__2024-08-21T16:55:00+00:00, execution_date=20240821T165500, start_date=20240822T163001, end_date=20240822T163003
[2024-08-22T16:30:03.485+0000] {logging_mixin.py:190} INFO - Task instance in success state
[2024-08-22T16:30:03.486+0000] {logging_mixin.py:190} INFO -  Previous state of the Task instance: running
[2024-08-22T16:30:03.486+0000] {logging_mixin.py:190} INFO - Dag name:spotify_dag queued_at:2024-08-22 16:29:48.014510+00:00
[2024-08-22T16:30:03.487+0000] {logging_mixin.py:190} INFO - Task hostname:faa894082a18 operator:PythonOperator
[2024-08-22T16:30:03.530+0000] {local_task_job_runner.py:261} INFO - Task exited with return code 0
[2024-08-22T16:30:03.591+0000] {taskinstance.py:3891} INFO - 0 downstream tasks scheduled from follow-on schedule check
[2024-08-22T16:30:03.604+0000] {local_task_job_runner.py:240} INFO - ::endgroup::
