[2024-08-22T16:30:48.121+0000] {local_task_job_runner.py:123} INFO - ::group::Pre task execution logs
[2024-08-22T16:30:48.208+0000] {taskinstance.py:2603} INFO - Dependencies all met for dep_context=non-requeueable deps ti=<TaskInstance: spotify_dag.whole_spotify_etl scheduled__2024-08-21T19:15:00+00:00 [queued]>
[2024-08-22T16:30:48.312+0000] {taskinstance.py:2603} INFO - Dependencies all met for dep_context=requeueable deps ti=<TaskInstance: spotify_dag.whole_spotify_etl scheduled__2024-08-21T19:15:00+00:00 [queued]>
[2024-08-22T16:30:48.313+0000] {taskinstance.py:2856} INFO - Starting attempt 1 of 2
[2024-08-22T16:30:48.596+0000] {taskinstance.py:2879} INFO - Executing <Task(PythonOperator): whole_spotify_etl> on 2024-08-21 19:15:00+00:00
[2024-08-22T16:30:48.713+0000] {standard_task_runner.py:104} INFO - Running: ['***', 'tasks', 'run', 'spotify_dag', 'whole_spotify_etl', 'scheduled__2024-08-21T19:15:00+00:00', '--job-id', '267', '--raw', '--subdir', 'DAGS_FOLDER/spotify_dag.py', '--cfg-path', '/tmp/tmpeh1qz1sm']
[2024-08-22T16:30:48.715+0000] {standard_task_runner.py:105} INFO - Job 267: Subtask whole_spotify_etl
[2024-08-22T16:30:48.722+0000] {warnings.py:112} WARNING - /home/***/.local/lib/python3.12/site-packages/***/task/task_runner/standard_task_runner.py:70: DeprecationWarning: This process (pid=1210) is multi-threaded, use of fork() may lead to deadlocks in the child.
  pid = os.fork()

[2024-08-22T16:30:48.723+0000] {standard_task_runner.py:72} INFO - Started process 1249 to run task
[2024-08-22T16:30:48.991+0000] {task_command.py:467} INFO - Running <TaskInstance: spotify_dag.whole_spotify_etl scheduled__2024-08-21T19:15:00+00:00 [running]> on host faa894082a18
[2024-08-22T16:30:49.975+0000] {taskinstance.py:3122} INFO - Exporting env vars: AIRFLOW_CTX_DAG_EMAIL='andresxmaldonado@gmail.com' AIRFLOW_CTX_DAG_OWNER='***' AIRFLOW_CTX_DAG_ID='spotify_dag' AIRFLOW_CTX_TASK_ID='whole_spotify_etl' AIRFLOW_CTX_EXECUTION_DATE='2024-08-21T19:15:00+00:00' AIRFLOW_CTX_TRY_NUMBER='1' AIRFLOW_CTX_DAG_RUN_ID='scheduled__2024-08-21T19:15:00+00:00'
[2024-08-22T16:30:49.987+0000] {logging_mixin.py:190} INFO - Task instance is in running state
[2024-08-22T16:30:50.007+0000] {logging_mixin.py:190} INFO -  Previous state of the Task instance: queued
[2024-08-22T16:30:50.008+0000] {logging_mixin.py:190} INFO - Current task name:whole_spotify_etl state:running start_date:2024-08-22 16:30:48.209344+00:00
[2024-08-22T16:30:50.008+0000] {logging_mixin.py:190} INFO - Dag name:spotify_dag and current dag run status:running
[2024-08-22T16:30:50.009+0000] {taskinstance.py:731} INFO - ::endgroup::
[2024-08-22T16:30:51.352+0000] {logging_mixin.py:190} INFO - True
[2024-08-22T16:30:51.353+0000] {python.py:240} INFO - Done. Returned value was: None
[2024-08-22T16:30:51.522+0000] {taskinstance.py:340} INFO - ::group::Post task execution logs
[2024-08-22T16:30:51.525+0000] {taskinstance.py:352} INFO - Marking task as SUCCESS. dag_id=spotify_dag, task_id=whole_spotify_etl, run_id=scheduled__2024-08-21T19:15:00+00:00, execution_date=20240821T191500, start_date=20240822T163048, end_date=20240822T163051
[2024-08-22T16:30:51.683+0000] {logging_mixin.py:190} INFO - Task instance in success state
[2024-08-22T16:30:51.684+0000] {logging_mixin.py:190} INFO -  Previous state of the Task instance: running
[2024-08-22T16:30:51.684+0000] {logging_mixin.py:190} INFO - Dag name:spotify_dag queued_at:2024-08-22 16:30:30.536109+00:00
[2024-08-22T16:30:51.684+0000] {logging_mixin.py:190} INFO - Task hostname:faa894082a18 operator:PythonOperator
[2024-08-22T16:30:51.865+0000] {local_task_job_runner.py:261} INFO - Task exited with return code 0
[2024-08-22T16:30:52.060+0000] {taskinstance.py:3891} INFO - 0 downstream tasks scheduled from follow-on schedule check
[2024-08-22T16:30:52.080+0000] {local_task_job_runner.py:240} INFO - ::endgroup::
