[2024-08-22T16:28:16.501+0000] {local_task_job_runner.py:123} INFO - ::group::Pre task execution logs
[2024-08-22T16:28:16.605+0000] {taskinstance.py:2603} INFO - Dependencies all met for dep_context=non-requeueable deps ti=<TaskInstance: spotify_dag.whole_spotify_etl scheduled__2024-08-21T09:50:00+00:00 [queued]>
[2024-08-22T16:28:16.665+0000] {taskinstance.py:2603} INFO - Dependencies all met for dep_context=requeueable deps ti=<TaskInstance: spotify_dag.whole_spotify_etl scheduled__2024-08-21T09:50:00+00:00 [queued]>
[2024-08-22T16:28:16.665+0000] {taskinstance.py:2856} INFO - Starting attempt 1 of 2
[2024-08-22T16:28:16.830+0000] {taskinstance.py:2879} INFO - Executing <Task(PythonOperator): whole_spotify_etl> on 2024-08-21 09:50:00+00:00
[2024-08-22T16:28:16.903+0000] {warnings.py:112} WARNING - /home/***/.local/lib/python3.12/site-packages/***/task/task_runner/standard_task_runner.py:70: DeprecationWarning: This process (pid=740) is multi-threaded, use of fork() may lead to deadlocks in the child.
  pid = os.fork()

[2024-08-22T16:28:16.905+0000] {standard_task_runner.py:72} INFO - Started process 768 to run task
[2024-08-22T16:28:16.909+0000] {standard_task_runner.py:104} INFO - Running: ['***', 'tasks', 'run', 'spotify_dag', 'whole_spotify_etl', 'scheduled__2024-08-21T09:50:00+00:00', '--job-id', '153', '--raw', '--subdir', 'DAGS_FOLDER/spotify_dag.py', '--cfg-path', '/tmp/tmpy9bku3c8']
[2024-08-22T16:28:16.910+0000] {standard_task_runner.py:105} INFO - Job 153: Subtask whole_spotify_etl
[2024-08-22T16:28:17.171+0000] {task_command.py:467} INFO - Running <TaskInstance: spotify_dag.whole_spotify_etl scheduled__2024-08-21T09:50:00+00:00 [running]> on host faa894082a18
[2024-08-22T16:28:17.912+0000] {taskinstance.py:3122} INFO - Exporting env vars: AIRFLOW_CTX_DAG_EMAIL='andresxmaldonado@gmail.com' AIRFLOW_CTX_DAG_OWNER='***' AIRFLOW_CTX_DAG_ID='spotify_dag' AIRFLOW_CTX_TASK_ID='whole_spotify_etl' AIRFLOW_CTX_EXECUTION_DATE='2024-08-21T09:50:00+00:00' AIRFLOW_CTX_TRY_NUMBER='1' AIRFLOW_CTX_DAG_RUN_ID='scheduled__2024-08-21T09:50:00+00:00'
[2024-08-22T16:28:17.914+0000] {logging_mixin.py:190} INFO - Task instance is in running state
[2024-08-22T16:28:17.914+0000] {logging_mixin.py:190} INFO -  Previous state of the Task instance: queued
[2024-08-22T16:28:17.914+0000] {logging_mixin.py:190} INFO - Current task name:whole_spotify_etl state:running start_date:2024-08-22 16:28:16.606978+00:00
[2024-08-22T16:28:17.915+0000] {logging_mixin.py:190} INFO - Dag name:spotify_dag and current dag run status:running
[2024-08-22T16:28:17.915+0000] {taskinstance.py:731} INFO - ::endgroup::
[2024-08-22T16:28:18.945+0000] {logging_mixin.py:190} INFO - Data already exist in the database
[2024-08-22T16:28:18.946+0000] {logging_mixin.py:190} INFO - True
[2024-08-22T16:28:18.947+0000] {python.py:240} INFO - Done. Returned value was: None
[2024-08-22T16:28:18.989+0000] {taskinstance.py:340} INFO - ::group::Post task execution logs
[2024-08-22T16:28:18.989+0000] {taskinstance.py:352} INFO - Marking task as SUCCESS. dag_id=spotify_dag, task_id=whole_spotify_etl, run_id=scheduled__2024-08-21T09:50:00+00:00, execution_date=20240821T095000, start_date=20240822T162816, end_date=20240822T162818
[2024-08-22T16:28:19.068+0000] {logging_mixin.py:190} INFO - Task instance in success state
[2024-08-22T16:28:19.069+0000] {logging_mixin.py:190} INFO -  Previous state of the Task instance: running
[2024-08-22T16:28:19.069+0000] {logging_mixin.py:190} INFO - Dag name:spotify_dag queued_at:2024-08-22 16:28:08.901908+00:00
[2024-08-22T16:28:19.069+0000] {logging_mixin.py:190} INFO - Task hostname:faa894082a18 operator:PythonOperator
[2024-08-22T16:28:19.147+0000] {local_task_job_runner.py:261} INFO - Task exited with return code 0
[2024-08-22T16:28:19.226+0000] {taskinstance.py:3891} INFO - 0 downstream tasks scheduled from follow-on schedule check
[2024-08-22T16:28:19.244+0000] {local_task_job_runner.py:240} INFO - ::endgroup::
