[2024-08-22T04:42:18.964+0000] {processor.py:186} INFO - Started process (PID=28) to work on /opt/airflow/dags/spotify_dag.py
[2024-08-22T04:42:18.965+0000] {processor.py:914} INFO - Processing file /opt/airflow/dags/spotify_dag.py for tasks to queue
[2024-08-22T04:42:18.968+0000] {logging_mixin.py:190} INFO - [2024-08-22T04:42:18.968+0000] {dagbag.py:587} INFO - Filling up the DagBag from /opt/airflow/dags/spotify_dag.py
[2024-08-22T04:42:19.009+0000] {processor.py:925} INFO - DAG(s) 'spotify_dag' retrieved from /opt/airflow/dags/spotify_dag.py
[2024-08-22T04:42:19.762+0000] {logging_mixin.py:190} INFO - [2024-08-22T04:42:19.759+0000] {override.py:1858} INFO - Created Permission View: can delete on DAG:spotify_dag
[2024-08-22T04:42:19.810+0000] {logging_mixin.py:190} INFO - [2024-08-22T04:42:19.810+0000] {override.py:1858} INFO - Created Permission View: can read on DAG:spotify_dag
[2024-08-22T04:42:19.850+0000] {logging_mixin.py:190} INFO - [2024-08-22T04:42:19.846+0000] {override.py:1858} INFO - Created Permission View: can edit on DAG:spotify_dag
[2024-08-22T04:42:19.852+0000] {logging_mixin.py:190} INFO - [2024-08-22T04:42:19.851+0000] {dag.py:3211} INFO - Sync 1 DAGs
[2024-08-22T04:42:19.913+0000] {logging_mixin.py:190} INFO - [2024-08-22T04:42:19.913+0000] {dag.py:3234} INFO - Creating ORM DAG for spotify_dag
[2024-08-22T04:42:19.946+0000] {logging_mixin.py:190} INFO - [2024-08-22T04:42:19.946+0000] {dag.py:4138} INFO - Setting next_dagrun for spotify_dag to 2024-08-21 00:00:00+00:00, run_after=2024-08-21 00:05:00+00:00
[2024-08-22T04:42:20.006+0000] {processor.py:208} INFO - Processing /opt/airflow/dags/spotify_dag.py took 1.053 seconds
[2024-08-22T04:42:50.072+0000] {processor.py:186} INFO - Started process (PID=97) to work on /opt/airflow/dags/spotify_dag.py
[2024-08-22T04:42:50.105+0000] {processor.py:914} INFO - Processing file /opt/airflow/dags/spotify_dag.py for tasks to queue
[2024-08-22T04:42:50.108+0000] {logging_mixin.py:190} INFO - [2024-08-22T04:42:50.108+0000] {dagbag.py:587} INFO - Filling up the DagBag from /opt/airflow/dags/spotify_dag.py
[2024-08-22T04:42:50.120+0000] {processor.py:925} INFO - DAG(s) 'spotify_dag' retrieved from /opt/airflow/dags/spotify_dag.py
[2024-08-22T04:42:50.142+0000] {logging_mixin.py:190} INFO - [2024-08-22T04:42:50.141+0000] {dag.py:3211} INFO - Sync 1 DAGs
[2024-08-22T04:42:50.173+0000] {logging_mixin.py:190} INFO - [2024-08-22T04:42:50.173+0000] {dag.py:4138} INFO - Setting next_dagrun for spotify_dag to 2024-08-21 00:00:00+00:00, run_after=2024-08-21 00:05:00+00:00
[2024-08-22T04:42:50.244+0000] {processor.py:208} INFO - Processing /opt/airflow/dags/spotify_dag.py took 0.182 seconds
[2024-08-22T04:43:21.170+0000] {processor.py:186} INFO - Started process (PID=160) to work on /opt/airflow/dags/spotify_dag.py
[2024-08-22T04:43:21.212+0000] {processor.py:914} INFO - Processing file /opt/airflow/dags/spotify_dag.py for tasks to queue
[2024-08-22T04:43:21.215+0000] {logging_mixin.py:190} INFO - [2024-08-22T04:43:21.215+0000] {dagbag.py:587} INFO - Filling up the DagBag from /opt/airflow/dags/spotify_dag.py
[2024-08-22T04:43:21.227+0000] {processor.py:925} INFO - DAG(s) 'spotify_dag' retrieved from /opt/airflow/dags/spotify_dag.py
[2024-08-22T04:43:21.250+0000] {logging_mixin.py:190} INFO - [2024-08-22T04:43:21.249+0000] {dag.py:3211} INFO - Sync 1 DAGs
[2024-08-22T04:43:21.281+0000] {logging_mixin.py:190} INFO - [2024-08-22T04:43:21.281+0000] {dag.py:4138} INFO - Setting next_dagrun for spotify_dag to 2024-08-21 00:00:00+00:00, run_after=2024-08-21 00:05:00+00:00
[2024-08-22T04:43:21.305+0000] {processor.py:208} INFO - Processing /opt/airflow/dags/spotify_dag.py took 0.144 seconds
[2024-08-22T04:43:51.362+0000] {processor.py:186} INFO - Started process (PID=223) to work on /opt/airflow/dags/spotify_dag.py
[2024-08-22T04:43:51.384+0000] {processor.py:914} INFO - Processing file /opt/airflow/dags/spotify_dag.py for tasks to queue
[2024-08-22T04:43:51.387+0000] {logging_mixin.py:190} INFO - [2024-08-22T04:43:51.386+0000] {dagbag.py:587} INFO - Filling up the DagBag from /opt/airflow/dags/spotify_dag.py
[2024-08-22T04:43:51.397+0000] {processor.py:925} INFO - DAG(s) 'spotify_dag' retrieved from /opt/airflow/dags/spotify_dag.py
[2024-08-22T04:43:51.424+0000] {logging_mixin.py:190} INFO - [2024-08-22T04:43:51.424+0000] {dag.py:3211} INFO - Sync 1 DAGs
[2024-08-22T04:43:51.458+0000] {logging_mixin.py:190} INFO - [2024-08-22T04:43:51.458+0000] {dag.py:4138} INFO - Setting next_dagrun for spotify_dag to 2024-08-21 00:00:00+00:00, run_after=2024-08-21 00:05:00+00:00
[2024-08-22T04:43:51.489+0000] {processor.py:208} INFO - Processing /opt/airflow/dags/spotify_dag.py took 0.135 seconds
[2024-08-22T04:44:21.686+0000] {processor.py:186} INFO - Started process (PID=285) to work on /opt/airflow/dags/spotify_dag.py
[2024-08-22T04:44:21.714+0000] {processor.py:914} INFO - Processing file /opt/airflow/dags/spotify_dag.py for tasks to queue
[2024-08-22T04:44:21.717+0000] {logging_mixin.py:190} INFO - [2024-08-22T04:44:21.717+0000] {dagbag.py:587} INFO - Filling up the DagBag from /opt/airflow/dags/spotify_dag.py
[2024-08-22T04:44:21.726+0000] {processor.py:925} INFO - DAG(s) 'spotify_dag' retrieved from /opt/airflow/dags/spotify_dag.py
[2024-08-22T04:44:21.756+0000] {logging_mixin.py:190} INFO - [2024-08-22T04:44:21.755+0000] {dag.py:3211} INFO - Sync 1 DAGs
[2024-08-22T04:44:21.785+0000] {logging_mixin.py:190} INFO - [2024-08-22T04:44:21.785+0000] {dag.py:4138} INFO - Setting next_dagrun for spotify_dag to 2024-08-21 00:00:00+00:00, run_after=2024-08-21 00:05:00+00:00
[2024-08-22T04:44:21.810+0000] {processor.py:208} INFO - Processing /opt/airflow/dags/spotify_dag.py took 0.130 seconds
[2024-08-22T04:44:52.277+0000] {processor.py:186} INFO - Started process (PID=348) to work on /opt/airflow/dags/spotify_dag.py
[2024-08-22T04:44:52.278+0000] {processor.py:914} INFO - Processing file /opt/airflow/dags/spotify_dag.py for tasks to queue
[2024-08-22T04:44:52.280+0000] {logging_mixin.py:190} INFO - [2024-08-22T04:44:52.280+0000] {dagbag.py:587} INFO - Filling up the DagBag from /opt/airflow/dags/spotify_dag.py
[2024-08-22T04:44:52.288+0000] {processor.py:925} INFO - DAG(s) 'spotify_dag' retrieved from /opt/airflow/dags/spotify_dag.py
[2024-08-22T04:44:52.314+0000] {logging_mixin.py:190} INFO - [2024-08-22T04:44:52.314+0000] {dag.py:3211} INFO - Sync 1 DAGs
[2024-08-22T04:44:52.342+0000] {logging_mixin.py:190} INFO - [2024-08-22T04:44:52.342+0000] {dag.py:4138} INFO - Setting next_dagrun for spotify_dag to 2024-08-21 00:00:00+00:00, run_after=2024-08-21 00:05:00+00:00
[2024-08-22T04:44:52.382+0000] {processor.py:208} INFO - Processing /opt/airflow/dags/spotify_dag.py took 0.112 seconds
[2024-08-22T04:45:23.025+0000] {processor.py:186} INFO - Started process (PID=411) to work on /opt/airflow/dags/spotify_dag.py
[2024-08-22T04:45:23.062+0000] {processor.py:914} INFO - Processing file /opt/airflow/dags/spotify_dag.py for tasks to queue
[2024-08-22T04:45:23.066+0000] {logging_mixin.py:190} INFO - [2024-08-22T04:45:23.066+0000] {dagbag.py:587} INFO - Filling up the DagBag from /opt/airflow/dags/spotify_dag.py
[2024-08-22T04:45:23.078+0000] {processor.py:925} INFO - DAG(s) 'spotify_dag' retrieved from /opt/airflow/dags/spotify_dag.py
[2024-08-22T04:45:23.103+0000] {logging_mixin.py:190} INFO - [2024-08-22T04:45:23.102+0000] {dag.py:3211} INFO - Sync 1 DAGs
[2024-08-22T04:45:23.133+0000] {logging_mixin.py:190} INFO - [2024-08-22T04:45:23.133+0000] {dag.py:4138} INFO - Setting next_dagrun for spotify_dag to 2024-08-21 00:00:00+00:00, run_after=2024-08-21 00:05:00+00:00
[2024-08-22T04:45:23.165+0000] {processor.py:208} INFO - Processing /opt/airflow/dags/spotify_dag.py took 0.146 seconds
[2024-08-22T04:45:53.247+0000] {processor.py:186} INFO - Started process (PID=473) to work on /opt/airflow/dags/spotify_dag.py
[2024-08-22T04:45:53.248+0000] {processor.py:914} INFO - Processing file /opt/airflow/dags/spotify_dag.py for tasks to queue
[2024-08-22T04:45:53.258+0000] {logging_mixin.py:190} INFO - [2024-08-22T04:45:53.258+0000] {dagbag.py:587} INFO - Filling up the DagBag from /opt/airflow/dags/spotify_dag.py
[2024-08-22T04:45:53.277+0000] {processor.py:925} INFO - DAG(s) 'spotify_dag' retrieved from /opt/airflow/dags/spotify_dag.py
[2024-08-22T04:45:53.327+0000] {logging_mixin.py:190} INFO - [2024-08-22T04:45:53.327+0000] {dag.py:3211} INFO - Sync 1 DAGs
[2024-08-22T04:45:53.399+0000] {processor.py:208} INFO - Processing /opt/airflow/dags/spotify_dag.py took 0.159 seconds
[2024-08-22T04:46:24.379+0000] {processor.py:186} INFO - Started process (PID=536) to work on /opt/airflow/dags/spotify_dag.py
[2024-08-22T04:46:24.381+0000] {processor.py:914} INFO - Processing file /opt/airflow/dags/spotify_dag.py for tasks to queue
[2024-08-22T04:46:24.387+0000] {logging_mixin.py:190} INFO - [2024-08-22T04:46:24.386+0000] {dagbag.py:587} INFO - Filling up the DagBag from /opt/airflow/dags/spotify_dag.py
[2024-08-22T04:46:24.400+0000] {processor.py:925} INFO - DAG(s) 'spotify_dag' retrieved from /opt/airflow/dags/spotify_dag.py
[2024-08-22T04:46:24.442+0000] {logging_mixin.py:190} INFO - [2024-08-22T04:46:24.442+0000] {dag.py:3211} INFO - Sync 1 DAGs
[2024-08-22T04:46:24.518+0000] {processor.py:208} INFO - Processing /opt/airflow/dags/spotify_dag.py took 0.150 seconds
[2024-08-22T04:46:54.737+0000] {processor.py:186} INFO - Started process (PID=614) to work on /opt/airflow/dags/spotify_dag.py
[2024-08-22T04:46:54.738+0000] {processor.py:914} INFO - Processing file /opt/airflow/dags/spotify_dag.py for tasks to queue
[2024-08-22T04:46:54.744+0000] {logging_mixin.py:190} INFO - [2024-08-22T04:46:54.744+0000] {dagbag.py:587} INFO - Filling up the DagBag from /opt/airflow/dags/spotify_dag.py
[2024-08-22T04:46:54.760+0000] {processor.py:925} INFO - DAG(s) 'spotify_dag' retrieved from /opt/airflow/dags/spotify_dag.py
[2024-08-22T04:46:54.801+0000] {logging_mixin.py:190} INFO - [2024-08-22T04:46:54.800+0000] {dag.py:3211} INFO - Sync 1 DAGs
[2024-08-22T04:46:54.901+0000] {processor.py:208} INFO - Processing /opt/airflow/dags/spotify_dag.py took 0.172 seconds
[2024-08-22T04:47:25.905+0000] {processor.py:186} INFO - Started process (PID=677) to work on /opt/airflow/dags/spotify_dag.py
[2024-08-22T04:47:25.907+0000] {processor.py:914} INFO - Processing file /opt/airflow/dags/spotify_dag.py for tasks to queue
[2024-08-22T04:47:25.911+0000] {logging_mixin.py:190} INFO - [2024-08-22T04:47:25.911+0000] {dagbag.py:587} INFO - Filling up the DagBag from /opt/airflow/dags/spotify_dag.py
[2024-08-22T04:47:25.929+0000] {processor.py:925} INFO - DAG(s) 'spotify_dag' retrieved from /opt/airflow/dags/spotify_dag.py
[2024-08-22T04:47:25.972+0000] {logging_mixin.py:190} INFO - [2024-08-22T04:47:25.972+0000] {dag.py:3211} INFO - Sync 1 DAGs
[2024-08-22T04:47:26.054+0000] {processor.py:208} INFO - Processing /opt/airflow/dags/spotify_dag.py took 0.159 seconds
[2024-08-22T04:47:57.029+0000] {processor.py:186} INFO - Started process (PID=740) to work on /opt/airflow/dags/spotify_dag.py
[2024-08-22T04:47:57.034+0000] {processor.py:914} INFO - Processing file /opt/airflow/dags/spotify_dag.py for tasks to queue
[2024-08-22T04:47:57.037+0000] {logging_mixin.py:190} INFO - [2024-08-22T04:47:57.037+0000] {dagbag.py:587} INFO - Filling up the DagBag from /opt/airflow/dags/spotify_dag.py
[2024-08-22T04:47:57.045+0000] {processor.py:925} INFO - DAG(s) 'spotify_dag' retrieved from /opt/airflow/dags/spotify_dag.py
[2024-08-22T04:47:57.068+0000] {logging_mixin.py:190} INFO - [2024-08-22T04:47:57.067+0000] {dag.py:3211} INFO - Sync 1 DAGs
[2024-08-22T04:47:57.125+0000] {processor.py:208} INFO - Processing /opt/airflow/dags/spotify_dag.py took 0.104 seconds
[2024-08-22T04:48:28.037+0000] {processor.py:186} INFO - Started process (PID=803) to work on /opt/airflow/dags/spotify_dag.py
[2024-08-22T04:48:28.044+0000] {processor.py:914} INFO - Processing file /opt/airflow/dags/spotify_dag.py for tasks to queue
[2024-08-22T04:48:28.047+0000] {logging_mixin.py:190} INFO - [2024-08-22T04:48:28.047+0000] {dagbag.py:587} INFO - Filling up the DagBag from /opt/airflow/dags/spotify_dag.py
[2024-08-22T04:48:28.055+0000] {processor.py:925} INFO - DAG(s) 'spotify_dag' retrieved from /opt/airflow/dags/spotify_dag.py
[2024-08-22T04:48:28.078+0000] {logging_mixin.py:190} INFO - [2024-08-22T04:48:28.078+0000] {dag.py:3211} INFO - Sync 1 DAGs
[2024-08-22T04:48:28.135+0000] {processor.py:208} INFO - Processing /opt/airflow/dags/spotify_dag.py took 0.106 seconds
[2024-08-22T04:48:58.237+0000] {processor.py:186} INFO - Started process (PID=866) to work on /opt/airflow/dags/spotify_dag.py
[2024-08-22T04:48:58.237+0000] {processor.py:914} INFO - Processing file /opt/airflow/dags/spotify_dag.py for tasks to queue
[2024-08-22T04:48:58.240+0000] {logging_mixin.py:190} INFO - [2024-08-22T04:48:58.239+0000] {dagbag.py:587} INFO - Filling up the DagBag from /opt/airflow/dags/spotify_dag.py
[2024-08-22T04:48:58.249+0000] {processor.py:925} INFO - DAG(s) 'spotify_dag' retrieved from /opt/airflow/dags/spotify_dag.py
[2024-08-22T04:48:58.271+0000] {logging_mixin.py:190} INFO - [2024-08-22T04:48:58.271+0000] {dag.py:3211} INFO - Sync 1 DAGs
[2024-08-22T04:48:58.361+0000] {processor.py:208} INFO - Processing /opt/airflow/dags/spotify_dag.py took 0.131 seconds
